<!DOCTYPE html>
<html>
  <head>
    <meta charset="utf-8"/>
    <title id="head-title">fulltestReport.html</title>
      <link href="assets\style.css" rel="stylesheet" type="text/css"/>
  </head>
  <body>
    <h1 id="title">fulltestReport.html</h1>
    <p>Report generated on 05-Jun-2025 at 10:52:07 by <a href="https://pypi.python.org/pypi/pytest-html">pytest-html</a>
        v4.1.1</p>
    <div id="environment-header">
      <h2>Environment</h2>
    </div>
    <table id="environment"></table>
    <!-- TEMPLATES -->
      <template id="template_environment_row">
      <tr>
        <td></td>
        <td></td>
      </tr>
    </template>
    <template id="template_results-table__body--empty">
      <tbody class="results-table-row">
        <tr id="not-found-message">
          <td colspan="4">No results found. Check the filters.</th>
        </tr>
    </template>
    <template id="template_results-table__tbody">
      <tbody class="results-table-row">
        <tr class="collapsible">
        </tr>
        <tr class="extras-row">
          <td class="extra" colspan="4">
            <div class="extraHTML"></div>
            <div class="media">
              <div class="media-container">
                  <div class="media-container__nav--left"><</div>
                  <div class="media-container__viewport">
                    <img src="" />
                    <video controls>
                      <source src="" type="video/mp4">
                    </video>
                  </div>
                  <div class="media-container__nav--right">></div>
                </div>
                <div class="media__name"></div>
                <div class="media__counter"></div>
            </div>
            <div class="logwrapper">
              <div class="logexpander"></div>
              <div class="log"></div>
            </div>
          </td>
        </tr>
      </tbody>
    </template>
    <!-- END TEMPLATES -->
    <div class="summary">
      <div class="summary__data">
        <h2>Summary</h2>
        <div class="additional-summary prefix">
        </div>
        <p class="run-count">38 tests took 00:16:28.</p>
        <p class="filter">(Un)check the boxes to filter the results.</p>
        <div class="summary__reload">
          <div class="summary__reload__button hidden" onclick="location.reload()">
            <div>There are still tests running. <br />Reload this page to get the latest results!</div>
          </div>
        </div>
        <div class="summary__spacer"></div>
        <div class="controls">
          <div class="filters">
            <input checked="true" class="filter" name="filter_checkbox" type="checkbox" data-test-result="failed" />
            <span class="failed">13 Failed,</span>
            <input checked="true" class="filter" name="filter_checkbox" type="checkbox" data-test-result="passed" />
            <span class="passed">25 Passed,</span>
            <input checked="true" class="filter" name="filter_checkbox" type="checkbox" data-test-result="skipped" />
            <span class="skipped">1 Skipped,</span>
            <input checked="true" class="filter" name="filter_checkbox" type="checkbox" data-test-result="xfailed" disabled/>
            <span class="xfailed">0 Expected failures,</span>
            <input checked="true" class="filter" name="filter_checkbox" type="checkbox" data-test-result="xpassed" disabled/>
            <span class="xpassed">0 Unexpected passes,</span>
            <input checked="true" class="filter" name="filter_checkbox" type="checkbox" data-test-result="error" />
            <span class="error">1 Errors,</span>
            <input checked="true" class="filter" name="filter_checkbox" type="checkbox" data-test-result="rerun" disabled/>
            <span class="rerun">0 Reruns</span>
          </div>
          <div class="collapse">
            <button id="show_all_details">Show all details</button>&nbsp;/&nbsp;<button id="hide_all_details">Hide all details</button>
          </div>
        </div>
      </div>
      <div class="additional-summary summary">
      </div>
      <div class="additional-summary postfix">
      </div>
    </div>
    <table id="results-table">
      <thead id="results-table-head">
        <tr>
          <th class="sortable" data-column-type="result">Result</th>
          <th class="sortable" data-column-type="testId">Test</th>
          <th class="sortable" data-column-type="duration">Duration</th>
          <th>Links</th>
        </tr>
      </thead>
    </table>
  </body>
  <footer>
    <div id="data-container" data-jsonblob="{&#34;environment&#34;: {&#34;Python&#34;: &#34;3.13.3&#34;, &#34;Platform&#34;: &#34;Windows-11-10.0.26100-SP0&#34;, &#34;Packages&#34;: {&#34;pytest&#34;: &#34;8.3.5&#34;, &#34;pluggy&#34;: &#34;1.5.0&#34;}, &#34;Plugins&#34;: {&#34;anyio&#34;: &#34;4.9.0&#34;, &#34;langsmith&#34;: &#34;0.3.42&#34;, &#34;dependency&#34;: &#34;0.6.0&#34;, &#34;html&#34;: &#34;4.1.1&#34;, &#34;metadata&#34;: &#34;3.1.1&#34;, &#34;order&#34;: &#34;1.3.0&#34;, &#34;xdist&#34;: &#34;3.6.1&#34;}, &#34;JAVA_HOME&#34;: &#34;C:\\Program Files\\Java\\jdk-21&#34;}, &#34;tests&#34;: {&#34;Tests/Test_ElementsPage.py::Test_ElementsPage::test_click_text_box[chrome]&#34;: [{&#34;extras&#34;: [], &#34;result&#34;: &#34;Passed&#34;, &#34;testId&#34;: &#34;Tests/Test_ElementsPage.py::Test_ElementsPage::test_click_text_box[chrome]&#34;, &#34;duration&#34;: &#34;00:00:10&#34;, &#34;resultsTableRow&#34;: [&#34;&lt;td class=\&#34;col-result\&#34;&gt;Passed&lt;/td&gt;&#34;, &#34;&lt;td class=\&#34;col-testId\&#34;&gt;Tests/Test_ElementsPage.py::Test_ElementsPage::test_click_text_box[chrome]&lt;/td&gt;&#34;, &#34;&lt;td class=\&#34;col-duration\&#34;&gt;00:00:10&lt;/td&gt;&#34;, &#34;&lt;td class=\&#34;col-links\&#34;&gt;&lt;/td&gt;&#34;], &#34;log&#34;: &#34;[gw1] win32 -- Python 3.13.3 C:\\Users\\amigo\\AppData\\Local\\Programs\\Python\\Python313\\python.exe\n\n------------------------------ Captured log setup ------------------------------\nCRITICAL root:file_manager.py:97 File not found : &amp;lt;method-wrapper &amp;#x27;__str__&amp;#x27; of FileNotFoundError object at 0x000001FBF3BFEEF0&amp;gt;\n&#34;}], &#34;Tests/Test_ElementsPage.py::Test_ElementsPage::test_check_box_forms[chrome]&#34;: [{&#34;extras&#34;: [], &#34;result&#34;: &#34;Passed&#34;, &#34;testId&#34;: &#34;Tests/Test_ElementsPage.py::Test_ElementsPage::test_check_box_forms[chrome]&#34;, &#34;duration&#34;: &#34;00:00:10&#34;, &#34;resultsTableRow&#34;: [&#34;&lt;td class=\&#34;col-result\&#34;&gt;Passed&lt;/td&gt;&#34;, &#34;&lt;td class=\&#34;col-testId\&#34;&gt;Tests/Test_ElementsPage.py::Test_ElementsPage::test_check_box_forms[chrome]&lt;/td&gt;&#34;, &#34;&lt;td class=\&#34;col-duration\&#34;&gt;00:00:10&lt;/td&gt;&#34;, &#34;&lt;td class=\&#34;col-links\&#34;&gt;&lt;/td&gt;&#34;], &#34;log&#34;: &#34;[gw2] win32 -- Python 3.13.3 C:\\Users\\amigo\\AppData\\Local\\Programs\\Python\\Python313\\python.exe\n\n------------------------------ Captured log setup ------------------------------\nCRITICAL root:file_manager.py:97 File not found : &amp;lt;method-wrapper &amp;#x27;__str__&amp;#x27; of FileNotFoundError object at 0x0000025A7245EEF0&amp;gt;\n&#34;}], &#34;Tests/Test_ElementsPage.py::Test_ElementsPage::test_elementstitle[chrome]&#34;: [{&#34;extras&#34;: [], &#34;result&#34;: &#34;Passed&#34;, &#34;testId&#34;: &#34;Tests/Test_ElementsPage.py::Test_ElementsPage::test_elementstitle[chrome]&#34;, &#34;duration&#34;: &#34;00:00:10&#34;, &#34;resultsTableRow&#34;: [&#34;&lt;td class=\&#34;col-result\&#34;&gt;Passed&lt;/td&gt;&#34;, &#34;&lt;td class=\&#34;col-testId\&#34;&gt;Tests/Test_ElementsPage.py::Test_ElementsPage::test_elementstitle[chrome]&lt;/td&gt;&#34;, &#34;&lt;td class=\&#34;col-duration\&#34;&gt;00:00:10&lt;/td&gt;&#34;, &#34;&lt;td class=\&#34;col-links\&#34;&gt;&lt;/td&gt;&#34;], &#34;log&#34;: &#34;[gw0] win32 -- Python 3.13.3 C:\\Users\\amigo\\AppData\\Local\\Programs\\Python\\Python313\\python.exe\n\n------------------------------ Captured log setup ------------------------------\nCRITICAL root:file_manager.py:97 File not found : &amp;lt;method-wrapper &amp;#x27;__str__&amp;#x27; of FileNotFoundError object at 0x000001478C37EEF0&amp;gt;\n&#34;}], &#34;Tests/Test_MainPage.py::Test_Main_Page::test_welcometitle[chrome]&#34;: [{&#34;extras&#34;: [], &#34;result&#34;: &#34;Passed&#34;, &#34;testId&#34;: &#34;Tests/Test_MainPage.py::Test_Main_Page::test_welcometitle[chrome]&#34;, &#34;duration&#34;: &#34;00:00:10&#34;, &#34;resultsTableRow&#34;: [&#34;&lt;td class=\&#34;col-result\&#34;&gt;Passed&lt;/td&gt;&#34;, &#34;&lt;td class=\&#34;col-testId\&#34;&gt;Tests/Test_MainPage.py::Test_Main_Page::test_welcometitle[chrome]&lt;/td&gt;&#34;, &#34;&lt;td class=\&#34;col-duration\&#34;&gt;00:00:10&lt;/td&gt;&#34;, &#34;&lt;td class=\&#34;col-links\&#34;&gt;&lt;/td&gt;&#34;], &#34;log&#34;: &#34;[gw3] win32 -- Python 3.13.3 C:\\Users\\amigo\\AppData\\Local\\Programs\\Python\\Python313\\python.exe\n\n------------------------------ Captured log setup ------------------------------\nCRITICAL root:file_manager.py:97 File not found : &amp;lt;method-wrapper &amp;#x27;__str__&amp;#x27; of FileNotFoundError object at 0x000002317B48EEF0&amp;gt;\n&#34;}], &#34;Tests/Test_MainPage.py::Test_Main_Page::test_menu_list[chrome]&#34;: [{&#34;extras&#34;: [], &#34;result&#34;: &#34;Passed&#34;, &#34;testId&#34;: &#34;Tests/Test_MainPage.py::Test_Main_Page::test_menu_list[chrome]&#34;, &#34;duration&#34;: &#34;686 ms&#34;, &#34;resultsTableRow&#34;: [&#34;&lt;td class=\&#34;col-result\&#34;&gt;Passed&lt;/td&gt;&#34;, &#34;&lt;td class=\&#34;col-testId\&#34;&gt;Tests/Test_MainPage.py::Test_Main_Page::test_menu_list[chrome]&lt;/td&gt;&#34;, &#34;&lt;td class=\&#34;col-duration\&#34;&gt;686 ms&lt;/td&gt;&#34;, &#34;&lt;td class=\&#34;col-links\&#34;&gt;&lt;/td&gt;&#34;], &#34;log&#34;: &#34;[gw3] win32 -- Python 3.13.3 C:\\Users\\amigo\\AppData\\Local\\Programs\\Python\\Python313\\python.exe\n&#34;}], &#34;Tests/Test_ElementsPage.py::Test_ElementsPage::test_elementsmenu_count[chrome]&#34;: [{&#34;extras&#34;: [], &#34;result&#34;: &#34;Passed&#34;, &#34;testId&#34;: &#34;Tests/Test_ElementsPage.py::Test_ElementsPage::test_elementsmenu_count[chrome]&#34;, &#34;duration&#34;: &#34;843 ms&#34;, &#34;resultsTableRow&#34;: [&#34;&lt;td class=\&#34;col-result\&#34;&gt;Passed&lt;/td&gt;&#34;, &#34;&lt;td class=\&#34;col-testId\&#34;&gt;Tests/Test_ElementsPage.py::Test_ElementsPage::test_elementsmenu_count[chrome]&lt;/td&gt;&#34;, &#34;&lt;td class=\&#34;col-duration\&#34;&gt;843 ms&lt;/td&gt;&#34;, &#34;&lt;td class=\&#34;col-links\&#34;&gt;&lt;/td&gt;&#34;], &#34;log&#34;: &#34;[gw0] win32 -- Python 3.13.3 C:\\Users\\amigo\\AppData\\Local\\Programs\\Python\\Python313\\python.exe\n&#34;}], &#34;Tests/Test_ElementsPage.py::Test_ElementsPage::test_home_checked[chrome]&#34;: [{&#34;extras&#34;: [], &#34;result&#34;: &#34;Failed&#34;, &#34;testId&#34;: &#34;Tests/Test_ElementsPage.py::Test_ElementsPage::test_home_checked[chrome]&#34;, &#34;duration&#34;: &#34;00:00:01&#34;, &#34;resultsTableRow&#34;: [&#34;&lt;td class=\&#34;col-result\&#34;&gt;Failed&lt;/td&gt;&#34;, &#34;&lt;td class=\&#34;col-testId\&#34;&gt;Tests/Test_ElementsPage.py::Test_ElementsPage::test_home_checked[chrome]&lt;/td&gt;&#34;, &#34;&lt;td class=\&#34;col-duration\&#34;&gt;00:00:01&lt;/td&gt;&#34;, &#34;&lt;td class=\&#34;col-links\&#34;&gt;&lt;/td&gt;&#34;], &#34;log&#34;: &#34;[gw2] win32 -- Python 3.13.3 C:\\Users\\amigo\\AppData\\Local\\Programs\\Python\\Python313\\python.exe\n\nself = &amp;lt;Test_ElementsPage.Test_ElementsPage object at 0x0000025A7246A030&amp;gt;\ndriver_Setup = &amp;lt;selenium.webdriver.chrome.webdriver.WebDriver (session=&amp;quot;2516b40fce00a01f8a671abdf5a5e107&amp;quot;)&amp;gt;\n\n    @pytest.mark.check\n    def test_home_checked(self,driver_Setup):\n        &amp;quot;&amp;quot;&amp;quot;Test check box form for Text box fields&amp;quot;&amp;quot;&amp;quot;\n        driver = driver_Setup\n        driver.get(TestData.url)\n        mainp = MainPage(driver)\n        elements_page = ElementsPage(driver)\n        checkBoxPage= CheckBoxPage(driver)\n        mainp.click_elements_page()\n        elements_page.click_check_box_text()\n        checkBoxPage.click_expand_all()\n        checkBoxPage.click_check_box_home()\n&amp;gt;       assert checkBoxPage.home_is_checked() is True\nE       AssertionError: assert ([&amp;#x27;tree-node-home&amp;#x27;, &amp;#x27;tree-node-desktop&amp;#x27;, &amp;#x27;tree-node-notes&amp;#x27;, &amp;#x27;tree-node-commands&amp;#x27;, &amp;#x27;tree-node-documents&amp;#x27;, &amp;#x27;tree-node-workspace&amp;#x27;, ...], []) is True\nE        +  where ([&amp;#x27;tree-node-home&amp;#x27;, &amp;#x27;tree-node-desktop&amp;#x27;, &amp;#x27;tree-node-notes&amp;#x27;, &amp;#x27;tree-node-commands&amp;#x27;, &amp;#x27;tree-node-documents&amp;#x27;, &amp;#x27;tree-node-workspace&amp;#x27;, ...], []) = home_is_checked()\nE        +    where home_is_checked = &amp;lt;Pages.CheckBoxPage.CheckBoxPage object at 0x0000025A7249DA90&amp;gt;.home_is_checked\n\nTests\\Test_ElementsPage.py:87: AssertionError\n&#34;}], &#34;Tests/Test_ElementsPage.py::Test_ElementsPage::test_text_box_form[chrome]&#34;: [{&#34;extras&#34;: [], &#34;result&#34;: &#34;Failed&#34;, &#34;testId&#34;: &#34;Tests/Test_ElementsPage.py::Test_ElementsPage::test_text_box_form[chrome]&#34;, &#34;duration&#34;: &#34;00:00:02&#34;, &#34;resultsTableRow&#34;: [&#34;&lt;td class=\&#34;col-result\&#34;&gt;Failed&lt;/td&gt;&#34;, &#34;&lt;td class=\&#34;col-testId\&#34;&gt;Tests/Test_ElementsPage.py::Test_ElementsPage::test_text_box_form[chrome]&lt;/td&gt;&#34;, &#34;&lt;td class=\&#34;col-duration\&#34;&gt;00:00:02&lt;/td&gt;&#34;, &#34;&lt;td class=\&#34;col-links\&#34;&gt;&lt;/td&gt;&#34;], &#34;log&#34;: &#34;[gw1] win32 -- Python 3.13.3 C:\\Users\\amigo\\AppData\\Local\\Programs\\Python\\Python313\\python.exe\n\nself = &amp;lt;Test_ElementsPage.Test_ElementsPage object at 0x000001FBF3B8EB10&amp;gt;\ndriver_Setup = &amp;lt;selenium.webdriver.chrome.webdriver.WebDriver (session=&amp;quot;a78347822077c62e3aac8410c5809e25&amp;quot;)&amp;gt;\n\n    @pytest.mark.TextBoxArea\n    def test_text_box_form(self,driver_Setup):\n        &amp;quot;&amp;quot;&amp;quot;Test text box form for Text box fields&amp;quot;&amp;quot;&amp;quot;\n        driver = driver_Setup\n        driver.get(TestData.url)\n        mainp = MainPage(driver)\n        elements_page = ElementsPage(driver)\n        mainp.click_elements_page()\n        elements_page.click_text_box()\n        elements_page.type_full_name(TestData.full_name)\n        elements_page.type_email(TestData.email)\n        elements_page.type_current_address(TestData.current_address)\n        elements_page.type_permanent_address(TestData.Permanent_address)\n        elements_page.click_submit_form()\n&amp;gt;       assert TestData.full_name == elements_page.get_submitted_name().text\nE       AssertionError: assert &amp;#x27;USB Test Sr Manual&amp;#x27; == &amp;#x27;Name:USB Test Sr Manual&amp;#x27;\nE         \nE         - Name:USB Test Sr Manual\nE         ? -----\nE         + USB Test Sr Manual\n\nTests\\Test_ElementsPage.py:59: AssertionError\n&#34;}], &#34;Tests/Test_checkbox.py::Test_CheckBoxPage::test_documents_menu_present[chrome]&#34;: [{&#34;extras&#34;: [], &#34;result&#34;: &#34;Passed&#34;, &#34;testId&#34;: &#34;Tests/Test_checkbox.py::Test_CheckBoxPage::test_documents_menu_present[chrome]&#34;, &#34;duration&#34;: &#34;00:00:06&#34;, &#34;resultsTableRow&#34;: [&#34;&lt;td class=\&#34;col-result\&#34;&gt;Passed&lt;/td&gt;&#34;, &#34;&lt;td class=\&#34;col-testId\&#34;&gt;Tests/Test_checkbox.py::Test_CheckBoxPage::test_documents_menu_present[chrome]&lt;/td&gt;&#34;, &#34;&lt;td class=\&#34;col-duration\&#34;&gt;00:00:06&lt;/td&gt;&#34;, &#34;&lt;td class=\&#34;col-links\&#34;&gt;&lt;/td&gt;&#34;], &#34;log&#34;: &#34;[gw3] win32 -- Python 3.13.3 C:\\Users\\amigo\\AppData\\Local\\Programs\\Python\\Python313\\python.exe\n\n------------------------------ Captured log setup ------------------------------\nCRITICAL root:file_manager.py:97 File not found : &amp;lt;method-wrapper &amp;#x27;__str__&amp;#x27; of FileNotFoundError object at 0x000002317C711BD0&amp;gt;\n&#34;}], &#34;Tests/Test_book_store_login.py::Test_book_store_login::test_book_list[chrome]&#34;: [{&#34;extras&#34;: [], &#34;result&#34;: &#34;Passed&#34;, &#34;testId&#34;: &#34;Tests/Test_book_store_login.py::Test_book_store_login::test_book_list[chrome]&#34;, &#34;duration&#34;: &#34;00:00:06&#34;, &#34;resultsTableRow&#34;: [&#34;&lt;td class=\&#34;col-result\&#34;&gt;Passed&lt;/td&gt;&#34;, &#34;&lt;td class=\&#34;col-testId\&#34;&gt;Tests/Test_book_store_login.py::Test_book_store_login::test_book_list[chrome]&lt;/td&gt;&#34;, &#34;&lt;td class=\&#34;col-duration\&#34;&gt;00:00:06&lt;/td&gt;&#34;, &#34;&lt;td class=\&#34;col-links\&#34;&gt;&lt;/td&gt;&#34;], &#34;log&#34;: &#34;[gw2] win32 -- Python 3.13.3 C:\\Users\\amigo\\AppData\\Local\\Programs\\Python\\Python313\\python.exe\n\n------------------------------ Captured log setup ------------------------------\nCRITICAL root:file_manager.py:97 File not found : &amp;lt;method-wrapper &amp;#x27;__str__&amp;#x27; of FileNotFoundError object at 0x0000025A7255B370&amp;gt;\n&#34;}], &#34;Tests/Test_book_store_login.py::Test_book_store_login::test_invalid_login[chrome]&#34;: [{&#34;extras&#34;: [], &#34;result&#34;: &#34;Passed&#34;, &#34;testId&#34;: &#34;Tests/Test_book_store_login.py::Test_book_store_login::test_invalid_login[chrome]&#34;, &#34;duration&#34;: &#34;00:00:07&#34;, &#34;resultsTableRow&#34;: [&#34;&lt;td class=\&#34;col-result\&#34;&gt;Passed&lt;/td&gt;&#34;, &#34;&lt;td class=\&#34;col-testId\&#34;&gt;Tests/Test_book_store_login.py::Test_book_store_login::test_invalid_login[chrome]&lt;/td&gt;&#34;, &#34;&lt;td class=\&#34;col-duration\&#34;&gt;00:00:07&lt;/td&gt;&#34;, &#34;&lt;td class=\&#34;col-links\&#34;&gt;&lt;/td&gt;&#34;], &#34;log&#34;: &#34;[gw1] win32 -- Python 3.13.3 C:\\Users\\amigo\\AppData\\Local\\Programs\\Python\\Python313\\python.exe\n\n------------------------------ Captured log setup ------------------------------\nCRITICAL root:file_manager.py:97 File not found : &amp;lt;method-wrapper &amp;#x27;__str__&amp;#x27; of FileNotFoundError object at 0x000001FBF3D17760&amp;gt;\n&#34;}], &#34;Tests/Test_checkbox.py::Test_CheckBoxPage::test_checkboxtitle[chrome]&#34;: [{&#34;extras&#34;: [], &#34;result&#34;: &#34;Passed&#34;, &#34;testId&#34;: &#34;Tests/Test_checkbox.py::Test_CheckBoxPage::test_checkboxtitle[chrome]&#34;, &#34;duration&#34;: &#34;00:00:09&#34;, &#34;resultsTableRow&#34;: [&#34;&lt;td class=\&#34;col-result\&#34;&gt;Passed&lt;/td&gt;&#34;, &#34;&lt;td class=\&#34;col-testId\&#34;&gt;Tests/Test_checkbox.py::Test_CheckBoxPage::test_checkboxtitle[chrome]&lt;/td&gt;&#34;, &#34;&lt;td class=\&#34;col-duration\&#34;&gt;00:00:09&lt;/td&gt;&#34;, &#34;&lt;td class=\&#34;col-links\&#34;&gt;&lt;/td&gt;&#34;], &#34;log&#34;: &#34;[gw0] win32 -- Python 3.13.3 C:\\Users\\amigo\\AppData\\Local\\Programs\\Python\\Python313\\python.exe\n\n------------------------------ Captured log setup ------------------------------\nCRITICAL root:file_manager.py:97 File not found : &amp;lt;method-wrapper &amp;#x27;__str__&amp;#x27; of FileNotFoundError object at 0x000001478D61E170&amp;gt;\n&#34;}], &#34;Tests/Test_checkbox.py::Test_CheckBoxPage::test_checkbox_checked[chrome]&#34;: [{&#34;extras&#34;: [], &#34;result&#34;: &#34;Failed&#34;, &#34;testId&#34;: &#34;Tests/Test_checkbox.py::Test_CheckBoxPage::test_checkbox_checked[chrome]&#34;, &#34;duration&#34;: &#34;00:00:11&#34;, &#34;resultsTableRow&#34;: [&#34;&lt;td class=\&#34;col-result\&#34;&gt;Failed&lt;/td&gt;&#34;, &#34;&lt;td class=\&#34;col-testId\&#34;&gt;Tests/Test_checkbox.py::Test_CheckBoxPage::test_checkbox_checked[chrome]&lt;/td&gt;&#34;, &#34;&lt;td class=\&#34;col-duration\&#34;&gt;00:00:11&lt;/td&gt;&#34;, &#34;&lt;td class=\&#34;col-links\&#34;&gt;&lt;/td&gt;&#34;], &#34;log&#34;: &#34;[gw3] win32 -- Python 3.13.3 C:\\Users\\amigo\\AppData\\Local\\Programs\\Python\\Python313\\python.exe\n\nself = &amp;lt;Test_checkbox.Test_CheckBoxPage object at 0x000002317B41ED70&amp;gt;\ndriver_Setup = &amp;lt;selenium.webdriver.chrome.webdriver.WebDriver (session=&amp;quot;e0a4b45825b13e9998ab583e8b335d14&amp;quot;)&amp;gt;\n\n    @pytest.mark.CheckboxChecked\n    def test_checkbox_checked(self,driver_Setup):\n        &amp;quot;&amp;quot;&amp;quot;Checks the check box is checked&amp;quot;&amp;quot;&amp;quot;\n        self.driver = driver_Setup\n        mainp = MainPage(self.driver)\n        elements_page = ElementsPage(self.driver)\n        check_Box_Page= CheckBoxPage(self.driver)\n&amp;gt;       mainp.click_elements_page()\n\nTests\\Test_checkbox.py:66: \n_ _ _ _ _ _ _ _ _ _ _ _ _ _ _ _ _ _ _ _ _ _ _ _ _ _ _ _ _ _ _ _ _ _ _ _ _ _ _ _ _ _ _ _ _ _ _ _ _ _ _ _ _ _ _ _ _ _ _ _ _ _ _ _ _ _ _ _ _ _ _\nPages\\MainPage.py:30: in click_elements_page\n    self.click_element(self.elements_link)\nPages\\BasePage.py:88: in click_element\n    self.wait.until(EC.visibility_of_element_located(element)).click()\n_ _ _ _ _ _ _ _ _ _ _ _ _ _ _ _ _ _ _ _ _ _ _ _ _ _ _ _ _ _ _ _ _ _ _ _ _ _ _ _ _ _ _ _ _ _ _ _ _ _ _ _ _ _ _ _ _ _ _ _ _ _ _ _ _ _ _ _ _ _ _\n\nself = &amp;lt;selenium.webdriver.support.wait.WebDriverWait (session=&amp;quot;e0a4b45825b13e9998ab583e8b335d14&amp;quot;)&amp;gt;\nmethod = &amp;lt;function visibility_of_element_located.&amp;lt;locals&amp;gt;._predicate at 0x000002317B538400&amp;gt;, message = &amp;#x27;&amp;#x27;\n\n    def until(self, method: Callable[[D], Union[Literal[False], T]], message: str = &amp;quot;&amp;quot;) -&amp;gt; T:\n        &amp;quot;&amp;quot;&amp;quot;Wait until the method returns a value that is not False.\n    \n        Calls the method provided with the driver as an argument until the\n        return value does not evaluate to ``False``.\n    \n        Parameters:\n        -----------\n        method: callable(WebDriver)\n            - A callable object that takes a WebDriver instance as an argument.\n    \n        message: str\n            - Optional message for :exc:`TimeoutException`\n    \n        Return:\n        -------\n        object: T\n            - The result of the last call to `method`\n    \n        Raises:\n        -------\n        TimeoutException\n            - If &amp;#x27;method&amp;#x27; does not return a truthy value within the WebDriverWait\n            object&amp;#x27;s timeout\n    \n        Example:\n        --------\n        &amp;gt;&amp;gt;&amp;gt; from selenium.webdriver.common.by import By\n        &amp;gt;&amp;gt;&amp;gt; from selenium.webdriver.support.ui import WebDriverWait\n        &amp;gt;&amp;gt;&amp;gt; from selenium.webdriver.support import expected_conditions as EC\n    \n        # Wait until an element is visible on the page\n        &amp;gt;&amp;gt;&amp;gt; wait = WebDriverWait(driver, 10)\n        &amp;gt;&amp;gt;&amp;gt; element = wait.until(EC.visibility_of_element_located((By.ID, &amp;quot;exampleId&amp;quot;)))\n        &amp;gt;&amp;gt;&amp;gt; print(element.text)\n        &amp;quot;&amp;quot;&amp;quot;\n        screen = None\n        stacktrace = None\n    \n        end_time = time.monotonic() + self._timeout\n        while True:\n            try:\n                value = method(self._driver)\n                if value:\n                    return value\n            except self._ignored_exceptions as exc:\n                screen = getattr(exc, &amp;quot;screen&amp;quot;, None)\n                stacktrace = getattr(exc, &amp;quot;stacktrace&amp;quot;, None)\n            if time.monotonic() &amp;gt; end_time:\n                break\n            time.sleep(self._poll)\n&amp;gt;       raise TimeoutException(message, screen, stacktrace)\nE       selenium.common.exceptions.TimeoutException: Message: \nE       Stacktrace:\nE       \tGetHandleVerifier [0x0x7d3763+63299]\nE       \tGetHandleVerifier [0x0x7d37a4+63364]\nE       \t(No symbol) [0x0x601113]\nE       \t(No symbol) [0x0x64987e]\nE       \t(No symbol) [0x0x649c1b]\nE       \t(No symbol) [0x0x692212]\nE       \t(No symbol) [0x0x66e5c4]\nE       \t(No symbol) [0x0x68fa4a]\nE       \t(No symbol) [0x0x66e376]\nE       \t(No symbol) [0x0x63d6e0]\nE       \t(No symbol) [0x0x63e544]\nE       \tGetHandleVerifier [0x0xa2e033+2531347]\nE       \tGetHandleVerifier [0x0xa29332+2511634]\nE       \tGetHandleVerifier [0x0x7f9eda+220858]\nE       \tGetHandleVerifier [0x0x7ea528+156936]\nE       \tGetHandleVerifier [0x0x7f0c5d+183357]\nE       \tGetHandleVerifier [0x0x7db6c8+95912]\nE       \tGetHandleVerifier [0x0x7db870+96336]\nE       \tGetHandleVerifier [0x0x7c664a+9770]\nE       \tBaseThreadInitThunk [0x0x76e85d49+25]\nE       \tRtlInitializeExceptionChain [0x0x77e4d03b+107]\nE       \tRtlGetAppContainerNamedObjectPath [0x0x77e4cfc1+561]\n\n..\\..\\..\\AppData\\Local\\Programs\\Python\\Python313\\Lib\\site-packages\\selenium\\webdriver\\support\\wait.py:146: TimeoutException\n&#34;}], &#34;Tests/Test_book_store_login.py::Test_book_store_login::test_search_book[chrome]&#34;: [{&#34;extras&#34;: [], &#34;result&#34;: &#34;Failed&#34;, &#34;testId&#34;: &#34;Tests/Test_book_store_login.py::Test_book_store_login::test_search_book[chrome]&#34;, &#34;duration&#34;: &#34;00:00:11&#34;, &#34;resultsTableRow&#34;: [&#34;&lt;td class=\&#34;col-result\&#34;&gt;Failed&lt;/td&gt;&#34;, &#34;&lt;td class=\&#34;col-testId\&#34;&gt;Tests/Test_book_store_login.py::Test_book_store_login::test_search_book[chrome]&lt;/td&gt;&#34;, &#34;&lt;td class=\&#34;col-duration\&#34;&gt;00:00:11&lt;/td&gt;&#34;, &#34;&lt;td class=\&#34;col-links\&#34;&gt;&lt;/td&gt;&#34;], &#34;log&#34;: &#34;[gw2] win32 -- Python 3.13.3 C:\\Users\\amigo\\AppData\\Local\\Programs\\Python\\Python313\\python.exe\n\nself = &amp;lt;Test_book_store_login.Test_book_store_login object at 0x0000025A72490950&amp;gt;\ndriver_Setup = &amp;lt;selenium.webdriver.chrome.webdriver.WebDriver (session=&amp;quot;3b79a6a24e0a30accc95c771d3c683ac&amp;quot;)&amp;gt;\n\n    @pytest.mark.searchbook\n    def test_search_book(self,driver_Setup):\n        &amp;quot;&amp;quot;&amp;quot;Test search book&amp;quot;&amp;quot;&amp;quot;\n        driver = driver_Setup\n        mainp = MainPage(driver)\n&amp;gt;       book_store_page = mainp.click_bookstore_page()\n\nTests\\Test_book_store_login.py:49: \n_ _ _ _ _ _ _ _ _ _ _ _ _ _ _ _ _ _ _ _ _ _ _ _ _ _ _ _ _ _ _ _ _ _ _ _ _ _ _ _ _ _ _ _ _ _ _ _ _ _ _ _ _ _ _ _ _ _ _ _ _ _ _ _ _ _ _ _ _ _ _\nPages\\MainPage.py:57: in click_bookstore_page\n    self.click_element(self.book_store_link)\nPages\\BasePage.py:88: in click_element\n    self.wait.until(EC.visibility_of_element_located(element)).click()\n_ _ _ _ _ _ _ _ _ _ _ _ _ _ _ _ _ _ _ _ _ _ _ _ _ _ _ _ _ _ _ _ _ _ _ _ _ _ _ _ _ _ _ _ _ _ _ _ _ _ _ _ _ _ _ _ _ _ _ _ _ _ _ _ _ _ _ _ _ _ _\n\nself = &amp;lt;selenium.webdriver.support.wait.WebDriverWait (session=&amp;quot;3b79a6a24e0a30accc95c771d3c683ac&amp;quot;)&amp;gt;\nmethod = &amp;lt;function visibility_of_element_located.&amp;lt;locals&amp;gt;._predicate at 0x0000025A72508540&amp;gt;, message = &amp;#x27;&amp;#x27;\n\n    def until(self, method: Callable[[D], Union[Literal[False], T]], message: str = &amp;quot;&amp;quot;) -&amp;gt; T:\n        &amp;quot;&amp;quot;&amp;quot;Wait until the method returns a value that is not False.\n    \n        Calls the method provided with the driver as an argument until the\n        return value does not evaluate to ``False``.\n    \n        Parameters:\n        -----------\n        method: callable(WebDriver)\n            - A callable object that takes a WebDriver instance as an argument.\n    \n        message: str\n            - Optional message for :exc:`TimeoutException`\n    \n        Return:\n        -------\n        object: T\n            - The result of the last call to `method`\n    \n        Raises:\n        -------\n        TimeoutException\n            - If &amp;#x27;method&amp;#x27; does not return a truthy value within the WebDriverWait\n            object&amp;#x27;s timeout\n    \n        Example:\n        --------\n        &amp;gt;&amp;gt;&amp;gt; from selenium.webdriver.common.by import By\n        &amp;gt;&amp;gt;&amp;gt; from selenium.webdriver.support.ui import WebDriverWait\n        &amp;gt;&amp;gt;&amp;gt; from selenium.webdriver.support import expected_conditions as EC\n    \n        # Wait until an element is visible on the page\n        &amp;gt;&amp;gt;&amp;gt; wait = WebDriverWait(driver, 10)\n        &amp;gt;&amp;gt;&amp;gt; element = wait.until(EC.visibility_of_element_located((By.ID, &amp;quot;exampleId&amp;quot;)))\n        &amp;gt;&amp;gt;&amp;gt; print(element.text)\n        &amp;quot;&amp;quot;&amp;quot;\n        screen = None\n        stacktrace = None\n    \n        end_time = time.monotonic() + self._timeout\n        while True:\n            try:\n                value = method(self._driver)\n                if value:\n                    return value\n            except self._ignored_exceptions as exc:\n                screen = getattr(exc, &amp;quot;screen&amp;quot;, None)\n                stacktrace = getattr(exc, &amp;quot;stacktrace&amp;quot;, None)\n            if time.monotonic() &amp;gt; end_time:\n                break\n            time.sleep(self._poll)\n&amp;gt;       raise TimeoutException(message, screen, stacktrace)\nE       selenium.common.exceptions.TimeoutException: Message: \nE       Stacktrace:\nE       \tGetHandleVerifier [0x0xa23763+63299]\nE       \tGetHandleVerifier [0x0xa237a4+63364]\nE       \t(No symbol) [0x0x851113]\nE       \t(No symbol) [0x0x89987e]\nE       \t(No symbol) [0x0x899c1b]\nE       \t(No symbol) [0x0x8e2212]\nE       \t(No symbol) [0x0x8be5c4]\nE       \t(No symbol) [0x0x8dfa4a]\nE       \t(No symbol) [0x0x8be376]\nE       \t(No symbol) [0x0x88d6e0]\nE       \t(No symbol) [0x0x88e544]\nE       \tGetHandleVerifier [0x0xc7e033+2531347]\nE       \tGetHandleVerifier [0x0xc79332+2511634]\nE       \tGetHandleVerifier [0x0xa49eda+220858]\nE       \tGetHandleVerifier [0x0xa3a528+156936]\nE       \tGetHandleVerifier [0x0xa40c5d+183357]\nE       \tGetHandleVerifier [0x0xa2b6c8+95912]\nE       \tGetHandleVerifier [0x0xa2b870+96336]\nE       \tGetHandleVerifier [0x0xa1664a+9770]\nE       \tBaseThreadInitThunk [0x0x76e85d49+25]\nE       \tRtlInitializeExceptionChain [0x0x77e4d03b+107]\nE       \tRtlGetAppContainerNamedObjectPath [0x0x77e4cfc1+561]\n\n..\\..\\..\\AppData\\Local\\Programs\\Python\\Python313\\Lib\\site-packages\\selenium\\webdriver\\support\\wait.py:146: TimeoutException\n&#34;}], &#34;Tests/Test_forms_page.py::Test_form_page::test_fill_form_male[chrome]&#34;: [{&#34;extras&#34;: [], &#34;result&#34;: &#34;Skipped&#34;, &#34;testId&#34;: &#34;Tests/Test_forms_page.py::Test_form_page::test_fill_form_male[chrome]::setup&#34;, &#34;duration&#34;: &#34;0 ms&#34;, &#34;resultsTableRow&#34;: [&#34;&lt;td class=\&#34;col-result\&#34;&gt;Skipped&lt;/td&gt;&#34;, &#34;&lt;td class=\&#34;col-testId\&#34;&gt;Tests/Test_forms_page.py::Test_form_page::test_fill_form_male[chrome]::setup&lt;/td&gt;&#34;, &#34;&lt;td class=\&#34;col-duration\&#34;&gt;0 ms&lt;/td&gt;&#34;, &#34;&lt;td class=\&#34;col-links\&#34;&gt;&lt;/td&gt;&#34;], &#34;log&#34;: &#34;[gw2] win32 -- Python 3.13.3 C:\\Users\\amigo\\AppData\\Local\\Programs\\Python\\Python313\\python.exe\n(&amp;#x27;c:\\\\Users\\\\amigo\\\\Documents\\\\TestProject\\\\TestProject2\\\\Tests\\\\Test_forms_page.py&amp;#x27;, 13, &amp;#x27;Skipped: Skip this test&amp;#x27;)\n&#34;}], &#34;Tests/Test_book_store_login.py::Test_book_store_login::test_login_succesfull[chrome]&#34;: [{&#34;extras&#34;: [], &#34;result&#34;: &#34;Failed&#34;, &#34;testId&#34;: &#34;Tests/Test_book_store_login.py::Test_book_store_login::test_login_succesfull[chrome]&#34;, &#34;duration&#34;: &#34;00:00:10&#34;, &#34;resultsTableRow&#34;: [&#34;&lt;td class=\&#34;col-result\&#34;&gt;Failed&lt;/td&gt;&#34;, &#34;&lt;td class=\&#34;col-testId\&#34;&gt;Tests/Test_book_store_login.py::Test_book_store_login::test_login_succesfull[chrome]&lt;/td&gt;&#34;, &#34;&lt;td class=\&#34;col-duration\&#34;&gt;00:00:10&lt;/td&gt;&#34;, &#34;&lt;td class=\&#34;col-links\&#34;&gt;&lt;/td&gt;&#34;], &#34;log&#34;: &#34;[gw1] win32 -- Python 3.13.3 C:\\Users\\amigo\\AppData\\Local\\Programs\\Python\\Python313\\python.exe\n\nself = &amp;lt;Test_book_store_login.Test_book_store_login object at 0x000001FBF3BA3C50&amp;gt;\ndriver_Setup = &amp;lt;selenium.webdriver.chrome.webdriver.WebDriver (session=&amp;quot;68a2b0fe28ca18e38aabe941c8cb7101&amp;quot;)&amp;gt;\n\n    @pytest.mark.bookstorelogin\n    def test_login_succesfull(self,driver_Setup):\n        &amp;quot;&amp;quot;&amp;quot;Test login with valid credentials&amp;quot;&amp;quot;&amp;quot;\n        driver = driver_Setup\n        main_p = MainPage(driver)\n&amp;gt;       book_store_page = main_p.click_bookstore_page()\n\nTests\\Test_book_store_login.py:21: \n_ _ _ _ _ _ _ _ _ _ _ _ _ _ _ _ _ _ _ _ _ _ _ _ _ _ _ _ _ _ _ _ _ _ _ _ _ _ _ _ _ _ _ _ _ _ _ _ _ _ _ _ _ _ _ _ _ _ _ _ _ _ _ _ _ _ _ _ _ _ _\nPages\\MainPage.py:57: in click_bookstore_page\n    self.click_element(self.book_store_link)\nPages\\BasePage.py:88: in click_element\n    self.wait.until(EC.visibility_of_element_located(element)).click()\n_ _ _ _ _ _ _ _ _ _ _ _ _ _ _ _ _ _ _ _ _ _ _ _ _ _ _ _ _ _ _ _ _ _ _ _ _ _ _ _ _ _ _ _ _ _ _ _ _ _ _ _ _ _ _ _ _ _ _ _ _ _ _ _ _ _ _ _ _ _ _\n\nself = &amp;lt;selenium.webdriver.support.wait.WebDriverWait (session=&amp;quot;68a2b0fe28ca18e38aabe941c8cb7101&amp;quot;)&amp;gt;\nmethod = &amp;lt;function visibility_of_element_located.&amp;lt;locals&amp;gt;._predicate at 0x000001FBF3CCC540&amp;gt;, message = &amp;#x27;&amp;#x27;\n\n    def until(self, method: Callable[[D], Union[Literal[False], T]], message: str = &amp;quot;&amp;quot;) -&amp;gt; T:\n        &amp;quot;&amp;quot;&amp;quot;Wait until the method returns a value that is not False.\n    \n        Calls the method provided with the driver as an argument until the\n        return value does not evaluate to ``False``.\n    \n        Parameters:\n        -----------\n        method: callable(WebDriver)\n            - A callable object that takes a WebDriver instance as an argument.\n    \n        message: str\n            - Optional message for :exc:`TimeoutException`\n    \n        Return:\n        -------\n        object: T\n            - The result of the last call to `method`\n    \n        Raises:\n        -------\n        TimeoutException\n            - If &amp;#x27;method&amp;#x27; does not return a truthy value within the WebDriverWait\n            object&amp;#x27;s timeout\n    \n        Example:\n        --------\n        &amp;gt;&amp;gt;&amp;gt; from selenium.webdriver.common.by import By\n        &amp;gt;&amp;gt;&amp;gt; from selenium.webdriver.support.ui import WebDriverWait\n        &amp;gt;&amp;gt;&amp;gt; from selenium.webdriver.support import expected_conditions as EC\n    \n        # Wait until an element is visible on the page\n        &amp;gt;&amp;gt;&amp;gt; wait = WebDriverWait(driver, 10)\n        &amp;gt;&amp;gt;&amp;gt; element = wait.until(EC.visibility_of_element_located((By.ID, &amp;quot;exampleId&amp;quot;)))\n        &amp;gt;&amp;gt;&amp;gt; print(element.text)\n        &amp;quot;&amp;quot;&amp;quot;\n        screen = None\n        stacktrace = None\n    \n        end_time = time.monotonic() + self._timeout\n        while True:\n            try:\n                value = method(self._driver)\n                if value:\n                    return value\n            except self._ignored_exceptions as exc:\n                screen = getattr(exc, &amp;quot;screen&amp;quot;, None)\n                stacktrace = getattr(exc, &amp;quot;stacktrace&amp;quot;, None)\n            if time.monotonic() &amp;gt; end_time:\n                break\n            time.sleep(self._poll)\n&amp;gt;       raise TimeoutException(message, screen, stacktrace)\nE       selenium.common.exceptions.TimeoutException: Message: \nE       Stacktrace:\nE       \tGetHandleVerifier [0x0x583763+63299]\nE       \tGetHandleVerifier [0x0x5837a4+63364]\nE       \t(No symbol) [0x0x3b1113]\nE       \t(No symbol) [0x0x3f987e]\nE       \t(No symbol) [0x0x3f9c1b]\nE       \t(No symbol) [0x0x442212]\nE       \t(No symbol) [0x0x41e5c4]\nE       \t(No symbol) [0x0x43fa4a]\nE       \t(No symbol) [0x0x41e376]\nE       \t(No symbol) [0x0x3ed6e0]\nE       \t(No symbol) [0x0x3ee544]\nE       \tGetHandleVerifier [0x0x7de033+2531347]\nE       \tGetHandleVerifier [0x0x7d9332+2511634]\nE       \tGetHandleVerifier [0x0x5a9eda+220858]\nE       \tGetHandleVerifier [0x0x59a528+156936]\nE       \tGetHandleVerifier [0x0x5a0c5d+183357]\nE       \tGetHandleVerifier [0x0x58b6c8+95912]\nE       \tGetHandleVerifier [0x0x58b870+96336]\nE       \tGetHandleVerifier [0x0x57664a+9770]\nE       \tBaseThreadInitThunk [0x0x76e85d49+25]\nE       \tRtlInitializeExceptionChain [0x0x77e4d03b+107]\nE       \tRtlGetAppContainerNamedObjectPath [0x0x77e4cfc1+561]\n\n..\\..\\..\\AppData\\Local\\Programs\\Python\\Python313\\Lib\\site-packages\\selenium\\webdriver\\support\\wait.py:146: TimeoutException\n&#34;}], &#34;Tests/Test_checkbox.py::Test_CheckBoxPage::test_desktop_menu_present[chrome]&#34;: [{&#34;extras&#34;: [], &#34;result&#34;: &#34;Failed&#34;, &#34;testId&#34;: &#34;Tests/Test_checkbox.py::Test_CheckBoxPage::test_desktop_menu_present[chrome]&#34;, &#34;duration&#34;: &#34;00:00:10&#34;, &#34;resultsTableRow&#34;: [&#34;&lt;td class=\&#34;col-result\&#34;&gt;Failed&lt;/td&gt;&#34;, &#34;&lt;td class=\&#34;col-testId\&#34;&gt;Tests/Test_checkbox.py::Test_CheckBoxPage::test_desktop_menu_present[chrome]&lt;/td&gt;&#34;, &#34;&lt;td class=\&#34;col-duration\&#34;&gt;00:00:10&lt;/td&gt;&#34;, &#34;&lt;td class=\&#34;col-links\&#34;&gt;&lt;/td&gt;&#34;], &#34;log&#34;: &#34;[gw0] win32 -- Python 3.13.3 C:\\Users\\amigo\\AppData\\Local\\Programs\\Python\\Python313\\python.exe\n\nself = &amp;lt;Test_checkbox.Test_CheckBoxPage object at 0x000001478C3BC2D0&amp;gt;\ndriver_Setup = &amp;lt;selenium.webdriver.chrome.webdriver.WebDriver (session=&amp;quot;a4323ae3e9ed42f1dff07eccbbe71134&amp;quot;)&amp;gt;\n\n    @pytest.mark.CheckBoxDesktop\n    def test_desktop_menu_present(self,driver_Setup):\n        &amp;quot;&amp;quot;&amp;quot;Checks the Desktop menu option is dispplayed&amp;quot;&amp;quot;&amp;quot;\n        self.driver = driver_Setup\n        mainp = MainPage(self.driver)\n        elements_page = ElementsPage(self.driver)\n        checkBoxPage= CheckBoxPage(self.driver)\n&amp;gt;       mainp.click_elements_page()\n\nTests\\Test_checkbox.py:40: \n_ _ _ _ _ _ _ _ _ _ _ _ _ _ _ _ _ _ _ _ _ _ _ _ _ _ _ _ _ _ _ _ _ _ _ _ _ _ _ _ _ _ _ _ _ _ _ _ _ _ _ _ _ _ _ _ _ _ _ _ _ _ _ _ _ _ _ _ _ _ _\nPages\\MainPage.py:30: in click_elements_page\n    self.click_element(self.elements_link)\nPages\\BasePage.py:88: in click_element\n    self.wait.until(EC.visibility_of_element_located(element)).click()\n_ _ _ _ _ _ _ _ _ _ _ _ _ _ _ _ _ _ _ _ _ _ _ _ _ _ _ _ _ _ _ _ _ _ _ _ _ _ _ _ _ _ _ _ _ _ _ _ _ _ _ _ _ _ _ _ _ _ _ _ _ _ _ _ _ _ _ _ _ _ _\n\nself = &amp;lt;selenium.webdriver.support.wait.WebDriverWait (session=&amp;quot;a4323ae3e9ed42f1dff07eccbbe71134&amp;quot;)&amp;gt;\nmethod = &amp;lt;function visibility_of_element_located.&amp;lt;locals&amp;gt;._predicate at 0x000001478C3C3F60&amp;gt;, message = &amp;#x27;&amp;#x27;\n\n    def until(self, method: Callable[[D], Union[Literal[False], T]], message: str = &amp;quot;&amp;quot;) -&amp;gt; T:\n        &amp;quot;&amp;quot;&amp;quot;Wait until the method returns a value that is not False.\n    \n        Calls the method provided with the driver as an argument until the\n        return value does not evaluate to ``False``.\n    \n        Parameters:\n        -----------\n        method: callable(WebDriver)\n            - A callable object that takes a WebDriver instance as an argument.\n    \n        message: str\n            - Optional message for :exc:`TimeoutException`\n    \n        Return:\n        -------\n        object: T\n            - The result of the last call to `method`\n    \n        Raises:\n        -------\n        TimeoutException\n            - If &amp;#x27;method&amp;#x27; does not return a truthy value within the WebDriverWait\n            object&amp;#x27;s timeout\n    \n        Example:\n        --------\n        &amp;gt;&amp;gt;&amp;gt; from selenium.webdriver.common.by import By\n        &amp;gt;&amp;gt;&amp;gt; from selenium.webdriver.support.ui import WebDriverWait\n        &amp;gt;&amp;gt;&amp;gt; from selenium.webdriver.support import expected_conditions as EC\n    \n        # Wait until an element is visible on the page\n        &amp;gt;&amp;gt;&amp;gt; wait = WebDriverWait(driver, 10)\n        &amp;gt;&amp;gt;&amp;gt; element = wait.until(EC.visibility_of_element_located((By.ID, &amp;quot;exampleId&amp;quot;)))\n        &amp;gt;&amp;gt;&amp;gt; print(element.text)\n        &amp;quot;&amp;quot;&amp;quot;\n        screen = None\n        stacktrace = None\n    \n        end_time = time.monotonic() + self._timeout\n        while True:\n            try:\n                value = method(self._driver)\n                if value:\n                    return value\n            except self._ignored_exceptions as exc:\n                screen = getattr(exc, &amp;quot;screen&amp;quot;, None)\n                stacktrace = getattr(exc, &amp;quot;stacktrace&amp;quot;, None)\n            if time.monotonic() &amp;gt; end_time:\n                break\n            time.sleep(self._poll)\n&amp;gt;       raise TimeoutException(message, screen, stacktrace)\nE       selenium.common.exceptions.TimeoutException: Message: \nE       Stacktrace:\nE       \tGetHandleVerifier [0x0x1003763+63299]\nE       \tGetHandleVerifier [0x0x10037a4+63364]\nE       \t(No symbol) [0x0xe31113]\nE       \t(No symbol) [0x0xe7987e]\nE       \t(No symbol) [0x0xe79c1b]\nE       \t(No symbol) [0x0xec2212]\nE       \t(No symbol) [0x0xe9e5c4]\nE       \t(No symbol) [0x0xebfa4a]\nE       \t(No symbol) [0x0xe9e376]\nE       \t(No symbol) [0x0xe6d6e0]\nE       \t(No symbol) [0x0xe6e544]\nE       \tGetHandleVerifier [0x0x125e033+2531347]\nE       \tGetHandleVerifier [0x0x1259332+2511634]\nE       \tGetHandleVerifier [0x0x1029eda+220858]\nE       \tGetHandleVerifier [0x0x101a528+156936]\nE       \tGetHandleVerifier [0x0x1020c5d+183357]\nE       \tGetHandleVerifier [0x0x100b6c8+95912]\nE       \tGetHandleVerifier [0x0x100b870+96336]\nE       \tGetHandleVerifier [0x0xff664a+9770]\nE       \tBaseThreadInitThunk [0x0x76e85d49+25]\nE       \tRtlInitializeExceptionChain [0x0x77e4d03b+107]\nE       \tRtlGetAppContainerNamedObjectPath [0x0x77e4cfc1+561]\n\n..\\..\\..\\AppData\\Local\\Programs\\Python\\Python313\\Lib\\site-packages\\selenium\\webdriver\\support\\wait.py:146: TimeoutException\n&#34;}], &#34;Tests/Test_checkbox.py::Test_CheckBoxPage::test_check_box_list[chrome]&#34;: [{&#34;extras&#34;: [], &#34;result&#34;: &#34;Failed&#34;, &#34;testId&#34;: &#34;Tests/Test_checkbox.py::Test_CheckBoxPage::test_check_box_list[chrome]&#34;, &#34;duration&#34;: &#34;00:00:10&#34;, &#34;resultsTableRow&#34;: [&#34;&lt;td class=\&#34;col-result\&#34;&gt;Failed&lt;/td&gt;&#34;, &#34;&lt;td class=\&#34;col-testId\&#34;&gt;Tests/Test_checkbox.py::Test_CheckBoxPage::test_check_box_list[chrome]&lt;/td&gt;&#34;, &#34;&lt;td class=\&#34;col-duration\&#34;&gt;00:00:10&lt;/td&gt;&#34;, &#34;&lt;td class=\&#34;col-links\&#34;&gt;&lt;/td&gt;&#34;], &#34;log&#34;: &#34;[gw3] win32 -- Python 3.13.3 C:\\Users\\amigo\\AppData\\Local\\Programs\\Python\\Python313\\python.exe\n\nself = &amp;lt;Test_checkbox.Test_CheckBoxPage object at 0x000002317B4C1C70&amp;gt;\ndriver_Setup = &amp;lt;selenium.webdriver.chrome.webdriver.WebDriver (session=&amp;quot;e0a4b45825b13e9998ab583e8b335d14&amp;quot;)&amp;gt;\n\n    @pytest.mark.CheckBoxCheckedList\n    def test_check_box_list(self,driver_Setup):\n        &amp;quot;&amp;quot;&amp;quot;Checks the check box list is displayed&amp;quot;&amp;quot;&amp;quot;\n        self.driver = driver_Setup\n        mainp = MainPage(self.driver)\n        elements_page = ElementsPage(self.driver)\n        check_Box_Page= CheckBoxPage(self.driver)\n&amp;gt;       mainp.click_elements_page()\n\nTests\\Test_checkbox.py:82: \n_ _ _ _ _ _ _ _ _ _ _ _ _ _ _ _ _ _ _ _ _ _ _ _ _ _ _ _ _ _ _ _ _ _ _ _ _ _ _ _ _ _ _ _ _ _ _ _ _ _ _ _ _ _ _ _ _ _ _ _ _ _ _ _ _ _ _ _ _ _ _\nPages\\MainPage.py:30: in click_elements_page\n    self.click_element(self.elements_link)\nPages\\BasePage.py:88: in click_element\n    self.wait.until(EC.visibility_of_element_located(element)).click()\n_ _ _ _ _ _ _ _ _ _ _ _ _ _ _ _ _ _ _ _ _ _ _ _ _ _ _ _ _ _ _ _ _ _ _ _ _ _ _ _ _ _ _ _ _ _ _ _ _ _ _ _ _ _ _ _ _ _ _ _ _ _ _ _ _ _ _ _ _ _ _\n\nself = &amp;lt;selenium.webdriver.support.wait.WebDriverWait (session=&amp;quot;e0a4b45825b13e9998ab583e8b335d14&amp;quot;)&amp;gt;\nmethod = &amp;lt;function visibility_of_element_located.&amp;lt;locals&amp;gt;._predicate at 0x000002317B53A0C0&amp;gt;, message = &amp;#x27;&amp;#x27;\n\n    def until(self, method: Callable[[D], Union[Literal[False], T]], message: str = &amp;quot;&amp;quot;) -&amp;gt; T:\n        &amp;quot;&amp;quot;&amp;quot;Wait until the method returns a value that is not False.\n    \n        Calls the method provided with the driver as an argument until the\n        return value does not evaluate to ``False``.\n    \n        Parameters:\n        -----------\n        method: callable(WebDriver)\n            - A callable object that takes a WebDriver instance as an argument.\n    \n        message: str\n            - Optional message for :exc:`TimeoutException`\n    \n        Return:\n        -------\n        object: T\n            - The result of the last call to `method`\n    \n        Raises:\n        -------\n        TimeoutException\n            - If &amp;#x27;method&amp;#x27; does not return a truthy value within the WebDriverWait\n            object&amp;#x27;s timeout\n    \n        Example:\n        --------\n        &amp;gt;&amp;gt;&amp;gt; from selenium.webdriver.common.by import By\n        &amp;gt;&amp;gt;&amp;gt; from selenium.webdriver.support.ui import WebDriverWait\n        &amp;gt;&amp;gt;&amp;gt; from selenium.webdriver.support import expected_conditions as EC\n    \n        # Wait until an element is visible on the page\n        &amp;gt;&amp;gt;&amp;gt; wait = WebDriverWait(driver, 10)\n        &amp;gt;&amp;gt;&amp;gt; element = wait.until(EC.visibility_of_element_located((By.ID, &amp;quot;exampleId&amp;quot;)))\n        &amp;gt;&amp;gt;&amp;gt; print(element.text)\n        &amp;quot;&amp;quot;&amp;quot;\n        screen = None\n        stacktrace = None\n    \n        end_time = time.monotonic() + self._timeout\n        while True:\n            try:\n                value = method(self._driver)\n                if value:\n                    return value\n            except self._ignored_exceptions as exc:\n                screen = getattr(exc, &amp;quot;screen&amp;quot;, None)\n                stacktrace = getattr(exc, &amp;quot;stacktrace&amp;quot;, None)\n            if time.monotonic() &amp;gt; end_time:\n                break\n            time.sleep(self._poll)\n&amp;gt;       raise TimeoutException(message, screen, stacktrace)\nE       selenium.common.exceptions.TimeoutException: Message: \nE       Stacktrace:\nE       \tGetHandleVerifier [0x0x7d3763+63299]\nE       \tGetHandleVerifier [0x0x7d37a4+63364]\nE       \t(No symbol) [0x0x601113]\nE       \t(No symbol) [0x0x64987e]\nE       \t(No symbol) [0x0x649c1b]\nE       \t(No symbol) [0x0x692212]\nE       \t(No symbol) [0x0x66e5c4]\nE       \t(No symbol) [0x0x68fa4a]\nE       \t(No symbol) [0x0x66e376]\nE       \t(No symbol) [0x0x63d6e0]\nE       \t(No symbol) [0x0x63e544]\nE       \tGetHandleVerifier [0x0xa2e033+2531347]\nE       \tGetHandleVerifier [0x0xa29332+2511634]\nE       \tGetHandleVerifier [0x0x7f9eda+220858]\nE       \tGetHandleVerifier [0x0x7ea528+156936]\nE       \tGetHandleVerifier [0x0x7f0c5d+183357]\nE       \tGetHandleVerifier [0x0x7db6c8+95912]\nE       \tGetHandleVerifier [0x0x7db870+96336]\nE       \tGetHandleVerifier [0x0x7c664a+9770]\nE       \tBaseThreadInitThunk [0x0x76e85d49+25]\nE       \tRtlInitializeExceptionChain [0x0x77e4d03b+107]\nE       \tRtlGetAppContainerNamedObjectPath [0x0x77e4cfc1+561]\n\n..\\..\\..\\AppData\\Local\\Programs\\Python\\Python313\\Lib\\site-packages\\selenium\\webdriver\\support\\wait.py:146: TimeoutException\n&#34;}], &#34;Tests/Test_book_store_login.py::Test_book_store_login::test_create_user[chrome]&#34;: [{&#34;extras&#34;: [], &#34;result&#34;: &#34;Failed&#34;, &#34;testId&#34;: &#34;Tests/Test_book_store_login.py::Test_book_store_login::test_create_user[chrome]&#34;, &#34;duration&#34;: &#34;00:00:10&#34;, &#34;resultsTableRow&#34;: [&#34;&lt;td class=\&#34;col-result\&#34;&gt;Failed&lt;/td&gt;&#34;, &#34;&lt;td class=\&#34;col-testId\&#34;&gt;Tests/Test_book_store_login.py::Test_book_store_login::test_create_user[chrome]&lt;/td&gt;&#34;, &#34;&lt;td class=\&#34;col-duration\&#34;&gt;00:00:10&lt;/td&gt;&#34;, &#34;&lt;td class=\&#34;col-links\&#34;&gt;&lt;/td&gt;&#34;], &#34;log&#34;: &#34;[gw1] win32 -- Python 3.13.3 C:\\Users\\amigo\\AppData\\Local\\Programs\\Python\\Python313\\python.exe\n\nself = &amp;lt;Test_book_store_login.Test_book_store_login object at 0x000001FBF3B8E9E0&amp;gt;\ndriver_Setup = &amp;lt;selenium.webdriver.chrome.webdriver.WebDriver (session=&amp;quot;68a2b0fe28ca18e38aabe941c8cb7101&amp;quot;)&amp;gt;\n\n    @pytest.mark.bookstorelogin\n    def test_create_user(self, driver_Setup):\n        &amp;quot;&amp;quot;&amp;quot;Test create user&amp;quot;&amp;quot;&amp;quot;\n        driver = driver_Setup\n        mainp = MainPage(driver)\n&amp;gt;       book_store_page = mainp.click_bookstore_page()\n\nTests\\Test_book_store_login.py:30: \n_ _ _ _ _ _ _ _ _ _ _ _ _ _ _ _ _ _ _ _ _ _ _ _ _ _ _ _ _ _ _ _ _ _ _ _ _ _ _ _ _ _ _ _ _ _ _ _ _ _ _ _ _ _ _ _ _ _ _ _ _ _ _ _ _ _ _ _ _ _ _\nPages\\MainPage.py:57: in click_bookstore_page\n    self.click_element(self.book_store_link)\nPages\\BasePage.py:88: in click_element\n    self.wait.until(EC.visibility_of_element_located(element)).click()\n_ _ _ _ _ _ _ _ _ _ _ _ _ _ _ _ _ _ _ _ _ _ _ _ _ _ _ _ _ _ _ _ _ _ _ _ _ _ _ _ _ _ _ _ _ _ _ _ _ _ _ _ _ _ _ _ _ _ _ _ _ _ _ _ _ _ _ _ _ _ _\n\nself = &amp;lt;selenium.webdriver.support.wait.WebDriverWait (session=&amp;quot;68a2b0fe28ca18e38aabe941c8cb7101&amp;quot;)&amp;gt;\nmethod = &amp;lt;function visibility_of_element_located.&amp;lt;locals&amp;gt;._predicate at 0x000001FBF3CA9580&amp;gt;, message = &amp;#x27;&amp;#x27;\n\n    def until(self, method: Callable[[D], Union[Literal[False], T]], message: str = &amp;quot;&amp;quot;) -&amp;gt; T:\n        &amp;quot;&amp;quot;&amp;quot;Wait until the method returns a value that is not False.\n    \n        Calls the method provided with the driver as an argument until the\n        return value does not evaluate to ``False``.\n    \n        Parameters:\n        -----------\n        method: callable(WebDriver)\n            - A callable object that takes a WebDriver instance as an argument.\n    \n        message: str\n            - Optional message for :exc:`TimeoutException`\n    \n        Return:\n        -------\n        object: T\n            - The result of the last call to `method`\n    \n        Raises:\n        -------\n        TimeoutException\n            - If &amp;#x27;method&amp;#x27; does not return a truthy value within the WebDriverWait\n            object&amp;#x27;s timeout\n    \n        Example:\n        --------\n        &amp;gt;&amp;gt;&amp;gt; from selenium.webdriver.common.by import By\n        &amp;gt;&amp;gt;&amp;gt; from selenium.webdriver.support.ui import WebDriverWait\n        &amp;gt;&amp;gt;&amp;gt; from selenium.webdriver.support import expected_conditions as EC\n    \n        # Wait until an element is visible on the page\n        &amp;gt;&amp;gt;&amp;gt; wait = WebDriverWait(driver, 10)\n        &amp;gt;&amp;gt;&amp;gt; element = wait.until(EC.visibility_of_element_located((By.ID, &amp;quot;exampleId&amp;quot;)))\n        &amp;gt;&amp;gt;&amp;gt; print(element.text)\n        &amp;quot;&amp;quot;&amp;quot;\n        screen = None\n        stacktrace = None\n    \n        end_time = time.monotonic() + self._timeout\n        while True:\n            try:\n                value = method(self._driver)\n                if value:\n                    return value\n            except self._ignored_exceptions as exc:\n                screen = getattr(exc, &amp;quot;screen&amp;quot;, None)\n                stacktrace = getattr(exc, &amp;quot;stacktrace&amp;quot;, None)\n            if time.monotonic() &amp;gt; end_time:\n                break\n            time.sleep(self._poll)\n&amp;gt;       raise TimeoutException(message, screen, stacktrace)\nE       selenium.common.exceptions.TimeoutException: Message: \nE       Stacktrace:\nE       \tGetHandleVerifier [0x0x583763+63299]\nE       \tGetHandleVerifier [0x0x5837a4+63364]\nE       \t(No symbol) [0x0x3b1113]\nE       \t(No symbol) [0x0x3f987e]\nE       \t(No symbol) [0x0x3f9c1b]\nE       \t(No symbol) [0x0x442212]\nE       \t(No symbol) [0x0x41e5c4]\nE       \t(No symbol) [0x0x43fa4a]\nE       \t(No symbol) [0x0x41e376]\nE       \t(No symbol) [0x0x3ed6e0]\nE       \t(No symbol) [0x0x3ee544]\nE       \tGetHandleVerifier [0x0x7de033+2531347]\nE       \tGetHandleVerifier [0x0x7d9332+2511634]\nE       \tGetHandleVerifier [0x0x5a9eda+220858]\nE       \tGetHandleVerifier [0x0x59a528+156936]\nE       \tGetHandleVerifier [0x0x5a0c5d+183357]\nE       \tGetHandleVerifier [0x0x58b6c8+95912]\nE       \tGetHandleVerifier [0x0x58b870+96336]\nE       \tGetHandleVerifier [0x0x57664a+9770]\nE       \tBaseThreadInitThunk [0x0x76e85d49+25]\nE       \tRtlInitializeExceptionChain [0x0x77e4d03b+107]\nE       \tRtlGetAppContainerNamedObjectPath [0x0x77e4cfc1+561]\n\n..\\..\\..\\AppData\\Local\\Programs\\Python\\Python313\\Lib\\site-packages\\selenium\\webdriver\\support\\wait.py:146: TimeoutException\n&#34;}], &#34;Tests/Test_interactions_page.py::Test_interactions_page::test_interactions[chrome]&#34;: [{&#34;extras&#34;: [], &#34;result&#34;: &#34;Passed&#34;, &#34;testId&#34;: &#34;Tests/Test_interactions_page.py::Test_interactions_page::test_interactions[chrome]&#34;, &#34;duration&#34;: &#34;00:01:11&#34;, &#34;resultsTableRow&#34;: [&#34;&lt;td class=\&#34;col-result\&#34;&gt;Passed&lt;/td&gt;&#34;, &#34;&lt;td class=\&#34;col-testId\&#34;&gt;Tests/Test_interactions_page.py::Test_interactions_page::test_interactions[chrome]&lt;/td&gt;&#34;, &#34;&lt;td class=\&#34;col-duration\&#34;&gt;00:01:11&lt;/td&gt;&#34;, &#34;&lt;td class=\&#34;col-links\&#34;&gt;&lt;/td&gt;&#34;], &#34;log&#34;: &#34;[gw0] win32 -- Python 3.13.3 C:\\Users\\amigo\\AppData\\Local\\Programs\\Python\\Python313\\python.exe\n\n------------------------------ Captured log setup ------------------------------\nCRITICAL root:file_manager.py:97 File not found : &amp;lt;method-wrapper &amp;#x27;__str__&amp;#x27; of FileNotFoundError object at 0x000001478C4CC550&amp;gt;\n&#34;}], &#34;Tests/Test_radioButton.py::Test_Radio_Button_Page::test_radiobutton_title[chrome]&#34;: [{&#34;extras&#34;: [], &#34;result&#34;: &#34;Error&#34;, &#34;testId&#34;: &#34;Tests/Test_radioButton.py::Test_Radio_Button_Page::test_radiobutton_title[chrome]::setup&#34;, &#34;duration&#34;: &#34;00:01:25&#34;, &#34;resultsTableRow&#34;: [&#34;&lt;td class=\&#34;col-result\&#34;&gt;Error&lt;/td&gt;&#34;, &#34;&lt;td class=\&#34;col-testId\&#34;&gt;Tests/Test_radioButton.py::Test_Radio_Button_Page::test_radiobutton_title[chrome]::setup&lt;/td&gt;&#34;, &#34;&lt;td class=\&#34;col-duration\&#34;&gt;00:01:25&lt;/td&gt;&#34;, &#34;&lt;td class=\&#34;col-links\&#34;&gt;&lt;/td&gt;&#34;], &#34;log&#34;: &#34;[gw1] win32 -- Python 3.13.3 C:\\Users\\amigo\\AppData\\Local\\Programs\\Python\\Python313\\python.exe\n\nself = &amp;lt;urllib3.connection.HTTPSConnection object at 0x000001FBF3D0D1D0&amp;gt;\n\n    def _new_conn(self) -&amp;gt; socket.socket:\n        &amp;quot;&amp;quot;&amp;quot;Establish a socket connection and set nodelay settings on it.\n    \n        :return: New socket connection.\n        &amp;quot;&amp;quot;&amp;quot;\n        try:\n&amp;gt;           sock = connection.create_connection(\n                (self._dns_host, self.port),\n                self.timeout,\n                source_address=self.source_address,\n                socket_options=self.socket_options,\n            )\n\n..\\..\\..\\AppData\\Local\\Programs\\Python\\Python313\\Lib\\site-packages\\urllib3\\connection.py:198: \n_ _ _ _ _ _ _ _ _ _ _ _ _ _ _ _ _ _ _ _ _ _ _ _ _ _ _ _ _ _ _ _ _ _ _ _ _ _ _ _ _ _ _ _ _ _ _ _ _ _ _ _ _ _ _ _ _ _ _ _ _ _ _ _ _ _ _ _ _ _ _\n..\\..\\..\\AppData\\Local\\Programs\\Python\\Python313\\Lib\\site-packages\\urllib3\\util\\connection.py:85: in create_connection\n    raise err\n_ _ _ _ _ _ _ _ _ _ _ _ _ _ _ _ _ _ _ _ _ _ _ _ _ _ _ _ _ _ _ _ _ _ _ _ _ _ _ _ _ _ _ _ _ _ _ _ _ _ _ _ _ _ _ _ _ _ _ _ _ _ _ _ _ _ _ _ _ _ _\n\naddress = (&amp;#x27;googlechromelabs.github.io&amp;#x27;, 443), timeout = None, source_address = None, socket_options = [(6, 1, 1)]\n\n    def create_connection(\n        address: tuple[str, int],\n        timeout: _TYPE_TIMEOUT = _DEFAULT_TIMEOUT,\n        source_address: tuple[str, int] | None = None,\n        socket_options: _TYPE_SOCKET_OPTIONS | None = None,\n    ) -&amp;gt; socket.socket:\n        &amp;quot;&amp;quot;&amp;quot;Connect to *address* and return the socket object.\n    \n        Convenience function.  Connect to *address* (a 2-tuple ``(host,\n        port)``) and return the socket object.  Passing the optional\n        *timeout* parameter will set the timeout on the socket instance\n        before attempting to connect.  If no *timeout* is supplied, the\n        global default timeout setting returned by :func:`socket.getdefaulttimeout`\n        is used.  If *source_address* is set it must be a tuple of (host, port)\n        for the socket to bind as a source address before making the connection.\n        An host of &amp;#x27;&amp;#x27; or port 0 tells the OS to use the default.\n        &amp;quot;&amp;quot;&amp;quot;\n    \n        host, port = address\n        if host.startswith(&amp;quot;[&amp;quot;):\n            host = host.strip(&amp;quot;[]&amp;quot;)\n        err = None\n    \n        # Using the value from allowed_gai_family() in the context of getaddrinfo lets\n        # us select whether to work with IPv4 DNS records, IPv6 records, or both.\n        # The original create_connection function always returns all records.\n        family = allowed_gai_family()\n    \n        try:\n            host.encode(&amp;quot;idna&amp;quot;)\n        except UnicodeError:\n            raise LocationParseError(f&amp;quot;&amp;#x27;{host}&amp;#x27;, label empty or too long&amp;quot;) from None\n    \n        for res in socket.getaddrinfo(host, port, family, socket.SOCK_STREAM):\n            af, socktype, proto, canonname, sa = res\n            sock = None\n            try:\n                sock = socket.socket(af, socktype, proto)\n    \n                # If provided, set socket level options before connecting.\n                _set_socket_options(sock, socket_options)\n    \n                if timeout is not _DEFAULT_TIMEOUT:\n                    sock.settimeout(timeout)\n                if source_address:\n                    sock.bind(source_address)\n&amp;gt;               sock.connect(sa)\nE               TimeoutError: [WinError 10060] A connection attempt failed because the connected party did not properly respond after a period of time, or established connection failed because connected host has failed to respond\n\n..\\..\\..\\AppData\\Local\\Programs\\Python\\Python313\\Lib\\site-packages\\urllib3\\util\\connection.py:73: TimeoutError\n\nThe above exception was the direct cause of the following exception:\n\nself = &amp;lt;urllib3.connectionpool.HTTPSConnectionPool object at 0x000001FBF3CB4E90&amp;gt;, method = &amp;#x27;GET&amp;#x27;\nurl = &amp;#x27;/chrome-for-testing/latest-patch-versions-per-build.json&amp;#x27;, body = None\nheaders = {&amp;#x27;User-Agent&amp;#x27;: &amp;#x27;python-requests/2.32.3&amp;#x27;, &amp;#x27;Accept-Encoding&amp;#x27;: &amp;#x27;gzip, deflate, zstd&amp;#x27;, &amp;#x27;Accept&amp;#x27;: &amp;#x27;*/*&amp;#x27;, &amp;#x27;Connection&amp;#x27;: &amp;#x27;keep-alive&amp;#x27;}\nretries = Retry(total=0, connect=None, read=False, redirect=None, status=None), redirect = False, assert_same_host = False\ntimeout = Timeout(connect=None, read=None, total=None), pool_timeout = None, release_conn = False, chunked = False, body_pos = None\npreload_content = False, decode_content = False, response_kw = {}\nparsed_url = Url(scheme=None, auth=None, host=None, port=None, path=&amp;#x27;/chrome-for-testing/latest-patch-versions-per-build.json&amp;#x27;, query=None, fragment=None)\ndestination_scheme = None, conn = None, release_this_conn = True, http_tunnel_required = False, err = None, clean_exit = False\n\n    def urlopen(  # type: ignore[override]\n        self,\n        method: str,\n        url: str,\n        body: _TYPE_BODY | None = None,\n        headers: typing.Mapping[str, str] | None = None,\n        retries: Retry | bool | int | None = None,\n        redirect: bool = True,\n        assert_same_host: bool = True,\n        timeout: _TYPE_TIMEOUT = _DEFAULT_TIMEOUT,\n        pool_timeout: int | None = None,\n        release_conn: bool | None = None,\n        chunked: bool = False,\n        body_pos: _TYPE_BODY_POSITION | None = None,\n        preload_content: bool = True,\n        decode_content: bool = True,\n        **response_kw: typing.Any,\n    ) -&amp;gt; BaseHTTPResponse:\n        &amp;quot;&amp;quot;&amp;quot;\n        Get a connection from the pool and perform an HTTP request. This is the\n        lowest level call for making a request, so you&amp;#x27;ll need to specify all\n        the raw details.\n    \n        .. note::\n    \n           More commonly, it&amp;#x27;s appropriate to use a convenience method\n           such as :meth:`request`.\n    \n        .. note::\n    \n           `release_conn` will only behave as expected if\n           `preload_content=False` because we want to make\n           `preload_content=False` the default behaviour someday soon without\n           breaking backwards compatibility.\n    \n        :param method:\n            HTTP request method (such as GET, POST, PUT, etc.)\n    \n        :param url:\n            The URL to perform the request on.\n    \n        :param body:\n            Data to send in the request body, either :class:`str`, :class:`bytes`,\n            an iterable of :class:`str`/:class:`bytes`, or a file-like object.\n    \n        :param headers:\n            Dictionary of custom headers to send, such as User-Agent,\n            If-None-Match, etc. If None, pool headers are used. If provided,\n            these headers completely replace any pool-specific headers.\n    \n        :param retries:\n            Configure the number of retries to allow before raising a\n            :class:`~urllib3.exceptions.MaxRetryError` exception.\n    \n            If ``None`` (default) will retry 3 times, see ``Retry.DEFAULT``. Pass a\n            :class:`~urllib3.util.retry.Retry` object for fine-grained control\n            over different types of retries.\n            Pass an integer number to retry connection errors that many times,\n            but no other types of errors. Pass zero to never retry.\n    \n            If ``False``, then retries are disabled and any exception is raised\n            immediately. Also, instead of raising a MaxRetryError on redirects,\n            the redirect response will be returned.\n    \n        :type retries: :class:`~urllib3.util.retry.Retry`, False, or an int.\n    \n        :param redirect:\n            If True, automatically handle redirects (status codes 301, 302,\n            303, 307, 308). Each redirect counts as a retry. Disabling retries\n            will disable redirect, too.\n    \n        :param assert_same_host:\n            If ``True``, will make sure that the host of the pool requests is\n            consistent else will raise HostChangedError. When ``False``, you can\n            use the pool on an HTTP proxy and request foreign hosts.\n    \n        :param timeout:\n            If specified, overrides the default timeout for this one\n            request. It may be a float (in seconds) or an instance of\n            :class:`urllib3.util.Timeout`.\n    \n        :param pool_timeout:\n            If set and the pool is set to block=True, then this method will\n            block for ``pool_timeout`` seconds and raise EmptyPoolError if no\n            connection is available within the time period.\n    \n        :param bool preload_content:\n            If True, the response&amp;#x27;s body will be preloaded into memory.\n    \n        :param bool decode_content:\n            If True, will attempt to decode the body based on the\n            &amp;#x27;content-encoding&amp;#x27; header.\n    \n        :param release_conn:\n            If False, then the urlopen call will not release the connection\n            back into the pool once a response is received (but will release if\n            you read the entire contents of the response such as when\n            `preload_content=True`). This is useful if you&amp;#x27;re not preloading\n            the response&amp;#x27;s content immediately. You will need to call\n            ``r.release_conn()`` on the response ``r`` to return the connection\n            back into the pool. If None, it takes the value of ``preload_content``\n            which defaults to ``True``.\n    \n        :param bool chunked:\n            If True, urllib3 will send the body using chunked transfer\n            encoding. Otherwise, urllib3 will send the body using the standard\n            content-length form. Defaults to False.\n    \n        :param int body_pos:\n            Position to seek to in file-like body in the event of a retry or\n            redirect. Typically this won&amp;#x27;t need to be set because urllib3 will\n            auto-populate the value when needed.\n        &amp;quot;&amp;quot;&amp;quot;\n        parsed_url = parse_url(url)\n        destination_scheme = parsed_url.scheme\n    \n        if headers is None:\n            headers = self.headers\n    \n        if not isinstance(retries, Retry):\n            retries = Retry.from_int(retries, redirect=redirect, default=self.retries)\n    \n        if release_conn is None:\n            release_conn = preload_content\n    \n        # Check host\n        if assert_same_host and not self.is_same_host(url):\n            raise HostChangedError(self, url, retries)\n    \n        # Ensure that the URL we&amp;#x27;re connecting to is properly encoded\n        if url.startswith(&amp;quot;/&amp;quot;):\n            url = to_str(_encode_target(url))\n        else:\n            url = to_str(parsed_url.url)\n    \n        conn = None\n    \n        # Track whether `conn` needs to be released before\n        # returning/raising/recursing. Update this variable if necessary, and\n        # leave `release_conn` constant throughout the function. That way, if\n        # the function recurses, the original value of `release_conn` will be\n        # passed down into the recursive call, and its value will be respected.\n        #\n        # See issue #651 [1] for details.\n        #\n        # [1] &amp;lt;https://github.com/urllib3/urllib3/issues/651&amp;gt;\n        release_this_conn = release_conn\n    \n        http_tunnel_required = connection_requires_http_tunnel(\n            self.proxy, self.proxy_config, destination_scheme\n        )\n    \n        # Merge the proxy headers. Only done when not using HTTP CONNECT. We\n        # have to copy the headers dict so we can safely change it without those\n        # changes being reflected in anyone else&amp;#x27;s copy.\n        if not http_tunnel_required:\n            headers = headers.copy()  # type: ignore[attr-defined]\n            headers.update(self.proxy_headers)  # type: ignore[union-attr]\n    \n        # Must keep the exception bound to a separate variable or else Python 3\n        # complains about UnboundLocalError.\n        err = None\n    \n        # Keep track of whether we cleanly exited the except block. This\n        # ensures we do proper cleanup in finally.\n        clean_exit = False\n    \n        # Rewind body position, if needed. Record current position\n        # for future rewinds in the event of a redirect/retry.\n        body_pos = set_file_position(body, body_pos)\n    \n        try:\n            # Request a connection from the queue.\n            timeout_obj = self._get_timeout(timeout)\n            conn = self._get_conn(timeout=pool_timeout)\n    \n            conn.timeout = timeout_obj.connect_timeout  # type: ignore[assignment]\n    \n            # Is this a closed/new connection that requires CONNECT tunnelling?\n            if self.proxy is not None and http_tunnel_required and conn.is_closed:\n                try:\n                    self._prepare_proxy(conn)\n                except (BaseSSLError, OSError, SocketTimeout) as e:\n                    self._raise_timeout(\n                        err=e, url=self.proxy.url, timeout_value=conn.timeout\n                    )\n                    raise\n    \n            # If we&amp;#x27;re going to release the connection in ``finally:``, then\n            # the response doesn&amp;#x27;t need to know about the connection. Otherwise\n            # it will also try to release it and we&amp;#x27;ll have a double-release\n            # mess.\n            response_conn = conn if not release_conn else None\n    \n            # Make the request on the HTTPConnection object\n&amp;gt;           response = self._make_request(\n                conn,\n                method,\n                url,\n                timeout=timeout_obj,\n                body=body,\n                headers=headers,\n                chunked=chunked,\n                retries=retries,\n                response_conn=response_conn,\n                preload_content=preload_content,\n                decode_content=decode_content,\n                **response_kw,\n            )\n\n..\\..\\..\\AppData\\Local\\Programs\\Python\\Python313\\Lib\\site-packages\\urllib3\\connectionpool.py:787: \n_ _ _ _ _ _ _ _ _ _ _ _ _ _ _ _ _ _ _ _ _ _ _ _ _ _ _ _ _ _ _ _ _ _ _ _ _ _ _ _ _ _ _ _ _ _ _ _ _ _ _ _ _ _ _ _ _ _ _ _ _ _ _ _ _ _ _ _ _ _ _\n..\\..\\..\\AppData\\Local\\Programs\\Python\\Python313\\Lib\\site-packages\\urllib3\\connectionpool.py:488: in _make_request\n    raise new_e\n..\\..\\..\\AppData\\Local\\Programs\\Python\\Python313\\Lib\\site-packages\\urllib3\\connectionpool.py:464: in _make_request\n    self._validate_conn(conn)\n..\\..\\..\\AppData\\Local\\Programs\\Python\\Python313\\Lib\\site-packages\\urllib3\\connectionpool.py:1093: in _validate_conn\n    conn.connect()\n..\\..\\..\\AppData\\Local\\Programs\\Python\\Python313\\Lib\\site-packages\\urllib3\\connection.py:704: in connect\n    self.sock = sock = self._new_conn()\n_ _ _ _ _ _ _ _ _ _ _ _ _ _ _ _ _ _ _ _ _ _ _ _ _ _ _ _ _ _ _ _ _ _ _ _ _ _ _ _ _ _ _ _ _ _ _ _ _ _ _ _ _ _ _ _ _ _ _ _ _ _ _ _ _ _ _ _ _ _ _\n\nself = &amp;lt;urllib3.connection.HTTPSConnection object at 0x000001FBF3D0D1D0&amp;gt;\n\n    def _new_conn(self) -&amp;gt; socket.socket:\n        &amp;quot;&amp;quot;&amp;quot;Establish a socket connection and set nodelay settings on it.\n    \n        :return: New socket connection.\n        &amp;quot;&amp;quot;&amp;quot;\n        try:\n            sock = connection.create_connection(\n                (self._dns_host, self.port),\n                self.timeout,\n                source_address=self.source_address,\n                socket_options=self.socket_options,\n            )\n        except socket.gaierror as e:\n            raise NameResolutionError(self.host, self, e) from e\n        except SocketTimeout as e:\n&amp;gt;           raise ConnectTimeoutError(\n                self,\n                f&amp;quot;Connection to {self.host} timed out. (connect timeout={self.timeout})&amp;quot;,\n            ) from e\nE           urllib3.exceptions.ConnectTimeoutError: (&amp;lt;urllib3.connection.HTTPSConnection object at 0x000001FBF3D0D1D0&amp;gt;, &amp;#x27;Connection to googlechromelabs.github.io timed out. (connect timeout=None)&amp;#x27;)\n\n..\\..\\..\\AppData\\Local\\Programs\\Python\\Python313\\Lib\\site-packages\\urllib3\\connection.py:207: ConnectTimeoutError\n\nThe above exception was the direct cause of the following exception:\n\nself = &amp;lt;requests.adapters.HTTPAdapter object at 0x000001FBF3CA1B50&amp;gt;, request = &amp;lt;PreparedRequest [GET]&amp;gt;, stream = True\ntimeout = Timeout(connect=None, read=None, total=None), verify = True, cert = None, proxies = OrderedDict()\n\n    def send(\n        self, request, stream=False, timeout=None, verify=True, cert=None, proxies=None\n    ):\n        &amp;quot;&amp;quot;&amp;quot;Sends PreparedRequest object. Returns Response object.\n    \n        :param request: The :class:`PreparedRequest &amp;lt;PreparedRequest&amp;gt;` being sent.\n        :param stream: (optional) Whether to stream the request content.\n        :param timeout: (optional) How long to wait for the server to send\n            data before giving up, as a float, or a :ref:`(connect timeout,\n            read timeout) &amp;lt;timeouts&amp;gt;` tuple.\n        :type timeout: float or tuple or urllib3 Timeout object\n        :param verify: (optional) Either a boolean, in which case it controls whether\n            we verify the server&amp;#x27;s TLS certificate, or a string, in which case it\n            must be a path to a CA bundle to use\n        :param cert: (optional) Any user-provided SSL certificate to be trusted.\n        :param proxies: (optional) The proxies dictionary to apply to the request.\n        :rtype: requests.Response\n        &amp;quot;&amp;quot;&amp;quot;\n    \n        try:\n            conn = self.get_connection_with_tls_context(\n                request, verify, proxies=proxies, cert=cert\n            )\n        except LocationValueError as e:\n            raise InvalidURL(e, request=request)\n    \n        self.cert_verify(conn, request.url, verify, cert)\n        url = self.request_url(request, proxies)\n        self.add_headers(\n            request,\n            stream=stream,\n            timeout=timeout,\n            verify=verify,\n            cert=cert,\n            proxies=proxies,\n        )\n    \n        chunked = not (request.body is None or &amp;quot;Content-Length&amp;quot; in request.headers)\n    \n        if isinstance(timeout, tuple):\n            try:\n                connect, read = timeout\n                timeout = TimeoutSauce(connect=connect, read=read)\n            except ValueError:\n                raise ValueError(\n                    f&amp;quot;Invalid timeout {timeout}. Pass a (connect, read) timeout tuple, &amp;quot;\n                    f&amp;quot;or a single float to set both timeouts to the same value.&amp;quot;\n                )\n        elif isinstance(timeout, TimeoutSauce):\n            pass\n        else:\n            timeout = TimeoutSauce(connect=timeout, read=timeout)\n    \n        try:\n&amp;gt;           resp = conn.urlopen(\n                method=request.method,\n                url=url,\n                body=request.body,\n                headers=request.headers,\n                redirect=False,\n                assert_same_host=False,\n                preload_content=False,\n                decode_content=False,\n                retries=self.max_retries,\n                timeout=timeout,\n                chunked=chunked,\n            )\n\n..\\..\\..\\AppData\\Local\\Programs\\Python\\Python313\\Lib\\site-packages\\requests\\adapters.py:667: \n_ _ _ _ _ _ _ _ _ _ _ _ _ _ _ _ _ _ _ _ _ _ _ _ _ _ _ _ _ _ _ _ _ _ _ _ _ _ _ _ _ _ _ _ _ _ _ _ _ _ _ _ _ _ _ _ _ _ _ _ _ _ _ _ _ _ _ _ _ _ _\n..\\..\\..\\AppData\\Local\\Programs\\Python\\Python313\\Lib\\site-packages\\urllib3\\connectionpool.py:841: in urlopen\n    retries = retries.increment(\n_ _ _ _ _ _ _ _ _ _ _ _ _ _ _ _ _ _ _ _ _ _ _ _ _ _ _ _ _ _ _ _ _ _ _ _ _ _ _ _ _ _ _ _ _ _ _ _ _ _ _ _ _ _ _ _ _ _ _ _ _ _ _ _ _ _ _ _ _ _ _\n\nself = Retry(total=0, connect=None, read=False, redirect=None, status=None), method = &amp;#x27;GET&amp;#x27;\nurl = &amp;#x27;/chrome-for-testing/latest-patch-versions-per-build.json&amp;#x27;, response = None\nerror = ConnectTimeoutError(&amp;lt;urllib3.connection.HTTPSConnection object at 0x000001FBF3D0D1D0&amp;gt;, &amp;#x27;Connection to googlechromelabs.github.io timed out. (connect timeout=None)&amp;#x27;)\n_pool = &amp;lt;urllib3.connectionpool.HTTPSConnectionPool object at 0x000001FBF3CB4E90&amp;gt;, _stacktrace = &amp;lt;traceback object at 0x000001FBF4EA0580&amp;gt;\n\n    def increment(\n        self,\n        method: str | None = None,\n        url: str | None = None,\n        response: BaseHTTPResponse | None = None,\n        error: Exception | None = None,\n        _pool: ConnectionPool | None = None,\n        _stacktrace: TracebackType | None = None,\n    ) -&amp;gt; Self:\n        &amp;quot;&amp;quot;&amp;quot;Return a new Retry object with incremented retry counters.\n    \n        :param response: A response object, or None, if the server did not\n            return a response.\n        :type response: :class:`~urllib3.response.BaseHTTPResponse`\n        :param Exception error: An error encountered during the request, or\n            None if the response was received successfully.\n    \n        :return: A new ``Retry`` object.\n        &amp;quot;&amp;quot;&amp;quot;\n        if self.total is False and error:\n            # Disabled, indicate to re-raise the error.\n            raise reraise(type(error), error, _stacktrace)\n    \n        total = self.total\n        if total is not None:\n            total -= 1\n    \n        connect = self.connect\n        read = self.read\n        redirect = self.redirect\n        status_count = self.status\n        other = self.other\n        cause = &amp;quot;unknown&amp;quot;\n        status = None\n        redirect_location = None\n    \n        if error and self._is_connection_error(error):\n            # Connect retry?\n            if connect is False:\n                raise reraise(type(error), error, _stacktrace)\n            elif connect is not None:\n                connect -= 1\n    \n        elif error and self._is_read_error(error):\n            # Read retry?\n            if read is False or method is None or not self._is_method_retryable(method):\n                raise reraise(type(error), error, _stacktrace)\n            elif read is not None:\n                read -= 1\n    \n        elif error:\n            # Other retry?\n            if other is not None:\n                other -= 1\n    \n        elif response and response.get_redirect_location():\n            # Redirect retry?\n            if redirect is not None:\n                redirect -= 1\n            cause = &amp;quot;too many redirects&amp;quot;\n            response_redirect_location = response.get_redirect_location()\n            if response_redirect_location:\n                redirect_location = response_redirect_location\n            status = response.status\n    \n        else:\n            # Incrementing because of a server error like a 500 in\n            # status_forcelist and the given method is in the allowed_methods\n            cause = ResponseError.GENERIC_ERROR\n            if response and response.status:\n                if status_count is not None:\n                    status_count -= 1\n                cause = ResponseError.SPECIFIC_ERROR.format(status_code=response.status)\n                status = response.status\n    \n        history = self.history + (\n            RequestHistory(method, url, error, status, redirect_location),\n        )\n    \n        new_retry = self.new(\n            total=total,\n            connect=connect,\n            read=read,\n            redirect=redirect,\n            status=status_count,\n            other=other,\n            history=history,\n        )\n    \n        if new_retry.is_exhausted():\n            reason = error or ResponseError(cause)\n&amp;gt;           raise MaxRetryError(_pool, url, reason) from reason  # type: ignore[arg-type]\nE           urllib3.exceptions.MaxRetryError: HTTPSConnectionPool(host=&amp;#x27;googlechromelabs.github.io&amp;#x27;, port=443): Max retries exceeded with url: /chrome-for-testing/latest-patch-versions-per-build.json (Caused by ConnectTimeoutError(&amp;lt;urllib3.connection.HTTPSConnection object at 0x000001FBF3D0D1D0&amp;gt;, &amp;#x27;Connection to googlechromelabs.github.io timed out. (connect timeout=None)&amp;#x27;))\n\n..\\..\\..\\AppData\\Local\\Programs\\Python\\Python313\\Lib\\site-packages\\urllib3\\util\\retry.py:519: MaxRetryError\n\nDuring handling of the above exception, another exception occurred:\n\nself = &amp;lt;webdriver_manager.core.http.WDMHttpClient object at 0x000001FBF3D0CF50&amp;gt;\nurl = &amp;#x27;https://googlechromelabs.github.io/chrome-for-testing/latest-patch-versions-per-build.json&amp;#x27;, kwargs = {}\n\n    def get(self, url, **kwargs) -&amp;gt; Response:\n        try:\n&amp;gt;           resp = requests.get(\n                url=url, verify=self._ssl_verify, stream=True, **kwargs)\n\n..\\..\\..\\AppData\\Local\\Programs\\Python\\Python313\\Lib\\site-packages\\webdriver_manager\\core\\http.py:32: \n_ _ _ _ _ _ _ _ _ _ _ _ _ _ _ _ _ _ _ _ _ _ _ _ _ _ _ _ _ _ _ _ _ _ _ _ _ _ _ _ _ _ _ _ _ _ _ _ _ _ _ _ _ _ _ _ _ _ _ _ _ _ _ _ _ _ _ _ _ _ _\n..\\..\\..\\AppData\\Local\\Programs\\Python\\Python313\\Lib\\site-packages\\requests\\api.py:73: in get\n    return request(&amp;quot;get&amp;quot;, url, params=params, **kwargs)\n..\\..\\..\\AppData\\Local\\Programs\\Python\\Python313\\Lib\\site-packages\\requests\\api.py:59: in request\n    return session.request(method=method, url=url, **kwargs)\n..\\..\\..\\AppData\\Local\\Programs\\Python\\Python313\\Lib\\site-packages\\requests\\sessions.py:589: in request\n    resp = self.send(prep, **send_kwargs)\n..\\..\\..\\AppData\\Local\\Programs\\Python\\Python313\\Lib\\site-packages\\requests\\sessions.py:703: in send\n    r = adapter.send(request, **kwargs)\n_ _ _ _ _ _ _ _ _ _ _ _ _ _ _ _ _ _ _ _ _ _ _ _ _ _ _ _ _ _ _ _ _ _ _ _ _ _ _ _ _ _ _ _ _ _ _ _ _ _ _ _ _ _ _ _ _ _ _ _ _ _ _ _ _ _ _ _ _ _ _\n\nself = &amp;lt;requests.adapters.HTTPAdapter object at 0x000001FBF3CA1B50&amp;gt;, request = &amp;lt;PreparedRequest [GET]&amp;gt;, stream = True\ntimeout = Timeout(connect=None, read=None, total=None), verify = True, cert = None, proxies = OrderedDict()\n\n    def send(\n        self, request, stream=False, timeout=None, verify=True, cert=None, proxies=None\n    ):\n        &amp;quot;&amp;quot;&amp;quot;Sends PreparedRequest object. Returns Response object.\n    \n        :param request: The :class:`PreparedRequest &amp;lt;PreparedRequest&amp;gt;` being sent.\n        :param stream: (optional) Whether to stream the request content.\n        :param timeout: (optional) How long to wait for the server to send\n            data before giving up, as a float, or a :ref:`(connect timeout,\n            read timeout) &amp;lt;timeouts&amp;gt;` tuple.\n        :type timeout: float or tuple or urllib3 Timeout object\n        :param verify: (optional) Either a boolean, in which case it controls whether\n            we verify the server&amp;#x27;s TLS certificate, or a string, in which case it\n            must be a path to a CA bundle to use\n        :param cert: (optional) Any user-provided SSL certificate to be trusted.\n        :param proxies: (optional) The proxies dictionary to apply to the request.\n        :rtype: requests.Response\n        &amp;quot;&amp;quot;&amp;quot;\n    \n        try:\n            conn = self.get_connection_with_tls_context(\n                request, verify, proxies=proxies, cert=cert\n            )\n        except LocationValueError as e:\n            raise InvalidURL(e, request=request)\n    \n        self.cert_verify(conn, request.url, verify, cert)\n        url = self.request_url(request, proxies)\n        self.add_headers(\n            request,\n            stream=stream,\n            timeout=timeout,\n            verify=verify,\n            cert=cert,\n            proxies=proxies,\n        )\n    \n        chunked = not (request.body is None or &amp;quot;Content-Length&amp;quot; in request.headers)\n    \n        if isinstance(timeout, tuple):\n            try:\n                connect, read = timeout\n                timeout = TimeoutSauce(connect=connect, read=read)\n            except ValueError:\n                raise ValueError(\n                    f&amp;quot;Invalid timeout {timeout}. Pass a (connect, read) timeout tuple, &amp;quot;\n                    f&amp;quot;or a single float to set both timeouts to the same value.&amp;quot;\n                )\n        elif isinstance(timeout, TimeoutSauce):\n            pass\n        else:\n            timeout = TimeoutSauce(connect=timeout, read=timeout)\n    \n        try:\n            resp = conn.urlopen(\n                method=request.method,\n                url=url,\n                body=request.body,\n                headers=request.headers,\n                redirect=False,\n                assert_same_host=False,\n                preload_content=False,\n                decode_content=False,\n                retries=self.max_retries,\n                timeout=timeout,\n                chunked=chunked,\n            )\n    \n        except (ProtocolError, OSError) as err:\n            raise ConnectionError(err, request=request)\n    \n        except MaxRetryError as e:\n            if isinstance(e.reason, ConnectTimeoutError):\n                # TODO: Remove this in 3.0.0: see #2811\n                if not isinstance(e.reason, NewConnectionError):\n&amp;gt;                   raise ConnectTimeout(e, request=request)\nE                   requests.exceptions.ConnectTimeout: HTTPSConnectionPool(host=&amp;#x27;googlechromelabs.github.io&amp;#x27;, port=443): Max retries exceeded with url: /chrome-for-testing/latest-patch-versions-per-build.json (Caused by ConnectTimeoutError(&amp;lt;urllib3.connection.HTTPSConnection object at 0x000001FBF3D0D1D0&amp;gt;, &amp;#x27;Connection to googlechromelabs.github.io timed out. (connect timeout=None)&amp;#x27;))\n\n..\\..\\..\\AppData\\Local\\Programs\\Python\\Python313\\Lib\\site-packages\\requests\\adapters.py:688: ConnectTimeout\n\nDuring handling of the above exception, another exception occurred:\n\nrequest = &amp;lt;SubRequest &amp;#x27;driver_Setup&amp;#x27; for &amp;lt;Function test_radiobutton_title[chrome]&amp;gt;&amp;gt;\n\n    @pytest.fixture(autouse=True, params=[&amp;quot;chrome&amp;quot;], scope=&amp;quot;class&amp;quot;)\n    def driver_Setup(request):\n        &amp;quot;&amp;quot;&amp;quot; Setup the driver for the test &amp;quot;&amp;quot;&amp;quot;\n    \n        if request.param == &amp;quot;chrome&amp;quot;:\n&amp;gt;           service = Service(ChromeDriverManager().install())\n\nTests\\conftest.py:19: \n_ _ _ _ _ _ _ _ _ _ _ _ _ _ _ _ _ _ _ _ _ _ _ _ _ _ _ _ _ _ _ _ _ _ _ _ _ _ _ _ _ _ _ _ _ _ _ _ _ _ _ _ _ _ _ _ _ _ _ _ _ _ _ _ _ _ _ _ _ _ _\n..\\..\\..\\AppData\\Local\\Programs\\Python\\Python313\\Lib\\site-packages\\webdriver_manager\\chrome.py:40: in install\n    driver_path = self._get_driver_binary_path(self.driver)\n..\\..\\..\\AppData\\Local\\Programs\\Python\\Python313\\Lib\\site-packages\\webdriver_manager\\core\\manager.py:35: in _get_driver_binary_path\n    binary_path = self._cache_manager.find_driver(driver)\n..\\..\\..\\AppData\\Local\\Programs\\Python\\Python313\\Lib\\site-packages\\webdriver_manager\\core\\driver_cache.py:107: in find_driver\n    driver_version = self.get_cache_key_driver_version(driver)\n..\\..\\..\\AppData\\Local\\Programs\\Python\\Python313\\Lib\\site-packages\\webdriver_manager\\core\\driver_cache.py:154: in get_cache_key_driver_version\n    return driver.get_driver_version_to_download()\n..\\..\\..\\AppData\\Local\\Programs\\Python\\Python313\\Lib\\site-packages\\webdriver_manager\\core\\driver.py:48: in get_driver_version_to_download\n    return self.get_latest_release_version()\n..\\..\\..\\AppData\\Local\\Programs\\Python\\Python313\\Lib\\site-packages\\webdriver_manager\\drivers\\chrome.py:59: in get_latest_release_version\n    response = self._http_client.get(url)\n_ _ _ _ _ _ _ _ _ _ _ _ _ _ _ _ _ _ _ _ _ _ _ _ _ _ _ _ _ _ _ _ _ _ _ _ _ _ _ _ _ _ _ _ _ _ _ _ _ _ _ _ _ _ _ _ _ _ _ _ _ _ _ _ _ _ _ _ _ _ _\n\nself = &amp;lt;webdriver_manager.core.http.WDMHttpClient object at 0x000001FBF3D0CF50&amp;gt;\nurl = &amp;#x27;https://googlechromelabs.github.io/chrome-for-testing/latest-patch-versions-per-build.json&amp;#x27;, kwargs = {}\n\n    def get(self, url, **kwargs) -&amp;gt; Response:\n        try:\n            resp = requests.get(\n                url=url, verify=self._ssl_verify, stream=True, **kwargs)\n        except exceptions.ConnectionError:\n&amp;gt;           raise exceptions.ConnectionError(f&amp;quot;Could not reach host. Are you offline?&amp;quot;)\nE           requests.exceptions.ConnectionError: Could not reach host. Are you offline?\n\n..\\..\\..\\AppData\\Local\\Programs\\Python\\Python313\\Lib\\site-packages\\webdriver_manager\\core\\http.py:35: ConnectionError\n\n------------------------------ Captured log setup ------------------------------\nCRITICAL root:file_manager.py:97 File not found : &amp;lt;method-wrapper &amp;#x27;__str__&amp;#x27; of FileNotFoundError object at 0x000001FBF3D40310&amp;gt;\n&#34;}], &#34;Tests/Test_interactions_page.py::Test_interactions_page::test_get_sortable_list[chrome]&#34;: [{&#34;extras&#34;: [], &#34;result&#34;: &#34;Passed&#34;, &#34;testId&#34;: &#34;Tests/Test_interactions_page.py::Test_interactions_page::test_get_sortable_list[chrome]&#34;, &#34;duration&#34;: &#34;00:01:50&#34;, &#34;resultsTableRow&#34;: [&#34;&lt;td class=\&#34;col-result\&#34;&gt;Passed&lt;/td&gt;&#34;, &#34;&lt;td class=\&#34;col-testId\&#34;&gt;Tests/Test_interactions_page.py::Test_interactions_page::test_get_sortable_list[chrome]&lt;/td&gt;&#34;, &#34;&lt;td class=\&#34;col-duration\&#34;&gt;00:01:50&lt;/td&gt;&#34;, &#34;&lt;td class=\&#34;col-links\&#34;&gt;&lt;/td&gt;&#34;], &#34;log&#34;: &#34;[gw2] win32 -- Python 3.13.3 C:\\Users\\amigo\\AppData\\Local\\Programs\\Python\\Python313\\python.exe\n\n------------------------------ Captured log setup ------------------------------\nCRITICAL root:file_manager.py:97 File not found : &amp;lt;method-wrapper &amp;#x27;__str__&amp;#x27; of FileNotFoundError object at 0x0000025A725B04C0&amp;gt;\n&#34;}], &#34;Tests/Test_selectPage.py::Test_Select_Page::test_select_option_1[chrome]&#34;: [{&#34;extras&#34;: [], &#34;result&#34;: &#34;Failed&#34;, &#34;testId&#34;: &#34;Tests/Test_selectPage.py::Test_Select_Page::test_select_option_1[chrome]&#34;, &#34;duration&#34;: &#34;00:00:12&#34;, &#34;resultsTableRow&#34;: [&#34;&lt;td class=\&#34;col-result\&#34;&gt;Failed&lt;/td&gt;&#34;, &#34;&lt;td class=\&#34;col-testId\&#34;&gt;Tests/Test_selectPage.py::Test_Select_Page::test_select_option_1[chrome]&lt;/td&gt;&#34;, &#34;&lt;td class=\&#34;col-duration\&#34;&gt;00:00:12&lt;/td&gt;&#34;, &#34;&lt;td class=\&#34;col-links\&#34;&gt;&lt;/td&gt;&#34;], &#34;log&#34;: &#34;[gw1] win32 -- Python 3.13.3 C:\\Users\\amigo\\AppData\\Local\\Programs\\Python\\Python313\\python.exe\n\nself = &amp;lt;Test_selectPage.Test_Select_Page object at 0x000001FBF3BA34D0&amp;gt;\ndriver_Setup = &amp;lt;selenium.webdriver.chrome.webdriver.WebDriver (session=&amp;quot;af3f63655df89453ccec4a379d861b68&amp;quot;)&amp;gt;\n\n    @pytest.mark.testReactSelect\n    def test_select_option_1(self,driver_Setup):\n        &amp;quot;&amp;quot;&amp;quot;Test case to validate the option selected is correct&amp;quot;&amp;quot;&amp;quot;\n        driver = driver_Setup\n        driver.get(TestData.url)\n        mainp = MainPage(driver)\n        wPage = WidgetPage(driver)\n        sPage = SelectPage(driver)\n        mainp.click_widgets_page()\n&amp;gt;       wPage.scroll_menu()\n\nTests\\Test_selectPage.py:22: \n_ _ _ _ _ _ _ _ _ _ _ _ _ _ _ _ _ _ _ _ _ _ _ _ _ _ _ _ _ _ _ _ _ _ _ _ _ _ _ _ _ _ _ _ _ _ _ _ _ _ _ _ _ _ _ _ _ _ _ _ _ _ _ _ _ _ _ _ _ _ _\n\nself = &amp;lt;Pages.WidgetPage.WidgetPage object at 0x000001FBF3C2A270&amp;gt;\n\n    def scroll_menu(self):\n        &amp;quot;&amp;quot;&amp;quot;scrolling menu&amp;quot;&amp;quot;&amp;quot;\n&amp;gt;       BasePage.scroll_to_element(self,element = self.select_menu_element)\nE       AttributeError: type object &amp;#x27;BasePage&amp;#x27; has no attribute &amp;#x27;scroll_to_element&amp;#x27;\n\nPages\\WidgetPage.py:17: AttributeError\n\n------------------------------ Captured log setup ------------------------------\nCRITICAL root:file_manager.py:97 File not found : &amp;lt;method-wrapper &amp;#x27;__str__&amp;#x27; of FileNotFoundError object at 0x000001FBF3D43F40&amp;gt;\n&#34;}], &#34;Tests/Test_interactions_page.py::Test_interactions_page::test_javascript_executor[chrome]&#34;: [{&#34;extras&#34;: [], &#34;result&#34;: &#34;Passed&#34;, &#34;testId&#34;: &#34;Tests/Test_interactions_page.py::Test_interactions_page::test_javascript_executor[chrome]&#34;, &#34;duration&#34;: &#34;821 ms&#34;, &#34;resultsTableRow&#34;: [&#34;&lt;td class=\&#34;col-result\&#34;&gt;Passed&lt;/td&gt;&#34;, &#34;&lt;td class=\&#34;col-testId\&#34;&gt;Tests/Test_interactions_page.py::Test_interactions_page::test_javascript_executor[chrome]&lt;/td&gt;&#34;, &#34;&lt;td class=\&#34;col-duration\&#34;&gt;821 ms&lt;/td&gt;&#34;, &#34;&lt;td class=\&#34;col-links\&#34;&gt;&lt;/td&gt;&#34;], &#34;log&#34;: &#34;[gw2] win32 -- Python 3.13.3 C:\\Users\\amigo\\AppData\\Local\\Programs\\Python\\Python313\\python.exe\n&#34;}], &#34;Tests/Test_interactions_page.py::Test_interactions_page::test_drag_element[chrome]&#34;: [{&#34;extras&#34;: [], &#34;result&#34;: &#34;Passed&#34;, &#34;testId&#34;: &#34;Tests/Test_interactions_page.py::Test_interactions_page::test_drag_element[chrome]&#34;, &#34;duration&#34;: &#34;00:01:42&#34;, &#34;resultsTableRow&#34;: [&#34;&lt;td class=\&#34;col-result\&#34;&gt;Passed&lt;/td&gt;&#34;, &#34;&lt;td class=\&#34;col-testId\&#34;&gt;Tests/Test_interactions_page.py::Test_interactions_page::test_drag_element[chrome]&lt;/td&gt;&#34;, &#34;&lt;td class=\&#34;col-duration\&#34;&gt;00:01:42&lt;/td&gt;&#34;, &#34;&lt;td class=\&#34;col-links\&#34;&gt;&lt;/td&gt;&#34;], &#34;log&#34;: &#34;[gw3] win32 -- Python 3.13.3 C:\\Users\\amigo\\AppData\\Local\\Programs\\Python\\Python313\\python.exe\n\n------------------------------ Captured log setup ------------------------------\nCRITICAL root:file_manager.py:97 File not found : &amp;lt;method-wrapper &amp;#x27;__str__&amp;#x27; of FileNotFoundError object at 0x000002317B5DC1F0&amp;gt;\n&#34;}], &#34;Tests/Test_radioButton.py::Test_Radio_Button_Page::test_radio_button_yes[chrome]&#34;: [{&#34;extras&#34;: [], &#34;result&#34;: &#34;Passed&#34;, &#34;testId&#34;: &#34;Tests/Test_radioButton.py::Test_Radio_Button_Page::test_radio_button_yes[chrome]&#34;, &#34;duration&#34;: &#34;00:00:37&#34;, &#34;resultsTableRow&#34;: [&#34;&lt;td class=\&#34;col-result\&#34;&gt;Passed&lt;/td&gt;&#34;, &#34;&lt;td class=\&#34;col-testId\&#34;&gt;Tests/Test_radioButton.py::Test_Radio_Button_Page::test_radio_button_yes[chrome]&lt;/td&gt;&#34;, &#34;&lt;td class=\&#34;col-duration\&#34;&gt;00:00:37&lt;/td&gt;&#34;, &#34;&lt;td class=\&#34;col-links\&#34;&gt;&lt;/td&gt;&#34;], &#34;log&#34;: &#34;[gw0] win32 -- Python 3.13.3 C:\\Users\\amigo\\AppData\\Local\\Programs\\Python\\Python313\\python.exe\n\n------------------------------ Captured log setup ------------------------------\nCRITICAL root:file_manager.py:97 File not found : &amp;lt;method-wrapper &amp;#x27;__str__&amp;#x27; of FileNotFoundError object at 0x000001478C4CC550&amp;gt;\n&#34;}], &#34;Tests/Test_radioButton.py::Test_Radio_Button_Page::test_radio_button_impressive[chrome]&#34;: [{&#34;extras&#34;: [], &#34;result&#34;: &#34;Passed&#34;, &#34;testId&#34;: &#34;Tests/Test_radioButton.py::Test_Radio_Button_Page::test_radio_button_impressive[chrome]&#34;, &#34;duration&#34;: &#34;00:00:06&#34;, &#34;resultsTableRow&#34;: [&#34;&lt;td class=\&#34;col-result\&#34;&gt;Passed&lt;/td&gt;&#34;, &#34;&lt;td class=\&#34;col-testId\&#34;&gt;Tests/Test_radioButton.py::Test_Radio_Button_Page::test_radio_button_impressive[chrome]&lt;/td&gt;&#34;, &#34;&lt;td class=\&#34;col-duration\&#34;&gt;00:00:06&lt;/td&gt;&#34;, &#34;&lt;td class=\&#34;col-links\&#34;&gt;&lt;/td&gt;&#34;], &#34;log&#34;: &#34;[gw3] win32 -- Python 3.13.3 C:\\Users\\amigo\\AppData\\Local\\Programs\\Python\\Python313\\python.exe\n\n------------------------------ Captured log setup ------------------------------\nCRITICAL root:file_manager.py:97 File not found : &amp;lt;method-wrapper &amp;#x27;__str__&amp;#x27; of FileNotFoundError object at 0x000002317B5DC820&amp;gt;\n&#34;}], &#34;Tests/Test_web_table_page.py::Test_WebTablePage::test_webtable_data[chrome]&#34;: [{&#34;extras&#34;: [], &#34;result&#34;: &#34;Passed&#34;, &#34;testId&#34;: &#34;Tests/Test_web_table_page.py::Test_WebTablePage::test_webtable_data[chrome]&#34;, &#34;duration&#34;: &#34;00:00:08&#34;, &#34;resultsTableRow&#34;: [&#34;&lt;td class=\&#34;col-result\&#34;&gt;Passed&lt;/td&gt;&#34;, &#34;&lt;td class=\&#34;col-testId\&#34;&gt;Tests/Test_web_table_page.py::Test_WebTablePage::test_webtable_data[chrome]&lt;/td&gt;&#34;, &#34;&lt;td class=\&#34;col-duration\&#34;&gt;00:00:08&lt;/td&gt;&#34;, &#34;&lt;td class=\&#34;col-links\&#34;&gt;&lt;/td&gt;&#34;], &#34;log&#34;: &#34;[gw1] win32 -- Python 3.13.3 C:\\Users\\amigo\\AppData\\Local\\Programs\\Python\\Python313\\python.exe\n\n------------------------------ Captured log setup ------------------------------\nCRITICAL root:file_manager.py:97 File not found : &amp;lt;method-wrapper &amp;#x27;__str__&amp;#x27; of FileNotFoundError object at 0x000001FBF3D43F40&amp;gt;\n&#34;}], &#34;Tests/Test_web_table_page.py::Test_WebTablePage::test_webtable_headers[chrome]&#34;: [{&#34;extras&#34;: [], &#34;result&#34;: &#34;Passed&#34;, &#34;testId&#34;: &#34;Tests/Test_web_table_page.py::Test_WebTablePage::test_webtable_headers[chrome]&#34;, &#34;duration&#34;: &#34;00:00:06&#34;, &#34;resultsTableRow&#34;: [&#34;&lt;td class=\&#34;col-result\&#34;&gt;Passed&lt;/td&gt;&#34;, &#34;&lt;td class=\&#34;col-testId\&#34;&gt;Tests/Test_web_table_page.py::Test_WebTablePage::test_webtable_headers[chrome]&lt;/td&gt;&#34;, &#34;&lt;td class=\&#34;col-duration\&#34;&gt;00:00:06&lt;/td&gt;&#34;, &#34;&lt;td class=\&#34;col-links\&#34;&gt;&lt;/td&gt;&#34;], &#34;log&#34;: &#34;[gw0] win32 -- Python 3.13.3 C:\\Users\\amigo\\AppData\\Local\\Programs\\Python\\Python313\\python.exe\n\n------------------------------ Captured log setup ------------------------------\nCRITICAL root:file_manager.py:97 File not found : &amp;lt;method-wrapper &amp;#x27;__str__&amp;#x27; of FileNotFoundError object at 0x000001478C4CC550&amp;gt;\n&#34;}], &#34;Tests/Test_web_table_page.py::Test_WebTablePage::test_add_record_to_webtable[chrome]&#34;: [{&#34;extras&#34;: [], &#34;result&#34;: &#34;Failed&#34;, &#34;testId&#34;: &#34;Tests/Test_web_table_page.py::Test_WebTablePage::test_add_record_to_webtable[chrome]&#34;, &#34;duration&#34;: &#34;00:00:09&#34;, &#34;resultsTableRow&#34;: [&#34;&lt;td class=\&#34;col-result\&#34;&gt;Failed&lt;/td&gt;&#34;, &#34;&lt;td class=\&#34;col-testId\&#34;&gt;Tests/Test_web_table_page.py::Test_WebTablePage::test_add_record_to_webtable[chrome]&lt;/td&gt;&#34;, &#34;&lt;td class=\&#34;col-duration\&#34;&gt;00:00:09&lt;/td&gt;&#34;, &#34;&lt;td class=\&#34;col-links\&#34;&gt;&lt;/td&gt;&#34;], &#34;log&#34;: &#34;[gw2] win32 -- Python 3.13.3 C:\\Users\\amigo\\AppData\\Local\\Programs\\Python\\Python313\\python.exe\n\nself = &amp;lt;Test_web_table_page.Test_WebTablePage object at 0x0000025A723EE780&amp;gt;\ndriver_Setup = &amp;lt;selenium.webdriver.chrome.webdriver.WebDriver (session=&amp;quot;f611e97d9459eb1045353578e63fba6a&amp;quot;)&amp;gt;\n\n    @pytest.mark.AddRecordToWebTable\n    def test_add_record_to_webtable(self,driver_Setup):\n        &amp;quot;&amp;quot;&amp;quot;Add record to web table&amp;quot;&amp;quot;&amp;quot;\n        self.driver = driver_Setup\n        self.driver.get(TestData.url)\n        mainp = MainPage(self.driver)\n        mainp.click_elements_page()\n        elements_page = ElementsPage(self.driver)\n        elements_page.click_web_tables_menu()\n        wt_page = Web_Table_Page(self.driver)\n        wt_page.click_add_button()\n        wt_page.add_first_name(&amp;quot;John&amp;quot;)\n        wt_page.add_last_name(&amp;quot;Doe&amp;quot;)\n        wt_page.add_email(&amp;quot;test2@test.com&amp;quot;)\n        wt_page.add_age(&amp;quot;25&amp;quot;)\n        wt_page.add_salary(&amp;quot;50000&amp;quot;)\n        wt_page.add_department(&amp;quot;IT&amp;quot;)\n        wt_page.click_submit_form()\n        data_list = wt_page.get_data_elements()\n        clean_data_list = []\n        found_person = &amp;quot;&amp;quot;\n        for data in data_list:\n            if data.text != &amp;quot; &amp;quot;:\n                clean_data_list.append(data.text)\n            elif data.text == &amp;quot;Jhon&amp;quot;:\n                found_person = data.text\n&amp;gt;       assert &amp;quot;Jhon&amp;quot; == found_person\nE       AssertionError: assert &amp;#x27;Jhon&amp;#x27; == &amp;#x27;&amp;#x27;\nE         \nE         + Jhon\n\nTests\\Test_web_table_page.py:72: AssertionError\n\n------------------------------ Captured log setup ------------------------------\nCRITICAL root:file_manager.py:97 File not found : &amp;lt;method-wrapper &amp;#x27;__str__&amp;#x27; of FileNotFoundError object at 0x0000025A725B0790&amp;gt;\n&#34;}], &#34;Tests/Test_window_switch.py::Test_window_page::test_window[chrome]&#34;: [{&#34;extras&#34;: [], &#34;result&#34;: &#34;Passed&#34;, &#34;testId&#34;: &#34;Tests/Test_window_switch.py::Test_window_page::test_window[chrome]&#34;, &#34;duration&#34;: &#34;00:00:11&#34;, &#34;resultsTableRow&#34;: [&#34;&lt;td class=\&#34;col-result\&#34;&gt;Passed&lt;/td&gt;&#34;, &#34;&lt;td class=\&#34;col-testId\&#34;&gt;Tests/Test_window_switch.py::Test_window_page::test_window[chrome]&lt;/td&gt;&#34;, &#34;&lt;td class=\&#34;col-duration\&#34;&gt;00:00:11&lt;/td&gt;&#34;, &#34;&lt;td class=\&#34;col-links\&#34;&gt;&lt;/td&gt;&#34;], &#34;log&#34;: &#34;[gw1] win32 -- Python 3.13.3 C:\\Users\\amigo\\AppData\\Local\\Programs\\Python\\Python313\\python.exe\n\n------------------------------ Captured log setup ------------------------------\nCRITICAL root:file_manager.py:97 File not found : &amp;lt;method-wrapper &amp;#x27;__str__&amp;#x27; of FileNotFoundError object at 0x000001FBF3D43F40&amp;gt;\n&#34;}], &#34;Tests/Test_window_switch.py::Test_window_page::test_academy_new_tab[chrome]&#34;: [{&#34;extras&#34;: [], &#34;result&#34;: &#34;Failed&#34;, &#34;testId&#34;: &#34;Tests/Test_window_switch.py::Test_window_page::test_academy_new_tab[chrome]&#34;, &#34;duration&#34;: &#34;00:00:22&#34;, &#34;resultsTableRow&#34;: [&#34;&lt;td class=\&#34;col-result\&#34;&gt;Failed&lt;/td&gt;&#34;, &#34;&lt;td class=\&#34;col-testId\&#34;&gt;Tests/Test_window_switch.py::Test_window_page::test_academy_new_tab[chrome]&lt;/td&gt;&#34;, &#34;&lt;td class=\&#34;col-duration\&#34;&gt;00:00:22&lt;/td&gt;&#34;, &#34;&lt;td class=\&#34;col-links\&#34;&gt;&lt;/td&gt;&#34;], &#34;log&#34;: &#34;[gw3] win32 -- Python 3.13.3 C:\\Users\\amigo\\AppData\\Local\\Programs\\Python\\Python313\\python.exe\n\nself = &amp;lt;Test_window_switch.Test_window_page object at 0x000002317B41F5C0&amp;gt;\ndriver_Setup = &amp;lt;selenium.webdriver.chrome.webdriver.WebDriver (session=&amp;quot;398af6c5988eb9b06eee5d08a2fcbf3c&amp;quot;)&amp;gt;\n\n    @pytest.mark.RahulShettyAcademyTest\n    def test_academy_new_tab(self, driver_Setup):\n        &amp;quot;&amp;quot;&amp;quot;Test to validate the new tab from Rahul Shetty Academy&amp;quot;&amp;quot;&amp;quot;\n        driver = driver_Setup\n        driver.get(&amp;quot;https://rahulshettyacademy.com/&amp;quot;)\n        mainp=MainPage(driver)\n        mainp.action.move_to_element(mainp.get_element((By.XPATH,&amp;quot;//a[text()=&amp;#x27;More &amp;#x27;]&amp;quot;))).perform()\n        mainp.action.move_to_element(mainp.get_element((By.XPATH,&amp;quot;//a[text()=&amp;#x27;Contact&amp;#x27;]&amp;quot;))).click(mainp.get_element((By.XPATH,&amp;quot;//a[text()=&amp;#x27;Contact&amp;#x27;]&amp;quot;))).perform()\n        contact_mail = mainp.get_element((By.XPATH,&amp;quot;//h4[text()=&amp;#x27;E-mail&amp;#x27;]/parent::li&amp;quot;))\n&amp;gt;       driver.navigate().back()\nE       AttributeError: &amp;#x27;WebDriver&amp;#x27; object has no attribute &amp;#x27;navigate&amp;#x27;\n\nTests\\Test_window_switch.py:48: AttributeError\n\n------------------------------ Captured log setup ------------------------------\nCRITICAL root:file_manager.py:97 File not found : &amp;lt;method-wrapper &amp;#x27;__str__&amp;#x27; of FileNotFoundError object at 0x000002317B5DCAF0&amp;gt;\n&#34;}], &#34;Tests/test_frames_page.py::Test_frames_page::test_frame_switch[chrome]&#34;: [{&#34;extras&#34;: [], &#34;result&#34;: &#34;Failed&#34;, &#34;testId&#34;: &#34;Tests/test_frames_page.py::Test_frames_page::test_frame_switch[chrome]&#34;, &#34;duration&#34;: &#34;00:00:22&#34;, &#34;resultsTableRow&#34;: [&#34;&lt;td class=\&#34;col-result\&#34;&gt;Failed&lt;/td&gt;&#34;, &#34;&lt;td class=\&#34;col-testId\&#34;&gt;Tests/test_frames_page.py::Test_frames_page::test_frame_switch[chrome]&lt;/td&gt;&#34;, &#34;&lt;td class=\&#34;col-duration\&#34;&gt;00:00:22&lt;/td&gt;&#34;, &#34;&lt;td class=\&#34;col-links\&#34;&gt;&lt;/td&gt;&#34;], &#34;log&#34;: &#34;[gw0] win32 -- Python 3.13.3 C:\\Users\\amigo\\AppData\\Local\\Programs\\Python\\Python313\\python.exe\n\nself = &amp;lt;test_frames_page.Test_frames_page object at 0x000001478C3BD450&amp;gt;\ndriver_Setup = &amp;lt;selenium.webdriver.chrome.webdriver.WebDriver (session=&amp;quot;ef0968067a38f8ee747a81156a94a502&amp;quot;)&amp;gt;\n\n    @pytest.mark.framecount\n    def test_frame_switch(self,driver_Setup):\n        &amp;quot;&amp;quot;&amp;quot;Test to validate the selected frame&amp;quot;&amp;quot;&amp;quot;\n        driver = driver_Setup\n        driver.get(TestData.url)\n        mainp = MainPage(driver)\n        f_page = IFramePage(driver)\n        mainp.click_alerts_page()\n        f_page.click_frame_menu()\n        f_frame = f_page.get_frame(&amp;quot;frame1&amp;quot;)\n        print(&amp;quot;Width: &amp;quot; + f_frame.get_property(&amp;quot;width&amp;quot;))\n        f_page.go_to_iframe(f_frame)\n&amp;gt;       assert &amp;quot;This is a sample page&amp;quot; in driver.page_source\nE       assert &amp;#x27;This is a sample page&amp;#x27; in &amp;#x27;&amp;lt;html&amp;gt;&amp;lt;head&amp;gt;&amp;lt;meta http-equiv=&amp;quot;origin-trial&amp;quot; content=&amp;quot;A7vZI3v+Gz7JfuRolKNM4Aff6zaGuT7X0mf3wtoZTnKv6497cVMnhy03KDqX7kBz/q/iidW7srW31oQbBt4VhgoAAACUeyJvcmlnaW4iOiJodHRwczovL3d3dy5nb29nbGUuY29tOjQ0MyIsImZlYXR1cmUiOiJEaXNhYmxlVGhpcmRQYXJ0eVN0b3JhZ2VQYXJ0aXRpb25pbmczIiwiZXhwaXJ5IjoxNzU3OTgwODAwLCJpc1N1YmRvbWFpbiI6dHJ1ZSwiaXNUaGlyZFBhcnR5Ijp0cnVlfQ==&amp;quot;&amp;gt;&amp;lt;meta name=&amp;quot;viewport&amp;quot; content=&amp;quot;width=device-width,initial-scale=1&amp;quot;&amp;gt;&amp;lt;script type=&amp;quot;text/javascript&amp;quot; async=&amp;quot;&amp;quot; charset=&amp;quot;utf-8&amp;quot; src=&amp;quot;https://www.gstatic.com/recaptcha/releases/GUGrl5YkSwqiWrzO3ShIKDlu/recaptcha__en.js&amp;quot; crossorigin=&amp;quot;anonymous&amp;quot; integrity=&amp;quot;sha384-Pgzxh1AwnkDgbWKtYDFLE/r3ApPn/Q8WuDIGgofHUvDRypiXM2Mes4UTV5JTaDp+&amp;quot;&amp;gt;&amp;lt;/script&amp;gt;&amp;lt;script type=&amp;quot;text/javascript&amp;quot; async=&amp;quot;&amp;quot; src=&amp;quot;https://www.google-analytics.com/analytics.js&amp;quot;&amp;gt;&amp;lt;/script&amp;gt;&amp;lt;script type=&amp;quot;text/javascript&amp;quot; async=&amp;quot;&amp;quot; src=&amp;quot;https://www.googletagmanager.com/gtag/js?id=G-MVRXK93D28&amp;amp;amp;cx=c&amp;amp;amp;gtm=45He5640v855226469za200&amp;amp;amp;tag_exp=101509157~102015666~103116026~103200004~103233427~103351869~103351871~104611962~104611964~104661466~104661468&amp;quot;&amp;gt;&amp;lt;/script&amp;gt;&amp;lt;script src=&amp;quot;https://pagead2.googlesyndication.com/pagead/managed/js/adsense/m202506030101/show_ads_impl_fy2021.js?bust=31092849&amp;quot;&amp;gt;&amp;lt;/script&amp;gt;&amp;lt;scr...21849154601,22343295815/Ad.Plus-300x250-1_0__container__&amp;quot; style=&amp;quot;border: 0pt none; width: 300px; height: 0px;&amp;quot;&amp;gt;&amp;lt;/div&amp;gt;&amp;lt;/div&amp;gt;&amp;lt;div id=&amp;quot;Ad.Plus-300x250-2&amp;quot; style=&amp;quot;margin-bottom: 50px;&amp;quot;&amp;gt;&amp;lt;div id=&amp;quot;google_ads_iframe_/21849154601,22343295815/Ad.Plus-300x250-2_0__container__&amp;quot; style=&amp;quot;border: 0pt none; width: 300px; height: 0px;&amp;quot;&amp;gt;&amp;lt;/div&amp;gt;&amp;lt;/div&amp;gt;&amp;lt;/div&amp;gt;&amp;lt;/div&amp;gt;&amp;lt;/section&amp;gt;&amp;lt;/div&amp;gt;&amp;lt;/div&amp;gt;&amp;lt;/div&amp;gt;&amp;lt;/div&amp;gt;&amp;lt;/div&amp;gt;&amp;lt;footer&amp;gt;&amp;lt;span&amp;gt;\u00a9 2013-2020 TOOLSQA.COM | ALL RIGHTS RESERVED.&amp;lt;/span&amp;gt;&amp;lt;/footer&amp;gt;&amp;lt;/div&amp;gt;&amp;lt;script src=&amp;quot;https://www.google.com/recaptcha/api.js?onload=onloadCallback&amp;amp;amp;render=explicit&amp;quot; async=&amp;quot;&amp;quot; defer=&amp;quot;defer&amp;quot;&amp;gt;&amp;lt;/script&amp;gt;&amp;lt;script src=&amp;quot;/bundle.js&amp;quot;&amp;gt;&amp;lt;/script&amp;gt;&amp;lt;iframe src=&amp;quot;https://ep2.adtrafficquality.google/sodar/sodar2/237/runner.html&amp;quot; width=&amp;quot;0&amp;quot; height=&amp;quot;0&amp;quot; style=&amp;quot;display: none;&amp;quot;&amp;gt;&amp;lt;/iframe&amp;gt;&amp;lt;iframe src=&amp;quot;https://www.google.com/recaptcha/api2/aframe&amp;quot; width=&amp;quot;0&amp;quot; height=&amp;quot;0&amp;quot; style=&amp;quot;display: none;&amp;quot;&amp;gt;&amp;lt;/iframe&amp;gt;&amp;lt;/body&amp;gt;&amp;lt;iframe id=&amp;quot;google_esf&amp;quot; name=&amp;quot;google_esf&amp;quot; src=&amp;quot;https://googleads.g.doubleclick.net/pagead/html/r20250603/r20190131/zrt_lookup_fy2021.html&amp;quot; style=&amp;quot;display: none;&amp;quot;&amp;gt;&amp;lt;/iframe&amp;gt;&amp;lt;iframe name=&amp;quot;goog_topics_frame&amp;quot; src=&amp;quot;https://securepubads.g.doubleclick.net/static/topics/topics_frame.html&amp;quot; style=&amp;quot;display: none;&amp;quot;&amp;gt;&amp;lt;/iframe&amp;gt;&amp;lt;/html&amp;gt;&amp;#x27;\nE        +  where &amp;#x27;&amp;lt;html&amp;gt;&amp;lt;head&amp;gt;&amp;lt;meta http-equiv=&amp;quot;origin-trial&amp;quot; content=&amp;quot;A7vZI3v+Gz7JfuRolKNM4Aff6zaGuT7X0mf3wtoZTnKv6497cVMnhy03KDqX7kBz/q/iidW7srW31oQbBt4VhgoAAACUeyJvcmlnaW4iOiJodHRwczovL3d3dy5nb29nbGUuY29tOjQ0MyIsImZlYXR1cmUiOiJEaXNhYmxlVGhpcmRQYXJ0eVN0b3JhZ2VQYXJ0aXRpb25pbmczIiwiZXhwaXJ5IjoxNzU3OTgwODAwLCJpc1N1YmRvbWFpbiI6dHJ1ZSwiaXNUaGlyZFBhcnR5Ijp0cnVlfQ==&amp;quot;&amp;gt;&amp;lt;meta name=&amp;quot;viewport&amp;quot; content=&amp;quot;width=device-width,initial-scale=1&amp;quot;&amp;gt;&amp;lt;script type=&amp;quot;text/javascript&amp;quot; async=&amp;quot;&amp;quot; charset=&amp;quot;utf-8&amp;quot; src=&amp;quot;https://www.gstatic.com/recaptcha/releases/GUGrl5YkSwqiWrzO3ShIKDlu/recaptcha__en.js&amp;quot; crossorigin=&amp;quot;anonymous&amp;quot; integrity=&amp;quot;sha384-Pgzxh1AwnkDgbWKtYDFLE/r3ApPn/Q8WuDIGgofHUvDRypiXM2Mes4UTV5JTaDp+&amp;quot;&amp;gt;&amp;lt;/script&amp;gt;&amp;lt;script type=&amp;quot;text/javascript&amp;quot; async=&amp;quot;&amp;quot; src=&amp;quot;https://www.google-analytics.com/analytics.js&amp;quot;&amp;gt;&amp;lt;/script&amp;gt;&amp;lt;script type=&amp;quot;text/javascript&amp;quot; async=&amp;quot;&amp;quot; src=&amp;quot;https://www.googletagmanager.com/gtag/js?id=G-MVRXK93D28&amp;amp;amp;cx=c&amp;amp;amp;gtm=45He5640v855226469za200&amp;amp;amp;tag_exp=101509157~102015666~103116026~103200004~103233427~103351869~103351871~104611962~104611964~104661466~104661468&amp;quot;&amp;gt;&amp;lt;/script&amp;gt;&amp;lt;script src=&amp;quot;https://pagead2.googlesyndication.com/pagead/managed/js/adsense/m202506030101/show_ads_impl_fy2021.js?bust=31092849&amp;quot;&amp;gt;&amp;lt;/script&amp;gt;&amp;lt;scr...21849154601,22343295815/Ad.Plus-300x250-1_0__container__&amp;quot; style=&amp;quot;border: 0pt none; width: 300px; height: 0px;&amp;quot;&amp;gt;&amp;lt;/div&amp;gt;&amp;lt;/div&amp;gt;&amp;lt;div id=&amp;quot;Ad.Plus-300x250-2&amp;quot; style=&amp;quot;margin-bottom: 50px;&amp;quot;&amp;gt;&amp;lt;div id=&amp;quot;google_ads_iframe_/21849154601,22343295815/Ad.Plus-300x250-2_0__container__&amp;quot; style=&amp;quot;border: 0pt none; width: 300px; height: 0px;&amp;quot;&amp;gt;&amp;lt;/div&amp;gt;&amp;lt;/div&amp;gt;&amp;lt;/div&amp;gt;&amp;lt;/div&amp;gt;&amp;lt;/section&amp;gt;&amp;lt;/div&amp;gt;&amp;lt;/div&amp;gt;&amp;lt;/div&amp;gt;&amp;lt;/div&amp;gt;&amp;lt;/div&amp;gt;&amp;lt;footer&amp;gt;&amp;lt;span&amp;gt;\u00a9 2013-2020 TOOLSQA.COM | ALL RIGHTS RESERVED.&amp;lt;/span&amp;gt;&amp;lt;/footer&amp;gt;&amp;lt;/div&amp;gt;&amp;lt;script src=&amp;quot;https://www.google.com/recaptcha/api.js?onload=onloadCallback&amp;amp;amp;render=explicit&amp;quot; async=&amp;quot;&amp;quot; defer=&amp;quot;defer&amp;quot;&amp;gt;&amp;lt;/script&amp;gt;&amp;lt;script src=&amp;quot;/bundle.js&amp;quot;&amp;gt;&amp;lt;/script&amp;gt;&amp;lt;iframe src=&amp;quot;https://ep2.adtrafficquality.google/sodar/sodar2/237/runner.html&amp;quot; width=&amp;quot;0&amp;quot; height=&amp;quot;0&amp;quot; style=&amp;quot;display: none;&amp;quot;&amp;gt;&amp;lt;/iframe&amp;gt;&amp;lt;iframe src=&amp;quot;https://www.google.com/recaptcha/api2/aframe&amp;quot; width=&amp;quot;0&amp;quot; height=&amp;quot;0&amp;quot; style=&amp;quot;display: none;&amp;quot;&amp;gt;&amp;lt;/iframe&amp;gt;&amp;lt;/body&amp;gt;&amp;lt;iframe id=&amp;quot;google_esf&amp;quot; name=&amp;quot;google_esf&amp;quot; src=&amp;quot;https://googleads.g.doubleclick.net/pagead/html/r20250603/r20190131/zrt_lookup_fy2021.html&amp;quot; style=&amp;quot;display: none;&amp;quot;&amp;gt;&amp;lt;/iframe&amp;gt;&amp;lt;iframe name=&amp;quot;goog_topics_frame&amp;quot; src=&amp;quot;https://securepubads.g.doubleclick.net/static/topics/topics_frame.html&amp;quot; style=&amp;quot;display: none;&amp;quot;&amp;gt;&amp;lt;/iframe&amp;gt;&amp;lt;/html&amp;gt;&amp;#x27; = &amp;lt;selenium.webdriver.chrome.webdriver.WebDriver (session=&amp;quot;ef0968067a38f8ee747a81156a94a502&amp;quot;)&amp;gt;.page_source\n\nTests\\test_frames_page.py:23: AssertionError\n\n------------------------------ Captured log setup ------------------------------\nCRITICAL root:file_manager.py:97 File not found : &amp;lt;method-wrapper &amp;#x27;__str__&amp;#x27; of FileNotFoundError object at 0x000001478C4CC3A0&amp;gt;\n&#34;}], &#34;Tests/test_frames_page.py::Test_frames_page::test_alert[chrome]&#34;: [{&#34;extras&#34;: [], &#34;result&#34;: &#34;Passed&#34;, &#34;testId&#34;: &#34;Tests/test_frames_page.py::Test_frames_page::test_alert[chrome]&#34;, &#34;duration&#34;: &#34;00:00:54&#34;, &#34;resultsTableRow&#34;: [&#34;&lt;td class=\&#34;col-result\&#34;&gt;Passed&lt;/td&gt;&#34;, &#34;&lt;td class=\&#34;col-testId\&#34;&gt;Tests/test_frames_page.py::Test_frames_page::test_alert[chrome]&lt;/td&gt;&#34;, &#34;&lt;td class=\&#34;col-duration\&#34;&gt;00:00:54&lt;/td&gt;&#34;, &#34;&lt;td class=\&#34;col-links\&#34;&gt;&lt;/td&gt;&#34;], &#34;log&#34;: &#34;[gw1] win32 -- Python 3.13.3 C:\\Users\\amigo\\AppData\\Local\\Programs\\Python\\Python313\\python.exe\n\n------------------------------ Captured log setup ------------------------------\nCRITICAL root:file_manager.py:97 File not found : &amp;lt;method-wrapper &amp;#x27;__str__&amp;#x27; of FileNotFoundError object at 0x000001FBF4E8E560&amp;gt;\n&#34;}], &#34;Tests/test_frames_page.py::Test_frames_page::test_timer_alert[chrome]&#34;: [{&#34;extras&#34;: [], &#34;result&#34;: &#34;Passed&#34;, &#34;testId&#34;: &#34;Tests/test_frames_page.py::Test_frames_page::test_timer_alert[chrome]&#34;, &#34;duration&#34;: &#34;00:00:48&#34;, &#34;resultsTableRow&#34;: [&#34;&lt;td class=\&#34;col-result\&#34;&gt;Passed&lt;/td&gt;&#34;, &#34;&lt;td class=\&#34;col-testId\&#34;&gt;Tests/test_frames_page.py::Test_frames_page::test_timer_alert[chrome]&lt;/td&gt;&#34;, &#34;&lt;td class=\&#34;col-duration\&#34;&gt;00:00:48&lt;/td&gt;&#34;, &#34;&lt;td class=\&#34;col-links\&#34;&gt;&lt;/td&gt;&#34;], &#34;log&#34;: &#34;[gw0] win32 -- Python 3.13.3 C:\\Users\\amigo\\AppData\\Local\\Programs\\Python\\Python313\\python.exe\n&#34;}], &#34;Tests/test_frames_page.py::Test_frames_page::test_alert_dismiss[chrome]&#34;: [{&#34;extras&#34;: [], &#34;result&#34;: &#34;Passed&#34;, &#34;testId&#34;: &#34;Tests/test_frames_page.py::Test_frames_page::test_alert_dismiss[chrome]&#34;, &#34;duration&#34;: &#34;00:00:26&#34;, &#34;resultsTableRow&#34;: [&#34;&lt;td class=\&#34;col-result\&#34;&gt;Passed&lt;/td&gt;&#34;, &#34;&lt;td class=\&#34;col-testId\&#34;&gt;Tests/test_frames_page.py::Test_frames_page::test_alert_dismiss[chrome]&lt;/td&gt;&#34;, &#34;&lt;td class=\&#34;col-duration\&#34;&gt;00:00:26&lt;/td&gt;&#34;, &#34;&lt;td class=\&#34;col-links\&#34;&gt;&lt;/td&gt;&#34;], &#34;log&#34;: &#34;[gw1] win32 -- Python 3.13.3 C:\\Users\\amigo\\AppData\\Local\\Programs\\Python\\Python313\\python.exe\n&#34;}], &#34;Tests/test_frames_page.py::Test_frames_page::test_frame2_switch[chrome]&#34;: [{&#34;extras&#34;: [], &#34;result&#34;: &#34;Failed&#34;, &#34;testId&#34;: &#34;Tests/test_frames_page.py::Test_frames_page::test_frame2_switch[chrome]&#34;, &#34;duration&#34;: &#34;00:01:37&#34;, &#34;resultsTableRow&#34;: [&#34;&lt;td class=\&#34;col-result\&#34;&gt;Failed&lt;/td&gt;&#34;, &#34;&lt;td class=\&#34;col-testId\&#34;&gt;Tests/test_frames_page.py::Test_frames_page::test_frame2_switch[chrome]&lt;/td&gt;&#34;, &#34;&lt;td class=\&#34;col-duration\&#34;&gt;00:01:37&lt;/td&gt;&#34;, &#34;&lt;td class=\&#34;col-links\&#34;&gt;&lt;/td&gt;&#34;], &#34;log&#34;: &#34;[gw3] win32 -- Python 3.13.3 C:\\Users\\amigo\\AppData\\Local\\Programs\\Python\\Python313\\python.exe\n\nself = &amp;lt;test_frames_page.Test_frames_page object at 0x000002317B4CD310&amp;gt;\ndriver_Setup = &amp;lt;selenium.webdriver.chrome.webdriver.WebDriver (session=&amp;quot;bde67f67727caa2f80557cda658ee940&amp;quot;)&amp;gt;\n\n    @pytest.mark.frameswitch\n    def test_frame2_switch(self, driver_Setup):\n        &amp;quot;&amp;quot;&amp;quot;Test to validate the selected frame&amp;quot;&amp;quot;&amp;quot;\n        driver = driver_Setup\n        driver.get(TestData.url)\n        mainp = MainPage(driver)\n        f_page = IFramePage(driver)\n        mainp.click_alerts_page()\n        f_page.click_frame_menu()\n        f_frame = f_page.get_frame(&amp;quot;frame2&amp;quot;)\n    \n        print(&amp;quot;Width: &amp;quot; + f_frame.get_property(&amp;quot;width&amp;quot;))\n        f_page.go_to_iframe(f_frame)\n&amp;gt;       assert &amp;quot;This is a sample page&amp;quot; in driver.page_source\nE       assert &amp;#x27;This is a sample page&amp;#x27; in &amp;#x27;&amp;lt;html&amp;gt;&amp;lt;head&amp;gt;&amp;lt;meta http-equiv=&amp;quot;origin-trial&amp;quot; content=&amp;quot;A7vZI3v+Gz7JfuRolKNM4Aff6zaGuT7X0mf3wtoZTnKv6497cVMnhy03KDqX7kBz/q/iidW7srW31oQbBt4VhgoAAACUeyJvcmlnaW4iOiJodHRwczovL3d3dy5nb29nbGUuY29tOjQ0MyIsImZlYXR1cmUiOiJEaXNhYmxlVGhpcmRQYXJ0eVN0b3JhZ2VQYXJ0aXRpb25pbmczIiwiZXhwaXJ5IjoxNzU3OTgwODAwLCJpc1N1YmRvbWFpbiI6dHJ1ZSwiaXNUaGlyZFBhcnR5Ijp0cnVlfQ==&amp;quot;&amp;gt;&amp;lt;meta name=&amp;quot;viewport&amp;quot; content=&amp;quot;width=device-width,initial-scale=1&amp;quot;&amp;gt;&amp;lt;script src=&amp;quot;https://securepubads.g.doubleclick.net/pagead/managed/js/gpt/m202506020101/pubads_impl_page_level_ads.js&amp;quot;&amp;gt;&amp;lt;/script&amp;gt;&amp;lt;script type=&amp;quot;text/javascript&amp;quot; async=&amp;quot;&amp;quot; charset=&amp;quot;utf-8&amp;quot; src=&amp;quot;https://www.gstatic.com/recaptcha/releases/GUGrl5YkSwqiWrzO3ShIKDlu/recaptcha__en.js&amp;quot; crossorigin=&amp;quot;anonymous&amp;quot; integrity=&amp;quot;sha384-Pgzxh1AwnkDgbWKtYDFLE/r3ApPn/Q8WuDIGgofHUvDRypiXM2Mes4UTV5JTaDp+&amp;quot;&amp;gt;&amp;lt;/script&amp;gt;&amp;lt;script type=&amp;quot;text/javascript&amp;quot; async=&amp;quot;&amp;quot; src=&amp;quot;https://www.google-analytics.com/analytics.js&amp;quot;&amp;gt;&amp;lt;/script&amp;gt;&amp;lt;script type=&amp;quot;text/javascript&amp;quot; async=&amp;quot;&amp;quot; src=&amp;quot;https://www.googletagmanager.com/gtag/js?id=G-MVRXK93D28&amp;amp;amp;cx=c&amp;amp;amp;gtm=45He5640v855226469za200&amp;amp;amp;tag_exp=101509157~103116026~103200004~103233427~103351869~103351871~104611962~104611964~104661466~104661468&amp;quot;&amp;gt;&amp;lt;/script&amp;gt;&amp;lt;script src=&amp;quot;https://page...21849154601,22343295815/Ad.Plus-300x250-1_0__container__&amp;quot; style=&amp;quot;border: 0pt none; width: 300px; height: 0px;&amp;quot;&amp;gt;&amp;lt;/div&amp;gt;&amp;lt;/div&amp;gt;&amp;lt;div id=&amp;quot;Ad.Plus-300x250-2&amp;quot; style=&amp;quot;margin-bottom: 50px;&amp;quot;&amp;gt;&amp;lt;div id=&amp;quot;google_ads_iframe_/21849154601,22343295815/Ad.Plus-300x250-2_0__container__&amp;quot; style=&amp;quot;border: 0pt none; width: 300px; height: 0px;&amp;quot;&amp;gt;&amp;lt;/div&amp;gt;&amp;lt;/div&amp;gt;&amp;lt;/div&amp;gt;&amp;lt;/div&amp;gt;&amp;lt;/section&amp;gt;&amp;lt;/div&amp;gt;&amp;lt;/div&amp;gt;&amp;lt;/div&amp;gt;&amp;lt;/div&amp;gt;&amp;lt;/div&amp;gt;&amp;lt;footer&amp;gt;&amp;lt;span&amp;gt;\u00a9 2013-2020 TOOLSQA.COM | ALL RIGHTS RESERVED.&amp;lt;/span&amp;gt;&amp;lt;/footer&amp;gt;&amp;lt;/div&amp;gt;&amp;lt;script src=&amp;quot;https://www.google.com/recaptcha/api.js?onload=onloadCallback&amp;amp;amp;render=explicit&amp;quot; async=&amp;quot;&amp;quot; defer=&amp;quot;defer&amp;quot;&amp;gt;&amp;lt;/script&amp;gt;&amp;lt;script src=&amp;quot;/bundle.js&amp;quot;&amp;gt;&amp;lt;/script&amp;gt;&amp;lt;iframe src=&amp;quot;https://ep2.adtrafficquality.google/sodar/sodar2/237/runner.html&amp;quot; width=&amp;quot;0&amp;quot; height=&amp;quot;0&amp;quot; style=&amp;quot;display: none;&amp;quot;&amp;gt;&amp;lt;/iframe&amp;gt;&amp;lt;iframe src=&amp;quot;https://www.google.com/recaptcha/api2/aframe&amp;quot; width=&amp;quot;0&amp;quot; height=&amp;quot;0&amp;quot; style=&amp;quot;display: none;&amp;quot;&amp;gt;&amp;lt;/iframe&amp;gt;&amp;lt;/body&amp;gt;&amp;lt;iframe id=&amp;quot;google_esf&amp;quot; name=&amp;quot;google_esf&amp;quot; src=&amp;quot;https://googleads.g.doubleclick.net/pagead/html/r20250603/r20190131/zrt_lookup_fy2021.html&amp;quot; style=&amp;quot;display: none;&amp;quot;&amp;gt;&amp;lt;/iframe&amp;gt;&amp;lt;iframe name=&amp;quot;goog_topics_frame&amp;quot; src=&amp;quot;https://securepubads.g.doubleclick.net/static/topics/topics_frame.html&amp;quot; style=&amp;quot;display: none;&amp;quot;&amp;gt;&amp;lt;/iframe&amp;gt;&amp;lt;/html&amp;gt;&amp;#x27;\nE        +  where &amp;#x27;&amp;lt;html&amp;gt;&amp;lt;head&amp;gt;&amp;lt;meta http-equiv=&amp;quot;origin-trial&amp;quot; content=&amp;quot;A7vZI3v+Gz7JfuRolKNM4Aff6zaGuT7X0mf3wtoZTnKv6497cVMnhy03KDqX7kBz/q/iidW7srW31oQbBt4VhgoAAACUeyJvcmlnaW4iOiJodHRwczovL3d3dy5nb29nbGUuY29tOjQ0MyIsImZlYXR1cmUiOiJEaXNhYmxlVGhpcmRQYXJ0eVN0b3JhZ2VQYXJ0aXRpb25pbmczIiwiZXhwaXJ5IjoxNzU3OTgwODAwLCJpc1N1YmRvbWFpbiI6dHJ1ZSwiaXNUaGlyZFBhcnR5Ijp0cnVlfQ==&amp;quot;&amp;gt;&amp;lt;meta name=&amp;quot;viewport&amp;quot; content=&amp;quot;width=device-width,initial-scale=1&amp;quot;&amp;gt;&amp;lt;script src=&amp;quot;https://securepubads.g.doubleclick.net/pagead/managed/js/gpt/m202506020101/pubads_impl_page_level_ads.js&amp;quot;&amp;gt;&amp;lt;/script&amp;gt;&amp;lt;script type=&amp;quot;text/javascript&amp;quot; async=&amp;quot;&amp;quot; charset=&amp;quot;utf-8&amp;quot; src=&amp;quot;https://www.gstatic.com/recaptcha/releases/GUGrl5YkSwqiWrzO3ShIKDlu/recaptcha__en.js&amp;quot; crossorigin=&amp;quot;anonymous&amp;quot; integrity=&amp;quot;sha384-Pgzxh1AwnkDgbWKtYDFLE/r3ApPn/Q8WuDIGgofHUvDRypiXM2Mes4UTV5JTaDp+&amp;quot;&amp;gt;&amp;lt;/script&amp;gt;&amp;lt;script type=&amp;quot;text/javascript&amp;quot; async=&amp;quot;&amp;quot; src=&amp;quot;https://www.google-analytics.com/analytics.js&amp;quot;&amp;gt;&amp;lt;/script&amp;gt;&amp;lt;script type=&amp;quot;text/javascript&amp;quot; async=&amp;quot;&amp;quot; src=&amp;quot;https://www.googletagmanager.com/gtag/js?id=G-MVRXK93D28&amp;amp;amp;cx=c&amp;amp;amp;gtm=45He5640v855226469za200&amp;amp;amp;tag_exp=101509157~103116026~103200004~103233427~103351869~103351871~104611962~104611964~104661466~104661468&amp;quot;&amp;gt;&amp;lt;/script&amp;gt;&amp;lt;script src=&amp;quot;https://page...21849154601,22343295815/Ad.Plus-300x250-1_0__container__&amp;quot; style=&amp;quot;border: 0pt none; width: 300px; height: 0px;&amp;quot;&amp;gt;&amp;lt;/div&amp;gt;&amp;lt;/div&amp;gt;&amp;lt;div id=&amp;quot;Ad.Plus-300x250-2&amp;quot; style=&amp;quot;margin-bottom: 50px;&amp;quot;&amp;gt;&amp;lt;div id=&amp;quot;google_ads_iframe_/21849154601,22343295815/Ad.Plus-300x250-2_0__container__&amp;quot; style=&amp;quot;border: 0pt none; width: 300px; height: 0px;&amp;quot;&amp;gt;&amp;lt;/div&amp;gt;&amp;lt;/div&amp;gt;&amp;lt;/div&amp;gt;&amp;lt;/div&amp;gt;&amp;lt;/section&amp;gt;&amp;lt;/div&amp;gt;&amp;lt;/div&amp;gt;&amp;lt;/div&amp;gt;&amp;lt;/div&amp;gt;&amp;lt;/div&amp;gt;&amp;lt;footer&amp;gt;&amp;lt;span&amp;gt;\u00a9 2013-2020 TOOLSQA.COM | ALL RIGHTS RESERVED.&amp;lt;/span&amp;gt;&amp;lt;/footer&amp;gt;&amp;lt;/div&amp;gt;&amp;lt;script src=&amp;quot;https://www.google.com/recaptcha/api.js?onload=onloadCallback&amp;amp;amp;render=explicit&amp;quot; async=&amp;quot;&amp;quot; defer=&amp;quot;defer&amp;quot;&amp;gt;&amp;lt;/script&amp;gt;&amp;lt;script src=&amp;quot;/bundle.js&amp;quot;&amp;gt;&amp;lt;/script&amp;gt;&amp;lt;iframe src=&amp;quot;https://ep2.adtrafficquality.google/sodar/sodar2/237/runner.html&amp;quot; width=&amp;quot;0&amp;quot; height=&amp;quot;0&amp;quot; style=&amp;quot;display: none;&amp;quot;&amp;gt;&amp;lt;/iframe&amp;gt;&amp;lt;iframe src=&amp;quot;https://www.google.com/recaptcha/api2/aframe&amp;quot; width=&amp;quot;0&amp;quot; height=&amp;quot;0&amp;quot; style=&amp;quot;display: none;&amp;quot;&amp;gt;&amp;lt;/iframe&amp;gt;&amp;lt;/body&amp;gt;&amp;lt;iframe id=&amp;quot;google_esf&amp;quot; name=&amp;quot;google_esf&amp;quot; src=&amp;quot;https://googleads.g.doubleclick.net/pagead/html/r20250603/r20190131/zrt_lookup_fy2021.html&amp;quot; style=&amp;quot;display: none;&amp;quot;&amp;gt;&amp;lt;/iframe&amp;gt;&amp;lt;iframe name=&amp;quot;goog_topics_frame&amp;quot; src=&amp;quot;https://securepubads.g.doubleclick.net/static/topics/topics_frame.html&amp;quot; style=&amp;quot;display: none;&amp;quot;&amp;gt;&amp;lt;/iframe&amp;gt;&amp;lt;/html&amp;gt;&amp;#x27; = &amp;lt;selenium.webdriver.chrome.webdriver.WebDriver (session=&amp;quot;bde67f67727caa2f80557cda658ee940&amp;quot;)&amp;gt;.page_source\n\nTests\\test_frames_page.py:38: AssertionError\n\n------------------------------ Captured log setup ------------------------------\nCRITICAL root:file_manager.py:97 File not found : &amp;lt;method-wrapper &amp;#x27;__str__&amp;#x27; of FileNotFoundError object at 0x000002317B5DCAF0&amp;gt;\n&#34;}], &#34;Tests/test_frames_page.py::Test_frames_page::test_prompt_alert[chrome]&#34;: [{&#34;extras&#34;: [], &#34;result&#34;: &#34;Passed&#34;, &#34;testId&#34;: &#34;Tests/test_frames_page.py::Test_frames_page::test_prompt_alert[chrome]&#34;, &#34;duration&#34;: &#34;761 ms&#34;, &#34;resultsTableRow&#34;: [&#34;&lt;td class=\&#34;col-result\&#34;&gt;Passed&lt;/td&gt;&#34;, &#34;&lt;td class=\&#34;col-testId\&#34;&gt;Tests/test_frames_page.py::Test_frames_page::test_prompt_alert[chrome]&lt;/td&gt;&#34;, &#34;&lt;td class=\&#34;col-duration\&#34;&gt;761 ms&lt;/td&gt;&#34;, &#34;&lt;td class=\&#34;col-links\&#34;&gt;&lt;/td&gt;&#34;], &#34;log&#34;: &#34;[gw3] win32 -- Python 3.13.3 C:\\Users\\amigo\\AppData\\Local\\Programs\\Python\\Python313\\python.exe\n&#34;}], &#34;Tests/Test_window_switch.py::Test_window_page::test_new_tab[chrome]&#34;: [{&#34;extras&#34;: [], &#34;result&#34;: &#34;Passed&#34;, &#34;testId&#34;: &#34;Tests/Test_window_switch.py::Test_window_page::test_new_tab[chrome]&#34;, &#34;duration&#34;: &#34;00:02:01&#34;, &#34;resultsTableRow&#34;: [&#34;&lt;td class=\&#34;col-result\&#34;&gt;Passed&lt;/td&gt;&#34;, &#34;&lt;td class=\&#34;col-testId\&#34;&gt;Tests/Test_window_switch.py::Test_window_page::test_new_tab[chrome]&lt;/td&gt;&#34;, &#34;&lt;td class=\&#34;col-duration\&#34;&gt;00:02:01&lt;/td&gt;&#34;, &#34;&lt;td class=\&#34;col-links\&#34;&gt;&lt;/td&gt;&#34;], &#34;log&#34;: &#34;[gw2] win32 -- Python 3.13.3 C:\\Users\\amigo\\AppData\\Local\\Programs\\Python\\Python313\\python.exe\n\n------------------------------ Captured log setup ------------------------------\nCRITICAL root:file_manager.py:97 File not found : &amp;lt;method-wrapper &amp;#x27;__str__&amp;#x27; of FileNotFoundError object at 0x0000025A736F2050&amp;gt;\n&#34;}], &#34;Tests/test_frames_page.py::Test_frames_page::test_confirm_alert[chrome]&#34;: [{&#34;extras&#34;: [], &#34;result&#34;: &#34;Passed&#34;, &#34;testId&#34;: &#34;Tests/test_frames_page.py::Test_frames_page::test_confirm_alert[chrome]&#34;, &#34;duration&#34;: &#34;00:00:06&#34;, &#34;resultsTableRow&#34;: [&#34;&lt;td class=\&#34;col-result\&#34;&gt;Passed&lt;/td&gt;&#34;, &#34;&lt;td class=\&#34;col-testId\&#34;&gt;Tests/test_frames_page.py::Test_frames_page::test_confirm_alert[chrome]&lt;/td&gt;&#34;, &#34;&lt;td class=\&#34;col-duration\&#34;&gt;00:00:06&lt;/td&gt;&#34;, &#34;&lt;td class=\&#34;col-links\&#34;&gt;&lt;/td&gt;&#34;], &#34;log&#34;: &#34;[gw2] win32 -- Python 3.13.3 C:\\Users\\amigo\\AppData\\Local\\Programs\\Python\\Python313\\python.exe\n\n------------------------------ Captured log setup ------------------------------\nCRITICAL root:file_manager.py:97 File not found : &amp;lt;method-wrapper &amp;#x27;__str__&amp;#x27; of FileNotFoundError object at 0x0000025A725B08B0&amp;gt;\n&#34;}]}, &#34;renderCollapsed&#34;: [&#34;passed&#34;], &#34;initialSort&#34;: &#34;result&#34;, &#34;title&#34;: &#34;fulltestReport.html&#34;}"></div>
    <script>
      (function(){function r(e,n,t){function o(i,f){if(!n[i]){if(!e[i]){var c="function"==typeof require&&require;if(!f&&c)return c(i,!0);if(u)return u(i,!0);var a=new Error("Cannot find module '"+i+"'");throw a.code="MODULE_NOT_FOUND",a}var p=n[i]={exports:{}};e[i][0].call(p.exports,function(r){var n=e[i][1][r];return o(n||r)},p,p.exports,r,e,n,t)}return n[i].exports}for(var u="function"==typeof require&&require,i=0;i<t.length;i++)o(t[i]);return o}return r})()({1:[function(require,module,exports){
const { getCollapsedCategory, setCollapsedIds } = require('./storage.js')

class DataManager {
    setManager(data) {
        const collapsedCategories = [...getCollapsedCategory(data.renderCollapsed)]
        const collapsedIds = []
        const tests = Object.values(data.tests).flat().map((test, index) => {
            const collapsed = collapsedCategories.includes(test.result.toLowerCase())
            const id = `test_${index}`
            if (collapsed) {
                collapsedIds.push(id)
            }
            return {
                ...test,
                id,
                collapsed,
            }
        })
        const dataBlob = { ...data, tests }
        this.data = { ...dataBlob }
        this.renderData = { ...dataBlob }
        setCollapsedIds(collapsedIds)
    }

    get allData() {
        return { ...this.data }
    }

    resetRender() {
        this.renderData = { ...this.data }
    }

    setRender(data) {
        this.renderData.tests = [...data]
    }

    toggleCollapsedItem(id) {
        this.renderData.tests = this.renderData.tests.map((test) =>
            test.id === id ? { ...test, collapsed: !test.collapsed } : test,
        )
    }

    set allCollapsed(collapsed) {
        this.renderData = { ...this.renderData, tests: [...this.renderData.tests.map((test) => (
            { ...test, collapsed }
        ))] }
    }

    get testSubset() {
        return [...this.renderData.tests]
    }

    get environment() {
        return this.renderData.environment
    }

    get initialSort() {
        return this.data.initialSort
    }
}

module.exports = {
    manager: new DataManager(),
}

},{"./storage.js":8}],2:[function(require,module,exports){
const mediaViewer = require('./mediaviewer.js')
const templateEnvRow = document.getElementById('template_environment_row')
const templateResult = document.getElementById('template_results-table__tbody')

function htmlToElements(html) {
    const temp = document.createElement('template')
    temp.innerHTML = html
    return temp.content.childNodes
}

const find = (selector, elem) => {
    if (!elem) {
        elem = document
    }
    return elem.querySelector(selector)
}

const findAll = (selector, elem) => {
    if (!elem) {
        elem = document
    }
    return [...elem.querySelectorAll(selector)]
}

const dom = {
    getStaticRow: (key, value) => {
        const envRow = templateEnvRow.content.cloneNode(true)
        const isObj = typeof value === 'object' && value !== null
        const values = isObj ? Object.keys(value).map((k) => `${k}: ${value[k]}`) : null

        const valuesElement = htmlToElements(
            values ? `<ul>${values.map((val) => `<li>${val}</li>`).join('')}<ul>` : `<div>${value}</div>`)[0]
        const td = findAll('td', envRow)
        td[0].textContent = key
        td[1].appendChild(valuesElement)

        return envRow
    },
    getResultTBody: ({ testId, id, log, extras, resultsTableRow, tableHtml, result, collapsed }) => {
        const resultBody = templateResult.content.cloneNode(true)
        resultBody.querySelector('tbody').classList.add(result.toLowerCase())
        resultBody.querySelector('tbody').id = testId
        resultBody.querySelector('.collapsible').dataset.id = id

        resultsTableRow.forEach((html) => {
            const t = document.createElement('template')
            t.innerHTML = html
            resultBody.querySelector('.collapsible').appendChild(t.content)
        })

        if (log) {
            // Wrap lines starting with "E" with span.error to color those lines red
            const wrappedLog = log.replace(/^E.*$/gm, (match) => `<span class="error">${match}</span>`)
            resultBody.querySelector('.log').innerHTML = wrappedLog
        } else {
            resultBody.querySelector('.log').remove()
        }

        if (collapsed) {
            resultBody.querySelector('.collapsible > td')?.classList.add('collapsed')
            resultBody.querySelector('.extras-row').classList.add('hidden')
        } else {
            resultBody.querySelector('.collapsible > td')?.classList.remove('collapsed')
        }

        const media = []
        extras?.forEach(({ name, format_type, content }) => {
            if (['image', 'video'].includes(format_type)) {
                media.push({ path: content, name, format_type })
            }

            if (format_type === 'html') {
                resultBody.querySelector('.extraHTML').insertAdjacentHTML('beforeend', `<div>${content}</div>`)
            }
        })
        mediaViewer.setup(resultBody, media)

        // Add custom html from the pytest_html_results_table_html hook
        tableHtml?.forEach((item) => {
            resultBody.querySelector('td[class="extra"]').insertAdjacentHTML('beforeend', item)
        })

        return resultBody
    },
}

module.exports = {
    dom,
    htmlToElements,
    find,
    findAll,
}

},{"./mediaviewer.js":6}],3:[function(require,module,exports){
const { manager } = require('./datamanager.js')
const { doSort } = require('./sort.js')
const storageModule = require('./storage.js')

const getFilteredSubSet = (filter) =>
    manager.allData.tests.filter(({ result }) => filter.includes(result.toLowerCase()))

const doInitFilter = () => {
    const currentFilter = storageModule.getVisible()
    const filteredSubset = getFilteredSubSet(currentFilter)
    manager.setRender(filteredSubset)
}

const doFilter = (type, show) => {
    if (show) {
        storageModule.showCategory(type)
    } else {
        storageModule.hideCategory(type)
    }

    const currentFilter = storageModule.getVisible()
    const filteredSubset = getFilteredSubSet(currentFilter)
    manager.setRender(filteredSubset)

    const sortColumn = storageModule.getSort()
    doSort(sortColumn, true)
}

module.exports = {
    doFilter,
    doInitFilter,
}

},{"./datamanager.js":1,"./sort.js":7,"./storage.js":8}],4:[function(require,module,exports){
const { redraw, bindEvents, renderStatic } = require('./main.js')
const { doInitFilter } = require('./filter.js')
const { doInitSort } = require('./sort.js')
const { manager } = require('./datamanager.js')
const data = JSON.parse(document.getElementById('data-container').dataset.jsonblob)

function init() {
    manager.setManager(data)
    doInitFilter()
    doInitSort()
    renderStatic()
    redraw()
    bindEvents()
}

init()

},{"./datamanager.js":1,"./filter.js":3,"./main.js":5,"./sort.js":7}],5:[function(require,module,exports){
const { dom, find, findAll } = require('./dom.js')
const { manager } = require('./datamanager.js')
const { doSort } = require('./sort.js')
const { doFilter } = require('./filter.js')
const {
    getVisible,
    getCollapsedIds,
    setCollapsedIds,
    getSort,
    getSortDirection,
    possibleFilters,
} = require('./storage.js')

const removeChildren = (node) => {
    while (node.firstChild) {
        node.removeChild(node.firstChild)
    }
}

const renderStatic = () => {
    const renderEnvironmentTable = () => {
        const environment = manager.environment
        const rows = Object.keys(environment).map((key) => dom.getStaticRow(key, environment[key]))
        const table = document.getElementById('environment')
        removeChildren(table)
        rows.forEach((row) => table.appendChild(row))
    }
    renderEnvironmentTable()
}

const addItemToggleListener = (elem) => {
    elem.addEventListener('click', ({ target }) => {
        const id = target.parentElement.dataset.id
        manager.toggleCollapsedItem(id)

        const collapsedIds = getCollapsedIds()
        if (collapsedIds.includes(id)) {
            const updated = collapsedIds.filter((item) => item !== id)
            setCollapsedIds(updated)
        } else {
            collapsedIds.push(id)
            setCollapsedIds(collapsedIds)
        }
        redraw()
    })
}

const renderContent = (tests) => {
    const sortAttr = getSort(manager.initialSort)
    const sortAsc = JSON.parse(getSortDirection())
    const rows = tests.map(dom.getResultTBody)
    const table = document.getElementById('results-table')
    const tableHeader = document.getElementById('results-table-head')

    const newTable = document.createElement('table')
    newTable.id = 'results-table'

    // remove all sorting classes and set the relevant
    findAll('.sortable', tableHeader).forEach((elem) => elem.classList.remove('asc', 'desc'))
    tableHeader.querySelector(`.sortable[data-column-type="${sortAttr}"]`)?.classList.add(sortAsc ? 'desc' : 'asc')
    newTable.appendChild(tableHeader)

    if (!rows.length) {
        const emptyTable = document.getElementById('template_results-table__body--empty').content.cloneNode(true)
        newTable.appendChild(emptyTable)
    } else {
        rows.forEach((row) => {
            if (!!row) {
                findAll('.collapsible td:not(.col-links', row).forEach(addItemToggleListener)
                find('.logexpander', row).addEventListener('click',
                    (evt) => evt.target.parentNode.classList.toggle('expanded'),
                )
                newTable.appendChild(row)
            }
        })
    }

    table.replaceWith(newTable)
}

const renderDerived = () => {
    const currentFilter = getVisible()
    possibleFilters.forEach((result) => {
        const input = document.querySelector(`input[data-test-result="${result}"]`)
        input.checked = currentFilter.includes(result)
    })
}

const bindEvents = () => {
    const filterColumn = (evt) => {
        const { target: element } = evt
        const { testResult } = element.dataset

        doFilter(testResult, element.checked)
        const collapsedIds = getCollapsedIds()
        const updated = manager.renderData.tests.map((test) => {
            return {
                ...test,
                collapsed: collapsedIds.includes(test.id),
            }
        })
        manager.setRender(updated)
        redraw()
    }

    const header = document.getElementById('environment-header')
    header.addEventListener('click', () => {
        const table = document.getElementById('environment')
        table.classList.toggle('hidden')
        header.classList.toggle('collapsed')
    })

    findAll('input[name="filter_checkbox"]').forEach((elem) => {
        elem.addEventListener('click', filterColumn)
    })

    findAll('.sortable').forEach((elem) => {
        elem.addEventListener('click', (evt) => {
            const { target: element } = evt
            const { columnType } = element.dataset
            doSort(columnType)
            redraw()
        })
    })

    document.getElementById('show_all_details').addEventListener('click', () => {
        manager.allCollapsed = false
        setCollapsedIds([])
        redraw()
    })
    document.getElementById('hide_all_details').addEventListener('click', () => {
        manager.allCollapsed = true
        const allIds = manager.renderData.tests.map((test) => test.id)
        setCollapsedIds(allIds)
        redraw()
    })
}

const redraw = () => {
    const { testSubset } = manager

    renderContent(testSubset)
    renderDerived()
}

module.exports = {
    redraw,
    bindEvents,
    renderStatic,
}

},{"./datamanager.js":1,"./dom.js":2,"./filter.js":3,"./sort.js":7,"./storage.js":8}],6:[function(require,module,exports){
class MediaViewer {
    constructor(assets) {
        this.assets = assets
        this.index = 0
    }

    nextActive() {
        this.index = this.index === this.assets.length - 1 ? 0 : this.index + 1
        return [this.activeFile, this.index]
    }

    prevActive() {
        this.index = this.index === 0 ? this.assets.length - 1 : this.index -1
        return [this.activeFile, this.index]
    }

    get currentIndex() {
        return this.index
    }

    get activeFile() {
        return this.assets[this.index]
    }
}


const setup = (resultBody, assets) => {
    if (!assets.length) {
        resultBody.querySelector('.media').classList.add('hidden')
        return
    }

    const mediaViewer = new MediaViewer(assets)
    const container = resultBody.querySelector('.media-container')
    const leftArrow = resultBody.querySelector('.media-container__nav--left')
    const rightArrow = resultBody.querySelector('.media-container__nav--right')
    const mediaName = resultBody.querySelector('.media__name')
    const counter = resultBody.querySelector('.media__counter')
    const imageEl = resultBody.querySelector('img')
    const sourceEl = resultBody.querySelector('source')
    const videoEl = resultBody.querySelector('video')

    const setImg = (media, index) => {
        if (media?.format_type === 'image') {
            imageEl.src = media.path

            imageEl.classList.remove('hidden')
            videoEl.classList.add('hidden')
        } else if (media?.format_type === 'video') {
            sourceEl.src = media.path

            videoEl.classList.remove('hidden')
            imageEl.classList.add('hidden')
        }

        mediaName.innerText = media?.name
        counter.innerText = `${index + 1} / ${assets.length}`
    }
    setImg(mediaViewer.activeFile, mediaViewer.currentIndex)

    const moveLeft = () => {
        const [media, index] = mediaViewer.prevActive()
        setImg(media, index)
    }
    const doRight = () => {
        const [media, index] = mediaViewer.nextActive()
        setImg(media, index)
    }
    const openImg = () => {
        window.open(mediaViewer.activeFile.path, '_blank')
    }
    if (assets.length === 1) {
        container.classList.add('media-container--fullscreen')
    } else {
        leftArrow.addEventListener('click', moveLeft)
        rightArrow.addEventListener('click', doRight)
    }
    imageEl.addEventListener('click', openImg)
}

module.exports = {
    setup,
}

},{}],7:[function(require,module,exports){
const { manager } = require('./datamanager.js')
const storageModule = require('./storage.js')

const genericSort = (list, key, ascending, customOrder) => {
    let sorted
    if (customOrder) {
        sorted = list.sort((a, b) => {
            const aValue = a.result.toLowerCase()
            const bValue = b.result.toLowerCase()

            const aIndex = customOrder.findIndex((item) => item.toLowerCase() === aValue)
            const bIndex = customOrder.findIndex((item) => item.toLowerCase() === bValue)

            // Compare the indices to determine the sort order
            return aIndex - bIndex
        })
    } else {
        sorted = list.sort((a, b) => a[key] === b[key] ? 0 : a[key] > b[key] ? 1 : -1)
    }

    if (ascending) {
        sorted.reverse()
    }
    return sorted
}

const durationSort = (list, ascending) => {
    const parseDuration = (duration) => {
        if (duration.includes(':')) {
            // If it's in the format "HH:mm:ss"
            const [hours, minutes, seconds] = duration.split(':').map(Number)
            return (hours * 3600 + minutes * 60 + seconds) * 1000
        } else {
            // If it's in the format "nnn ms"
            return parseInt(duration)
        }
    }
    const sorted = list.sort((a, b) => parseDuration(a['duration']) - parseDuration(b['duration']))
    if (ascending) {
        sorted.reverse()
    }
    return sorted
}

const doInitSort = () => {
    const type = storageModule.getSort(manager.initialSort)
    const ascending = storageModule.getSortDirection()
    const list = manager.testSubset
    const initialOrder = ['Error', 'Failed', 'Rerun', 'XFailed', 'XPassed', 'Skipped', 'Passed']

    storageModule.setSort(type)
    storageModule.setSortDirection(ascending)

    if (type?.toLowerCase() === 'original') {
        manager.setRender(list)
    } else {
        let sortedList
        switch (type) {
        case 'duration':
            sortedList = durationSort(list, ascending)
            break
        case 'result':
            sortedList = genericSort(list, type, ascending, initialOrder)
            break
        default:
            sortedList = genericSort(list, type, ascending)
            break
        }
        manager.setRender(sortedList)
    }
}

const doSort = (type, skipDirection) => {
    const newSortType = storageModule.getSort(manager.initialSort) !== type
    const currentAsc = storageModule.getSortDirection()
    let ascending
    if (skipDirection) {
        ascending = currentAsc
    } else {
        ascending = newSortType ? false : !currentAsc
    }
    storageModule.setSort(type)
    storageModule.setSortDirection(ascending)

    const list = manager.testSubset
    const sortedList = type === 'duration' ? durationSort(list, ascending) : genericSort(list, type, ascending)
    manager.setRender(sortedList)
}

module.exports = {
    doInitSort,
    doSort,
}

},{"./datamanager.js":1,"./storage.js":8}],8:[function(require,module,exports){
const possibleFilters = [
    'passed',
    'skipped',
    'failed',
    'error',
    'xfailed',
    'xpassed',
    'rerun',
]

const getVisible = () => {
    const url = new URL(window.location.href)
    const settings = new URLSearchParams(url.search).get('visible')
    const lower = (item) => {
        const lowerItem = item.toLowerCase()
        if (possibleFilters.includes(lowerItem)) {
            return lowerItem
        }
        return null
    }
    return settings === null ?
        possibleFilters :
        [...new Set(settings?.split(',').map(lower).filter((item) => item))]
}

const hideCategory = (categoryToHide) => {
    const url = new URL(window.location.href)
    const visibleParams = new URLSearchParams(url.search).get('visible')
    const currentVisible = visibleParams ? visibleParams.split(',') : [...possibleFilters]
    const settings = [...new Set(currentVisible)].filter((f) => f !== categoryToHide).join(',')

    url.searchParams.set('visible', settings)
    window.history.pushState({}, null, unescape(url.href))
}

const showCategory = (categoryToShow) => {
    if (typeof window === 'undefined') {
        return
    }
    const url = new URL(window.location.href)
    const currentVisible = new URLSearchParams(url.search).get('visible')?.split(',').filter(Boolean) ||
        [...possibleFilters]
    const settings = [...new Set([categoryToShow, ...currentVisible])]
    const noFilter = possibleFilters.length === settings.length || !settings.length

    noFilter ? url.searchParams.delete('visible') : url.searchParams.set('visible', settings.join(','))
    window.history.pushState({}, null, unescape(url.href))
}

const getSort = (initialSort) => {
    const url = new URL(window.location.href)
    let sort = new URLSearchParams(url.search).get('sort')
    if (!sort) {
        sort = initialSort || 'result'
    }
    return sort
}

const setSort = (type) => {
    const url = new URL(window.location.href)
    url.searchParams.set('sort', type)
    window.history.pushState({}, null, unescape(url.href))
}

const getCollapsedCategory = (renderCollapsed) => {
    let categories
    if (typeof window !== 'undefined') {
        const url = new URL(window.location.href)
        const collapsedItems = new URLSearchParams(url.search).get('collapsed')
        switch (true) {
        case !renderCollapsed && collapsedItems === null:
            categories = ['passed']
            break
        case collapsedItems?.length === 0 || /^["']{2}$/.test(collapsedItems):
            categories = []
            break
        case /^all$/.test(collapsedItems) || collapsedItems === null && /^all$/.test(renderCollapsed):
            categories = [...possibleFilters]
            break
        default:
            categories = collapsedItems?.split(',').map((item) => item.toLowerCase()) || renderCollapsed
            break
        }
    } else {
        categories = []
    }
    return categories
}

const getSortDirection = () => JSON.parse(sessionStorage.getItem('sortAsc')) || false
const setSortDirection = (ascending) => sessionStorage.setItem('sortAsc', ascending)

const getCollapsedIds = () => JSON.parse(sessionStorage.getItem('collapsedIds')) || []
const setCollapsedIds = (list) => sessionStorage.setItem('collapsedIds', JSON.stringify(list))

module.exports = {
    getVisible,
    hideCategory,
    showCategory,
    getCollapsedIds,
    setCollapsedIds,
    getSort,
    setSort,
    getSortDirection,
    setSortDirection,
    getCollapsedCategory,
    possibleFilters,
}

},{}]},{},[4]);
    </script>
  </footer>
</html>