<!DOCTYPE html>
<html>
  <head>
    <meta charset="utf-8"/>
    <title id="head-title">fulltestJune09_2.html</title>
      <link href="assets\style.css" rel="stylesheet" type="text/css"/>
  </head>
  <body>
    <h1 id="title">fulltestJune09_2.html</h1>
    <p>Report generated on 09-Jun-2025 at 08:06:52 by <a href="https://pypi.python.org/pypi/pytest-html">pytest-html</a>
        v4.1.1</p>
    <div id="environment-header">
      <h2>Environment</h2>
    </div>
    <table id="environment"></table>
    <!-- TEMPLATES -->
      <template id="template_environment_row">
      <tr>
        <td></td>
        <td></td>
      </tr>
    </template>
    <template id="template_results-table__body--empty">
      <tbody class="results-table-row">
        <tr id="not-found-message">
          <td colspan="4">No results found. Check the filters.</th>
        </tr>
    </template>
    <template id="template_results-table__tbody">
      <tbody class="results-table-row">
        <tr class="collapsible">
        </tr>
        <tr class="extras-row">
          <td class="extra" colspan="4">
            <div class="extraHTML"></div>
            <div class="media">
              <div class="media-container">
                  <div class="media-container__nav--left"><</div>
                  <div class="media-container__viewport">
                    <img src="" />
                    <video controls>
                      <source src="" type="video/mp4">
                    </video>
                  </div>
                  <div class="media-container__nav--right">></div>
                </div>
                <div class="media__name"></div>
                <div class="media__counter"></div>
            </div>
            <div class="logwrapper">
              <div class="logexpander"></div>
              <div class="log"></div>
            </div>
          </td>
        </tr>
      </tbody>
    </template>
    <!-- END TEMPLATES -->
    <div class="summary">
      <div class="summary__data">
        <h2>Summary</h2>
        <div class="additional-summary prefix">
        </div>
        <p class="run-count">35 tests took 00:38:01.</p>
        <p class="filter">(Un)check the boxes to filter the results.</p>
        <div class="summary__reload">
          <div class="summary__reload__button hidden" onclick="location.reload()">
            <div>There are still tests running. <br />Reload this page to get the latest results!</div>
          </div>
        </div>
        <div class="summary__spacer"></div>
        <div class="controls">
          <div class="filters">
            <input checked="true" class="filter" name="filter_checkbox" type="checkbox" data-test-result="failed" />
            <span class="failed">30 Failed,</span>
            <input checked="true" class="filter" name="filter_checkbox" type="checkbox" data-test-result="passed" />
            <span class="passed">5 Passed,</span>
            <input checked="true" class="filter" name="filter_checkbox" type="checkbox" data-test-result="skipped" />
            <span class="skipped">1 Skipped,</span>
            <input checked="true" class="filter" name="filter_checkbox" type="checkbox" data-test-result="xfailed" disabled/>
            <span class="xfailed">0 Expected failures,</span>
            <input checked="true" class="filter" name="filter_checkbox" type="checkbox" data-test-result="xpassed" disabled/>
            <span class="xpassed">0 Unexpected passes,</span>
            <input checked="true" class="filter" name="filter_checkbox" type="checkbox" data-test-result="error" />
            <span class="error">2 Errors,</span>
            <input checked="true" class="filter" name="filter_checkbox" type="checkbox" data-test-result="rerun" disabled/>
            <span class="rerun">0 Reruns</span>
          </div>
          <div class="collapse">
            <button id="show_all_details">Show all details</button>&nbsp;/&nbsp;<button id="hide_all_details">Hide all details</button>
          </div>
        </div>
      </div>
      <div class="additional-summary summary">
      </div>
      <div class="additional-summary postfix">
      </div>
    </div>
    <table id="results-table">
      <thead id="results-table-head">
        <tr>
          <th class="sortable" data-column-type="result">Result</th>
          <th class="sortable" data-column-type="testId">Test</th>
          <th class="sortable" data-column-type="duration">Duration</th>
          <th>Links</th>
        </tr>
      </thead>
    </table>
  </body>
  <footer>
    <div id="data-container" data-jsonblob="{&#34;environment&#34;: {&#34;Python&#34;: &#34;3.13.3&#34;, &#34;Platform&#34;: &#34;Windows-11-10.0.26100-SP0&#34;, &#34;Packages&#34;: {&#34;pytest&#34;: &#34;8.3.5&#34;, &#34;pluggy&#34;: &#34;1.5.0&#34;}, &#34;Plugins&#34;: {&#34;anyio&#34;: &#34;4.9.0&#34;, &#34;langsmith&#34;: &#34;0.3.42&#34;, &#34;dependency&#34;: &#34;0.6.0&#34;, &#34;html&#34;: &#34;4.1.1&#34;, &#34;metadata&#34;: &#34;3.1.1&#34;, &#34;order&#34;: &#34;1.3.0&#34;, &#34;xdist&#34;: &#34;3.6.1&#34;}, &#34;JAVA_HOME&#34;: &#34;C:\\Program Files\\Java\\jdk-21&#34;}, &#34;tests&#34;: {&#34;Tests/Test_ElementsPage.py::Test_ElementsPage::test_elementstitle[chrome]&#34;: [{&#34;extras&#34;: [], &#34;result&#34;: &#34;Passed&#34;, &#34;testId&#34;: &#34;Tests/Test_ElementsPage.py::Test_ElementsPage::test_elementstitle[chrome]&#34;, &#34;duration&#34;: &#34;00:00:49&#34;, &#34;resultsTableRow&#34;: [&#34;&lt;td class=\&#34;col-result\&#34;&gt;Passed&lt;/td&gt;&#34;, &#34;&lt;td class=\&#34;col-testId\&#34;&gt;Tests/Test_ElementsPage.py::Test_ElementsPage::test_elementstitle[chrome]&lt;/td&gt;&#34;, &#34;&lt;td class=\&#34;col-duration\&#34;&gt;00:00:49&lt;/td&gt;&#34;, &#34;&lt;td class=\&#34;col-links\&#34;&gt;&lt;/td&gt;&#34;], &#34;log&#34;: &#34;[gw0] win32 -- Python 3.13.3 C:\\Users\\amigo\\AppData\\Local\\Programs\\Python\\Python313\\python.exe\n\n------------------------------ Captured log setup ------------------------------\nCRITICAL root:file_manager.py:97 File not found : &amp;lt;method-wrapper &amp;#x27;__str__&amp;#x27; of FileNotFoundError object at 0x0000026FD2542F80&amp;gt;\n&#34;}], &#34;Tests/Test_ElementsPage.py::Test_ElementsPage::test_elementsmenu_count[chrome]&#34;: [{&#34;extras&#34;: [], &#34;result&#34;: &#34;Failed&#34;, &#34;testId&#34;: &#34;Tests/Test_ElementsPage.py::Test_ElementsPage::test_elementsmenu_count[chrome]&#34;, &#34;duration&#34;: &#34;00:00:12&#34;, &#34;resultsTableRow&#34;: [&#34;&lt;td class=\&#34;col-result\&#34;&gt;Failed&lt;/td&gt;&#34;, &#34;&lt;td class=\&#34;col-testId\&#34;&gt;Tests/Test_ElementsPage.py::Test_ElementsPage::test_elementsmenu_count[chrome]&lt;/td&gt;&#34;, &#34;&lt;td class=\&#34;col-duration\&#34;&gt;00:00:12&lt;/td&gt;&#34;, &#34;&lt;td class=\&#34;col-links\&#34;&gt;&lt;/td&gt;&#34;], &#34;log&#34;: &#34;[gw0] win32 -- Python 3.13.3 C:\\Users\\amigo\\AppData\\Local\\Programs\\Python\\Python313\\python.exe\n\nself = &amp;lt;Test_ElementsPage.Test_ElementsPage object at 0x0000026FD24DF750&amp;gt;\ndriver_Setup = &amp;lt;selenium.webdriver.chrome.webdriver.WebDriver (session=&amp;quot;088a7e99d1c30f6ba8499cf795df9af1&amp;quot;)&amp;gt;\n\n    @pytest.mark.ElementsMenu\n    def test_elementsmenu_count(self,driver_Setup):\n        &amp;quot;&amp;quot;&amp;quot;Test Elements page elements&amp;quot;&amp;quot;&amp;quot;\n        driver = driver_Setup\n        driver.get(TestData.url)\n        mainp = MainPage(driver)\n        elements_page = ElementsPage(driver)\n        mainp.click_elements_page()\n&amp;gt;       list_menu = elements_page.get_menu_list_elements()\n\nTests\\Test_ElementsPage.py:31: \n_ _ _ _ _ _ _ _ _ _ _ _ _ _ _ _ _ _ _ _ _ _ _ _ _ _ _ _ _ _ _ _ _ _ _ _ _ _ _ _ _ _ _ _ _ _ _ _ _ _ _ _ _ _ _ _ _ _ _ _ _ _ _\nPages\\Elements_Page.py:32: in get_menu_list_elements\n    return self.get_element_list(self.menu_list_elements)\nPages\\BasePage.py:150: in get_element_list\n    return self.wait.until(EC.visibility_of_all_elements_located(elements))\n_ _ _ _ _ _ _ _ _ _ _ _ _ _ _ _ _ _ _ _ _ _ _ _ _ _ _ _ _ _ _ _ _ _ _ _ _ _ _ _ _ _ _ _ _ _ _ _ _ _ _ _ _ _ _ _ _ _ _ _ _ _ _\n\nself = &amp;lt;selenium.webdriver.support.wait.WebDriverWait (session=&amp;quot;088a7e99d1c30f6ba8499cf795df9af1&amp;quot;)&amp;gt;\nmethod = &amp;lt;function visibility_of_all_elements_located.&amp;lt;locals&amp;gt;._predicate at 0x0000026FD25FD440&amp;gt;, message = &amp;#x27;&amp;#x27;\n\n    def until(self, method: Callable[[D], Union[Literal[False], T]], message: str = &amp;quot;&amp;quot;) -&amp;gt; T:\n        &amp;quot;&amp;quot;&amp;quot;Wait until the method returns a value that is not False.\n    \n        Calls the method provided with the driver as an argument until the\n        return value does not evaluate to ``False``.\n    \n        Parameters:\n        -----------\n        method: callable(WebDriver)\n            - A callable object that takes a WebDriver instance as an argument.\n    \n        message: str\n            - Optional message for :exc:`TimeoutException`\n    \n        Return:\n        -------\n        object: T\n            - The result of the last call to `method`\n    \n        Raises:\n        -------\n        TimeoutException\n            - If &amp;#x27;method&amp;#x27; does not return a truthy value within the WebDriverWait\n            object&amp;#x27;s timeout\n    \n        Example:\n        --------\n        &amp;gt;&amp;gt;&amp;gt; from selenium.webdriver.common.by import By\n        &amp;gt;&amp;gt;&amp;gt; from selenium.webdriver.support.ui import WebDriverWait\n        &amp;gt;&amp;gt;&amp;gt; from selenium.webdriver.support import expected_conditions as EC\n    \n        # Wait until an element is visible on the page\n        &amp;gt;&amp;gt;&amp;gt; wait = WebDriverWait(driver, 10)\n        &amp;gt;&amp;gt;&amp;gt; element = wait.until(EC.visibility_of_element_located((By.ID, &amp;quot;exampleId&amp;quot;)))\n        &amp;gt;&amp;gt;&amp;gt; print(element.text)\n        &amp;quot;&amp;quot;&amp;quot;\n        screen = None\n        stacktrace = None\n    \n        end_time = time.monotonic() + self._timeout\n        while True:\n            try:\n                value = method(self._driver)\n                if value:\n                    return value\n            except self._ignored_exceptions as exc:\n                screen = getattr(exc, &amp;quot;screen&amp;quot;, None)\n                stacktrace = getattr(exc, &amp;quot;stacktrace&amp;quot;, None)\n            if time.monotonic() &amp;gt; end_time:\n                break\n            time.sleep(self._poll)\n&amp;gt;       raise TimeoutException(message, screen, stacktrace)\nE       selenium.common.exceptions.TimeoutException: Message:\n\n..\\..\\..\\AppData\\Local\\Programs\\Python\\Python313\\Lib\\site-packages\\selenium\\webdriver\\support\\wait.py:146: TimeoutException\n&#34;}], &#34;Tests/Test_ElementsPage.py::Test_ElementsPage::test_check_box_forms[chrome]&#34;: [{&#34;extras&#34;: [], &#34;result&#34;: &#34;Failed&#34;, &#34;testId&#34;: &#34;Tests/Test_ElementsPage.py::Test_ElementsPage::test_check_box_forms[chrome]&#34;, &#34;duration&#34;: &#34;00:01:04&#34;, &#34;resultsTableRow&#34;: [&#34;&lt;td class=\&#34;col-result\&#34;&gt;Failed&lt;/td&gt;&#34;, &#34;&lt;td class=\&#34;col-testId\&#34;&gt;Tests/Test_ElementsPage.py::Test_ElementsPage::test_check_box_forms[chrome]&lt;/td&gt;&#34;, &#34;&lt;td class=\&#34;col-duration\&#34;&gt;00:01:04&lt;/td&gt;&#34;, &#34;&lt;td class=\&#34;col-links\&#34;&gt;&lt;/td&gt;&#34;], &#34;log&#34;: &#34;[gw2] win32 -- Python 3.13.3 C:\\Users\\amigo\\AppData\\Local\\Programs\\Python\\Python313\\python.exe\n\nself = &amp;lt;Test_ElementsPage.Test_ElementsPage object at 0x0000020A6A98B0B0&amp;gt;\ndriver_Setup = &amp;lt;selenium.webdriver.chrome.webdriver.WebDriver (session=&amp;quot;e58710da02caf4b42f8bcaffb96d6c2b&amp;quot;)&amp;gt;\n\n    @pytest.mark.checkBoxTitle\n    def test_check_box_forms(self,driver_Setup):\n        &amp;quot;&amp;quot;&amp;quot;Test check box form for Text box fields&amp;quot;&amp;quot;&amp;quot;\n        driver = driver_Setup\n        driver.get(TestData.url)\n        mainp = MainPage(driver)\n        elements_page = ElementsPage(driver)\n        checkBoxPage= CheckBoxPage(driver)\n        mainp.click_elements_page()\n&amp;gt;       elements_page.click_check_box_text()\n\nTests\\Test_ElementsPage.py:70: \n_ _ _ _ _ _ _ _ _ _ _ _ _ _ _ _ _ _ _ _ _ _ _ _ _ _ _ _ _ _ _ _ _ _ _ _ _ _ _ _ _ _ _ _ _ _ _ _ _ _ _ _ _ _ _ _ _ _ _ _ _ _ _\nPages\\Elements_Page.py:88: in click_check_box_text\n    self.click_element(self.check_box_span)\nPages\\BasePage.py:88: in click_element\n    self.wait.until(EC.visibility_of_element_located(element)).click()\n_ _ _ _ _ _ _ _ _ _ _ _ _ _ _ _ _ _ _ _ _ _ _ _ _ _ _ _ _ _ _ _ _ _ _ _ _ _ _ _ _ _ _ _ _ _ _ _ _ _ _ _ _ _ _ _ _ _ _ _ _ _ _\n\nself = &amp;lt;selenium.webdriver.support.wait.WebDriverWait (session=&amp;quot;e58710da02caf4b42f8bcaffb96d6c2b&amp;quot;)&amp;gt;\nmethod = &amp;lt;function visibility_of_element_located.&amp;lt;locals&amp;gt;._predicate at 0x0000020A6AA6D760&amp;gt;, message = &amp;#x27;&amp;#x27;\n\n    def until(self, method: Callable[[D], Union[Literal[False], T]], message: str = &amp;quot;&amp;quot;) -&amp;gt; T:\n        &amp;quot;&amp;quot;&amp;quot;Wait until the method returns a value that is not False.\n    \n        Calls the method provided with the driver as an argument until the\n        return value does not evaluate to ``False``.\n    \n        Parameters:\n        -----------\n        method: callable(WebDriver)\n            - A callable object that takes a WebDriver instance as an argument.\n    \n        message: str\n            - Optional message for :exc:`TimeoutException`\n    \n        Return:\n        -------\n        object: T\n            - The result of the last call to `method`\n    \n        Raises:\n        -------\n        TimeoutException\n            - If &amp;#x27;method&amp;#x27; does not return a truthy value within the WebDriverWait\n            object&amp;#x27;s timeout\n    \n        Example:\n        --------\n        &amp;gt;&amp;gt;&amp;gt; from selenium.webdriver.common.by import By\n        &amp;gt;&amp;gt;&amp;gt; from selenium.webdriver.support.ui import WebDriverWait\n        &amp;gt;&amp;gt;&amp;gt; from selenium.webdriver.support import expected_conditions as EC\n    \n        # Wait until an element is visible on the page\n        &amp;gt;&amp;gt;&amp;gt; wait = WebDriverWait(driver, 10)\n        &amp;gt;&amp;gt;&amp;gt; element = wait.until(EC.visibility_of_element_located((By.ID, &amp;quot;exampleId&amp;quot;)))\n        &amp;gt;&amp;gt;&amp;gt; print(element.text)\n        &amp;quot;&amp;quot;&amp;quot;\n        screen = None\n        stacktrace = None\n    \n        end_time = time.monotonic() + self._timeout\n        while True:\n            try:\n                value = method(self._driver)\n                if value:\n                    return value\n            except self._ignored_exceptions as exc:\n                screen = getattr(exc, &amp;quot;screen&amp;quot;, None)\n                stacktrace = getattr(exc, &amp;quot;stacktrace&amp;quot;, None)\n            if time.monotonic() &amp;gt; end_time:\n                break\n            time.sleep(self._poll)\n&amp;gt;       raise TimeoutException(message, screen, stacktrace)\nE       selenium.common.exceptions.TimeoutException: Message: \nE       Stacktrace:\nE       \tGetHandleVerifier [0x0x1123763+63299]\nE       \tGetHandleVerifier [0x0x11237a4+63364]\nE       \t(No symbol) [0x0xf51113]\nE       \t(No symbol) [0x0xf9987e]\nE       \t(No symbol) [0x0xf99c1b]\nE       \t(No symbol) [0x0xfe2212]\nE       \t(No symbol) [0x0xfbe5c4]\nE       \t(No symbol) [0x0xfdfa4a]\nE       \t(No symbol) [0x0xfbe376]\nE       \t(No symbol) [0x0xf8d6e0]\nE       \t(No symbol) [0x0xf8e544]\nE       \tGetHandleVerifier [0x0x137e033+2531347]\nE       \tGetHandleVerifier [0x0x1379332+2511634]\nE       \tGetHandleVerifier [0x0x1149eda+220858]\nE       \tGetHandleVerifier [0x0x113a528+156936]\nE       \tGetHandleVerifier [0x0x1140c5d+183357]\nE       \tGetHandleVerifier [0x0x112b6c8+95912]\nE       \tGetHandleVerifier [0x0x112b870+96336]\nE       \tGetHandleVerifier [0x0x111664a+9770]\nE       \tBaseThreadInitThunk [0x0x75d55d49+25]\nE       \tRtlInitializeExceptionChain [0x0x777dd03b+107]\nE       \tRtlGetAppContainerNamedObjectPath [0x0x777dcfc1+561]\n\n..\\..\\..\\AppData\\Local\\Programs\\Python\\Python313\\Lib\\site-packages\\selenium\\webdriver\\support\\wait.py:146: TimeoutException\n\n------------------------------ Captured log setup ------------------------------\nCRITICAL root:file_manager.py:97 File not found : &amp;lt;method-wrapper &amp;#x27;__str__&amp;#x27; of FileNotFoundError object at 0x0000020A6A9B2F80&amp;gt;\n&#34;}], &#34;Tests/Test_MainPage.py::Test_Main_Page::test_welcometitle[chrome]&#34;: [{&#34;extras&#34;: [], &#34;result&#34;: &#34;Passed&#34;, &#34;testId&#34;: &#34;Tests/Test_MainPage.py::Test_Main_Page::test_welcometitle[chrome]&#34;, &#34;duration&#34;: &#34;00:01:15&#34;, &#34;resultsTableRow&#34;: [&#34;&lt;td class=\&#34;col-result\&#34;&gt;Passed&lt;/td&gt;&#34;, &#34;&lt;td class=\&#34;col-testId\&#34;&gt;Tests/Test_MainPage.py::Test_Main_Page::test_welcometitle[chrome]&lt;/td&gt;&#34;, &#34;&lt;td class=\&#34;col-duration\&#34;&gt;00:01:15&lt;/td&gt;&#34;, &#34;&lt;td class=\&#34;col-links\&#34;&gt;&lt;/td&gt;&#34;], &#34;log&#34;: &#34;[gw3] win32 -- Python 3.13.3 C:\\Users\\amigo\\AppData\\Local\\Programs\\Python\\Python313\\python.exe\n\n------------------------------ Captured log setup ------------------------------\nCRITICAL root:file_manager.py:97 File not found : &amp;lt;method-wrapper &amp;#x27;__str__&amp;#x27; of FileNotFoundError object at 0x000001378B152F80&amp;gt;\n&#34;}], &#34;Tests/Test_ElementsPage.py::Test_ElementsPage::test_click_text_box[chrome]&#34;: [{&#34;extras&#34;: [], &#34;result&#34;: &#34;Failed&#34;, &#34;testId&#34;: &#34;Tests/Test_ElementsPage.py::Test_ElementsPage::test_click_text_box[chrome]&#34;, &#34;duration&#34;: &#34;00:01:15&#34;, &#34;resultsTableRow&#34;: [&#34;&lt;td class=\&#34;col-result\&#34;&gt;Failed&lt;/td&gt;&#34;, &#34;&lt;td class=\&#34;col-testId\&#34;&gt;Tests/Test_ElementsPage.py::Test_ElementsPage::test_click_text_box[chrome]&lt;/td&gt;&#34;, &#34;&lt;td class=\&#34;col-duration\&#34;&gt;00:01:15&lt;/td&gt;&#34;, &#34;&lt;td class=\&#34;col-links\&#34;&gt;&lt;/td&gt;&#34;], &#34;log&#34;: &#34;[gw1] win32 -- Python 3.13.3 C:\\Users\\amigo\\AppData\\Local\\Programs\\Python\\Python313\\python.exe\n\nself = &amp;lt;Test_ElementsPage.Test_ElementsPage object at 0x0000022FFD41E8B0&amp;gt;\ndriver_Setup = &amp;lt;selenium.webdriver.chrome.webdriver.WebDriver (session=&amp;quot;bae514d6d808958de2974dc01b704168&amp;quot;)&amp;gt;\n\n    @pytest.mark.ElementsMenu\n    def test_click_text_box(self,driver_Setup):\n        &amp;quot;&amp;quot;&amp;quot;Test Elements page elements&amp;quot;&amp;quot;&amp;quot;\n        driver = driver_Setup\n        mainp = MainPage(driver)\n        elements_page = ElementsPage(driver)\n        mainp.click_elements_page()\n&amp;gt;       elements_page.click_check_box_text()\n\nTests\\Test_ElementsPage.py:42: \n_ _ _ _ _ _ _ _ _ _ _ _ _ _ _ _ _ _ _ _ _ _ _ _ _ _ _ _ _ _ _ _ _ _ _ _ _ _ _ _ _ _ _ _ _ _ _ _ _ _ _ _ _ _ _ _ _ _ _ _ _ _ _\nPages\\Elements_Page.py:88: in click_check_box_text\n    self.click_element(self.check_box_span)\nPages\\BasePage.py:88: in click_element\n    self.wait.until(EC.visibility_of_element_located(element)).click()\n_ _ _ _ _ _ _ _ _ _ _ _ _ _ _ _ _ _ _ _ _ _ _ _ _ _ _ _ _ _ _ _ _ _ _ _ _ _ _ _ _ _ _ _ _ _ _ _ _ _ _ _ _ _ _ _ _ _ _ _ _ _ _\n\nself = &amp;lt;selenium.webdriver.support.wait.WebDriverWait (session=&amp;quot;bae514d6d808958de2974dc01b704168&amp;quot;)&amp;gt;\nmethod = &amp;lt;function visibility_of_element_located.&amp;lt;locals&amp;gt;._predicate at 0x0000022FFD54D4E0&amp;gt;, message = &amp;#x27;&amp;#x27;\n\n    def until(self, method: Callable[[D], Union[Literal[False], T]], message: str = &amp;quot;&amp;quot;) -&amp;gt; T:\n        &amp;quot;&amp;quot;&amp;quot;Wait until the method returns a value that is not False.\n    \n        Calls the method provided with the driver as an argument until the\n        return value does not evaluate to ``False``.\n    \n        Parameters:\n        -----------\n        method: callable(WebDriver)\n            - A callable object that takes a WebDriver instance as an argument.\n    \n        message: str\n            - Optional message for :exc:`TimeoutException`\n    \n        Return:\n        -------\n        object: T\n            - The result of the last call to `method`\n    \n        Raises:\n        -------\n        TimeoutException\n            - If &amp;#x27;method&amp;#x27; does not return a truthy value within the WebDriverWait\n            object&amp;#x27;s timeout\n    \n        Example:\n        --------\n        &amp;gt;&amp;gt;&amp;gt; from selenium.webdriver.common.by import By\n        &amp;gt;&amp;gt;&amp;gt; from selenium.webdriver.support.ui import WebDriverWait\n        &amp;gt;&amp;gt;&amp;gt; from selenium.webdriver.support import expected_conditions as EC\n    \n        # Wait until an element is visible on the page\n        &amp;gt;&amp;gt;&amp;gt; wait = WebDriverWait(driver, 10)\n        &amp;gt;&amp;gt;&amp;gt; element = wait.until(EC.visibility_of_element_located((By.ID, &amp;quot;exampleId&amp;quot;)))\n        &amp;gt;&amp;gt;&amp;gt; print(element.text)\n        &amp;quot;&amp;quot;&amp;quot;\n        screen = None\n        stacktrace = None\n    \n        end_time = time.monotonic() + self._timeout\n        while True:\n            try:\n                value = method(self._driver)\n                if value:\n                    return value\n            except self._ignored_exceptions as exc:\n                screen = getattr(exc, &amp;quot;screen&amp;quot;, None)\n                stacktrace = getattr(exc, &amp;quot;stacktrace&amp;quot;, None)\n            if time.monotonic() &amp;gt; end_time:\n                break\n            time.sleep(self._poll)\n&amp;gt;       raise TimeoutException(message, screen, stacktrace)\nE       selenium.common.exceptions.TimeoutException: Message: \nE       Stacktrace:\nE       \tGetHandleVerifier [0x0xd73763+63299]\nE       \tGetHandleVerifier [0x0xd737a4+63364]\nE       \t(No symbol) [0x0xba1113]\nE       \t(No symbol) [0x0xbe987e]\nE       \t(No symbol) [0x0xbe9c1b]\nE       \t(No symbol) [0x0xc32212]\nE       \t(No symbol) [0x0xc0e5c4]\nE       \t(No symbol) [0x0xc2fa4a]\nE       \t(No symbol) [0x0xc0e376]\nE       \t(No symbol) [0x0xbdd6e0]\nE       \t(No symbol) [0x0xbde544]\nE       \tGetHandleVerifier [0x0xfce033+2531347]\nE       \tGetHandleVerifier [0x0xfc9332+2511634]\nE       \tGetHandleVerifier [0x0xd99eda+220858]\nE       \tGetHandleVerifier [0x0xd8a528+156936]\nE       \tGetHandleVerifier [0x0xd90c5d+183357]\nE       \tGetHandleVerifier [0x0xd7b6c8+95912]\nE       \tGetHandleVerifier [0x0xd7b870+96336]\nE       \tGetHandleVerifier [0x0xd6664a+9770]\nE       \tBaseThreadInitThunk [0x0x75d55d49+25]\nE       \tRtlInitializeExceptionChain [0x0x777dd03b+107]\nE       \tRtlGetAppContainerNamedObjectPath [0x0x777dcfc1+561]\n\n..\\..\\..\\AppData\\Local\\Programs\\Python\\Python313\\Lib\\site-packages\\selenium\\webdriver\\support\\wait.py:146: TimeoutException\n\n------------------------------ Captured log setup ------------------------------\nCRITICAL root:file_manager.py:97 File not found : &amp;lt;method-wrapper &amp;#x27;__str__&amp;#x27; of FileNotFoundError object at 0x0000022FFD492F80&amp;gt;\n&#34;}], &#34;Tests/Test_ElementsPage.py::Test_ElementsPage::test_home_checked[chrome]&#34;: [{&#34;extras&#34;: [], &#34;result&#34;: &#34;Failed&#34;, &#34;testId&#34;: &#34;Tests/Test_ElementsPage.py::Test_ElementsPage::test_home_checked[chrome]&#34;, &#34;duration&#34;: &#34;00:00:13&#34;, &#34;resultsTableRow&#34;: [&#34;&lt;td class=\&#34;col-result\&#34;&gt;Failed&lt;/td&gt;&#34;, &#34;&lt;td class=\&#34;col-testId\&#34;&gt;Tests/Test_ElementsPage.py::Test_ElementsPage::test_home_checked[chrome]&lt;/td&gt;&#34;, &#34;&lt;td class=\&#34;col-duration\&#34;&gt;00:00:13&lt;/td&gt;&#34;, &#34;&lt;td class=\&#34;col-links\&#34;&gt;&lt;/td&gt;&#34;], &#34;log&#34;: &#34;[gw2] win32 -- Python 3.13.3 C:\\Users\\amigo\\AppData\\Local\\Programs\\Python\\Python313\\python.exe\n\nself = &amp;lt;Test_ElementsPage.Test_ElementsPage object at 0x0000020A6A9B9BF0&amp;gt;\ndriver_Setup = &amp;lt;selenium.webdriver.chrome.webdriver.WebDriver (session=&amp;quot;e58710da02caf4b42f8bcaffb96d6c2b&amp;quot;)&amp;gt;\n\n    @pytest.mark.check\n    def test_home_checked(self,driver_Setup):\n        &amp;quot;&amp;quot;&amp;quot;Test check box form for Text box fields&amp;quot;&amp;quot;&amp;quot;\n        driver = driver_Setup\n        driver.get(TestData.url)\n        mainp = MainPage(driver)\n        elements_page = ElementsPage(driver)\n        checkBoxPage= CheckBoxPage(driver)\n        mainp.click_elements_page()\n&amp;gt;       elements_page.click_check_box_text()\n\nTests\\Test_ElementsPage.py:84: \n_ _ _ _ _ _ _ _ _ _ _ _ _ _ _ _ _ _ _ _ _ _ _ _ _ _ _ _ _ _ _ _ _ _ _ _ _ _ _ _ _ _ _ _ _ _ _ _ _ _ _ _ _ _ _ _ _ _ _ _ _ _ _\nPages\\Elements_Page.py:88: in click_check_box_text\n    self.click_element(self.check_box_span)\nPages\\BasePage.py:88: in click_element\n    self.wait.until(EC.visibility_of_element_located(element)).click()\n_ _ _ _ _ _ _ _ _ _ _ _ _ _ _ _ _ _ _ _ _ _ _ _ _ _ _ _ _ _ _ _ _ _ _ _ _ _ _ _ _ _ _ _ _ _ _ _ _ _ _ _ _ _ _ _ _ _ _ _ _ _ _\n\nself = &amp;lt;selenium.webdriver.support.wait.WebDriverWait (session=&amp;quot;e58710da02caf4b42f8bcaffb96d6c2b&amp;quot;)&amp;gt;\nmethod = &amp;lt;function visibility_of_element_located.&amp;lt;locals&amp;gt;._predicate at 0x0000020A6AA6D260&amp;gt;, message = &amp;#x27;&amp;#x27;\n\n    def until(self, method: Callable[[D], Union[Literal[False], T]], message: str = &amp;quot;&amp;quot;) -&amp;gt; T:\n        &amp;quot;&amp;quot;&amp;quot;Wait until the method returns a value that is not False.\n    \n        Calls the method provided with the driver as an argument until the\n        return value does not evaluate to ``False``.\n    \n        Parameters:\n        -----------\n        method: callable(WebDriver)\n            - A callable object that takes a WebDriver instance as an argument.\n    \n        message: str\n            - Optional message for :exc:`TimeoutException`\n    \n        Return:\n        -------\n        object: T\n            - The result of the last call to `method`\n    \n        Raises:\n        -------\n        TimeoutException\n            - If &amp;#x27;method&amp;#x27; does not return a truthy value within the WebDriverWait\n            object&amp;#x27;s timeout\n    \n        Example:\n        --------\n        &amp;gt;&amp;gt;&amp;gt; from selenium.webdriver.common.by import By\n        &amp;gt;&amp;gt;&amp;gt; from selenium.webdriver.support.ui import WebDriverWait\n        &amp;gt;&amp;gt;&amp;gt; from selenium.webdriver.support import expected_conditions as EC\n    \n        # Wait until an element is visible on the page\n        &amp;gt;&amp;gt;&amp;gt; wait = WebDriverWait(driver, 10)\n        &amp;gt;&amp;gt;&amp;gt; element = wait.until(EC.visibility_of_element_located((By.ID, &amp;quot;exampleId&amp;quot;)))\n        &amp;gt;&amp;gt;&amp;gt; print(element.text)\n        &amp;quot;&amp;quot;&amp;quot;\n        screen = None\n        stacktrace = None\n    \n        end_time = time.monotonic() + self._timeout\n        while True:\n            try:\n                value = method(self._driver)\n                if value:\n                    return value\n            except self._ignored_exceptions as exc:\n                screen = getattr(exc, &amp;quot;screen&amp;quot;, None)\n                stacktrace = getattr(exc, &amp;quot;stacktrace&amp;quot;, None)\n            if time.monotonic() &amp;gt; end_time:\n                break\n            time.sleep(self._poll)\n&amp;gt;       raise TimeoutException(message, screen, stacktrace)\nE       selenium.common.exceptions.TimeoutException: Message: \nE       Stacktrace:\nE       \tGetHandleVerifier [0x0x1123763+63299]\nE       \tGetHandleVerifier [0x0x11237a4+63364]\nE       \t(No symbol) [0x0xf51113]\nE       \t(No symbol) [0x0xf9987e]\nE       \t(No symbol) [0x0xf99c1b]\nE       \t(No symbol) [0x0xfe2212]\nE       \t(No symbol) [0x0xfbe5c4]\nE       \t(No symbol) [0x0xfdfa4a]\nE       \t(No symbol) [0x0xfbe376]\nE       \t(No symbol) [0x0xf8d6e0]\nE       \t(No symbol) [0x0xf8e544]\nE       \tGetHandleVerifier [0x0x137e033+2531347]\nE       \tGetHandleVerifier [0x0x1379332+2511634]\nE       \tGetHandleVerifier [0x0x1149eda+220858]\nE       \tGetHandleVerifier [0x0x113a528+156936]\nE       \tGetHandleVerifier [0x0x1140c5d+183357]\nE       \tGetHandleVerifier [0x0x112b6c8+95912]\nE       \tGetHandleVerifier [0x0x112b870+96336]\nE       \tGetHandleVerifier [0x0x111664a+9770]\nE       \tBaseThreadInitThunk [0x0x75d55d49+25]\nE       \tRtlInitializeExceptionChain [0x0x777dd03b+107]\nE       \tRtlGetAppContainerNamedObjectPath [0x0x777dcfc1+561]\n\n..\\..\\..\\AppData\\Local\\Programs\\Python\\Python313\\Lib\\site-packages\\selenium\\webdriver\\support\\wait.py:146: TimeoutException\n&#34;}], &#34;Tests/Test_MainPage.py::Test_Main_Page::test_menu_list[chrome]&#34;: [{&#34;extras&#34;: [], &#34;result&#34;: &#34;Passed&#34;, &#34;testId&#34;: &#34;Tests/Test_MainPage.py::Test_Main_Page::test_menu_list[chrome]&#34;, &#34;duration&#34;: &#34;00:00:03&#34;, &#34;resultsTableRow&#34;: [&#34;&lt;td class=\&#34;col-result\&#34;&gt;Passed&lt;/td&gt;&#34;, &#34;&lt;td class=\&#34;col-testId\&#34;&gt;Tests/Test_MainPage.py::Test_Main_Page::test_menu_list[chrome]&lt;/td&gt;&#34;, &#34;&lt;td class=\&#34;col-duration\&#34;&gt;00:00:03&lt;/td&gt;&#34;, &#34;&lt;td class=\&#34;col-links\&#34;&gt;&lt;/td&gt;&#34;], &#34;log&#34;: &#34;[gw3] win32 -- Python 3.13.3 C:\\Users\\amigo\\AppData\\Local\\Programs\\Python\\Python313\\python.exe\n&#34;}], &#34;Tests/Test_ElementsPage.py::Test_ElementsPage::test_text_box_form[chrome]&#34;: [{&#34;extras&#34;: [], &#34;result&#34;: &#34;Failed&#34;, &#34;testId&#34;: &#34;Tests/Test_ElementsPage.py::Test_ElementsPage::test_text_box_form[chrome]&#34;, &#34;duration&#34;: &#34;00:00:12&#34;, &#34;resultsTableRow&#34;: [&#34;&lt;td class=\&#34;col-result\&#34;&gt;Failed&lt;/td&gt;&#34;, &#34;&lt;td class=\&#34;col-testId\&#34;&gt;Tests/Test_ElementsPage.py::Test_ElementsPage::test_text_box_form[chrome]&lt;/td&gt;&#34;, &#34;&lt;td class=\&#34;col-duration\&#34;&gt;00:00:12&lt;/td&gt;&#34;, &#34;&lt;td class=\&#34;col-links\&#34;&gt;&lt;/td&gt;&#34;], &#34;log&#34;: &#34;[gw1] win32 -- Python 3.13.3 C:\\Users\\amigo\\AppData\\Local\\Programs\\Python\\Python313\\python.exe\n\nself = &amp;lt;Test_ElementsPage.Test_ElementsPage object at 0x0000022FFD41EB10&amp;gt;\ndriver_Setup = &amp;lt;selenium.webdriver.chrome.webdriver.WebDriver (session=&amp;quot;bae514d6d808958de2974dc01b704168&amp;quot;)&amp;gt;\n\n    @pytest.mark.TextBoxArea\n    def test_text_box_form(self,driver_Setup):\n        &amp;quot;&amp;quot;&amp;quot;Test text box form for Text box fields&amp;quot;&amp;quot;&amp;quot;\n        driver = driver_Setup\n        driver.get(TestData.url)\n        mainp = MainPage(driver)\n        elements_page = ElementsPage(driver)\n        mainp.click_elements_page()\n&amp;gt;       elements_page.click_text_box()\n\nTests\\Test_ElementsPage.py:53: \n_ _ _ _ _ _ _ _ _ _ _ _ _ _ _ _ _ _ _ _ _ _ _ _ _ _ _ _ _ _ _ _ _ _ _ _ _ _ _ _ _ _ _ _ _ _ _ _ _ _ _ _ _ _ _ _ _ _ _ _ _ _ _\nPages\\Elements_Page.py:36: in click_text_box\n    elements = self.get_menu_list_elements()\nPages\\Elements_Page.py:32: in get_menu_list_elements\n    return self.get_element_list(self.menu_list_elements)\nPages\\BasePage.py:150: in get_element_list\n    return self.wait.until(EC.visibility_of_all_elements_located(elements))\n_ _ _ _ _ _ _ _ _ _ _ _ _ _ _ _ _ _ _ _ _ _ _ _ _ _ _ _ _ _ _ _ _ _ _ _ _ _ _ _ _ _ _ _ _ _ _ _ _ _ _ _ _ _ _ _ _ _ _ _ _ _ _\n\nself = &amp;lt;selenium.webdriver.support.wait.WebDriverWait (session=&amp;quot;bae514d6d808958de2974dc01b704168&amp;quot;)&amp;gt;\nmethod = &amp;lt;function visibility_of_all_elements_located.&amp;lt;locals&amp;gt;._predicate at 0x0000022FFD54D440&amp;gt;, message = &amp;#x27;&amp;#x27;\n\n    def until(self, method: Callable[[D], Union[Literal[False], T]], message: str = &amp;quot;&amp;quot;) -&amp;gt; T:\n        &amp;quot;&amp;quot;&amp;quot;Wait until the method returns a value that is not False.\n    \n        Calls the method provided with the driver as an argument until the\n        return value does not evaluate to ``False``.\n    \n        Parameters:\n        -----------\n        method: callable(WebDriver)\n            - A callable object that takes a WebDriver instance as an argument.\n    \n        message: str\n            - Optional message for :exc:`TimeoutException`\n    \n        Return:\n        -------\n        object: T\n            - The result of the last call to `method`\n    \n        Raises:\n        -------\n        TimeoutException\n            - If &amp;#x27;method&amp;#x27; does not return a truthy value within the WebDriverWait\n            object&amp;#x27;s timeout\n    \n        Example:\n        --------\n        &amp;gt;&amp;gt;&amp;gt; from selenium.webdriver.common.by import By\n        &amp;gt;&amp;gt;&amp;gt; from selenium.webdriver.support.ui import WebDriverWait\n        &amp;gt;&amp;gt;&amp;gt; from selenium.webdriver.support import expected_conditions as EC\n    \n        # Wait until an element is visible on the page\n        &amp;gt;&amp;gt;&amp;gt; wait = WebDriverWait(driver, 10)\n        &amp;gt;&amp;gt;&amp;gt; element = wait.until(EC.visibility_of_element_located((By.ID, &amp;quot;exampleId&amp;quot;)))\n        &amp;gt;&amp;gt;&amp;gt; print(element.text)\n        &amp;quot;&amp;quot;&amp;quot;\n        screen = None\n        stacktrace = None\n    \n        end_time = time.monotonic() + self._timeout\n        while True:\n            try:\n                value = method(self._driver)\n                if value:\n                    return value\n            except self._ignored_exceptions as exc:\n                screen = getattr(exc, &amp;quot;screen&amp;quot;, None)\n                stacktrace = getattr(exc, &amp;quot;stacktrace&amp;quot;, None)\n            if time.monotonic() &amp;gt; end_time:\n                break\n            time.sleep(self._poll)\n&amp;gt;       raise TimeoutException(message, screen, stacktrace)\nE       selenium.common.exceptions.TimeoutException: Message:\n\n..\\..\\..\\AppData\\Local\\Programs\\Python\\Python313\\Lib\\site-packages\\selenium\\webdriver\\support\\wait.py:146: TimeoutException\n&#34;}], &#34;Tests/Test_book_store_login.py::Test_book_store_login::test_invalid_login[chrome]&#34;: [{&#34;extras&#34;: [], &#34;result&#34;: &#34;Failed&#34;, &#34;testId&#34;: &#34;Tests/Test_book_store_login.py::Test_book_store_login::test_invalid_login[chrome]&#34;, &#34;duration&#34;: &#34;00:00:28&#34;, &#34;resultsTableRow&#34;: [&#34;&lt;td class=\&#34;col-result\&#34;&gt;Failed&lt;/td&gt;&#34;, &#34;&lt;td class=\&#34;col-testId\&#34;&gt;Tests/Test_book_store_login.py::Test_book_store_login::test_invalid_login[chrome]&lt;/td&gt;&#34;, &#34;&lt;td class=\&#34;col-duration\&#34;&gt;00:00:28&lt;/td&gt;&#34;, &#34;&lt;td class=\&#34;col-links\&#34;&gt;&lt;/td&gt;&#34;], &#34;log&#34;: &#34;[gw0] win32 -- Python 3.13.3 C:\\Users\\amigo\\AppData\\Local\\Programs\\Python\\Python313\\python.exe\n\nself = &amp;lt;Test_book_store_login.Test_book_store_login object at 0x0000026FD24DFB10&amp;gt;\ndriver_Setup = &amp;lt;selenium.webdriver.chrome.webdriver.WebDriver (session=&amp;quot;a83d0fad4cdcd3070d0cc0718c766c5a&amp;quot;)&amp;gt;\n\n    @pytest.mark.bookstorelogin\n    def test_invalid_login(self, driver_Setup):\n        &amp;quot;&amp;quot;&amp;quot;Test invalid login&amp;quot;&amp;quot;&amp;quot;\n        driver = driver_Setup\n        mainp = MainPage(driver)\n        book_store_page = mainp.click_bookstore_page()\n&amp;gt;       message = book_store_page.login_function_invalid(&amp;quot;invalid_user&amp;quot;, &amp;quot;invalid_password&amp;quot;)\n\nTests\\Test_book_store_login.py:14: \n_ _ _ _ _ _ _ _ _ _ _ _ _ _ _ _ _ _ _ _ _ _ _ _ _ _ _ _ _ _ _ _ _ _ _ _ _ _ _ _ _ _ _ _ _ _ _ _ _ _ _ _ _ _ _ _ _ _ _ _ _ _ _\nPages\\BookStorePage.py:32: in login_function_invalid\n    self.click_element(self.__login_menu_button)\nPages\\BasePage.py:88: in click_element\n    self.wait.until(EC.visibility_of_element_located(element)).click()\n_ _ _ _ _ _ _ _ _ _ _ _ _ _ _ _ _ _ _ _ _ _ _ _ _ _ _ _ _ _ _ _ _ _ _ _ _ _ _ _ _ _ _ _ _ _ _ _ _ _ _ _ _ _ _ _ _ _ _ _ _ _ _\n\nself = &amp;lt;selenium.webdriver.support.wait.WebDriverWait (session=&amp;quot;a83d0fad4cdcd3070d0cc0718c766c5a&amp;quot;)&amp;gt;\nmethod = &amp;lt;function visibility_of_element_located.&amp;lt;locals&amp;gt;._predicate at 0x0000026FD25FD580&amp;gt;, message = &amp;#x27;&amp;#x27;\n\n    def until(self, method: Callable[[D], Union[Literal[False], T]], message: str = &amp;quot;&amp;quot;) -&amp;gt; T:\n        &amp;quot;&amp;quot;&amp;quot;Wait until the method returns a value that is not False.\n    \n        Calls the method provided with the driver as an argument until the\n        return value does not evaluate to ``False``.\n    \n        Parameters:\n        -----------\n        method: callable(WebDriver)\n            - A callable object that takes a WebDriver instance as an argument.\n    \n        message: str\n            - Optional message for :exc:`TimeoutException`\n    \n        Return:\n        -------\n        object: T\n            - The result of the last call to `method`\n    \n        Raises:\n        -------\n        TimeoutException\n            - If &amp;#x27;method&amp;#x27; does not return a truthy value within the WebDriverWait\n            object&amp;#x27;s timeout\n    \n        Example:\n        --------\n        &amp;gt;&amp;gt;&amp;gt; from selenium.webdriver.common.by import By\n        &amp;gt;&amp;gt;&amp;gt; from selenium.webdriver.support.ui import WebDriverWait\n        &amp;gt;&amp;gt;&amp;gt; from selenium.webdriver.support import expected_conditions as EC\n    \n        # Wait until an element is visible on the page\n        &amp;gt;&amp;gt;&amp;gt; wait = WebDriverWait(driver, 10)\n        &amp;gt;&amp;gt;&amp;gt; element = wait.until(EC.visibility_of_element_located((By.ID, &amp;quot;exampleId&amp;quot;)))\n        &amp;gt;&amp;gt;&amp;gt; print(element.text)\n        &amp;quot;&amp;quot;&amp;quot;\n        screen = None\n        stacktrace = None\n    \n        end_time = time.monotonic() + self._timeout\n        while True:\n            try:\n                value = method(self._driver)\n                if value:\n                    return value\n            except self._ignored_exceptions as exc:\n                screen = getattr(exc, &amp;quot;screen&amp;quot;, None)\n                stacktrace = getattr(exc, &amp;quot;stacktrace&amp;quot;, None)\n            if time.monotonic() &amp;gt; end_time:\n                break\n            time.sleep(self._poll)\n&amp;gt;       raise TimeoutException(message, screen, stacktrace)\nE       selenium.common.exceptions.TimeoutException: Message: \nE       Stacktrace:\nE       \tGetHandleVerifier [0x0xd63763+63299]\nE       \tGetHandleVerifier [0x0xd637a4+63364]\nE       \t(No symbol) [0x0xb91113]\nE       \t(No symbol) [0x0xbd987e]\nE       \t(No symbol) [0x0xbd9c1b]\nE       \t(No symbol) [0x0xc22212]\nE       \t(No symbol) [0x0xbfe5c4]\nE       \t(No symbol) [0x0xc1fa4a]\nE       \t(No symbol) [0x0xbfe376]\nE       \t(No symbol) [0x0xbcd6e0]\nE       \t(No symbol) [0x0xbce544]\nE       \tGetHandleVerifier [0x0xfbe033+2531347]\nE       \tGetHandleVerifier [0x0xfb9332+2511634]\nE       \tGetHandleVerifier [0x0xd89eda+220858]\nE       \tGetHandleVerifier [0x0xd7a528+156936]\nE       \tGetHandleVerifier [0x0xd80c5d+183357]\nE       \tGetHandleVerifier [0x0xd6b6c8+95912]\nE       \tGetHandleVerifier [0x0xd6b870+96336]\nE       \tGetHandleVerifier [0x0xd5664a+9770]\nE       \tBaseThreadInitThunk [0x0x75d55d49+25]\nE       \tRtlInitializeExceptionChain [0x0x777dd03b+107]\nE       \tRtlGetAppContainerNamedObjectPath [0x0x777dcfc1+561]\n\n..\\..\\..\\AppData\\Local\\Programs\\Python\\Python313\\Lib\\site-packages\\selenium\\webdriver\\support\\wait.py:146: TimeoutException\n\n------------------------------ Captured log setup ------------------------------\nCRITICAL root:file_manager.py:97 File not found : &amp;lt;method-wrapper &amp;#x27;__str__&amp;#x27; of FileNotFoundError object at 0x0000026FD264FE20&amp;gt;\n&#34;}], &#34;Tests/Test_book_store_login.py::Test_book_store_login::test_login_succesfull[chrome]&#34;: [{&#34;extras&#34;: [], &#34;result&#34;: &#34;Passed&#34;, &#34;testId&#34;: &#34;Tests/Test_book_store_login.py::Test_book_store_login::test_login_succesfull[chrome]&#34;, &#34;duration&#34;: &#34;00:00:03&#34;, &#34;resultsTableRow&#34;: [&#34;&lt;td class=\&#34;col-result\&#34;&gt;Passed&lt;/td&gt;&#34;, &#34;&lt;td class=\&#34;col-testId\&#34;&gt;Tests/Test_book_store_login.py::Test_book_store_login::test_login_succesfull[chrome]&lt;/td&gt;&#34;, &#34;&lt;td class=\&#34;col-duration\&#34;&gt;00:00:03&lt;/td&gt;&#34;, &#34;&lt;td class=\&#34;col-links\&#34;&gt;&lt;/td&gt;&#34;], &#34;log&#34;: &#34;[gw0] win32 -- Python 3.13.3 C:\\Users\\amigo\\AppData\\Local\\Programs\\Python\\Python313\\python.exe\n&#34;}], &#34;Tests/Test_checkbox.py::Test_CheckBoxPage::test_checkboxtitle[chrome]&#34;: [{&#34;extras&#34;: [], &#34;result&#34;: &#34;Failed&#34;, &#34;testId&#34;: &#34;Tests/Test_checkbox.py::Test_CheckBoxPage::test_checkboxtitle[chrome]&#34;, &#34;duration&#34;: &#34;00:00:26&#34;, &#34;resultsTableRow&#34;: [&#34;&lt;td class=\&#34;col-result\&#34;&gt;Failed&lt;/td&gt;&#34;, &#34;&lt;td class=\&#34;col-testId\&#34;&gt;Tests/Test_checkbox.py::Test_CheckBoxPage::test_checkboxtitle[chrome]&lt;/td&gt;&#34;, &#34;&lt;td class=\&#34;col-duration\&#34;&gt;00:00:26&lt;/td&gt;&#34;, &#34;&lt;td class=\&#34;col-links\&#34;&gt;&lt;/td&gt;&#34;], &#34;log&#34;: &#34;[gw3] win32 -- Python 3.13.3 C:\\Users\\amigo\\AppData\\Local\\Programs\\Python\\Python313\\python.exe\n\nself = &amp;lt;Test_checkbox.Test_CheckBoxPage object at 0x000001378B18C410&amp;gt;\ndriver_Setup = &amp;lt;selenium.webdriver.chrome.webdriver.WebDriver (session=&amp;quot;1486a5072554e7be1b25487f2e4e2c63&amp;quot;)&amp;gt;\n\n    @pytest.mark.CheckBoxTitle\n    def test_checkboxtitle(self,driver_Setup):\n        &amp;quot;&amp;quot;&amp;quot;Checks the Check Box title is displayed&amp;quot;&amp;quot;&amp;quot;\n        self.driver = driver_Setup\n        check_box_page = CheckBoxPage(self.driver)\n        mainp =MainPage(self.driver)\n        elements_page = ElementsPage(self.driver)\n        mainp.click_elements_page()\n&amp;gt;       elements_page.click_check_box_text()\n\nTests\\Test_checkbox.py:26: \n_ _ _ _ _ _ _ _ _ _ _ _ _ _ _ _ _ _ _ _ _ _ _ _ _ _ _ _ _ _ _ _ _ _ _ _ _ _ _ _ _ _ _ _ _ _ _ _ _ _ _ _ _ _ _ _ _ _ _ _ _ _ _\nPages\\Elements_Page.py:88: in click_check_box_text\n    self.click_element(self.check_box_span)\nPages\\BasePage.py:88: in click_element\n    self.wait.until(EC.visibility_of_element_located(element)).click()\n_ _ _ _ _ _ _ _ _ _ _ _ _ _ _ _ _ _ _ _ _ _ _ _ _ _ _ _ _ _ _ _ _ _ _ _ _ _ _ _ _ _ _ _ _ _ _ _ _ _ _ _ _ _ _ _ _ _ _ _ _ _ _\n\nself = &amp;lt;selenium.webdriver.support.wait.WebDriverWait (session=&amp;quot;1486a5072554e7be1b25487f2e4e2c63&amp;quot;)&amp;gt;\nmethod = &amp;lt;function visibility_of_element_located.&amp;lt;locals&amp;gt;._predicate at 0x000001378B215EE0&amp;gt;, message = &amp;#x27;&amp;#x27;\n\n    def until(self, method: Callable[[D], Union[Literal[False], T]], message: str = &amp;quot;&amp;quot;) -&amp;gt; T:\n        &amp;quot;&amp;quot;&amp;quot;Wait until the method returns a value that is not False.\n    \n        Calls the method provided with the driver as an argument until the\n        return value does not evaluate to ``False``.\n    \n        Parameters:\n        -----------\n        method: callable(WebDriver)\n            - A callable object that takes a WebDriver instance as an argument.\n    \n        message: str\n            - Optional message for :exc:`TimeoutException`\n    \n        Return:\n        -------\n        object: T\n            - The result of the last call to `method`\n    \n        Raises:\n        -------\n        TimeoutException\n            - If &amp;#x27;method&amp;#x27; does not return a truthy value within the WebDriverWait\n            object&amp;#x27;s timeout\n    \n        Example:\n        --------\n        &amp;gt;&amp;gt;&amp;gt; from selenium.webdriver.common.by import By\n        &amp;gt;&amp;gt;&amp;gt; from selenium.webdriver.support.ui import WebDriverWait\n        &amp;gt;&amp;gt;&amp;gt; from selenium.webdriver.support import expected_conditions as EC\n    \n        # Wait until an element is visible on the page\n        &amp;gt;&amp;gt;&amp;gt; wait = WebDriverWait(driver, 10)\n        &amp;gt;&amp;gt;&amp;gt; element = wait.until(EC.visibility_of_element_located((By.ID, &amp;quot;exampleId&amp;quot;)))\n        &amp;gt;&amp;gt;&amp;gt; print(element.text)\n        &amp;quot;&amp;quot;&amp;quot;\n        screen = None\n        stacktrace = None\n    \n        end_time = time.monotonic() + self._timeout\n        while True:\n            try:\n                value = method(self._driver)\n                if value:\n                    return value\n            except self._ignored_exceptions as exc:\n                screen = getattr(exc, &amp;quot;screen&amp;quot;, None)\n                stacktrace = getattr(exc, &amp;quot;stacktrace&amp;quot;, None)\n            if time.monotonic() &amp;gt; end_time:\n                break\n            time.sleep(self._poll)\n&amp;gt;       raise TimeoutException(message, screen, stacktrace)\nE       selenium.common.exceptions.TimeoutException: Message: \nE       Stacktrace:\nE       \tGetHandleVerifier [0x0x8d3763+63299]\nE       \tGetHandleVerifier [0x0x8d37a4+63364]\nE       \t(No symbol) [0x0x701113]\nE       \t(No symbol) [0x0x74987e]\nE       \t(No symbol) [0x0x749c1b]\nE       \t(No symbol) [0x0x792212]\nE       \t(No symbol) [0x0x76e5c4]\nE       \t(No symbol) [0x0x78fa4a]\nE       \t(No symbol) [0x0x76e376]\nE       \t(No symbol) [0x0x73d6e0]\nE       \t(No symbol) [0x0x73e544]\nE       \tGetHandleVerifier [0x0xb2e033+2531347]\nE       \tGetHandleVerifier [0x0xb29332+2511634]\nE       \tGetHandleVerifier [0x0x8f9eda+220858]\nE       \tGetHandleVerifier [0x0x8ea528+156936]\nE       \tGetHandleVerifier [0x0x8f0c5d+183357]\nE       \tGetHandleVerifier [0x0x8db6c8+95912]\nE       \tGetHandleVerifier [0x0x8db870+96336]\nE       \tGetHandleVerifier [0x0x8c664a+9770]\nE       \tBaseThreadInitThunk [0x0x75d55d49+25]\nE       \tRtlInitializeExceptionChain [0x0x777dd03b+107]\nE       \tRtlGetAppContainerNamedObjectPath [0x0x777dcfc1+561]\n\n..\\..\\..\\AppData\\Local\\Programs\\Python\\Python313\\Lib\\site-packages\\selenium\\webdriver\\support\\wait.py:146: TimeoutException\n\n------------------------------ Captured log setup ------------------------------\nCRITICAL root:file_manager.py:97 File not found : &amp;lt;method-wrapper &amp;#x27;__str__&amp;#x27; of FileNotFoundError object at 0x000001378C3E9E10&amp;gt;\n&#34;}], &#34;Tests/Test_book_store_login.py::Test_book_store_login::test_book_list[chrome]&#34;: [{&#34;extras&#34;: [], &#34;result&#34;: &#34;Failed&#34;, &#34;testId&#34;: &#34;Tests/Test_book_store_login.py::Test_book_store_login::test_book_list[chrome]&#34;, &#34;duration&#34;: &#34;00:00:29&#34;, &#34;resultsTableRow&#34;: [&#34;&lt;td class=\&#34;col-result\&#34;&gt;Failed&lt;/td&gt;&#34;, &#34;&lt;td class=\&#34;col-testId\&#34;&gt;Tests/Test_book_store_login.py::Test_book_store_login::test_book_list[chrome]&lt;/td&gt;&#34;, &#34;&lt;td class=\&#34;col-duration\&#34;&gt;00:00:29&lt;/td&gt;&#34;, &#34;&lt;td class=\&#34;col-links\&#34;&gt;&lt;/td&gt;&#34;], &#34;log&#34;: &#34;[gw2] win32 -- Python 3.13.3 C:\\Users\\amigo\\AppData\\Local\\Programs\\Python\\Python313\\python.exe\n\nself = &amp;lt;Test_book_store_login.Test_book_store_login object at 0x0000020A6A93E9E0&amp;gt;\ndriver_Setup = &amp;lt;selenium.webdriver.chrome.webdriver.WebDriver (session=&amp;quot;eec4a2fe9a47818f65c22ff8f563acfd&amp;quot;)&amp;gt;\n\n    @pytest.mark.booklist\n    def test_book_list(self,driver_Setup):\n        b_list =[&amp;quot;Git Pocket Guide&amp;quot;,&amp;quot;Learning JavaScript Design Patterns&amp;quot;,&amp;quot;Designing Evolvable Web APIs with ASP.NET&amp;quot;,&amp;quot;Speaking JavaScript&amp;quot;,&amp;quot;You Don&amp;#x27;t Know JS&amp;quot;,&amp;quot;Programming JavaScript Applications&amp;quot;,&amp;quot;Eloquent JavaScript, Second Edition&amp;quot;,&amp;quot;Understanding ECMAScript 6&amp;quot;]\n        driver = driver_Setup\n        mainp = MainPage(driver)\n        book_store_page = mainp.click_bookstore_page()\n&amp;gt;       books = book_store_page.get_book_list()\n\nTests\\Test_book_store_login.py:31: \n_ _ _ _ _ _ _ _ _ _ _ _ _ _ _ _ _ _ _ _ _ _ _ _ _ _ _ _ _ _ _ _ _ _ _ _ _ _ _ _ _ _ _ _ _ _ _ _ _ _ _ _ _ _ _ _ _ _ _ _ _ _ _\nPages\\BookStorePage.py:66: in get_book_list\n    self.click_element(self.__book_store_menu_button)\nPages\\BasePage.py:88: in click_element\n    self.wait.until(EC.visibility_of_element_located(element)).click()\n_ _ _ _ _ _ _ _ _ _ _ _ _ _ _ _ _ _ _ _ _ _ _ _ _ _ _ _ _ _ _ _ _ _ _ _ _ _ _ _ _ _ _ _ _ _ _ _ _ _ _ _ _ _ _ _ _ _ _ _ _ _ _\n\nself = &amp;lt;selenium.webdriver.support.wait.WebDriverWait (session=&amp;quot;eec4a2fe9a47818f65c22ff8f563acfd&amp;quot;)&amp;gt;\nmethod = &amp;lt;function visibility_of_element_located.&amp;lt;locals&amp;gt;._predicate at 0x0000020A6AA9BBA0&amp;gt;, message = &amp;#x27;&amp;#x27;\n\n    def until(self, method: Callable[[D], Union[Literal[False], T]], message: str = &amp;quot;&amp;quot;) -&amp;gt; T:\n        &amp;quot;&amp;quot;&amp;quot;Wait until the method returns a value that is not False.\n    \n        Calls the method provided with the driver as an argument until the\n        return value does not evaluate to ``False``.\n    \n        Parameters:\n        -----------\n        method: callable(WebDriver)\n            - A callable object that takes a WebDriver instance as an argument.\n    \n        message: str\n            - Optional message for :exc:`TimeoutException`\n    \n        Return:\n        -------\n        object: T\n            - The result of the last call to `method`\n    \n        Raises:\n        -------\n        TimeoutException\n            - If &amp;#x27;method&amp;#x27; does not return a truthy value within the WebDriverWait\n            object&amp;#x27;s timeout\n    \n        Example:\n        --------\n        &amp;gt;&amp;gt;&amp;gt; from selenium.webdriver.common.by import By\n        &amp;gt;&amp;gt;&amp;gt; from selenium.webdriver.support.ui import WebDriverWait\n        &amp;gt;&amp;gt;&amp;gt; from selenium.webdriver.support import expected_conditions as EC\n    \n        # Wait until an element is visible on the page\n        &amp;gt;&amp;gt;&amp;gt; wait = WebDriverWait(driver, 10)\n        &amp;gt;&amp;gt;&amp;gt; element = wait.until(EC.visibility_of_element_located((By.ID, &amp;quot;exampleId&amp;quot;)))\n        &amp;gt;&amp;gt;&amp;gt; print(element.text)\n        &amp;quot;&amp;quot;&amp;quot;\n        screen = None\n        stacktrace = None\n    \n        end_time = time.monotonic() + self._timeout\n        while True:\n            try:\n                value = method(self._driver)\n                if value:\n                    return value\n            except self._ignored_exceptions as exc:\n                screen = getattr(exc, &amp;quot;screen&amp;quot;, None)\n                stacktrace = getattr(exc, &amp;quot;stacktrace&amp;quot;, None)\n            if time.monotonic() &amp;gt; end_time:\n                break\n            time.sleep(self._poll)\n&amp;gt;       raise TimeoutException(message, screen, stacktrace)\nE       selenium.common.exceptions.TimeoutException: Message: \nE       Stacktrace:\nE       \tGetHandleVerifier [0x0x1123763+63299]\nE       \tGetHandleVerifier [0x0x11237a4+63364]\nE       \t(No symbol) [0x0xf51113]\nE       \t(No symbol) [0x0xf9987e]\nE       \t(No symbol) [0x0xf99c1b]\nE       \t(No symbol) [0x0xfe2212]\nE       \t(No symbol) [0x0xfbe5c4]\nE       \t(No symbol) [0x0xfdfa4a]\nE       \t(No symbol) [0x0xfbe376]\nE       \t(No symbol) [0x0xf8d6e0]\nE       \t(No symbol) [0x0xf8e544]\nE       \tGetHandleVerifier [0x0x137e033+2531347]\nE       \tGetHandleVerifier [0x0x1379332+2511634]\nE       \tGetHandleVerifier [0x0x1149eda+220858]\nE       \tGetHandleVerifier [0x0x113a528+156936]\nE       \tGetHandleVerifier [0x0x1140c5d+183357]\nE       \tGetHandleVerifier [0x0x112b6c8+95912]\nE       \tGetHandleVerifier [0x0x112b870+96336]\nE       \tGetHandleVerifier [0x0x111664a+9770]\nE       \tBaseThreadInitThunk [0x0x75d55d49+25]\nE       \tRtlInitializeExceptionChain [0x0x777dd03b+107]\nE       \tRtlGetAppContainerNamedObjectPath [0x0x777dcfc1+561]\n\n..\\..\\..\\AppData\\Local\\Programs\\Python\\Python313\\Lib\\site-packages\\selenium\\webdriver\\support\\wait.py:146: TimeoutException\n\n------------------------------ Captured log setup ------------------------------\nCRITICAL root:file_manager.py:97 File not found : &amp;lt;method-wrapper &amp;#x27;__str__&amp;#x27; of FileNotFoundError object at 0x0000020A6AABF520&amp;gt;\n&#34;}], &#34;Tests/Test_book_store_login.py::Test_book_store_login::test_search_book[chrome]&#34;: [{&#34;extras&#34;: [], &#34;result&#34;: &#34;Passed&#34;, &#34;testId&#34;: &#34;Tests/Test_book_store_login.py::Test_book_store_login::test_search_book[chrome]&#34;, &#34;duration&#34;: &#34;00:00:02&#34;, &#34;resultsTableRow&#34;: [&#34;&lt;td class=\&#34;col-result\&#34;&gt;Passed&lt;/td&gt;&#34;, &#34;&lt;td class=\&#34;col-testId\&#34;&gt;Tests/Test_book_store_login.py::Test_book_store_login::test_search_book[chrome]&lt;/td&gt;&#34;, &#34;&lt;td class=\&#34;col-duration\&#34;&gt;00:00:02&lt;/td&gt;&#34;, &#34;&lt;td class=\&#34;col-links\&#34;&gt;&lt;/td&gt;&#34;], &#34;log&#34;: &#34;[gw2] win32 -- Python 3.13.3 C:\\Users\\amigo\\AppData\\Local\\Programs\\Python\\Python313\\python.exe\n&#34;}], &#34;Tests/Test_checkbox.py::Test_CheckBoxPage::test_desktop_menu_present[chrome]&#34;: [{&#34;extras&#34;: [], &#34;result&#34;: &#34;Failed&#34;, &#34;testId&#34;: &#34;Tests/Test_checkbox.py::Test_CheckBoxPage::test_desktop_menu_present[chrome]&#34;, &#34;duration&#34;: &#34;00:00:11&#34;, &#34;resultsTableRow&#34;: [&#34;&lt;td class=\&#34;col-result\&#34;&gt;Failed&lt;/td&gt;&#34;, &#34;&lt;td class=\&#34;col-testId\&#34;&gt;Tests/Test_checkbox.py::Test_CheckBoxPage::test_desktop_menu_present[chrome]&lt;/td&gt;&#34;, &#34;&lt;td class=\&#34;col-duration\&#34;&gt;00:00:11&lt;/td&gt;&#34;, &#34;&lt;td class=\&#34;col-links\&#34;&gt;&lt;/td&gt;&#34;], &#34;log&#34;: &#34;[gw3] win32 -- Python 3.13.3 C:\\Users\\amigo\\AppData\\Local\\Programs\\Python\\Python313\\python.exe\n\nself = &amp;lt;Test_checkbox.Test_CheckBoxPage object at 0x000001378B18C2D0&amp;gt;\ndriver_Setup = &amp;lt;selenium.webdriver.chrome.webdriver.WebDriver (session=&amp;quot;1486a5072554e7be1b25487f2e4e2c63&amp;quot;)&amp;gt;\n\n    @pytest.mark.CheckBoxDesktop\n    def test_desktop_menu_present(self,driver_Setup):\n        &amp;quot;&amp;quot;&amp;quot;Checks the Desktop menu option is dispplayed&amp;quot;&amp;quot;&amp;quot;\n        self.driver = driver_Setup\n        mainp = MainPage(self.driver)\n        elements_page = ElementsPage(self.driver)\n        checkBoxPage= CheckBoxPage(self.driver)\n        mainp.click_elements_page()\n&amp;gt;       elements_page.click_check_box_text()\n\nTests\\Test_checkbox.py:41: \n_ _ _ _ _ _ _ _ _ _ _ _ _ _ _ _ _ _ _ _ _ _ _ _ _ _ _ _ _ _ _ _ _ _ _ _ _ _ _ _ _ _ _ _ _ _ _ _ _ _ _ _ _ _ _ _ _ _ _ _ _ _ _\nPages\\Elements_Page.py:88: in click_check_box_text\n    self.click_element(self.check_box_span)\nPages\\BasePage.py:88: in click_element\n    self.wait.until(EC.visibility_of_element_located(element)).click()\n_ _ _ _ _ _ _ _ _ _ _ _ _ _ _ _ _ _ _ _ _ _ _ _ _ _ _ _ _ _ _ _ _ _ _ _ _ _ _ _ _ _ _ _ _ _ _ _ _ _ _ _ _ _ _ _ _ _ _ _ _ _ _\n\nself = &amp;lt;selenium.webdriver.support.wait.WebDriverWait (session=&amp;quot;1486a5072554e7be1b25487f2e4e2c63&amp;quot;)&amp;gt;\nmethod = &amp;lt;function visibility_of_element_located.&amp;lt;locals&amp;gt;._predicate at 0x000001378B215760&amp;gt;, message = &amp;#x27;&amp;#x27;\n\n    def until(self, method: Callable[[D], Union[Literal[False], T]], message: str = &amp;quot;&amp;quot;) -&amp;gt; T:\n        &amp;quot;&amp;quot;&amp;quot;Wait until the method returns a value that is not False.\n    \n        Calls the method provided with the driver as an argument until the\n        return value does not evaluate to ``False``.\n    \n        Parameters:\n        -----------\n        method: callable(WebDriver)\n            - A callable object that takes a WebDriver instance as an argument.\n    \n        message: str\n            - Optional message for :exc:`TimeoutException`\n    \n        Return:\n        -------\n        object: T\n            - The result of the last call to `method`\n    \n        Raises:\n        -------\n        TimeoutException\n            - If &amp;#x27;method&amp;#x27; does not return a truthy value within the WebDriverWait\n            object&amp;#x27;s timeout\n    \n        Example:\n        --------\n        &amp;gt;&amp;gt;&amp;gt; from selenium.webdriver.common.by import By\n        &amp;gt;&amp;gt;&amp;gt; from selenium.webdriver.support.ui import WebDriverWait\n        &amp;gt;&amp;gt;&amp;gt; from selenium.webdriver.support import expected_conditions as EC\n    \n        # Wait until an element is visible on the page\n        &amp;gt;&amp;gt;&amp;gt; wait = WebDriverWait(driver, 10)\n        &amp;gt;&amp;gt;&amp;gt; element = wait.until(EC.visibility_of_element_located((By.ID, &amp;quot;exampleId&amp;quot;)))\n        &amp;gt;&amp;gt;&amp;gt; print(element.text)\n        &amp;quot;&amp;quot;&amp;quot;\n        screen = None\n        stacktrace = None\n    \n        end_time = time.monotonic() + self._timeout\n        while True:\n            try:\n                value = method(self._driver)\n                if value:\n                    return value\n            except self._ignored_exceptions as exc:\n                screen = getattr(exc, &amp;quot;screen&amp;quot;, None)\n                stacktrace = getattr(exc, &amp;quot;stacktrace&amp;quot;, None)\n            if time.monotonic() &amp;gt; end_time:\n                break\n            time.sleep(self._poll)\n&amp;gt;       raise TimeoutException(message, screen, stacktrace)\nE       selenium.common.exceptions.TimeoutException: Message: \nE       Stacktrace:\nE       \tGetHandleVerifier [0x0x8d3763+63299]\nE       \tGetHandleVerifier [0x0x8d37a4+63364]\nE       \t(No symbol) [0x0x701113]\nE       \t(No symbol) [0x0x74987e]\nE       \t(No symbol) [0x0x749c1b]\nE       \t(No symbol) [0x0x792212]\nE       \t(No symbol) [0x0x76e5c4]\nE       \t(No symbol) [0x0x78fa4a]\nE       \t(No symbol) [0x0x76e376]\nE       \t(No symbol) [0x0x73d6e0]\nE       \t(No symbol) [0x0x73e544]\nE       \tGetHandleVerifier [0x0xb2e033+2531347]\nE       \tGetHandleVerifier [0x0xb29332+2511634]\nE       \tGetHandleVerifier [0x0x8f9eda+220858]\nE       \tGetHandleVerifier [0x0x8ea528+156936]\nE       \tGetHandleVerifier [0x0x8f0c5d+183357]\nE       \tGetHandleVerifier [0x0x8db6c8+95912]\nE       \tGetHandleVerifier [0x0x8db870+96336]\nE       \tGetHandleVerifier [0x0x8c664a+9770]\nE       \tBaseThreadInitThunk [0x0x75d55d49+25]\nE       \tRtlInitializeExceptionChain [0x0x777dd03b+107]\nE       \tRtlGetAppContainerNamedObjectPath [0x0x777dcfc1+561]\n\n..\\..\\..\\AppData\\Local\\Programs\\Python\\Python313\\Lib\\site-packages\\selenium\\webdriver\\support\\wait.py:146: TimeoutException\n&#34;}], &#34;Tests/Test_checkbox.py::Test_CheckBoxPage::test_documents_menu_present[chrome]&#34;: [{&#34;extras&#34;: [], &#34;result&#34;: &#34;Failed&#34;, &#34;testId&#34;: &#34;Tests/Test_checkbox.py::Test_CheckBoxPage::test_documents_menu_present[chrome]&#34;, &#34;duration&#34;: &#34;00:00:51&#34;, &#34;resultsTableRow&#34;: [&#34;&lt;td class=\&#34;col-result\&#34;&gt;Failed&lt;/td&gt;&#34;, &#34;&lt;td class=\&#34;col-testId\&#34;&gt;Tests/Test_checkbox.py::Test_CheckBoxPage::test_documents_menu_present[chrome]&lt;/td&gt;&#34;, &#34;&lt;td class=\&#34;col-duration\&#34;&gt;00:00:51&lt;/td&gt;&#34;, &#34;&lt;td class=\&#34;col-links\&#34;&gt;&lt;/td&gt;&#34;], &#34;log&#34;: &#34;[gw1] win32 -- Python 3.13.3 C:\\Users\\amigo\\AppData\\Local\\Programs\\Python\\Python313\\python.exe\n\nself = &amp;lt;Test_checkbox.Test_CheckBoxPage object at 0x0000022FFD41EEA0&amp;gt;\ndriver_Setup = &amp;lt;selenium.webdriver.chrome.webdriver.WebDriver (session=&amp;quot;c67f353b990b8bc235be985d3cc6c2f0&amp;quot;)&amp;gt;\n\n    @pytest.mark.CheckBoxDocuments\n    def test_documents_menu_present(self,driver_Setup):\n        &amp;quot;&amp;quot;&amp;quot;Checks the Documents menu option is displayed&amp;quot;&amp;quot;&amp;quot;\n        self.driver = driver_Setup\n        mainp = MainPage(self.driver)\n        elements_page = ElementsPage(self.driver)\n        check_Box_Page= CheckBoxPage(self.driver)\n        mainp.click_elements_page()\n&amp;gt;       elements_page.click_check_box_text()\n\nTests\\Test_checkbox.py:54: \n_ _ _ _ _ _ _ _ _ _ _ _ _ _ _ _ _ _ _ _ _ _ _ _ _ _ _ _ _ _ _ _ _ _ _ _ _ _ _ _ _ _ _ _ _ _ _ _ _ _ _ _ _ _ _ _ _ _ _ _ _ _ _\nPages\\Elements_Page.py:88: in click_check_box_text\n    self.click_element(self.check_box_span)\nPages\\BasePage.py:88: in click_element\n    self.wait.until(EC.visibility_of_element_located(element)).click()\n_ _ _ _ _ _ _ _ _ _ _ _ _ _ _ _ _ _ _ _ _ _ _ _ _ _ _ _ _ _ _ _ _ _ _ _ _ _ _ _ _ _ _ _ _ _ _ _ _ _ _ _ _ _ _ _ _ _ _ _ _ _ _\n\nself = &amp;lt;selenium.webdriver.support.wait.WebDriverWait (session=&amp;quot;c67f353b990b8bc235be985d3cc6c2f0&amp;quot;)&amp;gt;\nmethod = &amp;lt;function visibility_of_element_located.&amp;lt;locals&amp;gt;._predicate at 0x0000022FFD563CE0&amp;gt;, message = &amp;#x27;&amp;#x27;\n\n    def until(self, method: Callable[[D], Union[Literal[False], T]], message: str = &amp;quot;&amp;quot;) -&amp;gt; T:\n        &amp;quot;&amp;quot;&amp;quot;Wait until the method returns a value that is not False.\n    \n        Calls the method provided with the driver as an argument until the\n        return value does not evaluate to ``False``.\n    \n        Parameters:\n        -----------\n        method: callable(WebDriver)\n            - A callable object that takes a WebDriver instance as an argument.\n    \n        message: str\n            - Optional message for :exc:`TimeoutException`\n    \n        Return:\n        -------\n        object: T\n            - The result of the last call to `method`\n    \n        Raises:\n        -------\n        TimeoutException\n            - If &amp;#x27;method&amp;#x27; does not return a truthy value within the WebDriverWait\n            object&amp;#x27;s timeout\n    \n        Example:\n        --------\n        &amp;gt;&amp;gt;&amp;gt; from selenium.webdriver.common.by import By\n        &amp;gt;&amp;gt;&amp;gt; from selenium.webdriver.support.ui import WebDriverWait\n        &amp;gt;&amp;gt;&amp;gt; from selenium.webdriver.support import expected_conditions as EC\n    \n        # Wait until an element is visible on the page\n        &amp;gt;&amp;gt;&amp;gt; wait = WebDriverWait(driver, 10)\n        &amp;gt;&amp;gt;&amp;gt; element = wait.until(EC.visibility_of_element_located((By.ID, &amp;quot;exampleId&amp;quot;)))\n        &amp;gt;&amp;gt;&amp;gt; print(element.text)\n        &amp;quot;&amp;quot;&amp;quot;\n        screen = None\n        stacktrace = None\n    \n        end_time = time.monotonic() + self._timeout\n        while True:\n            try:\n                value = method(self._driver)\n                if value:\n                    return value\n            except self._ignored_exceptions as exc:\n                screen = getattr(exc, &amp;quot;screen&amp;quot;, None)\n                stacktrace = getattr(exc, &amp;quot;stacktrace&amp;quot;, None)\n            if time.monotonic() &amp;gt; end_time:\n                break\n            time.sleep(self._poll)\n&amp;gt;       raise TimeoutException(message, screen, stacktrace)\nE       selenium.common.exceptions.TimeoutException: Message: \nE       Stacktrace:\nE       \tGetHandleVerifier [0x0xd73763+63299]\nE       \tGetHandleVerifier [0x0xd737a4+63364]\nE       \t(No symbol) [0x0xba1113]\nE       \t(No symbol) [0x0xbe987e]\nE       \t(No symbol) [0x0xbe9c1b]\nE       \t(No symbol) [0x0xc32212]\nE       \t(No symbol) [0x0xc0e5c4]\nE       \t(No symbol) [0x0xc2fa4a]\nE       \t(No symbol) [0x0xc0e376]\nE       \t(No symbol) [0x0xbdd6e0]\nE       \t(No symbol) [0x0xbde544]\nE       \tGetHandleVerifier [0x0xfce033+2531347]\nE       \tGetHandleVerifier [0x0xfc9332+2511634]\nE       \tGetHandleVerifier [0x0xd99eda+220858]\nE       \tGetHandleVerifier [0x0xd8a528+156936]\nE       \tGetHandleVerifier [0x0xd90c5d+183357]\nE       \tGetHandleVerifier [0x0xd7b6c8+95912]\nE       \tGetHandleVerifier [0x0xd7b870+96336]\nE       \tGetHandleVerifier [0x0xd6664a+9770]\nE       \tBaseThreadInitThunk [0x0x75d55d49+25]\nE       \tRtlInitializeExceptionChain [0x0x777dd03b+107]\nE       \tRtlGetAppContainerNamedObjectPath [0x0x777dcfc1+561]\n\n..\\..\\..\\AppData\\Local\\Programs\\Python\\Python313\\Lib\\site-packages\\selenium\\webdriver\\support\\wait.py:146: TimeoutException\n\n------------------------------ Captured log setup ------------------------------\nCRITICAL root:file_manager.py:97 File not found : &amp;lt;method-wrapper &amp;#x27;__str__&amp;#x27; of FileNotFoundError object at 0x0000022FFD5A7520&amp;gt;\n&#34;}], &#34;Tests/Test_checkbox.py::Test_CheckBoxPage::test_checkbox_checked[chrome]&#34;: [{&#34;extras&#34;: [], &#34;result&#34;: &#34;Failed&#34;, &#34;testId&#34;: &#34;Tests/Test_checkbox.py::Test_CheckBoxPage::test_checkbox_checked[chrome]&#34;, &#34;duration&#34;: &#34;00:00:11&#34;, &#34;resultsTableRow&#34;: [&#34;&lt;td class=\&#34;col-result\&#34;&gt;Failed&lt;/td&gt;&#34;, &#34;&lt;td class=\&#34;col-testId\&#34;&gt;Tests/Test_checkbox.py::Test_CheckBoxPage::test_checkbox_checked[chrome]&lt;/td&gt;&#34;, &#34;&lt;td class=\&#34;col-duration\&#34;&gt;00:00:11&lt;/td&gt;&#34;, &#34;&lt;td class=\&#34;col-links\&#34;&gt;&lt;/td&gt;&#34;], &#34;log&#34;: &#34;[gw1] win32 -- Python 3.13.3 C:\\Users\\amigo\\AppData\\Local\\Programs\\Python\\Python313\\python.exe\n\nself = &amp;lt;Test_checkbox.Test_CheckBoxPage object at 0x0000022FFD41ED70&amp;gt;\ndriver_Setup = &amp;lt;selenium.webdriver.chrome.webdriver.WebDriver (session=&amp;quot;c67f353b990b8bc235be985d3cc6c2f0&amp;quot;)&amp;gt;\n\n    @pytest.mark.CheckboxChecked\n    def test_checkbox_checked(self,driver_Setup):\n        &amp;quot;&amp;quot;&amp;quot;Checks the check box is checked&amp;quot;&amp;quot;&amp;quot;\n        self.driver = driver_Setup\n        mainp = MainPage(self.driver)\n        elements_page = ElementsPage(self.driver)\n        check_Box_Page= CheckBoxPage(self.driver)\n        mainp.click_elements_page()\n&amp;gt;       elements_page.click_check_box_text()\n\nTests\\Test_checkbox.py:67: \n_ _ _ _ _ _ _ _ _ _ _ _ _ _ _ _ _ _ _ _ _ _ _ _ _ _ _ _ _ _ _ _ _ _ _ _ _ _ _ _ _ _ _ _ _ _ _ _ _ _ _ _ _ _ _ _ _ _ _ _ _ _ _\nPages\\Elements_Page.py:88: in click_check_box_text\n    self.click_element(self.check_box_span)\nPages\\BasePage.py:88: in click_element\n    self.wait.until(EC.visibility_of_element_located(element)).click()\n_ _ _ _ _ _ _ _ _ _ _ _ _ _ _ _ _ _ _ _ _ _ _ _ _ _ _ _ _ _ _ _ _ _ _ _ _ _ _ _ _ _ _ _ _ _ _ _ _ _ _ _ _ _ _ _ _ _ _ _ _ _ _\n\nself = &amp;lt;selenium.webdriver.support.wait.WebDriverWait (session=&amp;quot;c67f353b990b8bc235be985d3cc6c2f0&amp;quot;)&amp;gt;\nmethod = &amp;lt;function visibility_of_element_located.&amp;lt;locals&amp;gt;._predicate at 0x0000022FFD563D80&amp;gt;, message = &amp;#x27;&amp;#x27;\n\n    def until(self, method: Callable[[D], Union[Literal[False], T]], message: str = &amp;quot;&amp;quot;) -&amp;gt; T:\n        &amp;quot;&amp;quot;&amp;quot;Wait until the method returns a value that is not False.\n    \n        Calls the method provided with the driver as an argument until the\n        return value does not evaluate to ``False``.\n    \n        Parameters:\n        -----------\n        method: callable(WebDriver)\n            - A callable object that takes a WebDriver instance as an argument.\n    \n        message: str\n            - Optional message for :exc:`TimeoutException`\n    \n        Return:\n        -------\n        object: T\n            - The result of the last call to `method`\n    \n        Raises:\n        -------\n        TimeoutException\n            - If &amp;#x27;method&amp;#x27; does not return a truthy value within the WebDriverWait\n            object&amp;#x27;s timeout\n    \n        Example:\n        --------\n        &amp;gt;&amp;gt;&amp;gt; from selenium.webdriver.common.by import By\n        &amp;gt;&amp;gt;&amp;gt; from selenium.webdriver.support.ui import WebDriverWait\n        &amp;gt;&amp;gt;&amp;gt; from selenium.webdriver.support import expected_conditions as EC\n    \n        # Wait until an element is visible on the page\n        &amp;gt;&amp;gt;&amp;gt; wait = WebDriverWait(driver, 10)\n        &amp;gt;&amp;gt;&amp;gt; element = wait.until(EC.visibility_of_element_located((By.ID, &amp;quot;exampleId&amp;quot;)))\n        &amp;gt;&amp;gt;&amp;gt; print(element.text)\n        &amp;quot;&amp;quot;&amp;quot;\n        screen = None\n        stacktrace = None\n    \n        end_time = time.monotonic() + self._timeout\n        while True:\n            try:\n                value = method(self._driver)\n                if value:\n                    return value\n            except self._ignored_exceptions as exc:\n                screen = getattr(exc, &amp;quot;screen&amp;quot;, None)\n                stacktrace = getattr(exc, &amp;quot;stacktrace&amp;quot;, None)\n            if time.monotonic() &amp;gt; end_time:\n                break\n            time.sleep(self._poll)\n&amp;gt;       raise TimeoutException(message, screen, stacktrace)\nE       selenium.common.exceptions.TimeoutException: Message: \nE       Stacktrace:\nE       \tGetHandleVerifier [0x0xd73763+63299]\nE       \tGetHandleVerifier [0x0xd737a4+63364]\nE       \t(No symbol) [0x0xba1113]\nE       \t(No symbol) [0x0xbe987e]\nE       \t(No symbol) [0x0xbe9c1b]\nE       \t(No symbol) [0x0xc32212]\nE       \t(No symbol) [0x0xc0e5c4]\nE       \t(No symbol) [0x0xc2fa4a]\nE       \t(No symbol) [0x0xc0e376]\nE       \t(No symbol) [0x0xbdd6e0]\nE       \t(No symbol) [0x0xbde544]\nE       \tGetHandleVerifier [0x0xfce033+2531347]\nE       \tGetHandleVerifier [0x0xfc9332+2511634]\nE       \tGetHandleVerifier [0x0xd99eda+220858]\nE       \tGetHandleVerifier [0x0xd8a528+156936]\nE       \tGetHandleVerifier [0x0xd90c5d+183357]\nE       \tGetHandleVerifier [0x0xd7b6c8+95912]\nE       \tGetHandleVerifier [0x0xd7b870+96336]\nE       \tGetHandleVerifier [0x0xd6664a+9770]\nE       \tBaseThreadInitThunk [0x0x75d55d49+25]\nE       \tRtlInitializeExceptionChain [0x0x777dd03b+107]\nE       \tRtlGetAppContainerNamedObjectPath [0x0x777dcfc1+561]\n\n..\\..\\..\\AppData\\Local\\Programs\\Python\\Python313\\Lib\\site-packages\\selenium\\webdriver\\support\\wait.py:146: TimeoutException\n&#34;}], &#34;Tests/Test_checkbox.py::Test_CheckBoxPage::test_check_box_list[chrome]&#34;: [{&#34;extras&#34;: [], &#34;result&#34;: &#34;Failed&#34;, &#34;testId&#34;: &#34;Tests/Test_checkbox.py::Test_CheckBoxPage::test_check_box_list[chrome]&#34;, &#34;duration&#34;: &#34;00:01:32&#34;, &#34;resultsTableRow&#34;: [&#34;&lt;td class=\&#34;col-result\&#34;&gt;Failed&lt;/td&gt;&#34;, &#34;&lt;td class=\&#34;col-testId\&#34;&gt;Tests/Test_checkbox.py::Test_CheckBoxPage::test_check_box_list[chrome]&lt;/td&gt;&#34;, &#34;&lt;td class=\&#34;col-duration\&#34;&gt;00:01:32&lt;/td&gt;&#34;, &#34;&lt;td class=\&#34;col-links\&#34;&gt;&lt;/td&gt;&#34;], &#34;log&#34;: &#34;[gw0] win32 -- Python 3.13.3 C:\\Users\\amigo\\AppData\\Local\\Programs\\Python\\Python313\\python.exe\n\nself = &amp;lt;Test_checkbox.Test_CheckBoxPage object at 0x0000026FD2571A30&amp;gt;\ndriver_Setup = &amp;lt;selenium.webdriver.chrome.webdriver.WebDriver (session=&amp;quot;fea87144afe34f11c1e9b7505c4c7f2f&amp;quot;)&amp;gt;\n\n    @pytest.mark.CheckBoxCheckedList\n    def test_check_box_list(self,driver_Setup):\n        &amp;quot;&amp;quot;&amp;quot;Checks the check box list is displayed&amp;quot;&amp;quot;&amp;quot;\n        self.driver = driver_Setup\n        mainp = MainPage(self.driver)\n        elements_page = ElementsPage(self.driver)\n        check_Box_Page= CheckBoxPage(self.driver)\n        mainp.click_elements_page()\n&amp;gt;       elements_page.click_check_box_text()\n\nTests\\Test_checkbox.py:83: \n_ _ _ _ _ _ _ _ _ _ _ _ _ _ _ _ _ _ _ _ _ _ _ _ _ _ _ _ _ _ _ _ _ _ _ _ _ _ _ _ _ _ _ _ _ _ _ _ _ _ _ _ _ _ _ _ _ _ _ _ _ _ _\nPages\\Elements_Page.py:88: in click_check_box_text\n    self.click_element(self.check_box_span)\nPages\\BasePage.py:88: in click_element\n    self.wait.until(EC.visibility_of_element_located(element)).click()\n_ _ _ _ _ _ _ _ _ _ _ _ _ _ _ _ _ _ _ _ _ _ _ _ _ _ _ _ _ _ _ _ _ _ _ _ _ _ _ _ _ _ _ _ _ _ _ _ _ _ _ _ _ _ _ _ _ _ _ _ _ _ _\n\nself = &amp;lt;selenium.webdriver.support.wait.WebDriverWait (session=&amp;quot;fea87144afe34f11c1e9b7505c4c7f2f&amp;quot;)&amp;gt;\nmethod = &amp;lt;function visibility_of_element_located.&amp;lt;locals&amp;gt;._predicate at 0x0000026FD262FD80&amp;gt;, message = &amp;#x27;&amp;#x27;\n\n    def until(self, method: Callable[[D], Union[Literal[False], T]], message: str = &amp;quot;&amp;quot;) -&amp;gt; T:\n        &amp;quot;&amp;quot;&amp;quot;Wait until the method returns a value that is not False.\n    \n        Calls the method provided with the driver as an argument until the\n        return value does not evaluate to ``False``.\n    \n        Parameters:\n        -----------\n        method: callable(WebDriver)\n            - A callable object that takes a WebDriver instance as an argument.\n    \n        message: str\n            - Optional message for :exc:`TimeoutException`\n    \n        Return:\n        -------\n        object: T\n            - The result of the last call to `method`\n    \n        Raises:\n        -------\n        TimeoutException\n            - If &amp;#x27;method&amp;#x27; does not return a truthy value within the WebDriverWait\n            object&amp;#x27;s timeout\n    \n        Example:\n        --------\n        &amp;gt;&amp;gt;&amp;gt; from selenium.webdriver.common.by import By\n        &amp;gt;&amp;gt;&amp;gt; from selenium.webdriver.support.ui import WebDriverWait\n        &amp;gt;&amp;gt;&amp;gt; from selenium.webdriver.support import expected_conditions as EC\n    \n        # Wait until an element is visible on the page\n        &amp;gt;&amp;gt;&amp;gt; wait = WebDriverWait(driver, 10)\n        &amp;gt;&amp;gt;&amp;gt; element = wait.until(EC.visibility_of_element_located((By.ID, &amp;quot;exampleId&amp;quot;)))\n        &amp;gt;&amp;gt;&amp;gt; print(element.text)\n        &amp;quot;&amp;quot;&amp;quot;\n        screen = None\n        stacktrace = None\n    \n        end_time = time.monotonic() + self._timeout\n        while True:\n            try:\n                value = method(self._driver)\n                if value:\n                    return value\n            except self._ignored_exceptions as exc:\n                screen = getattr(exc, &amp;quot;screen&amp;quot;, None)\n                stacktrace = getattr(exc, &amp;quot;stacktrace&amp;quot;, None)\n            if time.monotonic() &amp;gt; end_time:\n                break\n            time.sleep(self._poll)\n&amp;gt;       raise TimeoutException(message, screen, stacktrace)\nE       selenium.common.exceptions.TimeoutException: Message: \nE       Stacktrace:\nE       \tGetHandleVerifier [0x0xd63763+63299]\nE       \tGetHandleVerifier [0x0xd637a4+63364]\nE       \t(No symbol) [0x0xb91113]\nE       \t(No symbol) [0x0xbd987e]\nE       \t(No symbol) [0x0xbd9c1b]\nE       \t(No symbol) [0x0xc22212]\nE       \t(No symbol) [0x0xbfe5c4]\nE       \t(No symbol) [0x0xc1fa4a]\nE       \t(No symbol) [0x0xbfe376]\nE       \t(No symbol) [0x0xbcd6e0]\nE       \t(No symbol) [0x0xbce544]\nE       \tGetHandleVerifier [0x0xfbe033+2531347]\nE       \tGetHandleVerifier [0x0xfb9332+2511634]\nE       \tGetHandleVerifier [0x0xd89eda+220858]\nE       \tGetHandleVerifier [0x0xd7a528+156936]\nE       \tGetHandleVerifier [0x0xd80c5d+183357]\nE       \tGetHandleVerifier [0x0xd6b6c8+95912]\nE       \tGetHandleVerifier [0x0xd6b870+96336]\nE       \tGetHandleVerifier [0x0xd5664a+9770]\nE       \tBaseThreadInitThunk [0x0x75d55d49+25]\nE       \tRtlInitializeExceptionChain [0x0x777dd03b+107]\nE       \tRtlGetAppContainerNamedObjectPath [0x0x777dcfc1+561]\n\n..\\..\\..\\AppData\\Local\\Programs\\Python\\Python313\\Lib\\site-packages\\selenium\\webdriver\\support\\wait.py:146: TimeoutException\n\n------------------------------ Captured log setup ------------------------------\nCRITICAL root:file_manager.py:97 File not found : &amp;lt;method-wrapper &amp;#x27;__str__&amp;#x27; of FileNotFoundError object at 0x0000026FD26880D0&amp;gt;\n&#34;}], &#34;Tests/Test_forms_page.py::Test_form_page::test_fill_form_male[chrome]&#34;: [{&#34;extras&#34;: [], &#34;result&#34;: &#34;Skipped&#34;, &#34;testId&#34;: &#34;Tests/Test_forms_page.py::Test_form_page::test_fill_form_male[chrome]::setup&#34;, &#34;duration&#34;: &#34;0 ms&#34;, &#34;resultsTableRow&#34;: [&#34;&lt;td class=\&#34;col-result\&#34;&gt;Skipped&lt;/td&gt;&#34;, &#34;&lt;td class=\&#34;col-testId\&#34;&gt;Tests/Test_forms_page.py::Test_form_page::test_fill_form_male[chrome]::setup&lt;/td&gt;&#34;, &#34;&lt;td class=\&#34;col-duration\&#34;&gt;0 ms&lt;/td&gt;&#34;, &#34;&lt;td class=\&#34;col-links\&#34;&gt;&lt;/td&gt;&#34;], &#34;log&#34;: &#34;[gw0] win32 -- Python 3.13.3 C:\\Users\\amigo\\AppData\\Local\\Programs\\Python\\Python313\\python.exe\n(&amp;#x27;c:\\\\Users\\\\amigo\\\\Documents\\\\TestProject\\\\TestProject2\\\\Tests\\\\Test_forms_page.py&amp;#x27;, 10, &amp;#x27;Skipped: Skip this test&amp;#x27;)\n&#34;}], &#34;Tests/Test_interactions_page.py::Test_interactions_page::test_interactions[chrome]&#34;: [{&#34;extras&#34;: [], &#34;result&#34;: &#34;Failed&#34;, &#34;testId&#34;: &#34;Tests/Test_interactions_page.py::Test_interactions_page::test_interactions[chrome]&#34;, &#34;duration&#34;: &#34;00:02:16&#34;, &#34;resultsTableRow&#34;: [&#34;&lt;td class=\&#34;col-result\&#34;&gt;Failed&lt;/td&gt;&#34;, &#34;&lt;td class=\&#34;col-testId\&#34;&gt;Tests/Test_interactions_page.py::Test_interactions_page::test_interactions[chrome]&lt;/td&gt;&#34;, &#34;&lt;td class=\&#34;col-duration\&#34;&gt;00:02:16&lt;/td&gt;&#34;, &#34;&lt;td class=\&#34;col-links\&#34;&gt;&lt;/td&gt;&#34;], &#34;log&#34;: &#34;[gw3] win32 -- Python 3.13.3 C:\\Users\\amigo\\AppData\\Local\\Programs\\Python\\Python313\\python.exe\n\nself = &amp;lt;Test_interactions_page.Test_interactions_page object at 0x000001378B18C7D0&amp;gt;\ndriver_Setup = &amp;lt;selenium.webdriver.chrome.webdriver.WebDriver (session=&amp;quot;1071e72f5751e53778bf048aa05b3560&amp;quot;)&amp;gt;\n\n    @pytest.mark.interactions\n    def test_interactions(self, driver_Setup):\n        &amp;quot;&amp;quot;&amp;quot;Test to validate the interactions page&amp;quot;&amp;quot;&amp;quot;\n        driver = driver_Setup\n        driver.get(TestData.url)\n        mainp = MainPage(driver)\n        i_page = InteractionsPage(driver)\n        mainp.click_interactions_page()\n&amp;gt;       i_page.click_sortable_menu()\n\nTests\\Test_interactions_page.py:20: \n_ _ _ _ _ _ _ _ _ _ _ _ _ _ _ _ _ _ _ _ _ _ _ _ _ _ _ _ _ _ _ _ _ _ _ _ _ _ _ _ _ _ _ _ _ _ _ _ _ _ _ _ _ _ _ _ _ _ _ _ _ _ _\nPages\\InteractionsPage.py:27: in click_sortable_menu\n    self.click_element(self.sortable_menu)\nPages\\BasePage.py:88: in click_element\n    self.wait.until(EC.visibility_of_element_located(element)).click()\n_ _ _ _ _ _ _ _ _ _ _ _ _ _ _ _ _ _ _ _ _ _ _ _ _ _ _ _ _ _ _ _ _ _ _ _ _ _ _ _ _ _ _ _ _ _ _ _ _ _ _ _ _ _ _ _ _ _ _ _ _ _ _\n\nself = &amp;lt;selenium.webdriver.support.wait.WebDriverWait (session=&amp;quot;1071e72f5751e53778bf048aa05b3560&amp;quot;)&amp;gt;\nmethod = &amp;lt;function visibility_of_element_located.&amp;lt;locals&amp;gt;._predicate at 0x000001378B215260&amp;gt;, message = &amp;#x27;&amp;#x27;\n\n    def until(self, method: Callable[[D], Union[Literal[False], T]], message: str = &amp;quot;&amp;quot;) -&amp;gt; T:\n        &amp;quot;&amp;quot;&amp;quot;Wait until the method returns a value that is not False.\n    \n        Calls the method provided with the driver as an argument until the\n        return value does not evaluate to ``False``.\n    \n        Parameters:\n        -----------\n        method: callable(WebDriver)\n            - A callable object that takes a WebDriver instance as an argument.\n    \n        message: str\n            - Optional message for :exc:`TimeoutException`\n    \n        Return:\n        -------\n        object: T\n            - The result of the last call to `method`\n    \n        Raises:\n        -------\n        TimeoutException\n            - If &amp;#x27;method&amp;#x27; does not return a truthy value within the WebDriverWait\n            object&amp;#x27;s timeout\n    \n        Example:\n        --------\n        &amp;gt;&amp;gt;&amp;gt; from selenium.webdriver.common.by import By\n        &amp;gt;&amp;gt;&amp;gt; from selenium.webdriver.support.ui import WebDriverWait\n        &amp;gt;&amp;gt;&amp;gt; from selenium.webdriver.support import expected_conditions as EC\n    \n        # Wait until an element is visible on the page\n        &amp;gt;&amp;gt;&amp;gt; wait = WebDriverWait(driver, 10)\n        &amp;gt;&amp;gt;&amp;gt; element = wait.until(EC.visibility_of_element_located((By.ID, &amp;quot;exampleId&amp;quot;)))\n        &amp;gt;&amp;gt;&amp;gt; print(element.text)\n        &amp;quot;&amp;quot;&amp;quot;\n        screen = None\n        stacktrace = None\n    \n        end_time = time.monotonic() + self._timeout\n        while True:\n            try:\n                value = method(self._driver)\n                if value:\n                    return value\n            except self._ignored_exceptions as exc:\n                screen = getattr(exc, &amp;quot;screen&amp;quot;, None)\n                stacktrace = getattr(exc, &amp;quot;stacktrace&amp;quot;, None)\n            if time.monotonic() &amp;gt; end_time:\n                break\n            time.sleep(self._poll)\n&amp;gt;       raise TimeoutException(message, screen, stacktrace)\nE       selenium.common.exceptions.TimeoutException: Message: \nE       Stacktrace:\nE       \tGetHandleVerifier [0x0x8d3763+63299]\nE       \tGetHandleVerifier [0x0x8d37a4+63364]\nE       \t(No symbol) [0x0x701113]\nE       \t(No symbol) [0x0x74987e]\nE       \t(No symbol) [0x0x749c1b]\nE       \t(No symbol) [0x0x792212]\nE       \t(No symbol) [0x0x76e5c4]\nE       \t(No symbol) [0x0x78fa4a]\nE       \t(No symbol) [0x0x76e376]\nE       \t(No symbol) [0x0x73d6e0]\nE       \t(No symbol) [0x0x73e544]\nE       \tGetHandleVerifier [0x0xb2e033+2531347]\nE       \tGetHandleVerifier [0x0xb29332+2511634]\nE       \tGetHandleVerifier [0x0x8f9eda+220858]\nE       \tGetHandleVerifier [0x0x8ea528+156936]\nE       \tGetHandleVerifier [0x0x8f0c5d+183357]\nE       \tGetHandleVerifier [0x0x8db6c8+95912]\nE       \tGetHandleVerifier [0x0x8db870+96336]\nE       \tGetHandleVerifier [0x0x8c664a+9770]\nE       \tBaseThreadInitThunk [0x0x75d55d49+25]\nE       \tRtlInitializeExceptionChain [0x0x777dd03b+107]\nE       \tRtlGetAppContainerNamedObjectPath [0x0x777dcfc1+561]\n\n..\\..\\..\\AppData\\Local\\Programs\\Python\\Python313\\Lib\\site-packages\\selenium\\webdriver\\support\\wait.py:146: TimeoutException\n\n------------------------------ Captured log setup ------------------------------\nCRITICAL root:file_manager.py:97 File not found : &amp;lt;method-wrapper &amp;#x27;__str__&amp;#x27; of FileNotFoundError object at 0x000001378B2A8160&amp;gt;\n&#34;}], &#34;Tests/Test_radioButton.py::Test_Radio_Button_Page::test_radiobutton_title[chrome]&#34;: [{&#34;extras&#34;: [], &#34;result&#34;: &#34;Failed&#34;, &#34;testId&#34;: &#34;Tests/Test_radioButton.py::Test_Radio_Button_Page::test_radiobutton_title[chrome]&#34;, &#34;duration&#34;: &#34;00:01:58&#34;, &#34;resultsTableRow&#34;: [&#34;&lt;td class=\&#34;col-result\&#34;&gt;Failed&lt;/td&gt;&#34;, &#34;&lt;td class=\&#34;col-testId\&#34;&gt;Tests/Test_radioButton.py::Test_Radio_Button_Page::test_radiobutton_title[chrome]&lt;/td&gt;&#34;, &#34;&lt;td class=\&#34;col-duration\&#34;&gt;00:01:58&lt;/td&gt;&#34;, &#34;&lt;td class=\&#34;col-links\&#34;&gt;&lt;/td&gt;&#34;], &#34;log&#34;: &#34;[gw1] win32 -- Python 3.13.3 C:\\Users\\amigo\\AppData\\Local\\Programs\\Python\\Python313\\python.exe\n\nself = &amp;lt;Test_radioButton.Test_Radio_Button_Page object at 0x0000022FFD4CCA50&amp;gt;\ndriver_Setup = &amp;lt;selenium.webdriver.chrome.webdriver.WebDriver (session=&amp;quot;9f2f8493a4b530010e6f17771da41311&amp;quot;)&amp;gt;\n\n    @pytest.mark.RadioButtonTitle\n    def test_radiobutton_title(self, driver_Setup):\n        &amp;quot;&amp;quot;&amp;quot;Checks the Radio Button title is displayed&amp;quot;&amp;quot;&amp;quot;\n        self.driver = driver_Setup\n        self.driver.get(TestData.url)\n        mainp = MainPage(self.driver)\n        elements_page = ElementsPage(self.driver)\n        radio_button_page = Radio_Button_Page(self.driver)\n        mainp.click_elements_page()\n&amp;gt;       elements_page.click_radio_button_menu()\n\nTests\\Test_radioButton.py:23: \n_ _ _ _ _ _ _ _ _ _ _ _ _ _ _ _ _ _ _ _ _ _ _ _ _ _ _ _ _ _ _ _ _ _ _ _ _ _ _ _ _ _ _ _ _ _ _ _ _ _ _ _ _ _ _ _ _ _ _ _ _ _ _\nPages\\Elements_Page.py:93: in click_radio_button_menu\n    self.click_element(self.radio_button_span)\nPages\\BasePage.py:88: in click_element\n    self.wait.until(EC.visibility_of_element_located(element)).click()\n_ _ _ _ _ _ _ _ _ _ _ _ _ _ _ _ _ _ _ _ _ _ _ _ _ _ _ _ _ _ _ _ _ _ _ _ _ _ _ _ _ _ _ _ _ _ _ _ _ _ _ _ _ _ _ _ _ _ _ _ _ _ _\n\nself = &amp;lt;selenium.webdriver.support.wait.WebDriverWait (session=&amp;quot;9f2f8493a4b530010e6f17771da41311&amp;quot;)&amp;gt;\nmethod = &amp;lt;function visibility_of_element_located.&amp;lt;locals&amp;gt;._predicate at 0x0000022FFD54D4E0&amp;gt;, message = &amp;#x27;&amp;#x27;\n\n    def until(self, method: Callable[[D], Union[Literal[False], T]], message: str = &amp;quot;&amp;quot;) -&amp;gt; T:\n        &amp;quot;&amp;quot;&amp;quot;Wait until the method returns a value that is not False.\n    \n        Calls the method provided with the driver as an argument until the\n        return value does not evaluate to ``False``.\n    \n        Parameters:\n        -----------\n        method: callable(WebDriver)\n            - A callable object that takes a WebDriver instance as an argument.\n    \n        message: str\n            - Optional message for :exc:`TimeoutException`\n    \n        Return:\n        -------\n        object: T\n            - The result of the last call to `method`\n    \n        Raises:\n        -------\n        TimeoutException\n            - If &amp;#x27;method&amp;#x27; does not return a truthy value within the WebDriverWait\n            object&amp;#x27;s timeout\n    \n        Example:\n        --------\n        &amp;gt;&amp;gt;&amp;gt; from selenium.webdriver.common.by import By\n        &amp;gt;&amp;gt;&amp;gt; from selenium.webdriver.support.ui import WebDriverWait\n        &amp;gt;&amp;gt;&amp;gt; from selenium.webdriver.support import expected_conditions as EC\n    \n        # Wait until an element is visible on the page\n        &amp;gt;&amp;gt;&amp;gt; wait = WebDriverWait(driver, 10)\n        &amp;gt;&amp;gt;&amp;gt; element = wait.until(EC.visibility_of_element_located((By.ID, &amp;quot;exampleId&amp;quot;)))\n        &amp;gt;&amp;gt;&amp;gt; print(element.text)\n        &amp;quot;&amp;quot;&amp;quot;\n        screen = None\n        stacktrace = None\n    \n        end_time = time.monotonic() + self._timeout\n        while True:\n            try:\n                value = method(self._driver)\n                if value:\n                    return value\n            except self._ignored_exceptions as exc:\n                screen = getattr(exc, &amp;quot;screen&amp;quot;, None)\n                stacktrace = getattr(exc, &amp;quot;stacktrace&amp;quot;, None)\n            if time.monotonic() &amp;gt; end_time:\n                break\n            time.sleep(self._poll)\n&amp;gt;       raise TimeoutException(message, screen, stacktrace)\nE       selenium.common.exceptions.TimeoutException: Message: \nE       Stacktrace:\nE       \tGetHandleVerifier [0x0xd73763+63299]\nE       \tGetHandleVerifier [0x0xd737a4+63364]\nE       \t(No symbol) [0x0xba1113]\nE       \t(No symbol) [0x0xbe987e]\nE       \t(No symbol) [0x0xbe9c1b]\nE       \t(No symbol) [0x0xc32212]\nE       \t(No symbol) [0x0xc0e5c4]\nE       \t(No symbol) [0x0xc2fa4a]\nE       \t(No symbol) [0x0xc0e376]\nE       \t(No symbol) [0x0xbdd6e0]\nE       \t(No symbol) [0x0xbde544]\nE       \tGetHandleVerifier [0x0xfce033+2531347]\nE       \tGetHandleVerifier [0x0xfc9332+2511634]\nE       \tGetHandleVerifier [0x0xd99eda+220858]\nE       \tGetHandleVerifier [0x0xd8a528+156936]\nE       \tGetHandleVerifier [0x0xd90c5d+183357]\nE       \tGetHandleVerifier [0x0xd7b6c8+95912]\nE       \tGetHandleVerifier [0x0xd7b870+96336]\nE       \tGetHandleVerifier [0x0xd6664a+9770]\nE       \tBaseThreadInitThunk [0x0x75d55d49+25]\nE       \tRtlInitializeExceptionChain [0x0x777dd03b+107]\nE       \tRtlGetAppContainerNamedObjectPath [0x0x777dcfc1+561]\n\n..\\..\\..\\AppData\\Local\\Programs\\Python\\Python313\\Lib\\site-packages\\selenium\\webdriver\\support\\wait.py:146: TimeoutException\n\n------------------------------ Captured log setup ------------------------------\nCRITICAL root:file_manager.py:97 File not found : &amp;lt;method-wrapper &amp;#x27;__str__&amp;#x27; of FileNotFoundError object at 0x0000022FFD5D9000&amp;gt;\n&#34;}], &#34;Tests/Test_interactions_page.py::Test_interactions_page::test_drag_element[chrome]&#34;: [{&#34;extras&#34;: [], &#34;result&#34;: &#34;Failed&#34;, &#34;testId&#34;: &#34;Tests/Test_interactions_page.py::Test_interactions_page::test_drag_element[chrome]&#34;, &#34;duration&#34;: &#34;00:02:43&#34;, &#34;resultsTableRow&#34;: [&#34;&lt;td class=\&#34;col-result\&#34;&gt;Failed&lt;/td&gt;&#34;, &#34;&lt;td class=\&#34;col-testId\&#34;&gt;Tests/Test_interactions_page.py::Test_interactions_page::test_drag_element[chrome]&lt;/td&gt;&#34;, &#34;&lt;td class=\&#34;col-duration\&#34;&gt;00:02:43&lt;/td&gt;&#34;, &#34;&lt;td class=\&#34;col-links\&#34;&gt;&lt;/td&gt;&#34;], &#34;log&#34;: &#34;[gw2] win32 -- Python 3.13.3 C:\\Users\\amigo\\AppData\\Local\\Programs\\Python\\Python313\\python.exe\n\nself = &amp;lt;Test_interactions_page.Test_interactions_page object at 0x0000020A6A9EC690&amp;gt;\ndriver_Setup = &amp;lt;selenium.webdriver.chrome.webdriver.WebDriver (session=&amp;quot;3c4e5fb2860308029d2372629c3d4631&amp;quot;)&amp;gt;\n\n    @pytest.mark.dragElement\n    def test_drag_element(self, driver_Setup):\n        &amp;quot;&amp;quot;&amp;quot;Test to validate the drag element&amp;quot;&amp;quot;&amp;quot;\n        driver = driver_Setup\n        driver.get(&amp;quot;https://demoqa.com/&amp;quot;)\n        mainp = MainPage(driver)\n        i_page = InteractionsPage(driver)\n        mainp.click_interactions_page()\n&amp;gt;       i_page.click_sortable_menu()\n\nTests\\Test_interactions_page.py:34: \n_ _ _ _ _ _ _ _ _ _ _ _ _ _ _ _ _ _ _ _ _ _ _ _ _ _ _ _ _ _ _ _ _ _ _ _ _ _ _ _ _ _ _ _ _ _ _ _ _ _ _ _ _ _ _ _ _ _ _ _ _ _ _\nPages\\InteractionsPage.py:27: in click_sortable_menu\n    self.click_element(self.sortable_menu)\nPages\\BasePage.py:88: in click_element\n    self.wait.until(EC.visibility_of_element_located(element)).click()\n_ _ _ _ _ _ _ _ _ _ _ _ _ _ _ _ _ _ _ _ _ _ _ _ _ _ _ _ _ _ _ _ _ _ _ _ _ _ _ _ _ _ _ _ _ _ _ _ _ _ _ _ _ _ _ _ _ _ _ _ _ _ _\n\nself = &amp;lt;selenium.webdriver.support.wait.WebDriverWait (session=&amp;quot;3c4e5fb2860308029d2372629c3d4631&amp;quot;)&amp;gt;\nmethod = &amp;lt;function visibility_of_element_located.&amp;lt;locals&amp;gt;._predicate at 0x0000020A6AA9BCE0&amp;gt;, message = &amp;#x27;&amp;#x27;\n\n    def until(self, method: Callable[[D], Union[Literal[False], T]], message: str = &amp;quot;&amp;quot;) -&amp;gt; T:\n        &amp;quot;&amp;quot;&amp;quot;Wait until the method returns a value that is not False.\n    \n        Calls the method provided with the driver as an argument until the\n        return value does not evaluate to ``False``.\n    \n        Parameters:\n        -----------\n        method: callable(WebDriver)\n            - A callable object that takes a WebDriver instance as an argument.\n    \n        message: str\n            - Optional message for :exc:`TimeoutException`\n    \n        Return:\n        -------\n        object: T\n            - The result of the last call to `method`\n    \n        Raises:\n        -------\n        TimeoutException\n            - If &amp;#x27;method&amp;#x27; does not return a truthy value within the WebDriverWait\n            object&amp;#x27;s timeout\n    \n        Example:\n        --------\n        &amp;gt;&amp;gt;&amp;gt; from selenium.webdriver.common.by import By\n        &amp;gt;&amp;gt;&amp;gt; from selenium.webdriver.support.ui import WebDriverWait\n        &amp;gt;&amp;gt;&amp;gt; from selenium.webdriver.support import expected_conditions as EC\n    \n        # Wait until an element is visible on the page\n        &amp;gt;&amp;gt;&amp;gt; wait = WebDriverWait(driver, 10)\n        &amp;gt;&amp;gt;&amp;gt; element = wait.until(EC.visibility_of_element_located((By.ID, &amp;quot;exampleId&amp;quot;)))\n        &amp;gt;&amp;gt;&amp;gt; print(element.text)\n        &amp;quot;&amp;quot;&amp;quot;\n        screen = None\n        stacktrace = None\n    \n        end_time = time.monotonic() + self._timeout\n        while True:\n            try:\n                value = method(self._driver)\n                if value:\n                    return value\n            except self._ignored_exceptions as exc:\n                screen = getattr(exc, &amp;quot;screen&amp;quot;, None)\n                stacktrace = getattr(exc, &amp;quot;stacktrace&amp;quot;, None)\n            if time.monotonic() &amp;gt; end_time:\n                break\n            time.sleep(self._poll)\n&amp;gt;       raise TimeoutException(message, screen, stacktrace)\nE       selenium.common.exceptions.TimeoutException: Message: \nE       Stacktrace:\nE       \tGetHandleVerifier [0x0x1123763+63299]\nE       \tGetHandleVerifier [0x0x11237a4+63364]\nE       \t(No symbol) [0x0xf51113]\nE       \t(No symbol) [0x0xf9987e]\nE       \t(No symbol) [0x0xf99c1b]\nE       \t(No symbol) [0x0xfe2212]\nE       \t(No symbol) [0x0xfbe5c4]\nE       \t(No symbol) [0x0xfdfa4a]\nE       \t(No symbol) [0x0xfbe376]\nE       \t(No symbol) [0x0xf8d6e0]\nE       \t(No symbol) [0x0xf8e544]\nE       \tGetHandleVerifier [0x0x137e033+2531347]\nE       \tGetHandleVerifier [0x0x1379332+2511634]\nE       \tGetHandleVerifier [0x0x1149eda+220858]\nE       \tGetHandleVerifier [0x0x113a528+156936]\nE       \tGetHandleVerifier [0x0x1140c5d+183357]\nE       \tGetHandleVerifier [0x0x112b6c8+95912]\nE       \tGetHandleVerifier [0x0x112b870+96336]\nE       \tGetHandleVerifier [0x0x111664a+9770]\nE       \tBaseThreadInitThunk [0x0x75d55d49+25]\nE       \tRtlInitializeExceptionChain [0x0x777dd03b+107]\nE       \tRtlGetAppContainerNamedObjectPath [0x0x777dcfc1+561]\n\n..\\..\\..\\AppData\\Local\\Programs\\Python\\Python313\\Lib\\site-packages\\selenium\\webdriver\\support\\wait.py:146: TimeoutException\n\n------------------------------ Captured log setup ------------------------------\nCRITICAL root:file_manager.py:97 File not found : &amp;lt;method-wrapper &amp;#x27;__str__&amp;#x27; of FileNotFoundError object at 0x0000020A6AB04D30&amp;gt;\n&#34;}], &#34;Tests/Test_interactions_page.py::Test_interactions_page::test_javascript_executor[chrome]&#34;: [{&#34;extras&#34;: [], &#34;result&#34;: &#34;Failed&#34;, &#34;testId&#34;: &#34;Tests/Test_interactions_page.py::Test_interactions_page::test_javascript_executor[chrome]&#34;, &#34;duration&#34;: &#34;00:00:37&#34;, &#34;resultsTableRow&#34;: [&#34;&lt;td class=\&#34;col-result\&#34;&gt;Failed&lt;/td&gt;&#34;, &#34;&lt;td class=\&#34;col-testId\&#34;&gt;Tests/Test_interactions_page.py::Test_interactions_page::test_javascript_executor[chrome]&lt;/td&gt;&#34;, &#34;&lt;td class=\&#34;col-duration\&#34;&gt;00:00:37&lt;/td&gt;&#34;, &#34;&lt;td class=\&#34;col-links\&#34;&gt;&lt;/td&gt;&#34;], &#34;log&#34;: &#34;[gw3] win32 -- Python 3.13.3 C:\\Users\\amigo\\AppData\\Local\\Programs\\Python\\Python313\\python.exe\n\nself = &amp;lt;Test_interactions_page.Test_interactions_page object at 0x000001378B0DF230&amp;gt;\ndriver_Setup = &amp;lt;selenium.webdriver.chrome.webdriver.WebDriver (session=&amp;quot;1071e72f5751e53778bf048aa05b3560&amp;quot;)&amp;gt;\n\n    @pytest.mark.sortable_javascriptExecutor\n    def test_javascript_executor(self, driver_Setup):\n        &amp;quot;&amp;quot;&amp;quot;Test to validate the javascript executor&amp;quot;&amp;quot;&amp;quot;\n        driver = driver_Setup\n        driver.get(TestData.url)\n        mainp = MainPage(driver)\n        i_page = InteractionsPage(driver)\n        mainp.click_interactions_page()\n&amp;gt;       i_page.click_sortable_menu()\n\nTests\\Test_interactions_page.py:59: \n_ _ _ _ _ _ _ _ _ _ _ _ _ _ _ _ _ _ _ _ _ _ _ _ _ _ _ _ _ _ _ _ _ _ _ _ _ _ _ _ _ _ _ _ _ _ _ _ _ _ _ _ _ _ _ _ _ _ _ _ _ _ _\nPages\\InteractionsPage.py:27: in click_sortable_menu\n    self.click_element(self.sortable_menu)\nPages\\BasePage.py:88: in click_element\n    self.wait.until(EC.visibility_of_element_located(element)).click()\n_ _ _ _ _ _ _ _ _ _ _ _ _ _ _ _ _ _ _ _ _ _ _ _ _ _ _ _ _ _ _ _ _ _ _ _ _ _ _ _ _ _ _ _ _ _ _ _ _ _ _ _ _ _ _ _ _ _ _ _ _ _ _\n\nself = &amp;lt;selenium.webdriver.support.wait.WebDriverWait (session=&amp;quot;1071e72f5751e53778bf048aa05b3560&amp;quot;)&amp;gt;\nmethod = &amp;lt;function visibility_of_element_located.&amp;lt;locals&amp;gt;._predicate at 0x000001378B2CC860&amp;gt;, message = &amp;#x27;&amp;#x27;\n\n    def until(self, method: Callable[[D], Union[Literal[False], T]], message: str = &amp;quot;&amp;quot;) -&amp;gt; T:\n        &amp;quot;&amp;quot;&amp;quot;Wait until the method returns a value that is not False.\n    \n        Calls the method provided with the driver as an argument until the\n        return value does not evaluate to ``False``.\n    \n        Parameters:\n        -----------\n        method: callable(WebDriver)\n            - A callable object that takes a WebDriver instance as an argument.\n    \n        message: str\n            - Optional message for :exc:`TimeoutException`\n    \n        Return:\n        -------\n        object: T\n            - The result of the last call to `method`\n    \n        Raises:\n        -------\n        TimeoutException\n            - If &amp;#x27;method&amp;#x27; does not return a truthy value within the WebDriverWait\n            object&amp;#x27;s timeout\n    \n        Example:\n        --------\n        &amp;gt;&amp;gt;&amp;gt; from selenium.webdriver.common.by import By\n        &amp;gt;&amp;gt;&amp;gt; from selenium.webdriver.support.ui import WebDriverWait\n        &amp;gt;&amp;gt;&amp;gt; from selenium.webdriver.support import expected_conditions as EC\n    \n        # Wait until an element is visible on the page\n        &amp;gt;&amp;gt;&amp;gt; wait = WebDriverWait(driver, 10)\n        &amp;gt;&amp;gt;&amp;gt; element = wait.until(EC.visibility_of_element_located((By.ID, &amp;quot;exampleId&amp;quot;)))\n        &amp;gt;&amp;gt;&amp;gt; print(element.text)\n        &amp;quot;&amp;quot;&amp;quot;\n        screen = None\n        stacktrace = None\n    \n        end_time = time.monotonic() + self._timeout\n        while True:\n            try:\n                value = method(self._driver)\n                if value:\n                    return value\n            except self._ignored_exceptions as exc:\n                screen = getattr(exc, &amp;quot;screen&amp;quot;, None)\n                stacktrace = getattr(exc, &amp;quot;stacktrace&amp;quot;, None)\n            if time.monotonic() &amp;gt; end_time:\n                break\n            time.sleep(self._poll)\n&amp;gt;       raise TimeoutException(message, screen, stacktrace)\nE       selenium.common.exceptions.TimeoutException: Message: \nE       Stacktrace:\nE       \tGetHandleVerifier [0x0x8d3763+63299]\nE       \tGetHandleVerifier [0x0x8d37a4+63364]\nE       \t(No symbol) [0x0x701113]\nE       \t(No symbol) [0x0x74987e]\nE       \t(No symbol) [0x0x749c1b]\nE       \t(No symbol) [0x0x792212]\nE       \t(No symbol) [0x0x76e5c4]\nE       \t(No symbol) [0x0x78fa4a]\nE       \t(No symbol) [0x0x76e376]\nE       \t(No symbol) [0x0x73d6e0]\nE       \t(No symbol) [0x0x73e544]\nE       \tGetHandleVerifier [0x0xb2e033+2531347]\nE       \tGetHandleVerifier [0x0xb29332+2511634]\nE       \tGetHandleVerifier [0x0x8f9eda+220858]\nE       \tGetHandleVerifier [0x0x8ea528+156936]\nE       \tGetHandleVerifier [0x0x8f0c5d+183357]\nE       \tGetHandleVerifier [0x0x8db6c8+95912]\nE       \tGetHandleVerifier [0x0x8db870+96336]\nE       \tGetHandleVerifier [0x0x8c664a+9770]\nE       \tBaseThreadInitThunk [0x0x75d55d49+25]\nE       \tRtlInitializeExceptionChain [0x0x777dd03b+107]\nE       \tRtlGetAppContainerNamedObjectPath [0x0x777dcfc1+561]\n\n..\\..\\..\\AppData\\Local\\Programs\\Python\\Python313\\Lib\\site-packages\\selenium\\webdriver\\support\\wait.py:146: TimeoutException\n&#34;}], &#34;Tests/Test_radioButton.py::Test_Radio_Button_Page::test_radio_button_yes[chrome]&#34;: [{&#34;extras&#34;: [], &#34;result&#34;: &#34;Failed&#34;, &#34;testId&#34;: &#34;Tests/Test_radioButton.py::Test_Radio_Button_Page::test_radio_button_yes[chrome]&#34;, &#34;duration&#34;: &#34;00:00:27&#34;, &#34;resultsTableRow&#34;: [&#34;&lt;td class=\&#34;col-result\&#34;&gt;Failed&lt;/td&gt;&#34;, &#34;&lt;td class=\&#34;col-testId\&#34;&gt;Tests/Test_radioButton.py::Test_Radio_Button_Page::test_radio_button_yes[chrome]&lt;/td&gt;&#34;, &#34;&lt;td class=\&#34;col-duration\&#34;&gt;00:00:27&lt;/td&gt;&#34;, &#34;&lt;td class=\&#34;col-links\&#34;&gt;&lt;/td&gt;&#34;], &#34;log&#34;: &#34;[gw1] win32 -- Python 3.13.3 C:\\Users\\amigo\\AppData\\Local\\Programs\\Python\\Python313\\python.exe\n\nself = &amp;lt;Test_radioButton.Test_Radio_Button_Page object at 0x0000022FFD4CC910&amp;gt;\ndriver_Setup = &amp;lt;selenium.webdriver.chrome.webdriver.WebDriver (session=&amp;quot;9f2f8493a4b530010e6f17771da41311&amp;quot;)&amp;gt;\n\n    @pytest.mark.RadioButtonYes\n    def test_radio_button_yes(self, driver_Setup):\n        &amp;quot;&amp;quot;&amp;quot;Checks the Radio Button Yes is displayed&amp;quot;&amp;quot;&amp;quot;\n        self.driver = driver_Setup\n        self.driver.get(TestData.url)\n        mainp = MainPage(self.driver)\n        elements_page = ElementsPage(self.driver)\n        radio_p= Radio_Button_Page(self.driver)\n        mainp.click_elements_page()\n&amp;gt;       elements_page.click_radio_button_menu()\n\nTests\\Test_radioButton.py:37: \n_ _ _ _ _ _ _ _ _ _ _ _ _ _ _ _ _ _ _ _ _ _ _ _ _ _ _ _ _ _ _ _ _ _ _ _ _ _ _ _ _ _ _ _ _ _ _ _ _ _ _ _ _ _ _ _ _ _ _ _ _ _ _\nPages\\Elements_Page.py:93: in click_radio_button_menu\n    self.click_element(self.radio_button_span)\nPages\\BasePage.py:88: in click_element\n    self.wait.until(EC.visibility_of_element_located(element)).click()\n_ _ _ _ _ _ _ _ _ _ _ _ _ _ _ _ _ _ _ _ _ _ _ _ _ _ _ _ _ _ _ _ _ _ _ _ _ _ _ _ _ _ _ _ _ _ _ _ _ _ _ _ _ _ _ _ _ _ _ _ _ _ _\n\nself = &amp;lt;selenium.webdriver.support.wait.WebDriverWait (session=&amp;quot;9f2f8493a4b530010e6f17771da41311&amp;quot;)&amp;gt;\nmethod = &amp;lt;function visibility_of_element_located.&amp;lt;locals&amp;gt;._predicate at 0x0000022FFD58C4A0&amp;gt;, message = &amp;#x27;&amp;#x27;\n\n    def until(self, method: Callable[[D], Union[Literal[False], T]], message: str = &amp;quot;&amp;quot;) -&amp;gt; T:\n        &amp;quot;&amp;quot;&amp;quot;Wait until the method returns a value that is not False.\n    \n        Calls the method provided with the driver as an argument until the\n        return value does not evaluate to ``False``.\n    \n        Parameters:\n        -----------\n        method: callable(WebDriver)\n            - A callable object that takes a WebDriver instance as an argument.\n    \n        message: str\n            - Optional message for :exc:`TimeoutException`\n    \n        Return:\n        -------\n        object: T\n            - The result of the last call to `method`\n    \n        Raises:\n        -------\n        TimeoutException\n            - If &amp;#x27;method&amp;#x27; does not return a truthy value within the WebDriverWait\n            object&amp;#x27;s timeout\n    \n        Example:\n        --------\n        &amp;gt;&amp;gt;&amp;gt; from selenium.webdriver.common.by import By\n        &amp;gt;&amp;gt;&amp;gt; from selenium.webdriver.support.ui import WebDriverWait\n        &amp;gt;&amp;gt;&amp;gt; from selenium.webdriver.support import expected_conditions as EC\n    \n        # Wait until an element is visible on the page\n        &amp;gt;&amp;gt;&amp;gt; wait = WebDriverWait(driver, 10)\n        &amp;gt;&amp;gt;&amp;gt; element = wait.until(EC.visibility_of_element_located((By.ID, &amp;quot;exampleId&amp;quot;)))\n        &amp;gt;&amp;gt;&amp;gt; print(element.text)\n        &amp;quot;&amp;quot;&amp;quot;\n        screen = None\n        stacktrace = None\n    \n        end_time = time.monotonic() + self._timeout\n        while True:\n            try:\n                value = method(self._driver)\n                if value:\n                    return value\n            except self._ignored_exceptions as exc:\n                screen = getattr(exc, &amp;quot;screen&amp;quot;, None)\n                stacktrace = getattr(exc, &amp;quot;stacktrace&amp;quot;, None)\n            if time.monotonic() &amp;gt; end_time:\n                break\n            time.sleep(self._poll)\n&amp;gt;       raise TimeoutException(message, screen, stacktrace)\nE       selenium.common.exceptions.TimeoutException: Message: \nE       Stacktrace:\nE       \tGetHandleVerifier [0x0xd73763+63299]\nE       \tGetHandleVerifier [0x0xd737a4+63364]\nE       \t(No symbol) [0x0xba1113]\nE       \t(No symbol) [0x0xbe987e]\nE       \t(No symbol) [0x0xbe9c1b]\nE       \t(No symbol) [0x0xc32212]\nE       \t(No symbol) [0x0xc0e5c4]\nE       \t(No symbol) [0x0xc2fa4a]\nE       \t(No symbol) [0x0xc0e376]\nE       \t(No symbol) [0x0xbdd6e0]\nE       \t(No symbol) [0x0xbde544]\nE       \tGetHandleVerifier [0x0xfce033+2531347]\nE       \tGetHandleVerifier [0x0xfc9332+2511634]\nE       \tGetHandleVerifier [0x0xd99eda+220858]\nE       \tGetHandleVerifier [0x0xd8a528+156936]\nE       \tGetHandleVerifier [0x0xd90c5d+183357]\nE       \tGetHandleVerifier [0x0xd7b6c8+95912]\nE       \tGetHandleVerifier [0x0xd7b870+96336]\nE       \tGetHandleVerifier [0x0xd6664a+9770]\nE       \tBaseThreadInitThunk [0x0x75d55d49+25]\nE       \tRtlInitializeExceptionChain [0x0x777dd03b+107]\nE       \tRtlGetAppContainerNamedObjectPath [0x0x777dcfc1+561]\n\n..\\..\\..\\AppData\\Local\\Programs\\Python\\Python313\\Lib\\site-packages\\selenium\\webdriver\\support\\wait.py:146: TimeoutException\n&#34;}], &#34;Tests/Test_interactions_page.py::Test_interactions_page::test_get_sortable_list[chrome]&#34;: [{&#34;extras&#34;: [], &#34;result&#34;: &#34;Failed&#34;, &#34;testId&#34;: &#34;Tests/Test_interactions_page.py::Test_interactions_page::test_get_sortable_list[chrome]&#34;, &#34;duration&#34;: &#34;00:00:26&#34;, &#34;resultsTableRow&#34;: [&#34;&lt;td class=\&#34;col-result\&#34;&gt;Failed&lt;/td&gt;&#34;, &#34;&lt;td class=\&#34;col-testId\&#34;&gt;Tests/Test_interactions_page.py::Test_interactions_page::test_get_sortable_list[chrome]&lt;/td&gt;&#34;, &#34;&lt;td class=\&#34;col-duration\&#34;&gt;00:00:26&lt;/td&gt;&#34;, &#34;&lt;td class=\&#34;col-links\&#34;&gt;&lt;/td&gt;&#34;], &#34;log&#34;: &#34;[gw2] win32 -- Python 3.13.3 C:\\Users\\amigo\\AppData\\Local\\Programs\\Python\\Python313\\python.exe\n\nself = &amp;lt;Test_interactions_page.Test_interactions_page object at 0x0000020A6A93F100&amp;gt;\ndriver_Setup = &amp;lt;selenium.webdriver.chrome.webdriver.WebDriver (session=&amp;quot;3c4e5fb2860308029d2372629c3d4631&amp;quot;)&amp;gt;\n\n    @pytest.mark.draggable_list\n    def test_get_sortable_list(self,driver_Setup):\n        &amp;quot;&amp;quot;&amp;quot;Test to validate the sortable list&amp;quot;&amp;quot;&amp;quot;\n        driver = driver_Setup\n        driver.get(TestData.url)\n        mainp = MainPage(driver)\n        i_page = InteractionsPage(driver)\n        mainp.click_interactions_page()\n&amp;gt;       i_page.click_sortable_menu()\n\nTests\\Test_interactions_page.py:47: \n_ _ _ _ _ _ _ _ _ _ _ _ _ _ _ _ _ _ _ _ _ _ _ _ _ _ _ _ _ _ _ _ _ _ _ _ _ _ _ _ _ _ _ _ _ _ _ _ _ _ _ _ _ _ _ _ _ _ _ _ _ _ _\nPages\\InteractionsPage.py:27: in click_sortable_menu\n    self.click_element(self.sortable_menu)\nPages\\BasePage.py:88: in click_element\n    self.wait.until(EC.visibility_of_element_located(element)).click()\n_ _ _ _ _ _ _ _ _ _ _ _ _ _ _ _ _ _ _ _ _ _ _ _ _ _ _ _ _ _ _ _ _ _ _ _ _ _ _ _ _ _ _ _ _ _ _ _ _ _ _ _ _ _ _ _ _ _ _ _ _ _ _\n\nself = &amp;lt;selenium.webdriver.support.wait.WebDriverWait (session=&amp;quot;3c4e5fb2860308029d2372629c3d4631&amp;quot;)&amp;gt;\nmethod = &amp;lt;function visibility_of_element_located.&amp;lt;locals&amp;gt;._predicate at 0x0000020A6AAE4C20&amp;gt;, message = &amp;#x27;&amp;#x27;\n\n    def until(self, method: Callable[[D], Union[Literal[False], T]], message: str = &amp;quot;&amp;quot;) -&amp;gt; T:\n        &amp;quot;&amp;quot;&amp;quot;Wait until the method returns a value that is not False.\n    \n        Calls the method provided with the driver as an argument until the\n        return value does not evaluate to ``False``.\n    \n        Parameters:\n        -----------\n        method: callable(WebDriver)\n            - A callable object that takes a WebDriver instance as an argument.\n    \n        message: str\n            - Optional message for :exc:`TimeoutException`\n    \n        Return:\n        -------\n        object: T\n            - The result of the last call to `method`\n    \n        Raises:\n        -------\n        TimeoutException\n            - If &amp;#x27;method&amp;#x27; does not return a truthy value within the WebDriverWait\n            object&amp;#x27;s timeout\n    \n        Example:\n        --------\n        &amp;gt;&amp;gt;&amp;gt; from selenium.webdriver.common.by import By\n        &amp;gt;&amp;gt;&amp;gt; from selenium.webdriver.support.ui import WebDriverWait\n        &amp;gt;&amp;gt;&amp;gt; from selenium.webdriver.support import expected_conditions as EC\n    \n        # Wait until an element is visible on the page\n        &amp;gt;&amp;gt;&amp;gt; wait = WebDriverWait(driver, 10)\n        &amp;gt;&amp;gt;&amp;gt; element = wait.until(EC.visibility_of_element_located((By.ID, &amp;quot;exampleId&amp;quot;)))\n        &amp;gt;&amp;gt;&amp;gt; print(element.text)\n        &amp;quot;&amp;quot;&amp;quot;\n        screen = None\n        stacktrace = None\n    \n        end_time = time.monotonic() + self._timeout\n        while True:\n            try:\n                value = method(self._driver)\n                if value:\n                    return value\n            except self._ignored_exceptions as exc:\n                screen = getattr(exc, &amp;quot;screen&amp;quot;, None)\n                stacktrace = getattr(exc, &amp;quot;stacktrace&amp;quot;, None)\n            if time.monotonic() &amp;gt; end_time:\n                break\n            time.sleep(self._poll)\n&amp;gt;       raise TimeoutException(message, screen, stacktrace)\nE       selenium.common.exceptions.TimeoutException: Message: \nE       Stacktrace:\nE       \tGetHandleVerifier [0x0x1123763+63299]\nE       \tGetHandleVerifier [0x0x11237a4+63364]\nE       \t(No symbol) [0x0xf51113]\nE       \t(No symbol) [0x0xf9987e]\nE       \t(No symbol) [0x0xf99c1b]\nE       \t(No symbol) [0x0xfe2212]\nE       \t(No symbol) [0x0xfbe5c4]\nE       \t(No symbol) [0x0xfdfa4a]\nE       \t(No symbol) [0x0xfbe376]\nE       \t(No symbol) [0x0xf8d6e0]\nE       \t(No symbol) [0x0xf8e544]\nE       \tGetHandleVerifier [0x0x137e033+2531347]\nE       \tGetHandleVerifier [0x0x1379332+2511634]\nE       \tGetHandleVerifier [0x0x1149eda+220858]\nE       \tGetHandleVerifier [0x0x113a528+156936]\nE       \tGetHandleVerifier [0x0x1140c5d+183357]\nE       \tGetHandleVerifier [0x0x112b6c8+95912]\nE       \tGetHandleVerifier [0x0x112b870+96336]\nE       \tGetHandleVerifier [0x0x111664a+9770]\nE       \tBaseThreadInitThunk [0x0x75d55d49+25]\nE       \tRtlInitializeExceptionChain [0x0x777dd03b+107]\nE       \tRtlGetAppContainerNamedObjectPath [0x0x777dcfc1+561]\n\n..\\..\\..\\AppData\\Local\\Programs\\Python\\Python313\\Lib\\site-packages\\selenium\\webdriver\\support\\wait.py:146: TimeoutException\n&#34;}], &#34;Tests/Test_radioButton.py::Test_Radio_Button_Page::test_radio_button_impressive[chrome]&#34;: [{&#34;extras&#34;: [], &#34;result&#34;: &#34;Failed&#34;, &#34;testId&#34;: &#34;Tests/Test_radioButton.py::Test_Radio_Button_Page::test_radio_button_impressive[chrome]&#34;, &#34;duration&#34;: &#34;00:01:59&#34;, &#34;resultsTableRow&#34;: [&#34;&lt;td class=\&#34;col-result\&#34;&gt;Failed&lt;/td&gt;&#34;, &#34;&lt;td class=\&#34;col-testId\&#34;&gt;Tests/Test_radioButton.py::Test_Radio_Button_Page::test_radio_button_impressive[chrome]&lt;/td&gt;&#34;, &#34;&lt;td class=\&#34;col-duration\&#34;&gt;00:01:59&lt;/td&gt;&#34;, &#34;&lt;td class=\&#34;col-links\&#34;&gt;&lt;/td&gt;&#34;], &#34;log&#34;: &#34;[gw0] win32 -- Python 3.13.3 C:\\Users\\amigo\\AppData\\Local\\Programs\\Python\\Python313\\python.exe\n\nself = &amp;lt;Test_radioButton.Test_Radio_Button_Page object at 0x0000026FD24CF490&amp;gt;\ndriver_Setup = &amp;lt;selenium.webdriver.chrome.webdriver.WebDriver (session=&amp;quot;0c7a6dc87abea87b32a741c7480dfd8f&amp;quot;)&amp;gt;\n\n    @pytest.mark.RadioButtonImpressive\n    def test_radio_button_impressive(self, driver_Setup):\n        &amp;quot;&amp;quot;&amp;quot;Checks the Radio Button Impressive is displayed&amp;quot;&amp;quot;&amp;quot;\n        self.driver = driver_Setup\n        self.driver.get(TestData.url)\n        mainp = MainPage(self.driver)\n        elements_page = ElementsPage(self.driver)\n        radio_p= Radio_Button_Page(self.driver)\n        mainp.click_elements_page()\n&amp;gt;       elements_page.click_radio_button_menu()\n\nTests\\Test_radioButton.py:53: \n_ _ _ _ _ _ _ _ _ _ _ _ _ _ _ _ _ _ _ _ _ _ _ _ _ _ _ _ _ _ _ _ _ _ _ _ _ _ _ _ _ _ _ _ _ _ _ _ _ _ _ _ _ _ _ _ _ _ _ _ _ _ _\nPages\\Elements_Page.py:93: in click_radio_button_menu\n    self.click_element(self.radio_button_span)\nPages\\BasePage.py:88: in click_element\n    self.wait.until(EC.visibility_of_element_located(element)).click()\n_ _ _ _ _ _ _ _ _ _ _ _ _ _ _ _ _ _ _ _ _ _ _ _ _ _ _ _ _ _ _ _ _ _ _ _ _ _ _ _ _ _ _ _ _ _ _ _ _ _ _ _ _ _ _ _ _ _ _ _ _ _ _\n\nself = &amp;lt;selenium.webdriver.support.wait.WebDriverWait (session=&amp;quot;0c7a6dc87abea87b32a741c7480dfd8f&amp;quot;)&amp;gt;\nmethod = &amp;lt;function visibility_of_element_located.&amp;lt;locals&amp;gt;._predicate at 0x0000026FD25FD3A0&amp;gt;, message = &amp;#x27;&amp;#x27;\n\n    def until(self, method: Callable[[D], Union[Literal[False], T]], message: str = &amp;quot;&amp;quot;) -&amp;gt; T:\n        &amp;quot;&amp;quot;&amp;quot;Wait until the method returns a value that is not False.\n    \n        Calls the method provided with the driver as an argument until the\n        return value does not evaluate to ``False``.\n    \n        Parameters:\n        -----------\n        method: callable(WebDriver)\n            - A callable object that takes a WebDriver instance as an argument.\n    \n        message: str\n            - Optional message for :exc:`TimeoutException`\n    \n        Return:\n        -------\n        object: T\n            - The result of the last call to `method`\n    \n        Raises:\n        -------\n        TimeoutException\n            - If &amp;#x27;method&amp;#x27; does not return a truthy value within the WebDriverWait\n            object&amp;#x27;s timeout\n    \n        Example:\n        --------\n        &amp;gt;&amp;gt;&amp;gt; from selenium.webdriver.common.by import By\n        &amp;gt;&amp;gt;&amp;gt; from selenium.webdriver.support.ui import WebDriverWait\n        &amp;gt;&amp;gt;&amp;gt; from selenium.webdriver.support import expected_conditions as EC\n    \n        # Wait until an element is visible on the page\n        &amp;gt;&amp;gt;&amp;gt; wait = WebDriverWait(driver, 10)\n        &amp;gt;&amp;gt;&amp;gt; element = wait.until(EC.visibility_of_element_located((By.ID, &amp;quot;exampleId&amp;quot;)))\n        &amp;gt;&amp;gt;&amp;gt; print(element.text)\n        &amp;quot;&amp;quot;&amp;quot;\n        screen = None\n        stacktrace = None\n    \n        end_time = time.monotonic() + self._timeout\n        while True:\n            try:\n                value = method(self._driver)\n                if value:\n                    return value\n            except self._ignored_exceptions as exc:\n                screen = getattr(exc, &amp;quot;screen&amp;quot;, None)\n                stacktrace = getattr(exc, &amp;quot;stacktrace&amp;quot;, None)\n            if time.monotonic() &amp;gt; end_time:\n                break\n            time.sleep(self._poll)\n&amp;gt;       raise TimeoutException(message, screen, stacktrace)\nE       selenium.common.exceptions.TimeoutException: Message: \nE       Stacktrace:\nE       \tGetHandleVerifier [0x0xd63763+63299]\nE       \tGetHandleVerifier [0x0xd637a4+63364]\nE       \t(No symbol) [0x0xb91113]\nE       \t(No symbol) [0x0xbd987e]\nE       \t(No symbol) [0x0xbd9c1b]\nE       \t(No symbol) [0x0xc22212]\nE       \t(No symbol) [0x0xbfe5c4]\nE       \t(No symbol) [0x0xc1fa4a]\nE       \t(No symbol) [0x0xbfe376]\nE       \t(No symbol) [0x0xbcd6e0]\nE       \t(No symbol) [0x0xbce544]\nE       \tGetHandleVerifier [0x0xfbe033+2531347]\nE       \tGetHandleVerifier [0x0xfb9332+2511634]\nE       \tGetHandleVerifier [0x0xd89eda+220858]\nE       \tGetHandleVerifier [0x0xd7a528+156936]\nE       \tGetHandleVerifier [0x0xd80c5d+183357]\nE       \tGetHandleVerifier [0x0xd6b6c8+95912]\nE       \tGetHandleVerifier [0x0xd6b870+96336]\nE       \tGetHandleVerifier [0x0xd5664a+9770]\nE       \tBaseThreadInitThunk [0x0x75d55d49+25]\nE       \tRtlInitializeExceptionChain [0x0x777dd03b+107]\nE       \tRtlGetAppContainerNamedObjectPath [0x0x777dcfc1+561]\n\n..\\..\\..\\AppData\\Local\\Programs\\Python\\Python313\\Lib\\site-packages\\selenium\\webdriver\\support\\wait.py:146: TimeoutException\n\n------------------------------ Captured log setup ------------------------------\nCRITICAL root:file_manager.py:97 File not found : &amp;lt;method-wrapper &amp;#x27;__str__&amp;#x27; of FileNotFoundError object at 0x0000026FD2688E50&amp;gt;\n&#34;}], &#34;Tests/Test_web_table_page.py::Test_WebTablePage::test_webtable_headers[chrome]&#34;: [{&#34;extras&#34;: [], &#34;result&#34;: &#34;Failed&#34;, &#34;testId&#34;: &#34;Tests/Test_web_table_page.py::Test_WebTablePage::test_webtable_headers[chrome]&#34;, &#34;duration&#34;: &#34;00:01:38&#34;, &#34;resultsTableRow&#34;: [&#34;&lt;td class=\&#34;col-result\&#34;&gt;Failed&lt;/td&gt;&#34;, &#34;&lt;td class=\&#34;col-testId\&#34;&gt;Tests/Test_web_table_page.py::Test_WebTablePage::test_webtable_headers[chrome]&lt;/td&gt;&#34;, &#34;&lt;td class=\&#34;col-duration\&#34;&gt;00:01:38&lt;/td&gt;&#34;, &#34;&lt;td class=\&#34;col-links\&#34;&gt;&lt;/td&gt;&#34;], &#34;log&#34;: &#34;[gw3] win32 -- Python 3.13.3 C:\\Users\\amigo\\AppData\\Local\\Programs\\Python\\Python313\\python.exe\n\nself = &amp;lt;Test_web_table_page.Test_WebTablePage object at 0x000001378B18CB90&amp;gt;\ndriver_Setup = &amp;lt;selenium.webdriver.chrome.webdriver.WebDriver (session=&amp;quot;dbf9ab3769620fa55f1e3f93d3c0a65f&amp;quot;)&amp;gt;\n\n    @pytest.mark.WebTableTitle\n    def test_webtable_headers(self,driver_Setup):\n        &amp;quot;&amp;quot;&amp;quot; Test webtable data headers&amp;quot;&amp;quot;&amp;quot;\n        self.driver = driver_Setup\n        self.driver.get(TestData.url)\n        mainp = MainPage(self.driver)\n        mainp.click_elements_page()\n        elements_page = ElementsPage(self.driver)\n&amp;gt;       elements_page.click_web_tables_menu()\n\nTests\\Test_web_table_page.py:21: \n_ _ _ _ _ _ _ _ _ _ _ _ _ _ _ _ _ _ _ _ _ _ _ _ _ _ _ _ _ _ _ _ _ _ _ _ _ _ _ _ _ _ _ _ _ _ _ _ _ _ _ _ _ _ _ _ _ _ _ _ _ _ _\nPages\\Elements_Page.py:97: in click_web_tables_menu\n    self.click_element(self.web_tables_span)\nPages\\BasePage.py:88: in click_element\n    self.wait.until(EC.visibility_of_element_located(element)).click()\n_ _ _ _ _ _ _ _ _ _ _ _ _ _ _ _ _ _ _ _ _ _ _ _ _ _ _ _ _ _ _ _ _ _ _ _ _ _ _ _ _ _ _ _ _ _ _ _ _ _ _ _ _ _ _ _ _ _ _ _ _ _ _\n\nself = &amp;lt;selenium.webdriver.support.wait.WebDriverWait (session=&amp;quot;dbf9ab3769620fa55f1e3f93d3c0a65f&amp;quot;)&amp;gt;\nmethod = &amp;lt;function visibility_of_element_located.&amp;lt;locals&amp;gt;._predicate at 0x000001378B2CD1C0&amp;gt;, message = &amp;#x27;&amp;#x27;\n\n    def until(self, method: Callable[[D], Union[Literal[False], T]], message: str = &amp;quot;&amp;quot;) -&amp;gt; T:\n        &amp;quot;&amp;quot;&amp;quot;Wait until the method returns a value that is not False.\n    \n        Calls the method provided with the driver as an argument until the\n        return value does not evaluate to ``False``.\n    \n        Parameters:\n        -----------\n        method: callable(WebDriver)\n            - A callable object that takes a WebDriver instance as an argument.\n    \n        message: str\n            - Optional message for :exc:`TimeoutException`\n    \n        Return:\n        -------\n        object: T\n            - The result of the last call to `method`\n    \n        Raises:\n        -------\n        TimeoutException\n            - If &amp;#x27;method&amp;#x27; does not return a truthy value within the WebDriverWait\n            object&amp;#x27;s timeout\n    \n        Example:\n        --------\n        &amp;gt;&amp;gt;&amp;gt; from selenium.webdriver.common.by import By\n        &amp;gt;&amp;gt;&amp;gt; from selenium.webdriver.support.ui import WebDriverWait\n        &amp;gt;&amp;gt;&amp;gt; from selenium.webdriver.support import expected_conditions as EC\n    \n        # Wait until an element is visible on the page\n        &amp;gt;&amp;gt;&amp;gt; wait = WebDriverWait(driver, 10)\n        &amp;gt;&amp;gt;&amp;gt; element = wait.until(EC.visibility_of_element_located((By.ID, &amp;quot;exampleId&amp;quot;)))\n        &amp;gt;&amp;gt;&amp;gt; print(element.text)\n        &amp;quot;&amp;quot;&amp;quot;\n        screen = None\n        stacktrace = None\n    \n        end_time = time.monotonic() + self._timeout\n        while True:\n            try:\n                value = method(self._driver)\n                if value:\n                    return value\n            except self._ignored_exceptions as exc:\n                screen = getattr(exc, &amp;quot;screen&amp;quot;, None)\n                stacktrace = getattr(exc, &amp;quot;stacktrace&amp;quot;, None)\n            if time.monotonic() &amp;gt; end_time:\n                break\n            time.sleep(self._poll)\n&amp;gt;       raise TimeoutException(message, screen, stacktrace)\nE       selenium.common.exceptions.TimeoutException: Message: \nE       Stacktrace:\nE       \tGetHandleVerifier [0x0x8d3763+63299]\nE       \tGetHandleVerifier [0x0x8d37a4+63364]\nE       \t(No symbol) [0x0x701113]\nE       \t(No symbol) [0x0x74987e]\nE       \t(No symbol) [0x0x749c1b]\nE       \t(No symbol) [0x0x792212]\nE       \t(No symbol) [0x0x76e5c4]\nE       \t(No symbol) [0x0x78fa4a]\nE       \t(No symbol) [0x0x76e376]\nE       \t(No symbol) [0x0x73d6e0]\nE       \t(No symbol) [0x0x73e544]\nE       \tGetHandleVerifier [0x0xb2e033+2531347]\nE       \tGetHandleVerifier [0x0xb29332+2511634]\nE       \tGetHandleVerifier [0x0x8f9eda+220858]\nE       \tGetHandleVerifier [0x0x8ea528+156936]\nE       \tGetHandleVerifier [0x0x8f0c5d+183357]\nE       \tGetHandleVerifier [0x0x8db6c8+95912]\nE       \tGetHandleVerifier [0x0x8db870+96336]\nE       \tGetHandleVerifier [0x0x8c664a+9770]\nE       \tBaseThreadInitThunk [0x0x75d55d49+25]\nE       \tRtlInitializeExceptionChain [0x0x777dd03b+107]\nE       \tRtlGetAppContainerNamedObjectPath [0x0x777dcfc1+561]\n\n..\\..\\..\\AppData\\Local\\Programs\\Python\\Python313\\Lib\\site-packages\\selenium\\webdriver\\support\\wait.py:146: TimeoutException\n\n------------------------------ Captured log setup ------------------------------\nCRITICAL root:file_manager.py:97 File not found : &amp;lt;method-wrapper &amp;#x27;__str__&amp;#x27; of FileNotFoundError object at 0x000001378B2A8B80&amp;gt;\n&#34;}], &#34;Tests/Test_web_table_page.py::Test_WebTablePage::test_add_record_to_webtable[chrome]&#34;: [{&#34;extras&#34;: [], &#34;result&#34;: &#34;Failed&#34;, &#34;testId&#34;: &#34;Tests/Test_web_table_page.py::Test_WebTablePage::test_add_record_to_webtable[chrome]&#34;, &#34;duration&#34;: &#34;00:01:43&#34;, &#34;resultsTableRow&#34;: [&#34;&lt;td class=\&#34;col-result\&#34;&gt;Failed&lt;/td&gt;&#34;, &#34;&lt;td class=\&#34;col-testId\&#34;&gt;Tests/Test_web_table_page.py::Test_WebTablePage::test_add_record_to_webtable[chrome]&lt;/td&gt;&#34;, &#34;&lt;td class=\&#34;col-duration\&#34;&gt;00:01:43&lt;/td&gt;&#34;, &#34;&lt;td class=\&#34;col-links\&#34;&gt;&lt;/td&gt;&#34;], &#34;log&#34;: &#34;[gw2] win32 -- Python 3.13.3 C:\\Users\\amigo\\AppData\\Local\\Programs\\Python\\Python313\\python.exe\n\nself = &amp;lt;Test_web_table_page.Test_WebTablePage object at 0x0000020A6A93E780&amp;gt;\ndriver_Setup = &amp;lt;selenium.webdriver.chrome.webdriver.WebDriver (session=&amp;quot;beb7153b7066bc3ca0d370baee930207&amp;quot;)&amp;gt;\n\n    @pytest.mark.AddRecordToWebTable\n    def test_add_record_to_webtable(self,driver_Setup):\n        &amp;quot;&amp;quot;&amp;quot;Add record to web table&amp;quot;&amp;quot;&amp;quot;\n        self.driver = driver_Setup\n        self.driver.get(TestData.url)\n        mainp = MainPage(self.driver)\n        mainp.click_elements_page()\n        elements_page = ElementsPage(self.driver)\n&amp;gt;       elements_page.click_web_tables_menu()\n\nTests\\Test_web_table_page.py:54: \n_ _ _ _ _ _ _ _ _ _ _ _ _ _ _ _ _ _ _ _ _ _ _ _ _ _ _ _ _ _ _ _ _ _ _ _ _ _ _ _ _ _ _ _ _ _ _ _ _ _ _ _ _ _ _ _ _ _ _ _ _ _ _\nPages\\Elements_Page.py:97: in click_web_tables_menu\n    self.click_element(self.web_tables_span)\nPages\\BasePage.py:88: in click_element\n    self.wait.until(EC.visibility_of_element_located(element)).click()\n_ _ _ _ _ _ _ _ _ _ _ _ _ _ _ _ _ _ _ _ _ _ _ _ _ _ _ _ _ _ _ _ _ _ _ _ _ _ _ _ _ _ _ _ _ _ _ _ _ _ _ _ _ _ _ _ _ _ _ _ _ _ _\n\nself = &amp;lt;selenium.webdriver.support.wait.WebDriverWait (session=&amp;quot;beb7153b7066bc3ca0d370baee930207&amp;quot;)&amp;gt;\nmethod = &amp;lt;function visibility_of_element_located.&amp;lt;locals&amp;gt;._predicate at 0x0000020A6AAE54E0&amp;gt;, message = &amp;#x27;&amp;#x27;\n\n    def until(self, method: Callable[[D], Union[Literal[False], T]], message: str = &amp;quot;&amp;quot;) -&amp;gt; T:\n        &amp;quot;&amp;quot;&amp;quot;Wait until the method returns a value that is not False.\n    \n        Calls the method provided with the driver as an argument until the\n        return value does not evaluate to ``False``.\n    \n        Parameters:\n        -----------\n        method: callable(WebDriver)\n            - A callable object that takes a WebDriver instance as an argument.\n    \n        message: str\n            - Optional message for :exc:`TimeoutException`\n    \n        Return:\n        -------\n        object: T\n            - The result of the last call to `method`\n    \n        Raises:\n        -------\n        TimeoutException\n            - If &amp;#x27;method&amp;#x27; does not return a truthy value within the WebDriverWait\n            object&amp;#x27;s timeout\n    \n        Example:\n        --------\n        &amp;gt;&amp;gt;&amp;gt; from selenium.webdriver.common.by import By\n        &amp;gt;&amp;gt;&amp;gt; from selenium.webdriver.support.ui import WebDriverWait\n        &amp;gt;&amp;gt;&amp;gt; from selenium.webdriver.support import expected_conditions as EC\n    \n        # Wait until an element is visible on the page\n        &amp;gt;&amp;gt;&amp;gt; wait = WebDriverWait(driver, 10)\n        &amp;gt;&amp;gt;&amp;gt; element = wait.until(EC.visibility_of_element_located((By.ID, &amp;quot;exampleId&amp;quot;)))\n        &amp;gt;&amp;gt;&amp;gt; print(element.text)\n        &amp;quot;&amp;quot;&amp;quot;\n        screen = None\n        stacktrace = None\n    \n        end_time = time.monotonic() + self._timeout\n        while True:\n            try:\n                value = method(self._driver)\n                if value:\n                    return value\n            except self._ignored_exceptions as exc:\n                screen = getattr(exc, &amp;quot;screen&amp;quot;, None)\n                stacktrace = getattr(exc, &amp;quot;stacktrace&amp;quot;, None)\n            if time.monotonic() &amp;gt; end_time:\n                break\n            time.sleep(self._poll)\n&amp;gt;       raise TimeoutException(message, screen, stacktrace)\nE       selenium.common.exceptions.TimeoutException: Message: \nE       Stacktrace:\nE       \tGetHandleVerifier [0x0x1123763+63299]\nE       \tGetHandleVerifier [0x0x11237a4+63364]\nE       \t(No symbol) [0x0xf51113]\nE       \t(No symbol) [0x0xf9987e]\nE       \t(No symbol) [0x0xf99c1b]\nE       \t(No symbol) [0x0xfe2212]\nE       \t(No symbol) [0x0xfbe5c4]\nE       \t(No symbol) [0x0xfdfa4a]\nE       \t(No symbol) [0x0xfbe376]\nE       \t(No symbol) [0x0xf8d6e0]\nE       \t(No symbol) [0x0xf8e544]\nE       \tGetHandleVerifier [0x0x137e033+2531347]\nE       \tGetHandleVerifier [0x0x1379332+2511634]\nE       \tGetHandleVerifier [0x0x1149eda+220858]\nE       \tGetHandleVerifier [0x0x113a528+156936]\nE       \tGetHandleVerifier [0x0x1140c5d+183357]\nE       \tGetHandleVerifier [0x0x112b6c8+95912]\nE       \tGetHandleVerifier [0x0x112b870+96336]\nE       \tGetHandleVerifier [0x0x111664a+9770]\nE       \tBaseThreadInitThunk [0x0x75d55d49+25]\nE       \tRtlInitializeExceptionChain [0x0x777dd03b+107]\nE       \tRtlGetAppContainerNamedObjectPath [0x0x777dcfc1+561]\n\n..\\..\\..\\AppData\\Local\\Programs\\Python\\Python313\\Lib\\site-packages\\selenium\\webdriver\\support\\wait.py:146: TimeoutException\n\n------------------------------ Captured log setup ------------------------------\nCRITICAL root:file_manager.py:97 File not found : &amp;lt;method-wrapper &amp;#x27;__str__&amp;#x27; of FileNotFoundError object at 0x0000020A6AB05480&amp;gt;\n&#34;}], &#34;Tests/Test_web_table_page.py::Test_WebTablePage::test_webtable_data[chrome]&#34;: [{&#34;extras&#34;: [], &#34;result&#34;: &#34;Failed&#34;, &#34;testId&#34;: &#34;Tests/Test_web_table_page.py::Test_WebTablePage::test_webtable_data[chrome]&#34;, &#34;duration&#34;: &#34;00:01:44&#34;, &#34;resultsTableRow&#34;: [&#34;&lt;td class=\&#34;col-result\&#34;&gt;Failed&lt;/td&gt;&#34;, &#34;&lt;td class=\&#34;col-testId\&#34;&gt;Tests/Test_web_table_page.py::Test_WebTablePage::test_webtable_data[chrome]&lt;/td&gt;&#34;, &#34;&lt;td class=\&#34;col-duration\&#34;&gt;00:01:44&lt;/td&gt;&#34;, &#34;&lt;td class=\&#34;col-links\&#34;&gt;&lt;/td&gt;&#34;], &#34;log&#34;: &#34;[gw1] win32 -- Python 3.13.3 C:\\Users\\amigo\\AppData\\Local\\Programs\\Python\\Python313\\python.exe\n\nself = &amp;lt;Test_web_table_page.Test_WebTablePage object at 0x0000022FFD4CCCD0&amp;gt;\ndriver_Setup = &amp;lt;selenium.webdriver.chrome.webdriver.WebDriver (session=&amp;quot;cca8d44119a24cf382d59fb6134af241&amp;quot;)&amp;gt;\n\n    @pytest.mark.WebTableData\n    def test_webtable_data(self,driver_Setup):\n        &amp;quot;&amp;quot;&amp;quot;Validate data count in web table&amp;quot;&amp;quot;&amp;quot;\n        self.driver = driver_Setup\n        self.driver.get(TestData.url)\n        mainp = MainPage(self.driver)\n        mainp.click_elements_page()\n        elements_page = ElementsPage(self.driver)\n&amp;gt;       elements_page.click_web_tables_menu()\n\nTests\\Test_web_table_page.py:36: \n_ _ _ _ _ _ _ _ _ _ _ _ _ _ _ _ _ _ _ _ _ _ _ _ _ _ _ _ _ _ _ _ _ _ _ _ _ _ _ _ _ _ _ _ _ _ _ _ _ _ _ _ _ _ _ _ _ _ _ _ _ _ _\nPages\\Elements_Page.py:97: in click_web_tables_menu\n    self.click_element(self.web_tables_span)\nPages\\BasePage.py:88: in click_element\n    self.wait.until(EC.visibility_of_element_located(element)).click()\n_ _ _ _ _ _ _ _ _ _ _ _ _ _ _ _ _ _ _ _ _ _ _ _ _ _ _ _ _ _ _ _ _ _ _ _ _ _ _ _ _ _ _ _ _ _ _ _ _ _ _ _ _ _ _ _ _ _ _ _ _ _ _\n\nself = &amp;lt;selenium.webdriver.support.wait.WebDriverWait (session=&amp;quot;cca8d44119a24cf382d59fb6134af241&amp;quot;)&amp;gt;\nmethod = &amp;lt;function visibility_of_element_located.&amp;lt;locals&amp;gt;._predicate at 0x0000022FFD58D9E0&amp;gt;, message = &amp;#x27;&amp;#x27;\n\n    def until(self, method: Callable[[D], Union[Literal[False], T]], message: str = &amp;quot;&amp;quot;) -&amp;gt; T:\n        &amp;quot;&amp;quot;&amp;quot;Wait until the method returns a value that is not False.\n    \n        Calls the method provided with the driver as an argument until the\n        return value does not evaluate to ``False``.\n    \n        Parameters:\n        -----------\n        method: callable(WebDriver)\n            - A callable object that takes a WebDriver instance as an argument.\n    \n        message: str\n            - Optional message for :exc:`TimeoutException`\n    \n        Return:\n        -------\n        object: T\n            - The result of the last call to `method`\n    \n        Raises:\n        -------\n        TimeoutException\n            - If &amp;#x27;method&amp;#x27; does not return a truthy value within the WebDriverWait\n            object&amp;#x27;s timeout\n    \n        Example:\n        --------\n        &amp;gt;&amp;gt;&amp;gt; from selenium.webdriver.common.by import By\n        &amp;gt;&amp;gt;&amp;gt; from selenium.webdriver.support.ui import WebDriverWait\n        &amp;gt;&amp;gt;&amp;gt; from selenium.webdriver.support import expected_conditions as EC\n    \n        # Wait until an element is visible on the page\n        &amp;gt;&amp;gt;&amp;gt; wait = WebDriverWait(driver, 10)\n        &amp;gt;&amp;gt;&amp;gt; element = wait.until(EC.visibility_of_element_located((By.ID, &amp;quot;exampleId&amp;quot;)))\n        &amp;gt;&amp;gt;&amp;gt; print(element.text)\n        &amp;quot;&amp;quot;&amp;quot;\n        screen = None\n        stacktrace = None\n    \n        end_time = time.monotonic() + self._timeout\n        while True:\n            try:\n                value = method(self._driver)\n                if value:\n                    return value\n            except self._ignored_exceptions as exc:\n                screen = getattr(exc, &amp;quot;screen&amp;quot;, None)\n                stacktrace = getattr(exc, &amp;quot;stacktrace&amp;quot;, None)\n            if time.monotonic() &amp;gt; end_time:\n                break\n            time.sleep(self._poll)\n&amp;gt;       raise TimeoutException(message, screen, stacktrace)\nE       selenium.common.exceptions.TimeoutException: Message: \nE       Stacktrace:\nE       \tGetHandleVerifier [0x0xd73763+63299]\nE       \tGetHandleVerifier [0x0xd737a4+63364]\nE       \t(No symbol) [0x0xba1113]\nE       \t(No symbol) [0x0xbe987e]\nE       \t(No symbol) [0x0xbe9c1b]\nE       \t(No symbol) [0x0xc32212]\nE       \t(No symbol) [0x0xc0e5c4]\nE       \t(No symbol) [0x0xc2fa4a]\nE       \t(No symbol) [0x0xc0e376]\nE       \t(No symbol) [0x0xbdd6e0]\nE       \t(No symbol) [0x0xbde544]\nE       \tGetHandleVerifier [0x0xfce033+2531347]\nE       \tGetHandleVerifier [0x0xfc9332+2511634]\nE       \tGetHandleVerifier [0x0xd99eda+220858]\nE       \tGetHandleVerifier [0x0xd8a528+156936]\nE       \tGetHandleVerifier [0x0xd90c5d+183357]\nE       \tGetHandleVerifier [0x0xd7b6c8+95912]\nE       \tGetHandleVerifier [0x0xd7b870+96336]\nE       \tGetHandleVerifier [0x0xd6664a+9770]\nE       \tBaseThreadInitThunk [0x0x75d55d49+25]\nE       \tRtlInitializeExceptionChain [0x0x777dd03b+107]\nE       \tRtlGetAppContainerNamedObjectPath [0x0x777dcfc1+561]\n\n..\\..\\..\\AppData\\Local\\Programs\\Python\\Python313\\Lib\\site-packages\\selenium\\webdriver\\support\\wait.py:146: TimeoutException\n\n------------------------------ Captured log setup ------------------------------\nCRITICAL root:file_manager.py:97 File not found : &amp;lt;method-wrapper &amp;#x27;__str__&amp;#x27; of FileNotFoundError object at 0x0000022FFD5D96C0&amp;gt;\n&#34;}], &#34;Tests/Test_selectPage.py::Test_Select_Page::test_select_option_1[chrome]&#34;: [{&#34;extras&#34;: [], &#34;result&#34;: &#34;Failed&#34;, &#34;testId&#34;: &#34;Tests/Test_selectPage.py::Test_Select_Page::test_select_option_1[chrome]&#34;, &#34;duration&#34;: &#34;00:01:44&#34;, &#34;resultsTableRow&#34;: [&#34;&lt;td class=\&#34;col-result\&#34;&gt;Failed&lt;/td&gt;&#34;, &#34;&lt;td class=\&#34;col-testId\&#34;&gt;Tests/Test_selectPage.py::Test_Select_Page::test_select_option_1[chrome]&lt;/td&gt;&#34;, &#34;&lt;td class=\&#34;col-duration\&#34;&gt;00:01:44&lt;/td&gt;&#34;, &#34;&lt;td class=\&#34;col-links\&#34;&gt;&lt;/td&gt;&#34;], &#34;log&#34;: &#34;[gw0] win32 -- Python 3.13.3 C:\\Users\\amigo\\AppData\\Local\\Programs\\Python\\Python313\\python.exe\n\nself = &amp;lt;Test_selectPage.Test_Select_Page object at 0x0000026FD24DF4D0&amp;gt;\ndriver_Setup = &amp;lt;selenium.webdriver.chrome.webdriver.WebDriver (session=&amp;quot;d0e9d8fb0d17819f63d390477f918fa2&amp;quot;)&amp;gt;\n\n    @pytest.mark.testReactSelect\n    def test_select_option_1(self,driver_Setup):\n        &amp;quot;&amp;quot;&amp;quot;Test case to validate the option selected is correct&amp;quot;&amp;quot;&amp;quot;\n        driver = driver_Setup\n        driver.get(TestData.url)\n        mainp = MainPage(driver)\n        w_Page= mainp.click_widgets_page()\n&amp;gt;       s_Page = w_Page.click_select_menu()\n\nTests\\Test_selectPage.py:20: \n_ _ _ _ _ _ _ _ _ _ _ _ _ _ _ _ _ _ _ _ _ _ _ _ _ _ _ _ _ _ _ _ _ _ _ _ _ _ _ _ _ _ _ _ _ _ _ _ _ _ _ _ _ _ _ _ _ _ _ _ _ _ _\nPages\\WidgetPage.py:14: in click_select_menu\n    self.click_element(self.select_menu_element)\nPages\\BasePage.py:88: in click_element\n    self.wait.until(EC.visibility_of_element_located(element)).click()\n_ _ _ _ _ _ _ _ _ _ _ _ _ _ _ _ _ _ _ _ _ _ _ _ _ _ _ _ _ _ _ _ _ _ _ _ _ _ _ _ _ _ _ _ _ _ _ _ _ _ _ _ _ _ _ _ _ _ _ _ _ _ _\n\nself = &amp;lt;selenium.webdriver.support.wait.WebDriverWait (session=&amp;quot;d0e9d8fb0d17819f63d390477f918fa2&amp;quot;)&amp;gt;\nmethod = &amp;lt;function visibility_of_element_located.&amp;lt;locals&amp;gt;._predicate at 0x0000026FD37FC400&amp;gt;, message = &amp;#x27;&amp;#x27;\n\n    def until(self, method: Callable[[D], Union[Literal[False], T]], message: str = &amp;quot;&amp;quot;) -&amp;gt; T:\n        &amp;quot;&amp;quot;&amp;quot;Wait until the method returns a value that is not False.\n    \n        Calls the method provided with the driver as an argument until the\n        return value does not evaluate to ``False``.\n    \n        Parameters:\n        -----------\n        method: callable(WebDriver)\n            - A callable object that takes a WebDriver instance as an argument.\n    \n        message: str\n            - Optional message for :exc:`TimeoutException`\n    \n        Return:\n        -------\n        object: T\n            - The result of the last call to `method`\n    \n        Raises:\n        -------\n        TimeoutException\n            - If &amp;#x27;method&amp;#x27; does not return a truthy value within the WebDriverWait\n            object&amp;#x27;s timeout\n    \n        Example:\n        --------\n        &amp;gt;&amp;gt;&amp;gt; from selenium.webdriver.common.by import By\n        &amp;gt;&amp;gt;&amp;gt; from selenium.webdriver.support.ui import WebDriverWait\n        &amp;gt;&amp;gt;&amp;gt; from selenium.webdriver.support import expected_conditions as EC\n    \n        # Wait until an element is visible on the page\n        &amp;gt;&amp;gt;&amp;gt; wait = WebDriverWait(driver, 10)\n        &amp;gt;&amp;gt;&amp;gt; element = wait.until(EC.visibility_of_element_located((By.ID, &amp;quot;exampleId&amp;quot;)))\n        &amp;gt;&amp;gt;&amp;gt; print(element.text)\n        &amp;quot;&amp;quot;&amp;quot;\n        screen = None\n        stacktrace = None\n    \n        end_time = time.monotonic() + self._timeout\n        while True:\n            try:\n                value = method(self._driver)\n                if value:\n                    return value\n            except self._ignored_exceptions as exc:\n                screen = getattr(exc, &amp;quot;screen&amp;quot;, None)\n                stacktrace = getattr(exc, &amp;quot;stacktrace&amp;quot;, None)\n            if time.monotonic() &amp;gt; end_time:\n                break\n            time.sleep(self._poll)\n&amp;gt;       raise TimeoutException(message, screen, stacktrace)\nE       selenium.common.exceptions.TimeoutException: Message: \nE       Stacktrace:\nE       \tGetHandleVerifier [0x0xd63763+63299]\nE       \tGetHandleVerifier [0x0xd637a4+63364]\nE       \t(No symbol) [0x0xb91113]\nE       \t(No symbol) [0x0xbd987e]\nE       \t(No symbol) [0x0xbd9c1b]\nE       \t(No symbol) [0x0xc22212]\nE       \t(No symbol) [0x0xbfe5c4]\nE       \t(No symbol) [0x0xc1fa4a]\nE       \t(No symbol) [0x0xbfe376]\nE       \t(No symbol) [0x0xbcd6e0]\nE       \t(No symbol) [0x0xbce544]\nE       \tGetHandleVerifier [0x0xfbe033+2531347]\nE       \tGetHandleVerifier [0x0xfb9332+2511634]\nE       \tGetHandleVerifier [0x0xd89eda+220858]\nE       \tGetHandleVerifier [0x0xd7a528+156936]\nE       \tGetHandleVerifier [0x0xd80c5d+183357]\nE       \tGetHandleVerifier [0x0xd6b6c8+95912]\nE       \tGetHandleVerifier [0x0xd6b870+96336]\nE       \tGetHandleVerifier [0x0xd5664a+9770]\nE       \tBaseThreadInitThunk [0x0x75d55d49+25]\nE       \tRtlInitializeExceptionChain [0x0x777dd03b+107]\nE       \tRtlGetAppContainerNamedObjectPath [0x0x777dcfc1+561]\n\n..\\..\\..\\AppData\\Local\\Programs\\Python\\Python313\\Lib\\site-packages\\selenium\\webdriver\\support\\wait.py:146: TimeoutException\n\n------------------------------ Captured log setup ------------------------------\nCRITICAL root:file_manager.py:97 File not found : &amp;lt;method-wrapper &amp;#x27;__str__&amp;#x27; of FileNotFoundError object at 0x0000026FD37DA170&amp;gt;\n&#34;}], &#34;Tests/Test_window_switch.py::Test_window_page::test_window[chrome]&#34;: [{&#34;extras&#34;: [], &#34;result&#34;: &#34;Failed&#34;, &#34;testId&#34;: &#34;Tests/Test_window_switch.py::Test_window_page::test_window[chrome]&#34;, &#34;duration&#34;: &#34;00:01:09&#34;, &#34;resultsTableRow&#34;: [&#34;&lt;td class=\&#34;col-result\&#34;&gt;Failed&lt;/td&gt;&#34;, &#34;&lt;td class=\&#34;col-testId\&#34;&gt;Tests/Test_window_switch.py::Test_window_page::test_window[chrome]&lt;/td&gt;&#34;, &#34;&lt;td class=\&#34;col-duration\&#34;&gt;00:01:09&lt;/td&gt;&#34;, &#34;&lt;td class=\&#34;col-links\&#34;&gt;&lt;/td&gt;&#34;], &#34;log&#34;: &#34;[gw3] win32 -- Python 3.13.3 C:\\Users\\amigo\\AppData\\Local\\Programs\\Python\\Python313\\python.exe\n\nself = &amp;lt;Test_window_switch.Test_window_page object at 0x000001378B18CF50&amp;gt;\ndriver_Setup = &amp;lt;selenium.webdriver.chrome.webdriver.WebDriver (session=&amp;quot;d5b54803093371437b7086ecfd751769&amp;quot;)&amp;gt;\n\n    @pytest.mark.window\n    def test_window(self, driver_Setup):\n        &amp;quot;&amp;quot;&amp;quot;Test to validate the window page&amp;quot;&amp;quot;&amp;quot;\n        driver = driver_Setup\n        driver.get(TestData.url)\n        mainp = MainPage(driver)\n        w_page = WindowsPage(driver)\n        mainp.click_alerts_page()\n&amp;gt;       assert &amp;quot;Dragabble&amp;quot; in driver.page_source\nE       assert &amp;#x27;Dragabble&amp;#x27; in &amp;#x27;&amp;lt;html&amp;gt;&amp;lt;head&amp;gt;&amp;lt;meta http-equiv=&amp;quot;origin-trial&amp;quot; content=&amp;quot;A7vZI3v+Gz7JfuRolKNM4Aff6zaGuT7X0mf3wtoZTnKv6497cVMnhy03KDqX7kBz/q/iidW7srW31oQbBt4VhgoAAACUeyJvcmlnaW4iOiJodHRwczovL3d3dy5nb29nbGUuY29tOjQ0MyIsImZlYXR1cmUiOiJEaXNhYmxlVGhpcmRQYXJ0eVN0b3JhZ2VQYXJ0aXRpb25pbmczIiwiZXhwaXJ5IjoxNzU3OTgwODAwLCJpc1N1YmRvbWFpbiI6dHJ1ZSwiaXNUaGlyZFBhcnR5Ijp0cnVlfQ==&amp;quot;&amp;gt;&amp;lt;meta name=&amp;quot;viewport&amp;quot; content=&amp;quot;width=device-width,initial-scale=1&amp;quot;&amp;gt;&amp;lt;script src=&amp;quot;https://securepubads.g.doubleclick.net/pagead/managed/js/gpt/m202506030101/pubads_impl_page_level_ads.js&amp;quot;&amp;gt;&amp;lt;/script&amp;gt;&amp;lt;script type=&amp;quot;text/javascript&amp;quot; async=&amp;quot;&amp;quot; charset=&amp;quot;utf-8&amp;quot; src=&amp;quot;https://www.gstatic.com/recaptcha/releases/GUGrl5YkSwqiWrzO3ShIKDlu/recaptcha__en.js&amp;quot; crossorigin=&amp;quot;anonymous&amp;quot; integrity=&amp;quot;sha384-Pgzxh1AwnkDgbWKtYDFLE/r3ApPn/Q8WuDIGgofHUvDRypiXM2Mes4UTV5JTaDp+&amp;quot;&amp;gt;&amp;lt;/script&amp;gt;&amp;lt;script type=&amp;quot;text/javascript&amp;quot; async=&amp;quot;&amp;quot; src=&amp;quot;https://www.google-analytics.com/analytics.js&amp;quot;&amp;gt;&amp;lt;/script&amp;gt;&amp;lt;script type=&amp;quot;text/javascript&amp;quot; async=&amp;quot;&amp;quot; src=&amp;quot;https://www.googletagmanager.com/gtag/js?id=G-MVRXK93D28&amp;amp;amp;cx=c&amp;amp;amp;gtm=45He5641v855226469za200&amp;amp;amp;tag_exp=101509157~103116026~103200004~103233427~103351869~103351871~104617976~104617978~104651273~104651275~104653070~104653072~104661466~10466...05H25zm158 23h18v320h-18V128zm128.725 7.69l-45.276 8.124 61.825 344.497 45.276-8.124-61.825-344.497zM89 153v270h62V153H89zm281.502 28.68l-27.594 11.773 5.494 12.877 27.594-11.773-5.494-12.877zm12.56 29.433l-27.597 11.772 5.494 12.877 27.593-11.772-5.492-12.877zm12.555 29.434l-27.594 11.77 99.674 233.628 27.594-11.773-99.673-233.625zM25 313v30h46v-30H25zm190 7h18v128h-18V320zM25 361v126h46V361H25zm64 80v46h62v-46H89z&amp;quot;&amp;gt;&amp;lt;/path&amp;gt;&amp;lt;/svg&amp;gt;&amp;lt;/div&amp;gt;&amp;lt;div class=&amp;quot;card-body&amp;quot;&amp;gt;&amp;lt;h5&amp;gt;Book Store Application&amp;lt;/h5&amp;gt;&amp;lt;/div&amp;gt;&amp;lt;/div&amp;gt;&amp;lt;/div&amp;gt;&amp;lt;/div&amp;gt;&amp;lt;/div&amp;gt;&amp;lt;/div&amp;gt;&amp;lt;/div&amp;gt;&amp;lt;footer&amp;gt;&amp;lt;span&amp;gt;\u00a9 2013-2020 TOOLSQA.COM | ALL RIGHTS RESERVED.&amp;lt;/span&amp;gt;&amp;lt;/footer&amp;gt;&amp;lt;/div&amp;gt;&amp;lt;script src=&amp;quot;https://www.google.com/recaptcha/api.js?onload=onloadCallback&amp;amp;amp;render=explicit&amp;quot; async=&amp;quot;&amp;quot; defer=&amp;quot;defer&amp;quot;&amp;gt;&amp;lt;/script&amp;gt;&amp;lt;script src=&amp;quot;/bundle.js&amp;quot;&amp;gt;&amp;lt;/script&amp;gt;&amp;lt;script type=&amp;quot;text/javascript&amp;quot; src=&amp;quot;https://ep2.adtrafficquality.google/sodar/sodar2.js&amp;quot;&amp;gt;&amp;lt;/script&amp;gt;&amp;lt;/body&amp;gt;&amp;lt;iframe id=&amp;quot;google_esf&amp;quot; name=&amp;quot;google_esf&amp;quot; src=&amp;quot;https://googleads.g.doubleclick.net/pagead/html/r20250605/r20190131/zrt_lookup.html&amp;quot; style=&amp;quot;display: none;&amp;quot;&amp;gt;&amp;lt;/iframe&amp;gt;&amp;lt;iframe name=&amp;quot;goog_topics_frame&amp;quot; src=&amp;quot;https://securepubads.g.doubleclick.net/static/topics/topics_frame.html&amp;quot; style=&amp;quot;display: none;&amp;quot;&amp;gt;&amp;lt;/iframe&amp;gt;&amp;lt;/html&amp;gt;&amp;#x27;\nE        +  where &amp;#x27;&amp;lt;html&amp;gt;&amp;lt;head&amp;gt;&amp;lt;meta http-equiv=&amp;quot;origin-trial&amp;quot; content=&amp;quot;A7vZI3v+Gz7JfuRolKNM4Aff6zaGuT7X0mf3wtoZTnKv6497cVMnhy03KDqX7kBz/q/iidW7srW31oQbBt4VhgoAAACUeyJvcmlnaW4iOiJodHRwczovL3d3dy5nb29nbGUuY29tOjQ0MyIsImZlYXR1cmUiOiJEaXNhYmxlVGhpcmRQYXJ0eVN0b3JhZ2VQYXJ0aXRpb25pbmczIiwiZXhwaXJ5IjoxNzU3OTgwODAwLCJpc1N1YmRvbWFpbiI6dHJ1ZSwiaXNUaGlyZFBhcnR5Ijp0cnVlfQ==&amp;quot;&amp;gt;&amp;lt;meta name=&amp;quot;viewport&amp;quot; content=&amp;quot;width=device-width,initial-scale=1&amp;quot;&amp;gt;&amp;lt;script src=&amp;quot;https://securepubads.g.doubleclick.net/pagead/managed/js/gpt/m202506030101/pubads_impl_page_level_ads.js&amp;quot;&amp;gt;&amp;lt;/script&amp;gt;&amp;lt;script type=&amp;quot;text/javascript&amp;quot; async=&amp;quot;&amp;quot; charset=&amp;quot;utf-8&amp;quot; src=&amp;quot;https://www.gstatic.com/recaptcha/releases/GUGrl5YkSwqiWrzO3ShIKDlu/recaptcha__en.js&amp;quot; crossorigin=&amp;quot;anonymous&amp;quot; integrity=&amp;quot;sha384-Pgzxh1AwnkDgbWKtYDFLE/r3ApPn/Q8WuDIGgofHUvDRypiXM2Mes4UTV5JTaDp+&amp;quot;&amp;gt;&amp;lt;/script&amp;gt;&amp;lt;script type=&amp;quot;text/javascript&amp;quot; async=&amp;quot;&amp;quot; src=&amp;quot;https://www.google-analytics.com/analytics.js&amp;quot;&amp;gt;&amp;lt;/script&amp;gt;&amp;lt;script type=&amp;quot;text/javascript&amp;quot; async=&amp;quot;&amp;quot; src=&amp;quot;https://www.googletagmanager.com/gtag/js?id=G-MVRXK93D28&amp;amp;amp;cx=c&amp;amp;amp;gtm=45He5641v855226469za200&amp;amp;amp;tag_exp=101509157~103116026~103200004~103233427~103351869~103351871~104617976~104617978~104651273~104651275~104653070~104653072~104661466~10466...05H25zm158 23h18v320h-18V128zm128.725 7.69l-45.276 8.124 61.825 344.497 45.276-8.124-61.825-344.497zM89 153v270h62V153H89zm281.502 28.68l-27.594 11.773 5.494 12.877 27.594-11.773-5.494-12.877zm12.56 29.433l-27.597 11.772 5.494 12.877 27.593-11.772-5.492-12.877zm12.555 29.434l-27.594 11.77 99.674 233.628 27.594-11.773-99.673-233.625zM25 313v30h46v-30H25zm190 7h18v128h-18V320zM25 361v126h46V361H25zm64 80v46h62v-46H89z&amp;quot;&amp;gt;&amp;lt;/path&amp;gt;&amp;lt;/svg&amp;gt;&amp;lt;/div&amp;gt;&amp;lt;div class=&amp;quot;card-body&amp;quot;&amp;gt;&amp;lt;h5&amp;gt;Book Store Application&amp;lt;/h5&amp;gt;&amp;lt;/div&amp;gt;&amp;lt;/div&amp;gt;&amp;lt;/div&amp;gt;&amp;lt;/div&amp;gt;&amp;lt;/div&amp;gt;&amp;lt;/div&amp;gt;&amp;lt;/div&amp;gt;&amp;lt;footer&amp;gt;&amp;lt;span&amp;gt;\u00a9 2013-2020 TOOLSQA.COM | ALL RIGHTS RESERVED.&amp;lt;/span&amp;gt;&amp;lt;/footer&amp;gt;&amp;lt;/div&amp;gt;&amp;lt;script src=&amp;quot;https://www.google.com/recaptcha/api.js?onload=onloadCallback&amp;amp;amp;render=explicit&amp;quot; async=&amp;quot;&amp;quot; defer=&amp;quot;defer&amp;quot;&amp;gt;&amp;lt;/script&amp;gt;&amp;lt;script src=&amp;quot;/bundle.js&amp;quot;&amp;gt;&amp;lt;/script&amp;gt;&amp;lt;script type=&amp;quot;text/javascript&amp;quot; src=&amp;quot;https://ep2.adtrafficquality.google/sodar/sodar2.js&amp;quot;&amp;gt;&amp;lt;/script&amp;gt;&amp;lt;/body&amp;gt;&amp;lt;iframe id=&amp;quot;google_esf&amp;quot; name=&amp;quot;google_esf&amp;quot; src=&amp;quot;https://googleads.g.doubleclick.net/pagead/html/r20250605/r20190131/zrt_lookup.html&amp;quot; style=&amp;quot;display: none;&amp;quot;&amp;gt;&amp;lt;/iframe&amp;gt;&amp;lt;iframe name=&amp;quot;goog_topics_frame&amp;quot; src=&amp;quot;https://securepubads.g.doubleclick.net/static/topics/topics_frame.html&amp;quot; style=&amp;quot;display: none;&amp;quot;&amp;gt;&amp;lt;/iframe&amp;gt;&amp;lt;/html&amp;gt;&amp;#x27; = &amp;lt;selenium.webdriver.chrome.webdriver.WebDriver (session=&amp;quot;d5b54803093371437b7086ecfd751769&amp;quot;)&amp;gt;.page_source\n\nTests\\Test_window_switch.py:21: AssertionError\n\n------------------------------ Captured log setup ------------------------------\nCRITICAL root:file_manager.py:97 File not found : &amp;lt;method-wrapper &amp;#x27;__str__&amp;#x27; of FileNotFoundError object at 0x000001378B2A8160&amp;gt;\n&#34;}], &#34;Tests/Test_window_switch.py::Test_window_page::test_new_tab[chrome]&#34;: [{&#34;extras&#34;: [], &#34;result&#34;: &#34;Failed&#34;, &#34;testId&#34;: &#34;Tests/Test_window_switch.py::Test_window_page::test_new_tab[chrome]&#34;, &#34;duration&#34;: &#34;00:01:24&#34;, &#34;resultsTableRow&#34;: [&#34;&lt;td class=\&#34;col-result\&#34;&gt;Failed&lt;/td&gt;&#34;, &#34;&lt;td class=\&#34;col-testId\&#34;&gt;Tests/Test_window_switch.py::Test_window_page::test_new_tab[chrome]&lt;/td&gt;&#34;, &#34;&lt;td class=\&#34;col-duration\&#34;&gt;00:01:24&lt;/td&gt;&#34;, &#34;&lt;td class=\&#34;col-links\&#34;&gt;&lt;/td&gt;&#34;], &#34;log&#34;: &#34;[gw1] win32 -- Python 3.13.3 C:\\Users\\amigo\\AppData\\Local\\Programs\\Python\\Python313\\python.exe\n\nself = &amp;lt;Test_window_switch.Test_window_page object at 0x0000022FFD4CCE10&amp;gt;\ndriver_Setup = &amp;lt;selenium.webdriver.chrome.webdriver.WebDriver (session=&amp;quot;dca46c4d6be27bb5ce66e35c186fe378&amp;quot;)&amp;gt;\n\n    @pytest.mark.new_tab\n    def test_new_tab(self, driver_Setup):\n        &amp;quot;&amp;quot;&amp;quot;Test to validate the new tab&amp;quot;&amp;quot;&amp;quot;\n        driver = driver_Setup\n        driver.get(TestData.url)\n        mainp = MainPage(driver)\n        w_page = WindowsPage(driver)\n        mainp.click_alerts_page()\n&amp;gt;       w_page.click_browser_window_menu()\n\nTests\\Test_window_switch.py:31: \n_ _ _ _ _ _ _ _ _ _ _ _ _ _ _ _ _ _ _ _ _ _ _ _ _ _ _ _ _ _ _ _ _ _ _ _ _ _ _ _ _ _ _ _ _ _ _ _ _ _ _ _ _ _ _ _ _ _ _ _ _ _ _\nPages\\WindowPage.py:20: in click_browser_window_menu\n    self.click_element(self.browser_window_menu)\nPages\\BasePage.py:88: in click_element\n    self.wait.until(EC.visibility_of_element_located(element)).click()\n_ _ _ _ _ _ _ _ _ _ _ _ _ _ _ _ _ _ _ _ _ _ _ _ _ _ _ _ _ _ _ _ _ _ _ _ _ _ _ _ _ _ _ _ _ _ _ _ _ _ _ _ _ _ _ _ _ _ _ _ _ _ _\n\nself = &amp;lt;selenium.webdriver.support.wait.WebDriverWait (session=&amp;quot;dca46c4d6be27bb5ce66e35c186fe378&amp;quot;)&amp;gt;\nmethod = &amp;lt;function visibility_of_element_located.&amp;lt;locals&amp;gt;._predicate at 0x0000022FFD58DF80&amp;gt;, message = &amp;#x27;&amp;#x27;\n\n    def until(self, method: Callable[[D], Union[Literal[False], T]], message: str = &amp;quot;&amp;quot;) -&amp;gt; T:\n        &amp;quot;&amp;quot;&amp;quot;Wait until the method returns a value that is not False.\n    \n        Calls the method provided with the driver as an argument until the\n        return value does not evaluate to ``False``.\n    \n        Parameters:\n        -----------\n        method: callable(WebDriver)\n            - A callable object that takes a WebDriver instance as an argument.\n    \n        message: str\n            - Optional message for :exc:`TimeoutException`\n    \n        Return:\n        -------\n        object: T\n            - The result of the last call to `method`\n    \n        Raises:\n        -------\n        TimeoutException\n            - If &amp;#x27;method&amp;#x27; does not return a truthy value within the WebDriverWait\n            object&amp;#x27;s timeout\n    \n        Example:\n        --------\n        &amp;gt;&amp;gt;&amp;gt; from selenium.webdriver.common.by import By\n        &amp;gt;&amp;gt;&amp;gt; from selenium.webdriver.support.ui import WebDriverWait\n        &amp;gt;&amp;gt;&amp;gt; from selenium.webdriver.support import expected_conditions as EC\n    \n        # Wait until an element is visible on the page\n        &amp;gt;&amp;gt;&amp;gt; wait = WebDriverWait(driver, 10)\n        &amp;gt;&amp;gt;&amp;gt; element = wait.until(EC.visibility_of_element_located((By.ID, &amp;quot;exampleId&amp;quot;)))\n        &amp;gt;&amp;gt;&amp;gt; print(element.text)\n        &amp;quot;&amp;quot;&amp;quot;\n        screen = None\n        stacktrace = None\n    \n        end_time = time.monotonic() + self._timeout\n        while True:\n            try:\n                value = method(self._driver)\n                if value:\n                    return value\n            except self._ignored_exceptions as exc:\n                screen = getattr(exc, &amp;quot;screen&amp;quot;, None)\n                stacktrace = getattr(exc, &amp;quot;stacktrace&amp;quot;, None)\n            if time.monotonic() &amp;gt; end_time:\n                break\n            time.sleep(self._poll)\n&amp;gt;       raise TimeoutException(message, screen, stacktrace)\nE       selenium.common.exceptions.TimeoutException: Message: \nE       Stacktrace:\nE       \tGetHandleVerifier [0x0xd73763+63299]\nE       \tGetHandleVerifier [0x0xd737a4+63364]\nE       \t(No symbol) [0x0xba1113]\nE       \t(No symbol) [0x0xbe987e]\nE       \t(No symbol) [0x0xbe9c1b]\nE       \t(No symbol) [0x0xc32212]\nE       \t(No symbol) [0x0xc0e5c4]\nE       \t(No symbol) [0x0xc2fa4a]\nE       \t(No symbol) [0x0xc0e376]\nE       \t(No symbol) [0x0xbdd6e0]\nE       \t(No symbol) [0x0xbde544]\nE       \tGetHandleVerifier [0x0xfce033+2531347]\nE       \tGetHandleVerifier [0x0xfc9332+2511634]\nE       \tGetHandleVerifier [0x0xd99eda+220858]\nE       \tGetHandleVerifier [0x0xd8a528+156936]\nE       \tGetHandleVerifier [0x0xd90c5d+183357]\nE       \tGetHandleVerifier [0x0xd7b6c8+95912]\nE       \tGetHandleVerifier [0x0xd7b870+96336]\nE       \tGetHandleVerifier [0x0xd6664a+9770]\nE       \tBaseThreadInitThunk [0x0x75d55d49+25]\nE       \tRtlInitializeExceptionChain [0x0x777dd03b+107]\nE       \tRtlGetAppContainerNamedObjectPath [0x0x777dcfc1+561]\n\n..\\..\\..\\AppData\\Local\\Programs\\Python\\Python313\\Lib\\site-packages\\selenium\\webdriver\\support\\wait.py:146: TimeoutException\n\n------------------------------ Captured log setup ------------------------------\nCRITICAL root:file_manager.py:97 File not found : &amp;lt;method-wrapper &amp;#x27;__str__&amp;#x27; of FileNotFoundError object at 0x0000022FFD5D9480&amp;gt;\n&#34;}], &#34;Tests/test_frames_page.py::Test_frames_page::test_frame_switch[chrome]&#34;: [{&#34;extras&#34;: [], &#34;result&#34;: &#34;Failed&#34;, &#34;testId&#34;: &#34;Tests/test_frames_page.py::Test_frames_page::test_frame_switch[chrome]&#34;, &#34;duration&#34;: &#34;00:01:48&#34;, &#34;resultsTableRow&#34;: [&#34;&lt;td class=\&#34;col-result\&#34;&gt;Failed&lt;/td&gt;&#34;, &#34;&lt;td class=\&#34;col-testId\&#34;&gt;Tests/test_frames_page.py::Test_frames_page::test_frame_switch[chrome]&lt;/td&gt;&#34;, &#34;&lt;td class=\&#34;col-duration\&#34;&gt;00:01:48&lt;/td&gt;&#34;, &#34;&lt;td class=\&#34;col-links\&#34;&gt;&lt;/td&gt;&#34;], &#34;log&#34;: &#34;[gw2] win32 -- Python 3.13.3 C:\\Users\\amigo\\AppData\\Local\\Programs\\Python\\Python313\\python.exe\n\nself = &amp;lt;test_frames_page.Test_frames_page object at 0x0000020A6A9ED310&amp;gt;\ndriver_Setup = &amp;lt;selenium.webdriver.chrome.webdriver.WebDriver (session=&amp;quot;fc10f59caee99b9c889d1e34e8fba7c2&amp;quot;)&amp;gt;\n\n    @pytest.mark.framecount\n    def test_frame_switch(self,driver_Setup):\n        &amp;quot;&amp;quot;&amp;quot;Test to validate the selected frame&amp;quot;&amp;quot;&amp;quot;\n        driver = driver_Setup\n        driver.get(TestData.url)\n        mainp = MainPage(driver)\n        f_page = IFramePage(driver)\n        mainp.click_alerts_page()\n&amp;gt;       f_page.click_frame_menu()\n\nTests\\test_frames_page.py:19: \n_ _ _ _ _ _ _ _ _ _ _ _ _ _ _ _ _ _ _ _ _ _ _ _ _ _ _ _ _ _ _ _ _ _ _ _ _ _ _ _ _ _ _ _ _ _ _ _ _ _ _ _ _ _ _ _ _ _ _ _ _ _ _\nPages\\IframePage.py:44: in click_frame_menu\n    self.click_element(self.frame_menu)\nPages\\BasePage.py:88: in click_element\n    self.wait.until(EC.visibility_of_element_located(element)).click()\n_ _ _ _ _ _ _ _ _ _ _ _ _ _ _ _ _ _ _ _ _ _ _ _ _ _ _ _ _ _ _ _ _ _ _ _ _ _ _ _ _ _ _ _ _ _ _ _ _ _ _ _ _ _ _ _ _ _ _ _ _ _ _\n\nself = &amp;lt;selenium.webdriver.support.wait.WebDriverWait (session=&amp;quot;fc10f59caee99b9c889d1e34e8fba7c2&amp;quot;)&amp;gt;\nmethod = &amp;lt;function visibility_of_element_located.&amp;lt;locals&amp;gt;._predicate at 0x0000020A6AAE5B20&amp;gt;, message = &amp;#x27;&amp;#x27;\n\n    def until(self, method: Callable[[D], Union[Literal[False], T]], message: str = &amp;quot;&amp;quot;) -&amp;gt; T:\n        &amp;quot;&amp;quot;&amp;quot;Wait until the method returns a value that is not False.\n    \n        Calls the method provided with the driver as an argument until the\n        return value does not evaluate to ``False``.\n    \n        Parameters:\n        -----------\n        method: callable(WebDriver)\n            - A callable object that takes a WebDriver instance as an argument.\n    \n        message: str\n            - Optional message for :exc:`TimeoutException`\n    \n        Return:\n        -------\n        object: T\n            - The result of the last call to `method`\n    \n        Raises:\n        -------\n        TimeoutException\n            - If &amp;#x27;method&amp;#x27; does not return a truthy value within the WebDriverWait\n            object&amp;#x27;s timeout\n    \n        Example:\n        --------\n        &amp;gt;&amp;gt;&amp;gt; from selenium.webdriver.common.by import By\n        &amp;gt;&amp;gt;&amp;gt; from selenium.webdriver.support.ui import WebDriverWait\n        &amp;gt;&amp;gt;&amp;gt; from selenium.webdriver.support import expected_conditions as EC\n    \n        # Wait until an element is visible on the page\n        &amp;gt;&amp;gt;&amp;gt; wait = WebDriverWait(driver, 10)\n        &amp;gt;&amp;gt;&amp;gt; element = wait.until(EC.visibility_of_element_located((By.ID, &amp;quot;exampleId&amp;quot;)))\n        &amp;gt;&amp;gt;&amp;gt; print(element.text)\n        &amp;quot;&amp;quot;&amp;quot;\n        screen = None\n        stacktrace = None\n    \n        end_time = time.monotonic() + self._timeout\n        while True:\n            try:\n                value = method(self._driver)\n                if value:\n                    return value\n            except self._ignored_exceptions as exc:\n                screen = getattr(exc, &amp;quot;screen&amp;quot;, None)\n                stacktrace = getattr(exc, &amp;quot;stacktrace&amp;quot;, None)\n            if time.monotonic() &amp;gt; end_time:\n                break\n            time.sleep(self._poll)\n&amp;gt;       raise TimeoutException(message, screen, stacktrace)\nE       selenium.common.exceptions.TimeoutException: Message: \nE       Stacktrace:\nE       \tGetHandleVerifier [0x0x1123763+63299]\nE       \tGetHandleVerifier [0x0x11237a4+63364]\nE       \t(No symbol) [0x0xf51113]\nE       \t(No symbol) [0x0xf9987e]\nE       \t(No symbol) [0x0xf99c1b]\nE       \t(No symbol) [0x0xfe2212]\nE       \t(No symbol) [0x0xfbe5c4]\nE       \t(No symbol) [0x0xfdfa4a]\nE       \t(No symbol) [0x0xfbe376]\nE       \t(No symbol) [0x0xf8d6e0]\nE       \t(No symbol) [0x0xf8e544]\nE       \tGetHandleVerifier [0x0x137e033+2531347]\nE       \tGetHandleVerifier [0x0x1379332+2511634]\nE       \tGetHandleVerifier [0x0x1149eda+220858]\nE       \tGetHandleVerifier [0x0x113a528+156936]\nE       \tGetHandleVerifier [0x0x1140c5d+183357]\nE       \tGetHandleVerifier [0x0x112b6c8+95912]\nE       \tGetHandleVerifier [0x0x112b870+96336]\nE       \tGetHandleVerifier [0x0x111664a+9770]\nE       \tBaseThreadInitThunk [0x0x75d55d49+25]\nE       \tRtlInitializeExceptionChain [0x0x777dd03b+107]\nE       \tRtlGetAppContainerNamedObjectPath [0x0x777dcfc1+561]\n\n..\\..\\..\\AppData\\Local\\Programs\\Python\\Python313\\Lib\\site-packages\\selenium\\webdriver\\support\\wait.py:146: TimeoutException\n\n------------------------------ Captured log setup ------------------------------\nCRITICAL root:file_manager.py:97 File not found : &amp;lt;method-wrapper &amp;#x27;__str__&amp;#x27; of FileNotFoundError object at 0x0000020A6AB04940&amp;gt;\n&#34;}], &#34;Tests/test_frames_page.py::Test_frames_page::test_frame2_switch[chrome]&#34;: [{&#34;extras&#34;: [], &#34;result&#34;: &#34;Failed&#34;, &#34;testId&#34;: &#34;Tests/test_frames_page.py::Test_frames_page::test_frame2_switch[chrome]&#34;, &#34;duration&#34;: &#34;00:01:41&#34;, &#34;resultsTableRow&#34;: [&#34;&lt;td class=\&#34;col-result\&#34;&gt;Failed&lt;/td&gt;&#34;, &#34;&lt;td class=\&#34;col-testId\&#34;&gt;Tests/test_frames_page.py::Test_frames_page::test_frame2_switch[chrome]&lt;/td&gt;&#34;, &#34;&lt;td class=\&#34;col-duration\&#34;&gt;00:01:41&lt;/td&gt;&#34;, &#34;&lt;td class=\&#34;col-links\&#34;&gt;&lt;/td&gt;&#34;], &#34;log&#34;: &#34;[gw0] win32 -- Python 3.13.3 C:\\Users\\amigo\\AppData\\Local\\Programs\\Python\\Python313\\python.exe\n\nself = &amp;lt;test_frames_page.Test_frames_page object at 0x0000026FD257D1D0&amp;gt;\ndriver_Setup = &amp;lt;selenium.webdriver.chrome.webdriver.WebDriver (session=&amp;quot;584529fe1592919328cd703799beee0b&amp;quot;)&amp;gt;\n\n    @pytest.mark.frameswitch\n    def test_frame2_switch(self, driver_Setup):\n        &amp;quot;&amp;quot;&amp;quot;Test to validate the selected frame&amp;quot;&amp;quot;&amp;quot;\n        driver = driver_Setup\n        driver.get(TestData.url)\n        mainp = MainPage(driver)\n        f_page = IFramePage(driver)\n        mainp.click_alerts_page()\n&amp;gt;       f_page.click_frame_menu()\n\nTests\\test_frames_page.py:33: \n_ _ _ _ _ _ _ _ _ _ _ _ _ _ _ _ _ _ _ _ _ _ _ _ _ _ _ _ _ _ _ _ _ _ _ _ _ _ _ _ _ _ _ _ _ _ _ _ _ _ _ _ _ _ _ _ _ _ _ _ _ _ _\nPages\\IframePage.py:44: in click_frame_menu\n    self.click_element(self.frame_menu)\nPages\\BasePage.py:88: in click_element\n    self.wait.until(EC.visibility_of_element_located(element)).click()\n_ _ _ _ _ _ _ _ _ _ _ _ _ _ _ _ _ _ _ _ _ _ _ _ _ _ _ _ _ _ _ _ _ _ _ _ _ _ _ _ _ _ _ _ _ _ _ _ _ _ _ _ _ _ _ _ _ _ _ _ _ _ _\n\nself = &amp;lt;selenium.webdriver.support.wait.WebDriverWait (session=&amp;quot;584529fe1592919328cd703799beee0b&amp;quot;)&amp;gt;\nmethod = &amp;lt;function visibility_of_element_located.&amp;lt;locals&amp;gt;._predicate at 0x0000026FD37FCEA0&amp;gt;, message = &amp;#x27;&amp;#x27;\n\n    def until(self, method: Callable[[D], Union[Literal[False], T]], message: str = &amp;quot;&amp;quot;) -&amp;gt; T:\n        &amp;quot;&amp;quot;&amp;quot;Wait until the method returns a value that is not False.\n    \n        Calls the method provided with the driver as an argument until the\n        return value does not evaluate to ``False``.\n    \n        Parameters:\n        -----------\n        method: callable(WebDriver)\n            - A callable object that takes a WebDriver instance as an argument.\n    \n        message: str\n            - Optional message for :exc:`TimeoutException`\n    \n        Return:\n        -------\n        object: T\n            - The result of the last call to `method`\n    \n        Raises:\n        -------\n        TimeoutException\n            - If &amp;#x27;method&amp;#x27; does not return a truthy value within the WebDriverWait\n            object&amp;#x27;s timeout\n    \n        Example:\n        --------\n        &amp;gt;&amp;gt;&amp;gt; from selenium.webdriver.common.by import By\n        &amp;gt;&amp;gt;&amp;gt; from selenium.webdriver.support.ui import WebDriverWait\n        &amp;gt;&amp;gt;&amp;gt; from selenium.webdriver.support import expected_conditions as EC\n    \n        # Wait until an element is visible on the page\n        &amp;gt;&amp;gt;&amp;gt; wait = WebDriverWait(driver, 10)\n        &amp;gt;&amp;gt;&amp;gt; element = wait.until(EC.visibility_of_element_located((By.ID, &amp;quot;exampleId&amp;quot;)))\n        &amp;gt;&amp;gt;&amp;gt; print(element.text)\n        &amp;quot;&amp;quot;&amp;quot;\n        screen = None\n        stacktrace = None\n    \n        end_time = time.monotonic() + self._timeout\n        while True:\n            try:\n                value = method(self._driver)\n                if value:\n                    return value\n            except self._ignored_exceptions as exc:\n                screen = getattr(exc, &amp;quot;screen&amp;quot;, None)\n                stacktrace = getattr(exc, &amp;quot;stacktrace&amp;quot;, None)\n            if time.monotonic() &amp;gt; end_time:\n                break\n            time.sleep(self._poll)\n&amp;gt;       raise TimeoutException(message, screen, stacktrace)\nE       selenium.common.exceptions.TimeoutException: Message: \nE       Stacktrace:\nE       \tGetHandleVerifier [0x0xd63763+63299]\nE       \tGetHandleVerifier [0x0xd637a4+63364]\nE       \t(No symbol) [0x0xb91113]\nE       \t(No symbol) [0x0xbd987e]\nE       \t(No symbol) [0x0xbd9c1b]\nE       \t(No symbol) [0x0xc22212]\nE       \t(No symbol) [0x0xbfe5c4]\nE       \t(No symbol) [0x0xc1fa4a]\nE       \t(No symbol) [0x0xbfe376]\nE       \t(No symbol) [0x0xbcd6e0]\nE       \t(No symbol) [0x0xbce544]\nE       \tGetHandleVerifier [0x0xfbe033+2531347]\nE       \tGetHandleVerifier [0x0xfb9332+2511634]\nE       \tGetHandleVerifier [0x0xd89eda+220858]\nE       \tGetHandleVerifier [0x0xd7a528+156936]\nE       \tGetHandleVerifier [0x0xd80c5d+183357]\nE       \tGetHandleVerifier [0x0xd6b6c8+95912]\nE       \tGetHandleVerifier [0x0xd6b870+96336]\nE       \tGetHandleVerifier [0x0xd5664a+9770]\nE       \tBaseThreadInitThunk [0x0x75d55d49+25]\nE       \tRtlInitializeExceptionChain [0x0x777dd03b+107]\nE       \tRtlGetAppContainerNamedObjectPath [0x0x777dcfc1+561]\n\n..\\..\\..\\AppData\\Local\\Programs\\Python\\Python313\\Lib\\site-packages\\selenium\\webdriver\\support\\wait.py:146: TimeoutException\n\n------------------------------ Captured log setup ------------------------------\nCRITICAL root:file_manager.py:97 File not found : &amp;lt;method-wrapper &amp;#x27;__str__&amp;#x27; of FileNotFoundError object at 0x0000026FD37DA170&amp;gt;\n&#34;}], &#34;Tests/test_frames_page.py::Test_frames_page::test_alert_dismiss[chrome]&#34;: [{&#34;extras&#34;: [], &#34;result&#34;: &#34;Failed&#34;, &#34;testId&#34;: &#34;Tests/test_frames_page.py::Test_frames_page::test_alert_dismiss[chrome]&#34;, &#34;duration&#34;: &#34;00:00:20&#34;, &#34;resultsTableRow&#34;: [&#34;&lt;td class=\&#34;col-result\&#34;&gt;Failed&lt;/td&gt;&#34;, &#34;&lt;td class=\&#34;col-testId\&#34;&gt;Tests/test_frames_page.py::Test_frames_page::test_alert_dismiss[chrome]&lt;/td&gt;&#34;, &#34;&lt;td class=\&#34;col-duration\&#34;&gt;00:00:20&lt;/td&gt;&#34;, &#34;&lt;td class=\&#34;col-links\&#34;&gt;&lt;/td&gt;&#34;], &#34;log&#34;: &#34;[gw0] win32 -- Python 3.13.3 C:\\Users\\amigo\\AppData\\Local\\Programs\\Python\\Python313\\python.exe\n\nself = &amp;lt;test_frames_page.Test_frames_page object at 0x0000026FD254B240&amp;gt;\ndriver_Setup = &amp;lt;selenium.webdriver.chrome.webdriver.WebDriver (session=&amp;quot;584529fe1592919328cd703799beee0b&amp;quot;)&amp;gt;\n\n    @pytest.mark.testAlertDismiss\n    def test_alert_dismiss(self,driver_Setup):\n        &amp;quot;&amp;quot;&amp;quot;Test alert dismiss&amp;quot;&amp;quot;&amp;quot;\n        driver = driver_Setup\n        driver.get(TestData.url)\n        mainp = MainPage(driver)\n        f_page = IFramePage(driver)\n        mainp.click_alerts_page()\n&amp;gt;       f_page.click_alerts_menu()\n\nTests\\test_frames_page.py:85: \n_ _ _ _ _ _ _ _ _ _ _ _ _ _ _ _ _ _ _ _ _ _ _ _ _ _ _ _ _ _ _ _ _ _ _ _ _ _ _ _ _ _ _ _ _ _ _ _ _ _ _ _ _ _ _ _ _ _ _ _ _ _ _\nPages\\IframePage.py:48: in click_alerts_menu\n    self.click_element(self.alerts_page)\nPages\\BasePage.py:88: in click_element\n    self.wait.until(EC.visibility_of_element_located(element)).click()\n_ _ _ _ _ _ _ _ _ _ _ _ _ _ _ _ _ _ _ _ _ _ _ _ _ _ _ _ _ _ _ _ _ _ _ _ _ _ _ _ _ _ _ _ _ _ _ _ _ _ _ _ _ _ _ _ _ _ _ _ _ _ _\n\nself = &amp;lt;selenium.webdriver.support.wait.WebDriverWait (session=&amp;quot;584529fe1592919328cd703799beee0b&amp;quot;)&amp;gt;\nmethod = &amp;lt;function visibility_of_element_located.&amp;lt;locals&amp;gt;._predicate at 0x0000026FD37FD800&amp;gt;, message = &amp;#x27;&amp;#x27;\n\n    def until(self, method: Callable[[D], Union[Literal[False], T]], message: str = &amp;quot;&amp;quot;) -&amp;gt; T:\n        &amp;quot;&amp;quot;&amp;quot;Wait until the method returns a value that is not False.\n    \n        Calls the method provided with the driver as an argument until the\n        return value does not evaluate to ``False``.\n    \n        Parameters:\n        -----------\n        method: callable(WebDriver)\n            - A callable object that takes a WebDriver instance as an argument.\n    \n        message: str\n            - Optional message for :exc:`TimeoutException`\n    \n        Return:\n        -------\n        object: T\n            - The result of the last call to `method`\n    \n        Raises:\n        -------\n        TimeoutException\n            - If &amp;#x27;method&amp;#x27; does not return a truthy value within the WebDriverWait\n            object&amp;#x27;s timeout\n    \n        Example:\n        --------\n        &amp;gt;&amp;gt;&amp;gt; from selenium.webdriver.common.by import By\n        &amp;gt;&amp;gt;&amp;gt; from selenium.webdriver.support.ui import WebDriverWait\n        &amp;gt;&amp;gt;&amp;gt; from selenium.webdriver.support import expected_conditions as EC\n    \n        # Wait until an element is visible on the page\n        &amp;gt;&amp;gt;&amp;gt; wait = WebDriverWait(driver, 10)\n        &amp;gt;&amp;gt;&amp;gt; element = wait.until(EC.visibility_of_element_located((By.ID, &amp;quot;exampleId&amp;quot;)))\n        &amp;gt;&amp;gt;&amp;gt; print(element.text)\n        &amp;quot;&amp;quot;&amp;quot;\n        screen = None\n        stacktrace = None\n    \n        end_time = time.monotonic() + self._timeout\n        while True:\n            try:\n                value = method(self._driver)\n                if value:\n                    return value\n            except self._ignored_exceptions as exc:\n                screen = getattr(exc, &amp;quot;screen&amp;quot;, None)\n                stacktrace = getattr(exc, &amp;quot;stacktrace&amp;quot;, None)\n            if time.monotonic() &amp;gt; end_time:\n                break\n            time.sleep(self._poll)\n&amp;gt;       raise TimeoutException(message, screen, stacktrace)\nE       selenium.common.exceptions.TimeoutException: Message: \nE       Stacktrace:\nE       \tGetHandleVerifier [0x0xd63763+63299]\nE       \tGetHandleVerifier [0x0xd637a4+63364]\nE       \t(No symbol) [0x0xb91113]\nE       \t(No symbol) [0x0xbd987e]\nE       \t(No symbol) [0x0xbd9c1b]\nE       \t(No symbol) [0x0xc22212]\nE       \t(No symbol) [0x0xbfe5c4]\nE       \t(No symbol) [0x0xc1fa4a]\nE       \t(No symbol) [0x0xbfe376]\nE       \t(No symbol) [0x0xbcd6e0]\nE       \t(No symbol) [0x0xbce544]\nE       \tGetHandleVerifier [0x0xfbe033+2531347]\nE       \tGetHandleVerifier [0x0xfb9332+2511634]\nE       \tGetHandleVerifier [0x0xd89eda+220858]\nE       \tGetHandleVerifier [0x0xd7a528+156936]\nE       \tGetHandleVerifier [0x0xd80c5d+183357]\nE       \tGetHandleVerifier [0x0xd6b6c8+95912]\nE       \tGetHandleVerifier [0x0xd6b870+96336]\nE       \tGetHandleVerifier [0x0xd5664a+9770]\nE       \tBaseThreadInitThunk [0x0x75d55d49+25]\nE       \tRtlInitializeExceptionChain [0x0x777dd03b+107]\nE       \tRtlGetAppContainerNamedObjectPath [0x0x777dcfc1+561]\n\n..\\..\\..\\AppData\\Local\\Programs\\Python\\Python313\\Lib\\site-packages\\selenium\\webdriver\\support\\wait.py:146: TimeoutException\n&#34;}], &#34;Tests/test_frames_page.py::Test_frames_page::test_timer_alert[chrome]&#34;: [{&#34;extras&#34;: [], &#34;result&#34;: &#34;Failed&#34;, &#34;testId&#34;: &#34;Tests/test_frames_page.py::Test_frames_page::test_timer_alert[chrome]&#34;, &#34;duration&#34;: &#34;00:00:51&#34;, &#34;resultsTableRow&#34;: [&#34;&lt;td class=\&#34;col-result\&#34;&gt;Failed&lt;/td&gt;&#34;, &#34;&lt;td class=\&#34;col-testId\&#34;&gt;Tests/test_frames_page.py::Test_frames_page::test_timer_alert[chrome]&lt;/td&gt;&#34;, &#34;&lt;td class=\&#34;col-duration\&#34;&gt;00:00:51&lt;/td&gt;&#34;, &#34;&lt;td class=\&#34;col-links\&#34;&gt;&lt;/td&gt;&#34;], &#34;log&#34;: &#34;[gw2] win32 -- Python 3.13.3 C:\\Users\\amigo\\AppData\\Local\\Programs\\Python\\Python313\\python.exe\n\nself = &amp;lt;test_frames_page.Test_frames_page object at 0x0000020A6A93F6F0&amp;gt;\ndriver_Setup = &amp;lt;selenium.webdriver.chrome.webdriver.WebDriver (session=&amp;quot;fc10f59caee99b9c889d1e34e8fba7c2&amp;quot;)&amp;gt;\n\n    @pytest.mark.testTimerAlert\n    def test_timer_alert(self,driver_Setup):\n        &amp;quot;&amp;quot;&amp;quot;Test timer alert accept&amp;quot;&amp;quot;&amp;quot;\n        driver = driver_Setup\n        driver.get(TestData.url)\n        mainp = MainPage(driver)\n        f_page = IFramePage(driver)\n        mainp.click_alerts_page()\n&amp;gt;       f_page.click_alerts_menu()\n\nTests\\test_frames_page.py:60: \n_ _ _ _ _ _ _ _ _ _ _ _ _ _ _ _ _ _ _ _ _ _ _ _ _ _ _ _ _ _ _ _ _ _ _ _ _ _ _ _ _ _ _ _ _ _ _ _ _ _ _ _ _ _ _ _ _ _ _ _ _ _ _\nPages\\IframePage.py:48: in click_alerts_menu\n    self.click_element(self.alerts_page)\nPages\\BasePage.py:88: in click_element\n    self.wait.until(EC.visibility_of_element_located(element)).click()\n_ _ _ _ _ _ _ _ _ _ _ _ _ _ _ _ _ _ _ _ _ _ _ _ _ _ _ _ _ _ _ _ _ _ _ _ _ _ _ _ _ _ _ _ _ _ _ _ _ _ _ _ _ _ _ _ _ _ _ _ _ _ _\n\nself = &amp;lt;selenium.webdriver.support.wait.WebDriverWait (session=&amp;quot;fc10f59caee99b9c889d1e34e8fba7c2&amp;quot;)&amp;gt;\nmethod = &amp;lt;function visibility_of_element_located.&amp;lt;locals&amp;gt;._predicate at 0x0000020A6AAE5300&amp;gt;, message = &amp;#x27;&amp;#x27;\n\n    def until(self, method: Callable[[D], Union[Literal[False], T]], message: str = &amp;quot;&amp;quot;) -&amp;gt; T:\n        &amp;quot;&amp;quot;&amp;quot;Wait until the method returns a value that is not False.\n    \n        Calls the method provided with the driver as an argument until the\n        return value does not evaluate to ``False``.\n    \n        Parameters:\n        -----------\n        method: callable(WebDriver)\n            - A callable object that takes a WebDriver instance as an argument.\n    \n        message: str\n            - Optional message for :exc:`TimeoutException`\n    \n        Return:\n        -------\n        object: T\n            - The result of the last call to `method`\n    \n        Raises:\n        -------\n        TimeoutException\n            - If &amp;#x27;method&amp;#x27; does not return a truthy value within the WebDriverWait\n            object&amp;#x27;s timeout\n    \n        Example:\n        --------\n        &amp;gt;&amp;gt;&amp;gt; from selenium.webdriver.common.by import By\n        &amp;gt;&amp;gt;&amp;gt; from selenium.webdriver.support.ui import WebDriverWait\n        &amp;gt;&amp;gt;&amp;gt; from selenium.webdriver.support import expected_conditions as EC\n    \n        # Wait until an element is visible on the page\n        &amp;gt;&amp;gt;&amp;gt; wait = WebDriverWait(driver, 10)\n        &amp;gt;&amp;gt;&amp;gt; element = wait.until(EC.visibility_of_element_located((By.ID, &amp;quot;exampleId&amp;quot;)))\n        &amp;gt;&amp;gt;&amp;gt; print(element.text)\n        &amp;quot;&amp;quot;&amp;quot;\n        screen = None\n        stacktrace = None\n    \n        end_time = time.monotonic() + self._timeout\n        while True:\n            try:\n                value = method(self._driver)\n                if value:\n                    return value\n            except self._ignored_exceptions as exc:\n                screen = getattr(exc, &amp;quot;screen&amp;quot;, None)\n                stacktrace = getattr(exc, &amp;quot;stacktrace&amp;quot;, None)\n            if time.monotonic() &amp;gt; end_time:\n                break\n            time.sleep(self._poll)\n&amp;gt;       raise TimeoutException(message, screen, stacktrace)\nE       selenium.common.exceptions.TimeoutException: Message: \nE       Stacktrace:\nE       \tGetHandleVerifier [0x0x1123763+63299]\nE       \tGetHandleVerifier [0x0x11237a4+63364]\nE       \t(No symbol) [0x0xf51113]\nE       \t(No symbol) [0x0xf9987e]\nE       \t(No symbol) [0x0xf99c1b]\nE       \t(No symbol) [0x0xfe2212]\nE       \t(No symbol) [0x0xfbe5c4]\nE       \t(No symbol) [0x0xfdfa4a]\nE       \t(No symbol) [0x0xfbe376]\nE       \t(No symbol) [0x0xf8d6e0]\nE       \t(No symbol) [0x0xf8e544]\nE       \tGetHandleVerifier [0x0x137e033+2531347]\nE       \tGetHandleVerifier [0x0x1379332+2511634]\nE       \tGetHandleVerifier [0x0x1149eda+220858]\nE       \tGetHandleVerifier [0x0x113a528+156936]\nE       \tGetHandleVerifier [0x0x1140c5d+183357]\nE       \tGetHandleVerifier [0x0x112b6c8+95912]\nE       \tGetHandleVerifier [0x0x112b870+96336]\nE       \tGetHandleVerifier [0x0x111664a+9770]\nE       \tBaseThreadInitThunk [0x0x75d55d49+25]\nE       \tRtlInitializeExceptionChain [0x0x777dd03b+107]\nE       \tRtlGetAppContainerNamedObjectPath [0x0x777dcfc1+561]\n\n..\\..\\..\\AppData\\Local\\Programs\\Python\\Python313\\Lib\\site-packages\\selenium\\webdriver\\support\\wait.py:146: TimeoutException\n&#34;}], &#34;Tests/test_frames_page.py::Test_frames_page::test_alert[chrome]&#34;: [{&#34;extras&#34;: [], &#34;result&#34;: &#34;Error&#34;, &#34;testId&#34;: &#34;Tests/test_frames_page.py::Test_frames_page::test_alert[chrome]::setup&#34;, &#34;duration&#34;: &#34;00:02:05&#34;, &#34;resultsTableRow&#34;: [&#34;&lt;td class=\&#34;col-result\&#34;&gt;Error&lt;/td&gt;&#34;, &#34;&lt;td class=\&#34;col-testId\&#34;&gt;Tests/test_frames_page.py::Test_frames_page::test_alert[chrome]::setup&lt;/td&gt;&#34;, &#34;&lt;td class=\&#34;col-duration\&#34;&gt;00:02:05&lt;/td&gt;&#34;, &#34;&lt;td class=\&#34;col-links\&#34;&gt;&lt;/td&gt;&#34;], &#34;log&#34;: &#34;[gw3] win32 -- Python 3.13.3 C:\\Users\\amigo\\AppData\\Local\\Programs\\Python\\Python313\\python.exe\n\nself = &amp;lt;urllib3.connectionpool.HTTPConnectionPool object at 0x000001378B1D1250&amp;gt;\nconn = &amp;lt;urllib3.connection.HTTPConnection object at 0x000001378B12B2F0&amp;gt;, method = &amp;#x27;POST&amp;#x27;\nurl = &amp;#x27;/session/320bf0f9fa64946c668c891ea5a11fed/url&amp;#x27;, body = &amp;#x27;{&amp;quot;url&amp;quot;: &amp;quot;https://demoqa.com/&amp;quot;}&amp;#x27;\nheaders = HTTPHeaderDict({&amp;#x27;Accept&amp;#x27;: &amp;#x27;application/json&amp;#x27;, &amp;#x27;Content-Type&amp;#x27;: &amp;#x27;application/json;charset=UTF-8&amp;#x27;, &amp;#x27;User-Agent&amp;#x27;: &amp;#x27;selenium/4.32.0 (python windows)&amp;#x27;, &amp;#x27;Connection&amp;#x27;: &amp;#x27;keep-alive&amp;#x27;})\nretries = Retry(total=3, connect=None, read=None, redirect=None, status=None)\ntimeout = Timeout(connect=120, read=120, total=None), chunked = False, response_conn = None, preload_content = True\ndecode_content = True, enforce_content_length = True\n\n    def _make_request(\n        self,\n        conn: BaseHTTPConnection,\n        method: str,\n        url: str,\n        body: _TYPE_BODY | None = None,\n        headers: typing.Mapping[str, str] | None = None,\n        retries: Retry | None = None,\n        timeout: _TYPE_TIMEOUT = _DEFAULT_TIMEOUT,\n        chunked: bool = False,\n        response_conn: BaseHTTPConnection | None = None,\n        preload_content: bool = True,\n        decode_content: bool = True,\n        enforce_content_length: bool = True,\n    ) -&amp;gt; BaseHTTPResponse:\n        &amp;quot;&amp;quot;&amp;quot;\n        Perform a request on a given urllib connection object taken from our\n        pool.\n    \n        :param conn:\n            a connection from one of our connection pools\n    \n        :param method:\n            HTTP request method (such as GET, POST, PUT, etc.)\n    \n        :param url:\n            The URL to perform the request on.\n    \n        :param body:\n            Data to send in the request body, either :class:`str`, :class:`bytes`,\n            an iterable of :class:`str`/:class:`bytes`, or a file-like object.\n    \n        :param headers:\n            Dictionary of custom headers to send, such as User-Agent,\n            If-None-Match, etc. If None, pool headers are used. If provided,\n            these headers completely replace any pool-specific headers.\n    \n        :param retries:\n            Configure the number of retries to allow before raising a\n            :class:`~urllib3.exceptions.MaxRetryError` exception.\n    \n            Pass ``None`` to retry until you receive a response. Pass a\n            :class:`~urllib3.util.retry.Retry` object for fine-grained control\n            over different types of retries.\n            Pass an integer number to retry connection errors that many times,\n            but no other types of errors. Pass zero to never retry.\n    \n            If ``False``, then retries are disabled and any exception is raised\n            immediately. Also, instead of raising a MaxRetryError on redirects,\n            the redirect response will be returned.\n    \n        :type retries: :class:`~urllib3.util.retry.Retry`, False, or an int.\n    \n        :param timeout:\n            If specified, overrides the default timeout for this one\n            request. It may be a float (in seconds) or an instance of\n            :class:`urllib3.util.Timeout`.\n    \n        :param chunked:\n            If True, urllib3 will send the body using chunked transfer\n            encoding. Otherwise, urllib3 will send the body using the standard\n            content-length form. Defaults to False.\n    \n        :param response_conn:\n            Set this to ``None`` if you will handle releasing the connection or\n            set the connection to have the response release it.\n    \n        :param preload_content:\n          If True, the response&amp;#x27;s body will be preloaded during construction.\n    \n        :param decode_content:\n            If True, will attempt to decode the body based on the\n            &amp;#x27;content-encoding&amp;#x27; header.\n    \n        :param enforce_content_length:\n            Enforce content length checking. Body returned by server must match\n            value of Content-Length header, if present. Otherwise, raise error.\n        &amp;quot;&amp;quot;&amp;quot;\n        self.num_requests += 1\n    \n        timeout_obj = self._get_timeout(timeout)\n        timeout_obj.start_connect()\n        conn.timeout = Timeout.resolve_default_timeout(timeout_obj.connect_timeout)\n    \n        try:\n            # Trigger any extra validation we need to do.\n            try:\n                self._validate_conn(conn)\n            except (SocketTimeout, BaseSSLError) as e:\n                self._raise_timeout(err=e, url=url, timeout_value=conn.timeout)\n                raise\n    \n        # _validate_conn() starts the connection to an HTTPS proxy\n        # so we need to wrap errors with &amp;#x27;ProxyError&amp;#x27; here too.\n        except (\n            OSError,\n            NewConnectionError,\n            TimeoutError,\n            BaseSSLError,\n            CertificateError,\n            SSLError,\n        ) as e:\n            new_e: Exception = e\n            if isinstance(e, (BaseSSLError, CertificateError)):\n                new_e = SSLError(e)\n            # If the connection didn&amp;#x27;t successfully connect to it&amp;#x27;s proxy\n            # then there\n            if isinstance(\n                new_e, (OSError, NewConnectionError, TimeoutError, SSLError)\n            ) and (conn and conn.proxy and not conn.has_connected_to_proxy):\n                new_e = _wrap_proxy_error(new_e, conn.proxy.scheme)\n            raise new_e\n    \n        # conn.request() calls http.client.*.request, not the method in\n        # urllib3.request. It also calls makefile (recv) on the socket.\n        try:\n            conn.request(\n                method,\n                url,\n                body=body,\n                headers=headers,\n                chunked=chunked,\n                preload_content=preload_content,\n                decode_content=decode_content,\n                enforce_content_length=enforce_content_length,\n            )\n    \n        # We are swallowing BrokenPipeError (errno.EPIPE) since the server is\n        # legitimately able to close the connection after sending a valid response.\n        # With this behaviour, the received response is still readable.\n        except BrokenPipeError:\n            pass\n        except OSError as e:\n            # MacOS/Linux\n            # EPROTOTYPE and ECONNRESET are needed on macOS\n            # https://erickt.github.io/blog/2014/11/19/adventures-in-debugging-a-potential-osx-kernel-bug/\n            # Condition changed later to emit ECONNRESET instead of only EPROTOTYPE.\n            if e.errno != errno.EPROTOTYPE and e.errno != errno.ECONNRESET:\n                raise\n    \n        # Reset the timeout for the recv() on the socket\n        read_timeout = timeout_obj.read_timeout\n    \n        if not conn.is_closed:\n            # In Python 3 socket.py will catch EAGAIN and return None when you\n            # try and read into the file pointer created by http.client, which\n            # instead raises a BadStatusLine exception. Instead of catching\n            # the exception and assuming all BadStatusLine exceptions are read\n            # timeouts, check for a zero timeout before making the request.\n            if read_timeout == 0:\n                raise ReadTimeoutError(\n                    self, url, f&amp;quot;Read timed out. (read timeout={read_timeout})&amp;quot;\n                )\n            conn.timeout = read_timeout\n    \n        # Receive the response from the server\n        try:\n&amp;gt;           response = conn.getresponse()\n\n..\\..\\..\\AppData\\Local\\Programs\\Python\\Python313\\Lib\\site-packages\\urllib3\\connectionpool.py:534: \n_ _ _ _ _ _ _ _ _ _ _ _ _ _ _ _ _ _ _ _ _ _ _ _ _ _ _ _ _ _ _ _ _ _ _ _ _ _ _ _ _ _ _ _ _ _ _ _ _ _ _ _ _ _ _ _ _ _ _ _ _ _ _\n..\\..\\..\\AppData\\Local\\Programs\\Python\\Python313\\Lib\\site-packages\\urllib3\\connection.py:516: in getresponse\n    httplib_response = super().getresponse()\n..\\..\\..\\AppData\\Local\\Programs\\Python\\Python313\\Lib\\http\\client.py:1430: in getresponse\n    response.begin()\n..\\..\\..\\AppData\\Local\\Programs\\Python\\Python313\\Lib\\http\\client.py:331: in begin\n    version, status, reason = self._read_status()\n..\\..\\..\\AppData\\Local\\Programs\\Python\\Python313\\Lib\\http\\client.py:292: in _read_status\n    line = str(self.fp.readline(_MAXLINE + 1), &amp;quot;iso-8859-1&amp;quot;)\n_ _ _ _ _ _ _ _ _ _ _ _ _ _ _ _ _ _ _ _ _ _ _ _ _ _ _ _ _ _ _ _ _ _ _ _ _ _ _ _ _ _ _ _ _ _ _ _ _ _ _ _ _ _ _ _ _ _ _ _ _ _ _\n\nself = &amp;lt;socket.SocketIO object at 0x000001378B247A90&amp;gt;, b = &amp;lt;memory at 0x000001378B1EA8C0&amp;gt;\n\n    def readinto(self, b):\n        &amp;quot;&amp;quot;&amp;quot;Read up to len(b) bytes into the writable buffer *b* and return\n        the number of bytes read.  If the socket is non-blocking and no bytes\n        are available, None is returned.\n    \n        If *b* is non-empty, a 0 return value indicates that the connection\n        was shutdown at the other end.\n        &amp;quot;&amp;quot;&amp;quot;\n        self._checkClosed()\n        self._checkReadable()\n        if self._timeout_occurred:\n            raise OSError(&amp;quot;cannot read from timed out object&amp;quot;)\n        try:\n&amp;gt;           return self._sock.recv_into(b)\nE           TimeoutError: timed out\n\n..\\..\\..\\AppData\\Local\\Programs\\Python\\Python313\\Lib\\socket.py:719: TimeoutError\n\nThe above exception was the direct cause of the following exception:\n\nrequest = &amp;lt;SubRequest &amp;#x27;driver_Setup&amp;#x27; for &amp;lt;Function test_alert[chrome]&amp;gt;&amp;gt;\n\n    @pytest.fixture(autouse=True, params=[&amp;quot;chrome&amp;quot;], scope=&amp;quot;class&amp;quot;)\n    def driver_Setup(request):\n        &amp;quot;&amp;quot;&amp;quot; Setup the driver for the test &amp;quot;&amp;quot;&amp;quot;\n    \n        if request.param == &amp;quot;chrome&amp;quot;:\n            service = Service(ChromeDriverManager().install())\n            options = webdriver.ChromeOptions()\n           # options.add_argument(&amp;quot;headless&amp;quot;)\n            options.add_argument(&amp;quot;--ignore-certificate-errors&amp;quot;)\n            options.add_argument(&amp;quot;--headless&amp;quot;)\n            driver = webdriver.Chrome(service = service,options = options)\n            driver.maximize_window()\n&amp;gt;           driver.get(TestData.url)\n\nTests\\conftest.py:26: \n_ _ _ _ _ _ _ _ _ _ _ _ _ _ _ _ _ _ _ _ _ _ _ _ _ _ _ _ _ _ _ _ _ _ _ _ _ _ _ _ _ _ _ _ _ _ _ _ _ _ _ _ _ _ _ _ _ _ _ _ _ _ _\n..\\..\\..\\AppData\\Local\\Programs\\Python\\Python313\\Lib\\site-packages\\selenium\\webdriver\\remote\\webdriver.py:473: in get\n    self.execute(Command.GET, {&amp;quot;url&amp;quot;: url})\n..\\..\\..\\AppData\\Local\\Programs\\Python\\Python313\\Lib\\site-packages\\selenium\\webdriver\\remote\\webdriver.py:446: in execute\n    response = self.command_executor.execute(driver_command, params)\n..\\..\\..\\AppData\\Local\\Programs\\Python\\Python313\\Lib\\site-packages\\selenium\\webdriver\\remote\\remote_connection.py:404: in execute\n    return self._request(command_info[0], url, body=data)\n..\\..\\..\\AppData\\Local\\Programs\\Python\\Python313\\Lib\\site-packages\\selenium\\webdriver\\remote\\remote_connection.py:428: in _request\n    response = self._conn.request(method, url, body=body, headers=headers, timeout=self._client_config.timeout)\n..\\..\\..\\AppData\\Local\\Programs\\Python\\Python313\\Lib\\site-packages\\urllib3\\_request_methods.py:143: in request\n    return self.request_encode_body(\n..\\..\\..\\AppData\\Local\\Programs\\Python\\Python313\\Lib\\site-packages\\urllib3\\_request_methods.py:278: in request_encode_body\n    return self.urlopen(method, url, **extra_kw)\n..\\..\\..\\AppData\\Local\\Programs\\Python\\Python313\\Lib\\site-packages\\urllib3\\poolmanager.py:443: in urlopen\n    response = conn.urlopen(method, u.request_uri, **kw)\n..\\..\\..\\AppData\\Local\\Programs\\Python\\Python313\\Lib\\site-packages\\urllib3\\connectionpool.py:841: in urlopen\n    retries = retries.increment(\n..\\..\\..\\AppData\\Local\\Programs\\Python\\Python313\\Lib\\site-packages\\urllib3\\util\\retry.py:474: in increment\n    raise reraise(type(error), error, _stacktrace)\n..\\..\\..\\AppData\\Local\\Programs\\Python\\Python313\\Lib\\site-packages\\urllib3\\util\\util.py:39: in reraise\n    raise value\n..\\..\\..\\AppData\\Local\\Programs\\Python\\Python313\\Lib\\site-packages\\urllib3\\connectionpool.py:787: in urlopen\n    response = self._make_request(\n..\\..\\..\\AppData\\Local\\Programs\\Python\\Python313\\Lib\\site-packages\\urllib3\\connectionpool.py:536: in _make_request\n    self._raise_timeout(err=e, url=url, timeout_value=read_timeout)\n_ _ _ _ _ _ _ _ _ _ _ _ _ _ _ _ _ _ _ _ _ _ _ _ _ _ _ _ _ _ _ _ _ _ _ _ _ _ _ _ _ _ _ _ _ _ _ _ _ _ _ _ _ _ _ _ _ _ _ _ _ _ _\n\nself = &amp;lt;urllib3.connectionpool.HTTPConnectionPool object at 0x000001378B1D1250&amp;gt;, err = TimeoutError(&amp;#x27;timed out&amp;#x27;)\nurl = &amp;#x27;/session/320bf0f9fa64946c668c891ea5a11fed/url&amp;#x27;, timeout_value = 120\n\n    def _raise_timeout(\n        self,\n        err: BaseSSLError | OSError | SocketTimeout,\n        url: str,\n        timeout_value: _TYPE_TIMEOUT | None,\n    ) -&amp;gt; None:\n        &amp;quot;&amp;quot;&amp;quot;Is the error actually a timeout? Will raise a ReadTimeout or pass&amp;quot;&amp;quot;&amp;quot;\n    \n        if isinstance(err, SocketTimeout):\n&amp;gt;           raise ReadTimeoutError(\n                self, url, f&amp;quot;Read timed out. (read timeout={timeout_value})&amp;quot;\n            ) from err\nE           urllib3.exceptions.ReadTimeoutError: HTTPConnectionPool(host=&amp;#x27;localhost&amp;#x27;, port=55230): Read timed out. (read timeout=120)\n\n..\\..\\..\\AppData\\Local\\Programs\\Python\\Python313\\Lib\\site-packages\\urllib3\\connectionpool.py:367: ReadTimeoutError\n\n------------------------------ Captured log setup ------------------------------\nCRITICAL root:file_manager.py:97 File not found : &amp;lt;method-wrapper &amp;#x27;__str__&amp;#x27; of FileNotFoundError object at 0x000001378B2A8160&amp;gt;\n&#34;}], &#34;Tests/test_frames_page.py::Test_frames_page::test_prompt_alert[chrome]&#34;: [{&#34;extras&#34;: [], &#34;result&#34;: &#34;Error&#34;, &#34;testId&#34;: &#34;Tests/test_frames_page.py::Test_frames_page::test_prompt_alert[chrome]::setup&#34;, &#34;duration&#34;: &#34;0 ms&#34;, &#34;resultsTableRow&#34;: [&#34;&lt;td class=\&#34;col-result\&#34;&gt;Error&lt;/td&gt;&#34;, &#34;&lt;td class=\&#34;col-testId\&#34;&gt;Tests/test_frames_page.py::Test_frames_page::test_prompt_alert[chrome]::setup&lt;/td&gt;&#34;, &#34;&lt;td class=\&#34;col-duration\&#34;&gt;0 ms&lt;/td&gt;&#34;, &#34;&lt;td class=\&#34;col-links\&#34;&gt;&lt;/td&gt;&#34;], &#34;log&#34;: &#34;[gw3] win32 -- Python 3.13.3 C:\\Users\\amigo\\AppData\\Local\\Programs\\Python\\Python313\\python.exe\n\nself = &amp;lt;urllib3.connectionpool.HTTPConnectionPool object at 0x000001378B1D1250&amp;gt;\nconn = &amp;lt;urllib3.connection.HTTPConnection object at 0x000001378B12B2F0&amp;gt;, method = &amp;#x27;POST&amp;#x27;\nurl = &amp;#x27;/session/320bf0f9fa64946c668c891ea5a11fed/url&amp;#x27;, body = &amp;#x27;{&amp;quot;url&amp;quot;: &amp;quot;https://demoqa.com/&amp;quot;}&amp;#x27;\nheaders = HTTPHeaderDict({&amp;#x27;Accept&amp;#x27;: &amp;#x27;application/json&amp;#x27;, &amp;#x27;Content-Type&amp;#x27;: &amp;#x27;application/json;charset=UTF-8&amp;#x27;, &amp;#x27;User-Agent&amp;#x27;: &amp;#x27;selenium/4.32.0 (python windows)&amp;#x27;, &amp;#x27;Connection&amp;#x27;: &amp;#x27;keep-alive&amp;#x27;})\nretries = Retry(total=3, connect=None, read=None, redirect=None, status=None)\ntimeout = Timeout(connect=120, read=120, total=None), chunked = False, response_conn = None, preload_content = True\ndecode_content = True, enforce_content_length = True\n\n    def _make_request(\n        self,\n        conn: BaseHTTPConnection,\n        method: str,\n        url: str,\n        body: _TYPE_BODY | None = None,\n        headers: typing.Mapping[str, str] | None = None,\n        retries: Retry | None = None,\n        timeout: _TYPE_TIMEOUT = _DEFAULT_TIMEOUT,\n        chunked: bool = False,\n        response_conn: BaseHTTPConnection | None = None,\n        preload_content: bool = True,\n        decode_content: bool = True,\n        enforce_content_length: bool = True,\n    ) -&amp;gt; BaseHTTPResponse:\n        &amp;quot;&amp;quot;&amp;quot;\n        Perform a request on a given urllib connection object taken from our\n        pool.\n    \n        :param conn:\n            a connection from one of our connection pools\n    \n        :param method:\n            HTTP request method (such as GET, POST, PUT, etc.)\n    \n        :param url:\n            The URL to perform the request on.\n    \n        :param body:\n            Data to send in the request body, either :class:`str`, :class:`bytes`,\n            an iterable of :class:`str`/:class:`bytes`, or a file-like object.\n    \n        :param headers:\n            Dictionary of custom headers to send, such as User-Agent,\n            If-None-Match, etc. If None, pool headers are used. If provided,\n            these headers completely replace any pool-specific headers.\n    \n        :param retries:\n            Configure the number of retries to allow before raising a\n            :class:`~urllib3.exceptions.MaxRetryError` exception.\n    \n            Pass ``None`` to retry until you receive a response. Pass a\n            :class:`~urllib3.util.retry.Retry` object for fine-grained control\n            over different types of retries.\n            Pass an integer number to retry connection errors that many times,\n            but no other types of errors. Pass zero to never retry.\n    \n            If ``False``, then retries are disabled and any exception is raised\n            immediately. Also, instead of raising a MaxRetryError on redirects,\n            the redirect response will be returned.\n    \n        :type retries: :class:`~urllib3.util.retry.Retry`, False, or an int.\n    \n        :param timeout:\n            If specified, overrides the default timeout for this one\n            request. It may be a float (in seconds) or an instance of\n            :class:`urllib3.util.Timeout`.\n    \n        :param chunked:\n            If True, urllib3 will send the body using chunked transfer\n            encoding. Otherwise, urllib3 will send the body using the standard\n            content-length form. Defaults to False.\n    \n        :param response_conn:\n            Set this to ``None`` if you will handle releasing the connection or\n            set the connection to have the response release it.\n    \n        :param preload_content:\n          If True, the response&amp;#x27;s body will be preloaded during construction.\n    \n        :param decode_content:\n            If True, will attempt to decode the body based on the\n            &amp;#x27;content-encoding&amp;#x27; header.\n    \n        :param enforce_content_length:\n            Enforce content length checking. Body returned by server must match\n            value of Content-Length header, if present. Otherwise, raise error.\n        &amp;quot;&amp;quot;&amp;quot;\n        self.num_requests += 1\n    \n        timeout_obj = self._get_timeout(timeout)\n        timeout_obj.start_connect()\n        conn.timeout = Timeout.resolve_default_timeout(timeout_obj.connect_timeout)\n    \n        try:\n            # Trigger any extra validation we need to do.\n            try:\n                self._validate_conn(conn)\n            except (SocketTimeout, BaseSSLError) as e:\n                self._raise_timeout(err=e, url=url, timeout_value=conn.timeout)\n                raise\n    \n        # _validate_conn() starts the connection to an HTTPS proxy\n        # so we need to wrap errors with &amp;#x27;ProxyError&amp;#x27; here too.\n        except (\n            OSError,\n            NewConnectionError,\n            TimeoutError,\n            BaseSSLError,\n            CertificateError,\n            SSLError,\n        ) as e:\n            new_e: Exception = e\n            if isinstance(e, (BaseSSLError, CertificateError)):\n                new_e = SSLError(e)\n            # If the connection didn&amp;#x27;t successfully connect to it&amp;#x27;s proxy\n            # then there\n            if isinstance(\n                new_e, (OSError, NewConnectionError, TimeoutError, SSLError)\n            ) and (conn and conn.proxy and not conn.has_connected_to_proxy):\n                new_e = _wrap_proxy_error(new_e, conn.proxy.scheme)\n            raise new_e\n    \n        # conn.request() calls http.client.*.request, not the method in\n        # urllib3.request. It also calls makefile (recv) on the socket.\n        try:\n            conn.request(\n                method,\n                url,\n                body=body,\n                headers=headers,\n                chunked=chunked,\n                preload_content=preload_content,\n                decode_content=decode_content,\n                enforce_content_length=enforce_content_length,\n            )\n    \n        # We are swallowing BrokenPipeError (errno.EPIPE) since the server is\n        # legitimately able to close the connection after sending a valid response.\n        # With this behaviour, the received response is still readable.\n        except BrokenPipeError:\n            pass\n        except OSError as e:\n            # MacOS/Linux\n            # EPROTOTYPE and ECONNRESET are needed on macOS\n            # https://erickt.github.io/blog/2014/11/19/adventures-in-debugging-a-potential-osx-kernel-bug/\n            # Condition changed later to emit ECONNRESET instead of only EPROTOTYPE.\n            if e.errno != errno.EPROTOTYPE and e.errno != errno.ECONNRESET:\n                raise\n    \n        # Reset the timeout for the recv() on the socket\n        read_timeout = timeout_obj.read_timeout\n    \n        if not conn.is_closed:\n            # In Python 3 socket.py will catch EAGAIN and return None when you\n            # try and read into the file pointer created by http.client, which\n            # instead raises a BadStatusLine exception. Instead of catching\n            # the exception and assuming all BadStatusLine exceptions are read\n            # timeouts, check for a zero timeout before making the request.\n            if read_timeout == 0:\n                raise ReadTimeoutError(\n                    self, url, f&amp;quot;Read timed out. (read timeout={read_timeout})&amp;quot;\n                )\n            conn.timeout = read_timeout\n    \n        # Receive the response from the server\n        try:\n&amp;gt;           response = conn.getresponse()\n\n..\\..\\..\\AppData\\Local\\Programs\\Python\\Python313\\Lib\\site-packages\\urllib3\\connectionpool.py:534: \n_ _ _ _ _ _ _ _ _ _ _ _ _ _ _ _ _ _ _ _ _ _ _ _ _ _ _ _ _ _ _ _ _ _ _ _ _ _ _ _ _ _ _ _ _ _ _ _ _ _ _ _ _ _ _ _ _ _ _ _ _ _ _\n..\\..\\..\\AppData\\Local\\Programs\\Python\\Python313\\Lib\\site-packages\\urllib3\\connection.py:516: in getresponse\n    httplib_response = super().getresponse()\n..\\..\\..\\AppData\\Local\\Programs\\Python\\Python313\\Lib\\http\\client.py:1430: in getresponse\n    response.begin()\n..\\..\\..\\AppData\\Local\\Programs\\Python\\Python313\\Lib\\http\\client.py:331: in begin\n    version, status, reason = self._read_status()\n..\\..\\..\\AppData\\Local\\Programs\\Python\\Python313\\Lib\\http\\client.py:292: in _read_status\n    line = str(self.fp.readline(_MAXLINE + 1), &amp;quot;iso-8859-1&amp;quot;)\n_ _ _ _ _ _ _ _ _ _ _ _ _ _ _ _ _ _ _ _ _ _ _ _ _ _ _ _ _ _ _ _ _ _ _ _ _ _ _ _ _ _ _ _ _ _ _ _ _ _ _ _ _ _ _ _ _ _ _ _ _ _ _\n\nself = &amp;lt;socket.SocketIO object at 0x000001378B247A90&amp;gt;, b = &amp;lt;memory at 0x000001378B1EA8C0&amp;gt;\n\n    def readinto(self, b):\n        &amp;quot;&amp;quot;&amp;quot;Read up to len(b) bytes into the writable buffer *b* and return\n        the number of bytes read.  If the socket is non-blocking and no bytes\n        are available, None is returned.\n    \n        If *b* is non-empty, a 0 return value indicates that the connection\n        was shutdown at the other end.\n        &amp;quot;&amp;quot;&amp;quot;\n        self._checkClosed()\n        self._checkReadable()\n        if self._timeout_occurred:\n            raise OSError(&amp;quot;cannot read from timed out object&amp;quot;)\n        try:\n&amp;gt;           return self._sock.recv_into(b)\nE           TimeoutError: timed out\n\n..\\..\\..\\AppData\\Local\\Programs\\Python\\Python313\\Lib\\socket.py:719: TimeoutError\n\nThe above exception was the direct cause of the following exception:\n\nrequest = &amp;lt;SubRequest &amp;#x27;driver_Setup&amp;#x27; for &amp;lt;Function test_alert[chrome]&amp;gt;&amp;gt;\n\n    @pytest.fixture(autouse=True, params=[&amp;quot;chrome&amp;quot;], scope=&amp;quot;class&amp;quot;)\n    def driver_Setup(request):\n        &amp;quot;&amp;quot;&amp;quot; Setup the driver for the test &amp;quot;&amp;quot;&amp;quot;\n    \n        if request.param == &amp;quot;chrome&amp;quot;:\n            service = Service(ChromeDriverManager().install())\n            options = webdriver.ChromeOptions()\n           # options.add_argument(&amp;quot;headless&amp;quot;)\n            options.add_argument(&amp;quot;--ignore-certificate-errors&amp;quot;)\n            options.add_argument(&amp;quot;--headless&amp;quot;)\n            driver = webdriver.Chrome(service = service,options = options)\n            driver.maximize_window()\n&amp;gt;           driver.get(TestData.url)\n\nTests\\conftest.py:26: \n_ _ _ _ _ _ _ _ _ _ _ _ _ _ _ _ _ _ _ _ _ _ _ _ _ _ _ _ _ _ _ _ _ _ _ _ _ _ _ _ _ _ _ _ _ _ _ _ _ _ _ _ _ _ _ _ _ _ _ _ _ _ _\n..\\..\\..\\AppData\\Local\\Programs\\Python\\Python313\\Lib\\site-packages\\selenium\\webdriver\\remote\\webdriver.py:473: in get\n    self.execute(Command.GET, {&amp;quot;url&amp;quot;: url})\n..\\..\\..\\AppData\\Local\\Programs\\Python\\Python313\\Lib\\site-packages\\selenium\\webdriver\\remote\\webdriver.py:446: in execute\n    response = self.command_executor.execute(driver_command, params)\n..\\..\\..\\AppData\\Local\\Programs\\Python\\Python313\\Lib\\site-packages\\selenium\\webdriver\\remote\\remote_connection.py:404: in execute\n    return self._request(command_info[0], url, body=data)\n..\\..\\..\\AppData\\Local\\Programs\\Python\\Python313\\Lib\\site-packages\\selenium\\webdriver\\remote\\remote_connection.py:428: in _request\n    response = self._conn.request(method, url, body=body, headers=headers, timeout=self._client_config.timeout)\n..\\..\\..\\AppData\\Local\\Programs\\Python\\Python313\\Lib\\site-packages\\urllib3\\_request_methods.py:143: in request\n    return self.request_encode_body(\n..\\..\\..\\AppData\\Local\\Programs\\Python\\Python313\\Lib\\site-packages\\urllib3\\_request_methods.py:278: in request_encode_body\n    return self.urlopen(method, url, **extra_kw)\n..\\..\\..\\AppData\\Local\\Programs\\Python\\Python313\\Lib\\site-packages\\urllib3\\poolmanager.py:443: in urlopen\n    response = conn.urlopen(method, u.request_uri, **kw)\n..\\..\\..\\AppData\\Local\\Programs\\Python\\Python313\\Lib\\site-packages\\urllib3\\connectionpool.py:841: in urlopen\n    retries = retries.increment(\n..\\..\\..\\AppData\\Local\\Programs\\Python\\Python313\\Lib\\site-packages\\urllib3\\util\\retry.py:474: in increment\n    raise reraise(type(error), error, _stacktrace)\n..\\..\\..\\AppData\\Local\\Programs\\Python\\Python313\\Lib\\site-packages\\urllib3\\util\\util.py:39: in reraise\n    raise value\n..\\..\\..\\AppData\\Local\\Programs\\Python\\Python313\\Lib\\site-packages\\urllib3\\connectionpool.py:787: in urlopen\n    response = self._make_request(\n..\\..\\..\\AppData\\Local\\Programs\\Python\\Python313\\Lib\\site-packages\\urllib3\\connectionpool.py:536: in _make_request\n    self._raise_timeout(err=e, url=url, timeout_value=read_timeout)\n_ _ _ _ _ _ _ _ _ _ _ _ _ _ _ _ _ _ _ _ _ _ _ _ _ _ _ _ _ _ _ _ _ _ _ _ _ _ _ _ _ _ _ _ _ _ _ _ _ _ _ _ _ _ _ _ _ _ _ _ _ _ _\n\nself = &amp;lt;urllib3.connectionpool.HTTPConnectionPool object at 0x000001378B1D1250&amp;gt;, err = TimeoutError(&amp;#x27;timed out&amp;#x27;)\nurl = &amp;#x27;/session/320bf0f9fa64946c668c891ea5a11fed/url&amp;#x27;, timeout_value = 120\n\n    def _raise_timeout(\n        self,\n        err: BaseSSLError | OSError | SocketTimeout,\n        url: str,\n        timeout_value: _TYPE_TIMEOUT | None,\n    ) -&amp;gt; None:\n        &amp;quot;&amp;quot;&amp;quot;Is the error actually a timeout? Will raise a ReadTimeout or pass&amp;quot;&amp;quot;&amp;quot;\n    \n        if isinstance(err, SocketTimeout):\n&amp;gt;           raise ReadTimeoutError(\n                self, url, f&amp;quot;Read timed out. (read timeout={timeout_value})&amp;quot;\n            ) from err\nE           urllib3.exceptions.ReadTimeoutError: HTTPConnectionPool(host=&amp;#x27;localhost&amp;#x27;, port=55230): Read timed out. (read timeout=120)\n\n..\\..\\..\\AppData\\Local\\Programs\\Python\\Python313\\Lib\\site-packages\\urllib3\\connectionpool.py:367: ReadTimeoutError\n&#34;}], &#34;Tests/test_frames_page.py::Test_frames_page::test_confirm_alert[chrome]&#34;: [{&#34;extras&#34;: [], &#34;result&#34;: &#34;Failed&#34;, &#34;testId&#34;: &#34;Tests/test_frames_page.py::Test_frames_page::test_confirm_alert[chrome]&#34;, &#34;duration&#34;: &#34;00:02:10&#34;, &#34;resultsTableRow&#34;: [&#34;&lt;td class=\&#34;col-result\&#34;&gt;Failed&lt;/td&gt;&#34;, &#34;&lt;td class=\&#34;col-testId\&#34;&gt;Tests/test_frames_page.py::Test_frames_page::test_confirm_alert[chrome]&lt;/td&gt;&#34;, &#34;&lt;td class=\&#34;col-duration\&#34;&gt;00:02:10&lt;/td&gt;&#34;, &#34;&lt;td class=\&#34;col-links\&#34;&gt;&lt;/td&gt;&#34;], &#34;log&#34;: &#34;[gw1] win32 -- Python 3.13.3 C:\\Users\\amigo\\AppData\\Local\\Programs\\Python\\Python313\\python.exe\n\nself = &amp;lt;test_frames_page.Test_frames_page object at 0x0000022FFD510290&amp;gt;\ndriver_Setup = &amp;lt;selenium.webdriver.chrome.webdriver.WebDriver (session=&amp;quot;096c6af145beec026bd142295fec98eb&amp;quot;)&amp;gt;\n\n    @pytest.mark.testconfirmalert\n    def test_confirm_alert(self,driver_Setup):\n        &amp;quot;&amp;quot;&amp;quot;Test confirm alert accept&amp;quot;&amp;quot;&amp;quot;\n        driver = driver_Setup\n        driver.get(TestData.url)\n        mainp = MainPage(driver)\n        f_page = IFramePage(driver)\n        mainp.click_alerts_page()\n&amp;gt;       f_page.click_alerts_menu()\n\nTests\\test_frames_page.py:73: \n_ _ _ _ _ _ _ _ _ _ _ _ _ _ _ _ _ _ _ _ _ _ _ _ _ _ _ _ _ _ _ _ _ _ _ _ _ _ _ _ _ _ _ _ _ _ _ _ _ _ _ _ _ _ _ _ _ _ _ _ _ _ _\nPages\\IframePage.py:48: in click_alerts_menu\n    self.click_element(self.alerts_page)\nPages\\BasePage.py:88: in click_element\n    self.wait.until(EC.visibility_of_element_located(element)).click()\n_ _ _ _ _ _ _ _ _ _ _ _ _ _ _ _ _ _ _ _ _ _ _ _ _ _ _ _ _ _ _ _ _ _ _ _ _ _ _ _ _ _ _ _ _ _ _ _ _ _ _ _ _ _ _ _ _ _ _ _ _ _ _\n\nself = &amp;lt;selenium.webdriver.support.wait.WebDriverWait (session=&amp;quot;096c6af145beec026bd142295fec98eb&amp;quot;)&amp;gt;\nmethod = &amp;lt;function visibility_of_element_located.&amp;lt;locals&amp;gt;._predicate at 0x0000022FFD58E200&amp;gt;, message = &amp;#x27;&amp;#x27;\n\n    def until(self, method: Callable[[D], Union[Literal[False], T]], message: str = &amp;quot;&amp;quot;) -&amp;gt; T:\n        &amp;quot;&amp;quot;&amp;quot;Wait until the method returns a value that is not False.\n    \n        Calls the method provided with the driver as an argument until the\n        return value does not evaluate to ``False``.\n    \n        Parameters:\n        -----------\n        method: callable(WebDriver)\n            - A callable object that takes a WebDriver instance as an argument.\n    \n        message: str\n            - Optional message for :exc:`TimeoutException`\n    \n        Return:\n        -------\n        object: T\n            - The result of the last call to `method`\n    \n        Raises:\n        -------\n        TimeoutException\n            - If &amp;#x27;method&amp;#x27; does not return a truthy value within the WebDriverWait\n            object&amp;#x27;s timeout\n    \n        Example:\n        --------\n        &amp;gt;&amp;gt;&amp;gt; from selenium.webdriver.common.by import By\n        &amp;gt;&amp;gt;&amp;gt; from selenium.webdriver.support.ui import WebDriverWait\n        &amp;gt;&amp;gt;&amp;gt; from selenium.webdriver.support import expected_conditions as EC\n    \n        # Wait until an element is visible on the page\n        &amp;gt;&amp;gt;&amp;gt; wait = WebDriverWait(driver, 10)\n        &amp;gt;&amp;gt;&amp;gt; element = wait.until(EC.visibility_of_element_located((By.ID, &amp;quot;exampleId&amp;quot;)))\n        &amp;gt;&amp;gt;&amp;gt; print(element.text)\n        &amp;quot;&amp;quot;&amp;quot;\n        screen = None\n        stacktrace = None\n    \n        end_time = time.monotonic() + self._timeout\n        while True:\n            try:\n                value = method(self._driver)\n                if value:\n                    return value\n            except self._ignored_exceptions as exc:\n                screen = getattr(exc, &amp;quot;screen&amp;quot;, None)\n                stacktrace = getattr(exc, &amp;quot;stacktrace&amp;quot;, None)\n            if time.monotonic() &amp;gt; end_time:\n                break\n            time.sleep(self._poll)\n&amp;gt;       raise TimeoutException(message, screen, stacktrace)\nE       selenium.common.exceptions.TimeoutException: Message: \nE       Stacktrace:\nE       \tGetHandleVerifier [0x0xd73763+63299]\nE       \tGetHandleVerifier [0x0xd737a4+63364]\nE       \t(No symbol) [0x0xba1113]\nE       \t(No symbol) [0x0xbe987e]\nE       \t(No symbol) [0x0xbe9c1b]\nE       \t(No symbol) [0x0xc32212]\nE       \t(No symbol) [0x0xc0e5c4]\nE       \t(No symbol) [0x0xc2fa4a]\nE       \t(No symbol) [0x0xc0e376]\nE       \t(No symbol) [0x0xbdd6e0]\nE       \t(No symbol) [0x0xbde544]\nE       \tGetHandleVerifier [0x0xfce033+2531347]\nE       \tGetHandleVerifier [0x0xfc9332+2511634]\nE       \tGetHandleVerifier [0x0xd99eda+220858]\nE       \tGetHandleVerifier [0x0xd8a528+156936]\nE       \tGetHandleVerifier [0x0xd90c5d+183357]\nE       \tGetHandleVerifier [0x0xd7b6c8+95912]\nE       \tGetHandleVerifier [0x0xd7b870+96336]\nE       \tGetHandleVerifier [0x0xd6664a+9770]\nE       \tBaseThreadInitThunk [0x0x75d55d49+25]\nE       \tRtlInitializeExceptionChain [0x0x777dd03b+107]\nE       \tRtlGetAppContainerNamedObjectPath [0x0x777dcfc1+561]\n\n..\\..\\..\\AppData\\Local\\Programs\\Python\\Python313\\Lib\\site-packages\\selenium\\webdriver\\support\\wait.py:146: TimeoutException\n\n------------------------------ Captured log setup ------------------------------\nCRITICAL root:file_manager.py:97 File not found : &amp;lt;method-wrapper &amp;#x27;__str__&amp;#x27; of FileNotFoundError object at 0x0000022FFD5D9480&amp;gt;\n&#34;}]}, &#34;renderCollapsed&#34;: [&#34;passed&#34;], &#34;initialSort&#34;: &#34;result&#34;, &#34;title&#34;: &#34;fulltestJune09_2.html&#34;}"></div>
    <script>
      (function(){function r(e,n,t){function o(i,f){if(!n[i]){if(!e[i]){var c="function"==typeof require&&require;if(!f&&c)return c(i,!0);if(u)return u(i,!0);var a=new Error("Cannot find module '"+i+"'");throw a.code="MODULE_NOT_FOUND",a}var p=n[i]={exports:{}};e[i][0].call(p.exports,function(r){var n=e[i][1][r];return o(n||r)},p,p.exports,r,e,n,t)}return n[i].exports}for(var u="function"==typeof require&&require,i=0;i<t.length;i++)o(t[i]);return o}return r})()({1:[function(require,module,exports){
const { getCollapsedCategory, setCollapsedIds } = require('./storage.js')

class DataManager {
    setManager(data) {
        const collapsedCategories = [...getCollapsedCategory(data.renderCollapsed)]
        const collapsedIds = []
        const tests = Object.values(data.tests).flat().map((test, index) => {
            const collapsed = collapsedCategories.includes(test.result.toLowerCase())
            const id = `test_${index}`
            if (collapsed) {
                collapsedIds.push(id)
            }
            return {
                ...test,
                id,
                collapsed,
            }
        })
        const dataBlob = { ...data, tests }
        this.data = { ...dataBlob }
        this.renderData = { ...dataBlob }
        setCollapsedIds(collapsedIds)
    }

    get allData() {
        return { ...this.data }
    }

    resetRender() {
        this.renderData = { ...this.data }
    }

    setRender(data) {
        this.renderData.tests = [...data]
    }

    toggleCollapsedItem(id) {
        this.renderData.tests = this.renderData.tests.map((test) =>
            test.id === id ? { ...test, collapsed: !test.collapsed } : test,
        )
    }

    set allCollapsed(collapsed) {
        this.renderData = { ...this.renderData, tests: [...this.renderData.tests.map((test) => (
            { ...test, collapsed }
        ))] }
    }

    get testSubset() {
        return [...this.renderData.tests]
    }

    get environment() {
        return this.renderData.environment
    }

    get initialSort() {
        return this.data.initialSort
    }
}

module.exports = {
    manager: new DataManager(),
}

},{"./storage.js":8}],2:[function(require,module,exports){
const mediaViewer = require('./mediaviewer.js')
const templateEnvRow = document.getElementById('template_environment_row')
const templateResult = document.getElementById('template_results-table__tbody')

function htmlToElements(html) {
    const temp = document.createElement('template')
    temp.innerHTML = html
    return temp.content.childNodes
}

const find = (selector, elem) => {
    if (!elem) {
        elem = document
    }
    return elem.querySelector(selector)
}

const findAll = (selector, elem) => {
    if (!elem) {
        elem = document
    }
    return [...elem.querySelectorAll(selector)]
}

const dom = {
    getStaticRow: (key, value) => {
        const envRow = templateEnvRow.content.cloneNode(true)
        const isObj = typeof value === 'object' && value !== null
        const values = isObj ? Object.keys(value).map((k) => `${k}: ${value[k]}`) : null

        const valuesElement = htmlToElements(
            values ? `<ul>${values.map((val) => `<li>${val}</li>`).join('')}<ul>` : `<div>${value}</div>`)[0]
        const td = findAll('td', envRow)
        td[0].textContent = key
        td[1].appendChild(valuesElement)

        return envRow
    },
    getResultTBody: ({ testId, id, log, extras, resultsTableRow, tableHtml, result, collapsed }) => {
        const resultBody = templateResult.content.cloneNode(true)
        resultBody.querySelector('tbody').classList.add(result.toLowerCase())
        resultBody.querySelector('tbody').id = testId
        resultBody.querySelector('.collapsible').dataset.id = id

        resultsTableRow.forEach((html) => {
            const t = document.createElement('template')
            t.innerHTML = html
            resultBody.querySelector('.collapsible').appendChild(t.content)
        })

        if (log) {
            // Wrap lines starting with "E" with span.error to color those lines red
            const wrappedLog = log.replace(/^E.*$/gm, (match) => `<span class="error">${match}</span>`)
            resultBody.querySelector('.log').innerHTML = wrappedLog
        } else {
            resultBody.querySelector('.log').remove()
        }

        if (collapsed) {
            resultBody.querySelector('.collapsible > td')?.classList.add('collapsed')
            resultBody.querySelector('.extras-row').classList.add('hidden')
        } else {
            resultBody.querySelector('.collapsible > td')?.classList.remove('collapsed')
        }

        const media = []
        extras?.forEach(({ name, format_type, content }) => {
            if (['image', 'video'].includes(format_type)) {
                media.push({ path: content, name, format_type })
            }

            if (format_type === 'html') {
                resultBody.querySelector('.extraHTML').insertAdjacentHTML('beforeend', `<div>${content}</div>`)
            }
        })
        mediaViewer.setup(resultBody, media)

        // Add custom html from the pytest_html_results_table_html hook
        tableHtml?.forEach((item) => {
            resultBody.querySelector('td[class="extra"]').insertAdjacentHTML('beforeend', item)
        })

        return resultBody
    },
}

module.exports = {
    dom,
    htmlToElements,
    find,
    findAll,
}

},{"./mediaviewer.js":6}],3:[function(require,module,exports){
const { manager } = require('./datamanager.js')
const { doSort } = require('./sort.js')
const storageModule = require('./storage.js')

const getFilteredSubSet = (filter) =>
    manager.allData.tests.filter(({ result }) => filter.includes(result.toLowerCase()))

const doInitFilter = () => {
    const currentFilter = storageModule.getVisible()
    const filteredSubset = getFilteredSubSet(currentFilter)
    manager.setRender(filteredSubset)
}

const doFilter = (type, show) => {
    if (show) {
        storageModule.showCategory(type)
    } else {
        storageModule.hideCategory(type)
    }

    const currentFilter = storageModule.getVisible()
    const filteredSubset = getFilteredSubSet(currentFilter)
    manager.setRender(filteredSubset)

    const sortColumn = storageModule.getSort()
    doSort(sortColumn, true)
}

module.exports = {
    doFilter,
    doInitFilter,
}

},{"./datamanager.js":1,"./sort.js":7,"./storage.js":8}],4:[function(require,module,exports){
const { redraw, bindEvents, renderStatic } = require('./main.js')
const { doInitFilter } = require('./filter.js')
const { doInitSort } = require('./sort.js')
const { manager } = require('./datamanager.js')
const data = JSON.parse(document.getElementById('data-container').dataset.jsonblob)

function init() {
    manager.setManager(data)
    doInitFilter()
    doInitSort()
    renderStatic()
    redraw()
    bindEvents()
}

init()

},{"./datamanager.js":1,"./filter.js":3,"./main.js":5,"./sort.js":7}],5:[function(require,module,exports){
const { dom, find, findAll } = require('./dom.js')
const { manager } = require('./datamanager.js')
const { doSort } = require('./sort.js')
const { doFilter } = require('./filter.js')
const {
    getVisible,
    getCollapsedIds,
    setCollapsedIds,
    getSort,
    getSortDirection,
    possibleFilters,
} = require('./storage.js')

const removeChildren = (node) => {
    while (node.firstChild) {
        node.removeChild(node.firstChild)
    }
}

const renderStatic = () => {
    const renderEnvironmentTable = () => {
        const environment = manager.environment
        const rows = Object.keys(environment).map((key) => dom.getStaticRow(key, environment[key]))
        const table = document.getElementById('environment')
        removeChildren(table)
        rows.forEach((row) => table.appendChild(row))
    }
    renderEnvironmentTable()
}

const addItemToggleListener = (elem) => {
    elem.addEventListener('click', ({ target }) => {
        const id = target.parentElement.dataset.id
        manager.toggleCollapsedItem(id)

        const collapsedIds = getCollapsedIds()
        if (collapsedIds.includes(id)) {
            const updated = collapsedIds.filter((item) => item !== id)
            setCollapsedIds(updated)
        } else {
            collapsedIds.push(id)
            setCollapsedIds(collapsedIds)
        }
        redraw()
    })
}

const renderContent = (tests) => {
    const sortAttr = getSort(manager.initialSort)
    const sortAsc = JSON.parse(getSortDirection())
    const rows = tests.map(dom.getResultTBody)
    const table = document.getElementById('results-table')
    const tableHeader = document.getElementById('results-table-head')

    const newTable = document.createElement('table')
    newTable.id = 'results-table'

    // remove all sorting classes and set the relevant
    findAll('.sortable', tableHeader).forEach((elem) => elem.classList.remove('asc', 'desc'))
    tableHeader.querySelector(`.sortable[data-column-type="${sortAttr}"]`)?.classList.add(sortAsc ? 'desc' : 'asc')
    newTable.appendChild(tableHeader)

    if (!rows.length) {
        const emptyTable = document.getElementById('template_results-table__body--empty').content.cloneNode(true)
        newTable.appendChild(emptyTable)
    } else {
        rows.forEach((row) => {
            if (!!row) {
                findAll('.collapsible td:not(.col-links', row).forEach(addItemToggleListener)
                find('.logexpander', row).addEventListener('click',
                    (evt) => evt.target.parentNode.classList.toggle('expanded'),
                )
                newTable.appendChild(row)
            }
        })
    }

    table.replaceWith(newTable)
}

const renderDerived = () => {
    const currentFilter = getVisible()
    possibleFilters.forEach((result) => {
        const input = document.querySelector(`input[data-test-result="${result}"]`)
        input.checked = currentFilter.includes(result)
    })
}

const bindEvents = () => {
    const filterColumn = (evt) => {
        const { target: element } = evt
        const { testResult } = element.dataset

        doFilter(testResult, element.checked)
        const collapsedIds = getCollapsedIds()
        const updated = manager.renderData.tests.map((test) => {
            return {
                ...test,
                collapsed: collapsedIds.includes(test.id),
            }
        })
        manager.setRender(updated)
        redraw()
    }

    const header = document.getElementById('environment-header')
    header.addEventListener('click', () => {
        const table = document.getElementById('environment')
        table.classList.toggle('hidden')
        header.classList.toggle('collapsed')
    })

    findAll('input[name="filter_checkbox"]').forEach((elem) => {
        elem.addEventListener('click', filterColumn)
    })

    findAll('.sortable').forEach((elem) => {
        elem.addEventListener('click', (evt) => {
            const { target: element } = evt
            const { columnType } = element.dataset
            doSort(columnType)
            redraw()
        })
    })

    document.getElementById('show_all_details').addEventListener('click', () => {
        manager.allCollapsed = false
        setCollapsedIds([])
        redraw()
    })
    document.getElementById('hide_all_details').addEventListener('click', () => {
        manager.allCollapsed = true
        const allIds = manager.renderData.tests.map((test) => test.id)
        setCollapsedIds(allIds)
        redraw()
    })
}

const redraw = () => {
    const { testSubset } = manager

    renderContent(testSubset)
    renderDerived()
}

module.exports = {
    redraw,
    bindEvents,
    renderStatic,
}

},{"./datamanager.js":1,"./dom.js":2,"./filter.js":3,"./sort.js":7,"./storage.js":8}],6:[function(require,module,exports){
class MediaViewer {
    constructor(assets) {
        this.assets = assets
        this.index = 0
    }

    nextActive() {
        this.index = this.index === this.assets.length - 1 ? 0 : this.index + 1
        return [this.activeFile, this.index]
    }

    prevActive() {
        this.index = this.index === 0 ? this.assets.length - 1 : this.index -1
        return [this.activeFile, this.index]
    }

    get currentIndex() {
        return this.index
    }

    get activeFile() {
        return this.assets[this.index]
    }
}


const setup = (resultBody, assets) => {
    if (!assets.length) {
        resultBody.querySelector('.media').classList.add('hidden')
        return
    }

    const mediaViewer = new MediaViewer(assets)
    const container = resultBody.querySelector('.media-container')
    const leftArrow = resultBody.querySelector('.media-container__nav--left')
    const rightArrow = resultBody.querySelector('.media-container__nav--right')
    const mediaName = resultBody.querySelector('.media__name')
    const counter = resultBody.querySelector('.media__counter')
    const imageEl = resultBody.querySelector('img')
    const sourceEl = resultBody.querySelector('source')
    const videoEl = resultBody.querySelector('video')

    const setImg = (media, index) => {
        if (media?.format_type === 'image') {
            imageEl.src = media.path

            imageEl.classList.remove('hidden')
            videoEl.classList.add('hidden')
        } else if (media?.format_type === 'video') {
            sourceEl.src = media.path

            videoEl.classList.remove('hidden')
            imageEl.classList.add('hidden')
        }

        mediaName.innerText = media?.name
        counter.innerText = `${index + 1} / ${assets.length}`
    }
    setImg(mediaViewer.activeFile, mediaViewer.currentIndex)

    const moveLeft = () => {
        const [media, index] = mediaViewer.prevActive()
        setImg(media, index)
    }
    const doRight = () => {
        const [media, index] = mediaViewer.nextActive()
        setImg(media, index)
    }
    const openImg = () => {
        window.open(mediaViewer.activeFile.path, '_blank')
    }
    if (assets.length === 1) {
        container.classList.add('media-container--fullscreen')
    } else {
        leftArrow.addEventListener('click', moveLeft)
        rightArrow.addEventListener('click', doRight)
    }
    imageEl.addEventListener('click', openImg)
}

module.exports = {
    setup,
}

},{}],7:[function(require,module,exports){
const { manager } = require('./datamanager.js')
const storageModule = require('./storage.js')

const genericSort = (list, key, ascending, customOrder) => {
    let sorted
    if (customOrder) {
        sorted = list.sort((a, b) => {
            const aValue = a.result.toLowerCase()
            const bValue = b.result.toLowerCase()

            const aIndex = customOrder.findIndex((item) => item.toLowerCase() === aValue)
            const bIndex = customOrder.findIndex((item) => item.toLowerCase() === bValue)

            // Compare the indices to determine the sort order
            return aIndex - bIndex
        })
    } else {
        sorted = list.sort((a, b) => a[key] === b[key] ? 0 : a[key] > b[key] ? 1 : -1)
    }

    if (ascending) {
        sorted.reverse()
    }
    return sorted
}

const durationSort = (list, ascending) => {
    const parseDuration = (duration) => {
        if (duration.includes(':')) {
            // If it's in the format "HH:mm:ss"
            const [hours, minutes, seconds] = duration.split(':').map(Number)
            return (hours * 3600 + minutes * 60 + seconds) * 1000
        } else {
            // If it's in the format "nnn ms"
            return parseInt(duration)
        }
    }
    const sorted = list.sort((a, b) => parseDuration(a['duration']) - parseDuration(b['duration']))
    if (ascending) {
        sorted.reverse()
    }
    return sorted
}

const doInitSort = () => {
    const type = storageModule.getSort(manager.initialSort)
    const ascending = storageModule.getSortDirection()
    const list = manager.testSubset
    const initialOrder = ['Error', 'Failed', 'Rerun', 'XFailed', 'XPassed', 'Skipped', 'Passed']

    storageModule.setSort(type)
    storageModule.setSortDirection(ascending)

    if (type?.toLowerCase() === 'original') {
        manager.setRender(list)
    } else {
        let sortedList
        switch (type) {
        case 'duration':
            sortedList = durationSort(list, ascending)
            break
        case 'result':
            sortedList = genericSort(list, type, ascending, initialOrder)
            break
        default:
            sortedList = genericSort(list, type, ascending)
            break
        }
        manager.setRender(sortedList)
    }
}

const doSort = (type, skipDirection) => {
    const newSortType = storageModule.getSort(manager.initialSort) !== type
    const currentAsc = storageModule.getSortDirection()
    let ascending
    if (skipDirection) {
        ascending = currentAsc
    } else {
        ascending = newSortType ? false : !currentAsc
    }
    storageModule.setSort(type)
    storageModule.setSortDirection(ascending)

    const list = manager.testSubset
    const sortedList = type === 'duration' ? durationSort(list, ascending) : genericSort(list, type, ascending)
    manager.setRender(sortedList)
}

module.exports = {
    doInitSort,
    doSort,
}

},{"./datamanager.js":1,"./storage.js":8}],8:[function(require,module,exports){
const possibleFilters = [
    'passed',
    'skipped',
    'failed',
    'error',
    'xfailed',
    'xpassed',
    'rerun',
]

const getVisible = () => {
    const url = new URL(window.location.href)
    const settings = new URLSearchParams(url.search).get('visible')
    const lower = (item) => {
        const lowerItem = item.toLowerCase()
        if (possibleFilters.includes(lowerItem)) {
            return lowerItem
        }
        return null
    }
    return settings === null ?
        possibleFilters :
        [...new Set(settings?.split(',').map(lower).filter((item) => item))]
}

const hideCategory = (categoryToHide) => {
    const url = new URL(window.location.href)
    const visibleParams = new URLSearchParams(url.search).get('visible')
    const currentVisible = visibleParams ? visibleParams.split(',') : [...possibleFilters]
    const settings = [...new Set(currentVisible)].filter((f) => f !== categoryToHide).join(',')

    url.searchParams.set('visible', settings)
    window.history.pushState({}, null, unescape(url.href))
}

const showCategory = (categoryToShow) => {
    if (typeof window === 'undefined') {
        return
    }
    const url = new URL(window.location.href)
    const currentVisible = new URLSearchParams(url.search).get('visible')?.split(',').filter(Boolean) ||
        [...possibleFilters]
    const settings = [...new Set([categoryToShow, ...currentVisible])]
    const noFilter = possibleFilters.length === settings.length || !settings.length

    noFilter ? url.searchParams.delete('visible') : url.searchParams.set('visible', settings.join(','))
    window.history.pushState({}, null, unescape(url.href))
}

const getSort = (initialSort) => {
    const url = new URL(window.location.href)
    let sort = new URLSearchParams(url.search).get('sort')
    if (!sort) {
        sort = initialSort || 'result'
    }
    return sort
}

const setSort = (type) => {
    const url = new URL(window.location.href)
    url.searchParams.set('sort', type)
    window.history.pushState({}, null, unescape(url.href))
}

const getCollapsedCategory = (renderCollapsed) => {
    let categories
    if (typeof window !== 'undefined') {
        const url = new URL(window.location.href)
        const collapsedItems = new URLSearchParams(url.search).get('collapsed')
        switch (true) {
        case !renderCollapsed && collapsedItems === null:
            categories = ['passed']
            break
        case collapsedItems?.length === 0 || /^["']{2}$/.test(collapsedItems):
            categories = []
            break
        case /^all$/.test(collapsedItems) || collapsedItems === null && /^all$/.test(renderCollapsed):
            categories = [...possibleFilters]
            break
        default:
            categories = collapsedItems?.split(',').map((item) => item.toLowerCase()) || renderCollapsed
            break
        }
    } else {
        categories = []
    }
    return categories
}

const getSortDirection = () => JSON.parse(sessionStorage.getItem('sortAsc')) || false
const setSortDirection = (ascending) => sessionStorage.setItem('sortAsc', ascending)

const getCollapsedIds = () => JSON.parse(sessionStorage.getItem('collapsedIds')) || []
const setCollapsedIds = (list) => sessionStorage.setItem('collapsedIds', JSON.stringify(list))

module.exports = {
    getVisible,
    hideCategory,
    showCategory,
    getCollapsedIds,
    setCollapsedIds,
    getSort,
    setSort,
    getSortDirection,
    setSortDirection,
    getCollapsedCategory,
    possibleFilters,
}

},{}]},{},[4]);
    </script>
  </footer>
</html>